[2025-01-29T18:14:20.157+0000] {local_task_job_runner.py:123} INFO - ::group::Pre task execution logs
[2025-01-29T18:14:20.179+0000] {taskinstance.py:2613} INFO - Dependencies all met for dep_context=non-requeueable deps ti=<TaskInstance: etapa1_dag.conecta scheduled__2025-01-28T00:00:00+00:00 [queued]>
[2025-01-29T18:14:20.188+0000] {taskinstance.py:2613} INFO - Dependencies all met for dep_context=requeueable deps ti=<TaskInstance: etapa1_dag.conecta scheduled__2025-01-28T00:00:00+00:00 [queued]>
[2025-01-29T18:14:20.188+0000] {taskinstance.py:2866} INFO - Starting attempt 1 of 1
[2025-01-29T18:14:20.205+0000] {taskinstance.py:2889} INFO - Executing <Task(PythonOperator): conecta> on 2025-01-28 00:00:00+00:00
[2025-01-29T18:14:20.214+0000] {warnings.py:112} WARNING - /home/***/.local/lib/python3.12/site-packages/***/task/task_runner/standard_task_runner.py:70: DeprecationWarning: This process (pid=79) is multi-threaded, use of fork() may lead to deadlocks in the child.
  pid = os.fork()

[2025-01-29T18:14:20.217+0000] {standard_task_runner.py:72} INFO - Started process 83 to run task
[2025-01-29T18:14:20.217+0000] {standard_task_runner.py:104} INFO - Running: ['***', 'tasks', 'run', 'etapa1_dag', 'conecta', 'scheduled__2025-01-28T00:00:00+00:00', '--job-id', '5', '--raw', '--subdir', 'DAGS_FOLDER/etapa1_dag.py', '--cfg-path', '/tmp/tmpiod3kubq']
[2025-01-29T18:14:20.219+0000] {standard_task_runner.py:105} INFO - Job 5: Subtask conecta
[2025-01-29T18:14:20.280+0000] {task_command.py:467} INFO - Running <TaskInstance: etapa1_dag.conecta scheduled__2025-01-28T00:00:00+00:00 [running]> on host 85767b30d73d
[2025-01-29T18:14:20.379+0000] {taskinstance.py:3132} INFO - Exporting env vars: AIRFLOW_CTX_DAG_OWNER='***' AIRFLOW_CTX_DAG_ID='etapa1_dag' AIRFLOW_CTX_TASK_ID='conecta' AIRFLOW_CTX_EXECUTION_DATE='2025-01-28T00:00:00+00:00' AIRFLOW_CTX_TRY_NUMBER='1' AIRFLOW_CTX_DAG_RUN_ID='scheduled__2025-01-28T00:00:00+00:00'
[2025-01-29T18:14:20.381+0000] {logging_mixin.py:190} INFO - Task instance is in running state
[2025-01-29T18:14:20.382+0000] {logging_mixin.py:190} INFO -  Previous state of the Task instance: queued
[2025-01-29T18:14:20.382+0000] {logging_mixin.py:190} INFO - Current task name:conecta state:running start_date:2025-01-29 18:14:20.179793+00:00
[2025-01-29T18:14:20.383+0000] {logging_mixin.py:190} INFO - Dag name:etapa1_dag and current dag run status:running
[2025-01-29T18:14:20.383+0000] {taskinstance.py:731} INFO - ::endgroup::
[2025-01-29T18:14:20.385+0000] {python.py:240} INFO - Done. Returned value was: 7
[2025-01-29T18:14:20.414+0000] {taskinstance.py:340} INFO - ::group::Post task execution logs
[2025-01-29T18:14:20.415+0000] {taskinstance.py:352} INFO - Marking task as SUCCESS. dag_id=etapa1_dag, task_id=conecta, run_id=scheduled__2025-01-28T00:00:00+00:00, execution_date=20250128T000000, start_date=20250129T181420, end_date=20250129T181420
[2025-01-29T18:14:20.429+0000] {logging_mixin.py:190} INFO - Task instance in success state
[2025-01-29T18:14:20.430+0000] {logging_mixin.py:190} INFO -  Previous state of the Task instance: running
[2025-01-29T18:14:20.430+0000] {logging_mixin.py:190} INFO - Dag name:etapa1_dag queued_at:2025-01-29 18:14:14.640814+00:00
[2025-01-29T18:14:20.431+0000] {logging_mixin.py:190} INFO - Task hostname:85767b30d73d operator:PythonOperator
[2025-01-29T18:14:20.473+0000] {local_task_job_runner.py:266} INFO - Task exited with return code 0
[2025-01-29T18:14:20.507+0000] {taskinstance.py:3895} INFO - 1 downstream tasks scheduled from follow-on schedule check
[2025-01-29T18:14:20.511+0000] {local_task_job_runner.py:245} INFO - ::endgroup::
