[2025-01-30T03:31:45.227+0000] {local_task_job_runner.py:123} INFO - ::group::Pre task execution logs
[2025-01-30T03:31:45.249+0000] {taskinstance.py:2613} INFO - Dependencies all met for dep_context=non-requeueable deps ti=<TaskInstance: etapa2_dag.conectaBD scheduled__2025-01-29T00:00:00+00:00 [queued]>
[2025-01-30T03:31:45.259+0000] {taskinstance.py:2613} INFO - Dependencies all met for dep_context=requeueable deps ti=<TaskInstance: etapa2_dag.conectaBD scheduled__2025-01-29T00:00:00+00:00 [queued]>
[2025-01-30T03:31:45.260+0000] {taskinstance.py:2866} INFO - Starting attempt 1 of 1
[2025-01-30T03:31:45.279+0000] {taskinstance.py:2889} INFO - Executing <Task(PythonOperator): conectaBD> on 2025-01-29 00:00:00+00:00
[2025-01-30T03:31:45.289+0000] {warnings.py:112} WARNING - /home/***/.local/lib/python3.12/site-packages/***/task/task_runner/standard_task_runner.py:70: DeprecationWarning: This process (pid=261) is multi-threaded, use of fork() may lead to deadlocks in the child.
  pid = os.fork()

[2025-01-30T03:31:45.291+0000] {standard_task_runner.py:72} INFO - Started process 267 to run task
[2025-01-30T03:31:45.291+0000] {standard_task_runner.py:104} INFO - Running: ['***', 'tasks', 'run', 'etapa2_dag', 'conectaBD', 'scheduled__2025-01-29T00:00:00+00:00', '--job-id', '4', '--raw', '--subdir', 'DAGS_FOLDER/etapa2_dag.py', '--cfg-path', '/tmp/tmpt49hx8nx']
[2025-01-30T03:31:45.292+0000] {standard_task_runner.py:105} INFO - Job 4: Subtask conectaBD
[2025-01-30T03:31:45.353+0000] {task_command.py:467} INFO - Running <TaskInstance: etapa2_dag.conectaBD scheduled__2025-01-29T00:00:00+00:00 [running]> on host eed2ce10479b
[2025-01-30T03:31:45.460+0000] {taskinstance.py:3132} INFO - Exporting env vars: AIRFLOW_CTX_DAG_OWNER='***' AIRFLOW_CTX_DAG_ID='etapa2_dag' AIRFLOW_CTX_TASK_ID='conectaBD' AIRFLOW_CTX_EXECUTION_DATE='2025-01-29T00:00:00+00:00' AIRFLOW_CTX_TRY_NUMBER='1' AIRFLOW_CTX_DAG_RUN_ID='scheduled__2025-01-29T00:00:00+00:00'
[2025-01-30T03:31:45.461+0000] {logging_mixin.py:190} INFO - Task instance is in running state
[2025-01-30T03:31:45.462+0000] {logging_mixin.py:190} INFO -  Previous state of the Task instance: queued
[2025-01-30T03:31:45.463+0000] {logging_mixin.py:190} INFO - Current task name:conectaBD state:running start_date:2025-01-30 03:31:45.249755+00:00
[2025-01-30T03:31:45.463+0000] {logging_mixin.py:190} INFO - Dag name:etapa2_dag and current dag run status:running
[2025-01-30T03:31:45.464+0000] {taskinstance.py:731} INFO - ::endgroup::
[2025-01-30T03:31:45.486+0000] {python.py:240} INFO - Done. Returned value was: False
[2025-01-30T03:31:45.527+0000] {taskinstance.py:340} INFO - ::group::Post task execution logs
[2025-01-30T03:31:45.528+0000] {taskinstance.py:352} INFO - Marking task as SUCCESS. dag_id=etapa2_dag, task_id=conectaBD, run_id=scheduled__2025-01-29T00:00:00+00:00, execution_date=20250129T000000, start_date=20250130T033145, end_date=20250130T033145
[2025-01-30T03:31:45.549+0000] {logging_mixin.py:190} INFO - Task instance in success state
[2025-01-30T03:31:45.550+0000] {logging_mixin.py:190} INFO -  Previous state of the Task instance: running
[2025-01-30T03:31:45.550+0000] {logging_mixin.py:190} INFO - Dag name:etapa2_dag queued_at:2025-01-30 03:31:39.300983+00:00
[2025-01-30T03:31:45.551+0000] {logging_mixin.py:190} INFO - Task hostname:eed2ce10479b operator:PythonOperator
[2025-01-30T03:31:45.588+0000] {local_task_job_runner.py:266} INFO - Task exited with return code 0
[2025-01-30T03:31:45.617+0000] {taskinstance.py:3895} INFO - 0 downstream tasks scheduled from follow-on schedule check
[2025-01-30T03:31:45.623+0000] {local_task_job_runner.py:245} INFO - ::endgroup::
