[2025-01-30T02:37:00.152+0000] {local_task_job_runner.py:123} INFO - ::group::Pre task execution logs
[2025-01-30T02:37:00.172+0000] {taskinstance.py:2613} INFO - Dependencies all met for dep_context=non-requeueable deps ti=<TaskInstance: etapa1_dag.conectaBD manual__2025-01-30T02:27:39.702949+00:00 [queued]>
[2025-01-30T02:37:00.181+0000] {taskinstance.py:2613} INFO - Dependencies all met for dep_context=requeueable deps ti=<TaskInstance: etapa1_dag.conectaBD manual__2025-01-30T02:27:39.702949+00:00 [queued]>
[2025-01-30T02:37:00.182+0000] {taskinstance.py:2866} INFO - Starting attempt 4 of 4
[2025-01-30T02:37:00.372+0000] {taskinstance.py:2889} INFO - Executing <Task(PythonOperator): conectaBD> on 2025-01-30 02:27:39.702949+00:00
[2025-01-30T02:37:00.381+0000] {warnings.py:112} WARNING - /home/***/.local/lib/python3.12/site-packages/***/task/task_runner/standard_task_runner.py:70: DeprecationWarning: This process (pid=285) is multi-threaded, use of fork() may lead to deadlocks in the child.
  pid = os.fork()

[2025-01-30T02:37:00.383+0000] {standard_task_runner.py:72} INFO - Started process 294 to run task
[2025-01-30T02:37:00.384+0000] {standard_task_runner.py:104} INFO - Running: ['***', 'tasks', 'run', 'etapa1_dag', 'conectaBD', 'manual__2025-01-30T02:27:39.702949+00:00', '--job-id', '18', '--raw', '--subdir', 'DAGS_FOLDER/etapa1_dag.py', '--cfg-path', '/tmp/tmp92_luinc']
[2025-01-30T02:37:00.385+0000] {standard_task_runner.py:105} INFO - Job 18: Subtask conectaBD
[2025-01-30T02:37:00.453+0000] {task_command.py:467} INFO - Running <TaskInstance: etapa1_dag.conectaBD manual__2025-01-30T02:27:39.702949+00:00 [running]> on host 1899222f083d
[2025-01-30T02:37:00.574+0000] {taskinstance.py:3132} INFO - Exporting env vars: AIRFLOW_CTX_DAG_OWNER='***' AIRFLOW_CTX_DAG_ID='etapa1_dag' AIRFLOW_CTX_TASK_ID='conectaBD' AIRFLOW_CTX_EXECUTION_DATE='2025-01-30T02:27:39.702949+00:00' AIRFLOW_CTX_TRY_NUMBER='4' AIRFLOW_CTX_DAG_RUN_ID='manual__2025-01-30T02:27:39.702949+00:00'
[2025-01-30T02:37:00.575+0000] {logging_mixin.py:190} INFO - Task instance is in running state
[2025-01-30T02:37:00.576+0000] {logging_mixin.py:190} INFO -  Previous state of the Task instance: queued
[2025-01-30T02:37:00.576+0000] {logging_mixin.py:190} INFO - Current task name:conectaBD state:running start_date:2025-01-30 02:37:00.173307+00:00
[2025-01-30T02:37:00.577+0000] {logging_mixin.py:190} INFO - Dag name:etapa1_dag and current dag run status:running
[2025-01-30T02:37:00.577+0000] {taskinstance.py:731} INFO - ::endgroup::
[2025-01-30T02:37:00.616+0000] {python.py:240} INFO - Done. Returned value was: True
[2025-01-30T02:37:00.651+0000] {taskinstance.py:340} INFO - ::group::Post task execution logs
[2025-01-30T02:37:00.651+0000] {taskinstance.py:352} INFO - Marking task as SUCCESS. dag_id=etapa1_dag, task_id=conectaBD, run_id=manual__2025-01-30T02:27:39.702949+00:00, execution_date=20250130T022739, start_date=20250130T023700, end_date=20250130T023700
[2025-01-30T02:37:00.550+0000] {logging_mixin.py:190} INFO - Task instance in success state
[2025-01-30T02:37:00.551+0000] {logging_mixin.py:190} INFO -  Previous state of the Task instance: running
[2025-01-30T02:37:00.551+0000] {logging_mixin.py:190} INFO - Dag name:etapa1_dag queued_at:2025-01-30 02:36:57.682085+00:00
[2025-01-30T02:37:00.551+0000] {logging_mixin.py:190} INFO - Task hostname:1899222f083d operator:PythonOperator
[2025-01-30T02:37:00.601+0000] {local_task_job_runner.py:266} INFO - Task exited with return code 0
[2025-01-30T02:37:00.631+0000] {taskinstance.py:3895} INFO - 1 downstream tasks scheduled from follow-on schedule check
[2025-01-30T02:37:00.636+0000] {local_task_job_runner.py:245} INFO - ::endgroup::
