[2025-01-30T02:39:31.551+0000] {local_task_job_runner.py:123} INFO - ::group::Pre task execution logs
[2025-01-30T02:39:31.570+0000] {taskinstance.py:2613} INFO - Dependencies all met for dep_context=non-requeueable deps ti=<TaskInstance: etapa1_dag.conectaBD manual__2025-01-30T02:27:39.702949+00:00 [queued]>
[2025-01-30T02:39:31.580+0000] {taskinstance.py:2613} INFO - Dependencies all met for dep_context=requeueable deps ti=<TaskInstance: etapa1_dag.conectaBD manual__2025-01-30T02:27:39.702949+00:00 [queued]>
[2025-01-30T02:39:31.580+0000] {taskinstance.py:2866} INFO - Starting attempt 5 of 5
[2025-01-30T02:39:31.744+0000] {taskinstance.py:2889} INFO - Executing <Task(PythonOperator): conectaBD> on 2025-01-30 02:27:39.702949+00:00
[2025-01-30T02:39:31.753+0000] {warnings.py:112} WARNING - /home/***/.local/lib/python3.12/site-packages/***/task/task_runner/standard_task_runner.py:70: DeprecationWarning: This process (pid=332) is multi-threaded, use of fork() may lead to deadlocks in the child.
  pid = os.fork()

[2025-01-30T02:39:31.755+0000] {standard_task_runner.py:104} INFO - Running: ['***', 'tasks', 'run', 'etapa1_dag', 'conectaBD', 'manual__2025-01-30T02:27:39.702949+00:00', '--job-id', '21', '--raw', '--subdir', 'DAGS_FOLDER/etapa1_dag.py', '--cfg-path', '/tmp/tmpxzafun5p']
[2025-01-30T02:39:31.756+0000] {standard_task_runner.py:72} INFO - Started process 334 to run task
[2025-01-30T02:39:31.756+0000] {standard_task_runner.py:105} INFO - Job 21: Subtask conectaBD
[2025-01-30T02:39:31.806+0000] {task_command.py:467} INFO - Running <TaskInstance: etapa1_dag.conectaBD manual__2025-01-30T02:27:39.702949+00:00 [running]> on host 1899222f083d
[2025-01-30T02:39:31.916+0000] {taskinstance.py:3132} INFO - Exporting env vars: AIRFLOW_CTX_DAG_OWNER='***' AIRFLOW_CTX_DAG_ID='etapa1_dag' AIRFLOW_CTX_TASK_ID='conectaBD' AIRFLOW_CTX_EXECUTION_DATE='2025-01-30T02:27:39.702949+00:00' AIRFLOW_CTX_TRY_NUMBER='5' AIRFLOW_CTX_DAG_RUN_ID='manual__2025-01-30T02:27:39.702949+00:00'
[2025-01-30T02:39:31.918+0000] {logging_mixin.py:190} INFO - Task instance is in running state
[2025-01-30T02:39:31.919+0000] {logging_mixin.py:190} INFO -  Previous state of the Task instance: queued
[2025-01-30T02:39:31.920+0000] {logging_mixin.py:190} INFO - Current task name:conectaBD state:running start_date:2025-01-30 02:39:31.571309+00:00
[2025-01-30T02:39:31.920+0000] {logging_mixin.py:190} INFO - Dag name:etapa1_dag and current dag run status:running
[2025-01-30T02:39:31.921+0000] {taskinstance.py:731} INFO - ::endgroup::
[2025-01-30T02:39:31.960+0000] {python.py:240} INFO - Done. Returned value was: True
[2025-01-30T02:39:32.002+0000] {taskinstance.py:340} INFO - ::group::Post task execution logs
[2025-01-30T02:39:32.003+0000] {taskinstance.py:352} INFO - Marking task as SUCCESS. dag_id=etapa1_dag, task_id=conectaBD, run_id=manual__2025-01-30T02:27:39.702949+00:00, execution_date=20250130T022739, start_date=20250130T023931, end_date=20250130T023932
[2025-01-30T02:39:32.019+0000] {logging_mixin.py:190} INFO - Task instance in success state
[2025-01-30T02:39:32.020+0000] {logging_mixin.py:190} INFO -  Previous state of the Task instance: running
[2025-01-30T02:39:32.021+0000] {logging_mixin.py:190} INFO - Dag name:etapa1_dag queued_at:2025-01-30 02:39:29.759248+00:00
[2025-01-30T02:39:32.021+0000] {logging_mixin.py:190} INFO - Task hostname:1899222f083d operator:PythonOperator
[2025-01-30T02:39:32.051+0000] {local_task_job_runner.py:266} INFO - Task exited with return code 0
[2025-01-30T02:39:32.090+0000] {taskinstance.py:3895} INFO - 1 downstream tasks scheduled from follow-on schedule check
[2025-01-30T02:39:32.098+0000] {local_task_job_runner.py:245} INFO - ::endgroup::
