[2025-01-30T02:58:49.871+0000] {local_task_job_runner.py:123} INFO - ::group::Pre task execution logs
[2025-01-30T02:58:49.893+0000] {taskinstance.py:2613} INFO - Dependencies all met for dep_context=non-requeueable deps ti=<TaskInstance: etapa1_dag.conectaBD manual__2025-01-30T02:27:39.702949+00:00 [queued]>
[2025-01-30T02:58:49.904+0000] {taskinstance.py:2613} INFO - Dependencies all met for dep_context=requeueable deps ti=<TaskInstance: etapa1_dag.conectaBD manual__2025-01-30T02:27:39.702949+00:00 [queued]>
[2025-01-30T02:58:49.904+0000] {taskinstance.py:2866} INFO - Starting attempt 6 of 6
[2025-01-30T02:58:50.080+0000] {taskinstance.py:2889} INFO - Executing <Task(PythonOperator): conectaBD> on 2025-01-30 02:27:39.702949+00:00
[2025-01-30T02:58:50.090+0000] {warnings.py:112} WARNING - /home/***/.local/lib/python3.12/site-packages/***/task/task_runner/standard_task_runner.py:70: DeprecationWarning: This process (pid=591) is multi-threaded, use of fork() may lead to deadlocks in the child.
  pid = os.fork()

[2025-01-30T02:58:50.092+0000] {standard_task_runner.py:72} INFO - Started process 593 to run task
[2025-01-30T02:58:50.092+0000] {standard_task_runner.py:104} INFO - Running: ['***', 'tasks', 'run', 'etapa1_dag', 'conectaBD', 'manual__2025-01-30T02:27:39.702949+00:00', '--job-id', '24', '--raw', '--subdir', 'DAGS_FOLDER/etapa1_dag.py', '--cfg-path', '/tmp/tmp_87e34sq']
[2025-01-30T02:58:50.094+0000] {standard_task_runner.py:105} INFO - Job 24: Subtask conectaBD
[2025-01-30T02:58:50.149+0000] {task_command.py:467} INFO - Running <TaskInstance: etapa1_dag.conectaBD manual__2025-01-30T02:27:39.702949+00:00 [running]> on host 1899222f083d
[2025-01-30T02:58:50.254+0000] {taskinstance.py:3132} INFO - Exporting env vars: AIRFLOW_CTX_DAG_OWNER='***' AIRFLOW_CTX_DAG_ID='etapa1_dag' AIRFLOW_CTX_TASK_ID='conectaBD' AIRFLOW_CTX_EXECUTION_DATE='2025-01-30T02:27:39.702949+00:00' AIRFLOW_CTX_TRY_NUMBER='6' AIRFLOW_CTX_DAG_RUN_ID='manual__2025-01-30T02:27:39.702949+00:00'
[2025-01-30T02:58:50.255+0000] {logging_mixin.py:190} INFO - Task instance is in running state
[2025-01-30T02:58:50.256+0000] {logging_mixin.py:190} INFO -  Previous state of the Task instance: queued
[2025-01-30T02:58:50.256+0000] {logging_mixin.py:190} INFO - Current task name:conectaBD state:running start_date:2025-01-30 02:58:49.894535+00:00
[2025-01-30T02:58:50.256+0000] {logging_mixin.py:190} INFO - Dag name:etapa1_dag and current dag run status:running
[2025-01-30T02:58:50.257+0000] {taskinstance.py:731} INFO - ::endgroup::
[2025-01-30T02:58:50.291+0000] {python.py:240} INFO - Done. Returned value was: True
[2025-01-30T02:58:50.322+0000] {taskinstance.py:340} INFO - ::group::Post task execution logs
[2025-01-30T02:58:50.323+0000] {taskinstance.py:352} INFO - Marking task as SUCCESS. dag_id=etapa1_dag, task_id=conectaBD, run_id=manual__2025-01-30T02:27:39.702949+00:00, execution_date=20250130T022739, start_date=20250130T025849, end_date=20250130T025850
[2025-01-30T02:58:50.336+0000] {logging_mixin.py:190} INFO - Task instance in success state
[2025-01-30T02:58:50.336+0000] {logging_mixin.py:190} INFO -  Previous state of the Task instance: running
[2025-01-30T02:58:50.337+0000] {logging_mixin.py:190} INFO - Dag name:etapa1_dag queued_at:2025-01-30 02:58:47.896387+00:00
[2025-01-30T02:58:50.337+0000] {logging_mixin.py:190} INFO - Task hostname:1899222f083d operator:PythonOperator
[2025-01-30T02:58:50.390+0000] {local_task_job_runner.py:266} INFO - Task exited with return code 0
[2025-01-30T02:58:50.419+0000] {taskinstance.py:3895} INFO - 1 downstream tasks scheduled from follow-on schedule check
[2025-01-30T02:58:50.423+0000] {local_task_job_runner.py:245} INFO - ::endgroup::
