[2025-01-30T01:18:20.411+0000] {local_task_job_runner.py:123} INFO - ::group::Pre task execution logs
[2025-01-30T01:18:20.431+0000] {taskinstance.py:2613} INFO - Dependencies all met for dep_context=non-requeueable deps ti=<TaskInstance: etapa1_dag.conectaBD manual__2025-01-30T01:18:17.802079+00:00 [queued]>
[2025-01-30T01:18:20.441+0000] {taskinstance.py:2613} INFO - Dependencies all met for dep_context=requeueable deps ti=<TaskInstance: etapa1_dag.conectaBD manual__2025-01-30T01:18:17.802079+00:00 [queued]>
[2025-01-30T01:18:20.442+0000] {taskinstance.py:2866} INFO - Starting attempt 1 of 1
[2025-01-30T01:18:20.632+0000] {taskinstance.py:2889} INFO - Executing <Task(PythonOperator): conectaBD> on 2025-01-30 01:18:17.802079+00:00
[2025-01-30T01:18:20.642+0000] {warnings.py:112} WARNING - /home/***/.local/lib/python3.12/site-packages/***/task/task_runner/standard_task_runner.py:70: DeprecationWarning: This process (pid=165) is multi-threaded, use of fork() may lead to deadlocks in the child.
  pid = os.fork()

[2025-01-30T01:18:20.644+0000] {standard_task_runner.py:72} INFO - Started process 169 to run task
[2025-01-30T01:18:20.644+0000] {standard_task_runner.py:104} INFO - Running: ['***', 'tasks', 'run', 'etapa1_dag', 'conectaBD', 'manual__2025-01-30T01:18:17.802079+00:00', '--job-id', '10', '--raw', '--subdir', 'DAGS_FOLDER/etapa1_dag.py', '--cfg-path', '/tmp/tmprmrc4aif']
[2025-01-30T01:18:20.645+0000] {standard_task_runner.py:105} INFO - Job 10: Subtask conectaBD
[2025-01-30T01:18:20.708+0000] {task_command.py:467} INFO - Running <TaskInstance: etapa1_dag.conectaBD manual__2025-01-30T01:18:17.802079+00:00 [running]> on host 8fdf061243ba
[2025-01-30T01:18:20.814+0000] {taskinstance.py:3132} INFO - Exporting env vars: AIRFLOW_CTX_DAG_OWNER='***' AIRFLOW_CTX_DAG_ID='etapa1_dag' AIRFLOW_CTX_TASK_ID='conectaBD' AIRFLOW_CTX_EXECUTION_DATE='2025-01-30T01:18:17.802079+00:00' AIRFLOW_CTX_TRY_NUMBER='1' AIRFLOW_CTX_DAG_RUN_ID='manual__2025-01-30T01:18:17.802079+00:00'
[2025-01-30T01:18:20.816+0000] {logging_mixin.py:190} INFO - Task instance is in running state
[2025-01-30T01:18:20.817+0000] {logging_mixin.py:190} INFO -  Previous state of the Task instance: queued
[2025-01-30T01:18:20.817+0000] {logging_mixin.py:190} INFO - Current task name:conectaBD state:running start_date:2025-01-30 01:18:20.431834+00:00
[2025-01-30T01:18:20.818+0000] {logging_mixin.py:190} INFO - Dag name:etapa1_dag and current dag run status:running
[2025-01-30T01:18:20.818+0000] {taskinstance.py:731} INFO - ::endgroup::
[2025-01-30T01:18:20.819+0000] {python.py:240} INFO - Done. Returned value was: False
[2025-01-30T01:18:20.848+0000] {taskinstance.py:340} INFO - ::group::Post task execution logs
[2025-01-30T01:18:20.849+0000] {taskinstance.py:352} INFO - Marking task as SUCCESS. dag_id=etapa1_dag, task_id=conectaBD, run_id=manual__2025-01-30T01:18:17.802079+00:00, execution_date=20250130T011817, start_date=20250130T011820, end_date=20250130T011820
[2025-01-30T01:18:20.863+0000] {logging_mixin.py:190} INFO - Task instance in success state
[2025-01-30T01:18:20.863+0000] {logging_mixin.py:190} INFO -  Previous state of the Task instance: running
[2025-01-30T01:18:20.864+0000] {logging_mixin.py:190} INFO - Dag name:etapa1_dag queued_at:2025-01-30 01:18:17.817902+00:00
[2025-01-30T01:18:20.864+0000] {logging_mixin.py:190} INFO - Task hostname:8fdf061243ba operator:PythonOperator
[2025-01-30T01:18:20.900+0000] {local_task_job_runner.py:266} INFO - Task exited with return code 0
[2025-01-30T01:18:20.930+0000] {taskinstance.py:3895} INFO - 1 downstream tasks scheduled from follow-on schedule check
[2025-01-30T01:18:20.936+0000] {local_task_job_runner.py:245} INFO - ::endgroup::
