[2025-01-30T04:37:53.355+0000] {local_task_job_runner.py:123} INFO - ::group::Pre task execution logs
[2025-01-30T04:37:53.374+0000] {taskinstance.py:2613} INFO - Dependencies all met for dep_context=non-requeueable deps ti=<TaskInstance: etapa2_dag.conectaBD manual__2025-01-30T03:32:35.404173+00:00 [queued]>
[2025-01-30T04:37:53.385+0000] {taskinstance.py:2613} INFO - Dependencies all met for dep_context=requeueable deps ti=<TaskInstance: etapa2_dag.conectaBD manual__2025-01-30T03:32:35.404173+00:00 [queued]>
[2025-01-30T04:37:53.386+0000] {taskinstance.py:2866} INFO - Starting attempt 13 of 13
[2025-01-30T04:37:53.403+0000] {taskinstance.py:2889} INFO - Executing <Task(PythonOperator): conectaBD> on 2025-01-30 03:32:35.404173+00:00
[2025-01-30T04:37:53.413+0000] {warnings.py:112} WARNING - /home/***/.local/lib/python3.12/site-packages/***/task/task_runner/standard_task_runner.py:70: DeprecationWarning: This process (pid=1365) is multi-threaded, use of fork() may lead to deadlocks in the child.
  pid = os.fork()

[2025-01-30T04:37:53.415+0000] {standard_task_runner.py:72} INFO - Started process 1367 to run task
[2025-01-30T04:37:53.415+0000] {standard_task_runner.py:104} INFO - Running: ['***', 'tasks', 'run', 'etapa2_dag', 'conectaBD', 'manual__2025-01-30T03:32:35.404173+00:00', '--job-id', '52', '--raw', '--subdir', 'DAGS_FOLDER/etapa2_dag.py', '--cfg-path', '/tmp/tmpf9fxvov9']
[2025-01-30T04:37:53.416+0000] {standard_task_runner.py:105} INFO - Job 52: Subtask conectaBD
[2025-01-30T04:37:53.476+0000] {task_command.py:467} INFO - Running <TaskInstance: etapa2_dag.conectaBD manual__2025-01-30T03:32:35.404173+00:00 [running]> on host eed2ce10479b
[2025-01-30T04:37:53.598+0000] {taskinstance.py:3132} INFO - Exporting env vars: AIRFLOW_CTX_DAG_OWNER='***' AIRFLOW_CTX_DAG_ID='etapa2_dag' AIRFLOW_CTX_TASK_ID='conectaBD' AIRFLOW_CTX_EXECUTION_DATE='2025-01-30T03:32:35.404173+00:00' AIRFLOW_CTX_TRY_NUMBER='13' AIRFLOW_CTX_DAG_RUN_ID='manual__2025-01-30T03:32:35.404173+00:00'
[2025-01-30T04:37:53.600+0000] {logging_mixin.py:190} INFO - Task instance is in running state
[2025-01-30T04:37:53.601+0000] {logging_mixin.py:190} INFO -  Previous state of the Task instance: queued
[2025-01-30T04:37:53.601+0000] {logging_mixin.py:190} INFO - Current task name:conectaBD state:running start_date:2025-01-30 04:37:53.375674+00:00
[2025-01-30T04:37:53.602+0000] {logging_mixin.py:190} INFO - Dag name:etapa2_dag and current dag run status:running
[2025-01-30T04:37:53.602+0000] {taskinstance.py:731} INFO - ::endgroup::
[2025-01-30T04:37:53.614+0000] {python.py:240} INFO - Done. Returned value was: True
[2025-01-30T04:37:53.652+0000] {taskinstance.py:340} INFO - ::group::Post task execution logs
[2025-01-30T04:37:53.653+0000] {taskinstance.py:352} INFO - Marking task as SUCCESS. dag_id=etapa2_dag, task_id=conectaBD, run_id=manual__2025-01-30T03:32:35.404173+00:00, execution_date=20250130T033235, start_date=20250130T043753, end_date=20250130T043753
[2025-01-30T04:37:53.919+0000] {logging_mixin.py:190} INFO - Task instance in success state
[2025-01-30T04:37:53.920+0000] {logging_mixin.py:190} INFO -  Previous state of the Task instance: running
[2025-01-30T04:37:53.921+0000] {logging_mixin.py:190} INFO - Dag name:etapa2_dag queued_at:2025-01-30 04:37:51.208049+00:00
[2025-01-30T04:37:53.921+0000] {logging_mixin.py:190} INFO - Task hostname:eed2ce10479b operator:PythonOperator
[2025-01-30T04:37:53.956+0000] {local_task_job_runner.py:266} INFO - Task exited with return code 0
[2025-01-30T04:37:53.989+0000] {taskinstance.py:3895} INFO - 1 downstream tasks scheduled from follow-on schedule check
[2025-01-30T04:37:53.993+0000] {local_task_job_runner.py:245} INFO - ::endgroup::
