[2025-01-30T04:46:31.605+0000] {local_task_job_runner.py:123} INFO - ::group::Pre task execution logs
[2025-01-30T04:46:31.631+0000] {taskinstance.py:2613} INFO - Dependencies all met for dep_context=non-requeueable deps ti=<TaskInstance: etapa2_dag.conectaBD manual__2025-01-30T03:32:35.404173+00:00 [queued]>
[2025-01-30T04:46:31.643+0000] {taskinstance.py:2613} INFO - Dependencies all met for dep_context=requeueable deps ti=<TaskInstance: etapa2_dag.conectaBD manual__2025-01-30T03:32:35.404173+00:00 [queued]>
[2025-01-30T04:46:31.644+0000] {taskinstance.py:2866} INFO - Starting attempt 17 of 17
[2025-01-30T04:46:31.667+0000] {taskinstance.py:2889} INFO - Executing <Task(PythonOperator): conectaBD> on 2025-01-30 03:32:35.404173+00:00
[2025-01-30T04:46:31.684+0000] {warnings.py:112} WARNING - /home/***/.local/lib/python3.12/site-packages/***/task/task_runner/standard_task_runner.py:70: DeprecationWarning: This process (pid=1593) is multi-threaded, use of fork() may lead to deadlocks in the child.
  pid = os.fork()

[2025-01-30T04:46:31.687+0000] {standard_task_runner.py:72} INFO - Started process 1595 to run task
[2025-01-30T04:46:31.687+0000] {standard_task_runner.py:104} INFO - Running: ['***', 'tasks', 'run', 'etapa2_dag', 'conectaBD', 'manual__2025-01-30T03:32:35.404173+00:00', '--job-id', '68', '--raw', '--subdir', 'DAGS_FOLDER/etapa2_dag.py', '--cfg-path', '/tmp/tmp2fv8av0q']
[2025-01-30T04:46:31.693+0000] {standard_task_runner.py:105} INFO - Job 68: Subtask conectaBD
[2025-01-30T04:46:31.762+0000] {task_command.py:467} INFO - Running <TaskInstance: etapa2_dag.conectaBD manual__2025-01-30T03:32:35.404173+00:00 [running]> on host eed2ce10479b
[2025-01-30T04:46:31.880+0000] {taskinstance.py:3132} INFO - Exporting env vars: AIRFLOW_CTX_DAG_OWNER='***' AIRFLOW_CTX_DAG_ID='etapa2_dag' AIRFLOW_CTX_TASK_ID='conectaBD' AIRFLOW_CTX_EXECUTION_DATE='2025-01-30T03:32:35.404173+00:00' AIRFLOW_CTX_TRY_NUMBER='17' AIRFLOW_CTX_DAG_RUN_ID='manual__2025-01-30T03:32:35.404173+00:00'
[2025-01-30T04:46:31.882+0000] {logging_mixin.py:190} INFO - Task instance is in running state
[2025-01-30T04:46:31.882+0000] {logging_mixin.py:190} INFO -  Previous state of the Task instance: queued
[2025-01-30T04:46:31.883+0000] {logging_mixin.py:190} INFO - Current task name:conectaBD state:running start_date:2025-01-30 04:46:31.632263+00:00
[2025-01-30T04:46:31.883+0000] {logging_mixin.py:190} INFO - Dag name:etapa2_dag and current dag run status:running
[2025-01-30T04:46:31.884+0000] {taskinstance.py:731} INFO - ::endgroup::
[2025-01-30T04:46:31.896+0000] {python.py:240} INFO - Done. Returned value was: True
[2025-01-30T04:46:31.931+0000] {taskinstance.py:340} INFO - ::group::Post task execution logs
[2025-01-30T04:46:31.932+0000] {taskinstance.py:352} INFO - Marking task as SUCCESS. dag_id=etapa2_dag, task_id=conectaBD, run_id=manual__2025-01-30T03:32:35.404173+00:00, execution_date=20250130T033235, start_date=20250130T044631, end_date=20250130T044631
[2025-01-30T04:46:32.195+0000] {logging_mixin.py:190} INFO - Task instance in success state
[2025-01-30T04:46:32.196+0000] {logging_mixin.py:190} INFO -  Previous state of the Task instance: running
[2025-01-30T04:46:32.197+0000] {logging_mixin.py:190} INFO - Dag name:etapa2_dag queued_at:2025-01-30 04:46:29.219511+00:00
[2025-01-30T04:46:32.197+0000] {logging_mixin.py:190} INFO - Task hostname:eed2ce10479b operator:PythonOperator
[2025-01-30T04:46:32.229+0000] {local_task_job_runner.py:266} INFO - Task exited with return code 0
[2025-01-30T04:46:32.266+0000] {taskinstance.py:3895} INFO - 1 downstream tasks scheduled from follow-on schedule check
[2025-01-30T04:46:32.271+0000] {local_task_job_runner.py:245} INFO - ::endgroup::
