[2025-01-30T04:23:53.606+0000] {local_task_job_runner.py:123} INFO - ::group::Pre task execution logs
[2025-01-30T04:23:53.632+0000] {taskinstance.py:2613} INFO - Dependencies all met for dep_context=non-requeueable deps ti=<TaskInstance: etapa2_dag.copia manual__2025-01-30T03:32:35.404173+00:00 [queued]>
[2025-01-30T04:23:53.644+0000] {taskinstance.py:2613} INFO - Dependencies all met for dep_context=requeueable deps ti=<TaskInstance: etapa2_dag.copia manual__2025-01-30T03:32:35.404173+00:00 [queued]>
[2025-01-30T04:23:53.646+0000] {taskinstance.py:2866} INFO - Starting attempt 11 of 11
[2025-01-30T04:23:53.664+0000] {taskinstance.py:2889} INFO - Executing <Task(PythonOperator): copia> on 2025-01-30 03:32:35.404173+00:00
[2025-01-30T04:23:53.673+0000] {warnings.py:112} WARNING - /home/***/.local/lib/python3.12/site-packages/***/task/task_runner/standard_task_runner.py:70: DeprecationWarning: This process (pid=1121) is multi-threaded, use of fork() may lead to deadlocks in the child.
  pid = os.fork()

[2025-01-30T04:23:53.674+0000] {standard_task_runner.py:72} INFO - Started process 1123 to run task
[2025-01-30T04:23:53.675+0000] {standard_task_runner.py:104} INFO - Running: ['***', 'tasks', 'run', 'etapa2_dag', 'copia', 'manual__2025-01-30T03:32:35.404173+00:00', '--job-id', '42', '--raw', '--subdir', 'DAGS_FOLDER/etapa2_dag.py', '--cfg-path', '/tmp/tmpxird9cyg']
[2025-01-30T04:23:53.677+0000] {standard_task_runner.py:105} INFO - Job 42: Subtask copia
[2025-01-30T04:23:53.732+0000] {task_command.py:467} INFO - Running <TaskInstance: etapa2_dag.copia manual__2025-01-30T03:32:35.404173+00:00 [running]> on host eed2ce10479b
[2025-01-30T04:23:53.843+0000] {taskinstance.py:3132} INFO - Exporting env vars: AIRFLOW_CTX_DAG_OWNER='***' AIRFLOW_CTX_DAG_ID='etapa2_dag' AIRFLOW_CTX_TASK_ID='copia' AIRFLOW_CTX_EXECUTION_DATE='2025-01-30T03:32:35.404173+00:00' AIRFLOW_CTX_TRY_NUMBER='11' AIRFLOW_CTX_DAG_RUN_ID='manual__2025-01-30T03:32:35.404173+00:00'
[2025-01-30T04:23:53.844+0000] {logging_mixin.py:190} INFO - Task instance is in running state
[2025-01-30T04:23:53.845+0000] {logging_mixin.py:190} INFO -  Previous state of the Task instance: queued
[2025-01-30T04:23:53.845+0000] {logging_mixin.py:190} INFO - Current task name:copia state:running start_date:2025-01-30 04:23:53.633410+00:00
[2025-01-30T04:23:53.846+0000] {logging_mixin.py:190} INFO - Dag name:etapa2_dag and current dag run status:running
[2025-01-30T04:23:53.846+0000] {taskinstance.py:731} INFO - ::endgroup::
[2025-01-30T04:23:53.888+0000] {logging_mixin.py:190} INFO - Table: categories -- parquetfile: /data/postgres/categories/2025-01-30/file.parquet
[2025-01-30T04:23:53.897+0000] {logging_mixin.py:190} INFO - Table: customers -- parquetfile: /data/postgres/customers/2025-01-30/file.parquet
[2025-01-30T04:23:53.904+0000] {logging_mixin.py:190} INFO - Table: customer_customer_demo -- parquetfile: /data/postgres/customer_customer_demo/2025-01-30/file.parquet
[2025-01-30T04:23:53.913+0000] {logging_mixin.py:190} INFO - Table: customer_demographics -- parquetfile: /data/postgres/customer_demographics/2025-01-30/file.parquet
[2025-01-30T04:23:53.921+0000] {logging_mixin.py:190} INFO - Table: employees -- parquetfile: /data/postgres/employees/2025-01-30/file.parquet
[2025-01-30T04:23:53.930+0000] {logging_mixin.py:190} INFO - Table: employee_territories -- parquetfile: /data/postgres/employee_territories/2025-01-30/file.parquet
[2025-01-30T04:23:53.939+0000] {logging_mixin.py:190} INFO - Table: orders -- parquetfile: /data/postgres/orders/2025-01-30/file.parquet
[2025-01-30T04:23:53.948+0000] {logging_mixin.py:190} INFO - Table: products -- parquetfile: /data/postgres/products/2025-01-30/file.parquet
[2025-01-30T04:23:53.955+0000] {logging_mixin.py:190} INFO - Table: region -- parquetfile: /data/postgres/region/2025-01-30/file.parquet
[2025-01-30T04:23:53.964+0000] {logging_mixin.py:190} INFO - Table: shippers -- parquetfile: /data/postgres/shippers/2025-01-30/file.parquet
[2025-01-30T04:23:53.971+0000] {logging_mixin.py:190} INFO - Table: suppliers -- parquetfile: /data/postgres/suppliers/2025-01-30/file.parquet
[2025-01-30T04:23:53.980+0000] {logging_mixin.py:190} INFO - Table: territories -- parquetfile: /data/postgres/territories/2025-01-30/file.parquet
[2025-01-30T04:23:53.989+0000] {logging_mixin.py:190} INFO - Table: us_states -- parquetfile: /data/postgres/us_states/2025-01-30/file.parquet
[2025-01-30T04:23:53.990+0000] {python.py:240} INFO - Done. Returned value was: True
[2025-01-30T04:23:54.213+0000] {taskinstance.py:340} INFO - ::group::Post task execution logs
[2025-01-30T04:23:54.214+0000] {taskinstance.py:352} INFO - Marking task as SUCCESS. dag_id=etapa2_dag, task_id=copia, run_id=manual__2025-01-30T03:32:35.404173+00:00, execution_date=20250130T033235, start_date=20250130T042353, end_date=20250130T042354
[2025-01-30T04:23:54.226+0000] {logging_mixin.py:190} INFO - Task instance in success state
[2025-01-30T04:23:54.227+0000] {logging_mixin.py:190} INFO -  Previous state of the Task instance: running
[2025-01-30T04:23:54.227+0000] {logging_mixin.py:190} INFO - Dag name:etapa2_dag queued_at:2025-01-30 04:23:45.289341+00:00
[2025-01-30T04:23:54.227+0000] {logging_mixin.py:190} INFO - Task hostname:eed2ce10479b operator:PythonOperator
[2025-01-30T04:23:54.254+0000] {local_task_job_runner.py:266} INFO - Task exited with return code 0
[2025-01-30T04:23:54.276+0000] {taskinstance.py:3895} INFO - 1 downstream tasks scheduled from follow-on schedule check
[2025-01-30T04:23:54.280+0000] {local_task_job_runner.py:245} INFO - ::endgroup::
