[2025-01-30T04:53:41.092+0000] {local_task_job_runner.py:123} INFO - ::group::Pre task execution logs
[2025-01-30T04:53:41.118+0000] {taskinstance.py:2613} INFO - Dependencies all met for dep_context=non-requeueable deps ti=<TaskInstance: etapa2_dag.copia manual__2025-01-30T03:32:35.404173+00:00 [queued]>
[2025-01-30T04:53:41.128+0000] {taskinstance.py:2613} INFO - Dependencies all met for dep_context=requeueable deps ti=<TaskInstance: etapa2_dag.copia manual__2025-01-30T03:32:35.404173+00:00 [queued]>
[2025-01-30T04:53:41.130+0000] {taskinstance.py:2866} INFO - Starting attempt 19 of 19
[2025-01-30T04:53:41.147+0000] {taskinstance.py:2889} INFO - Executing <Task(PythonOperator): copia> on 2025-01-30 03:32:35.404173+00:00
[2025-01-30T04:53:41.156+0000] {warnings.py:112} WARNING - /home/***/.local/lib/python3.12/site-packages/***/task/task_runner/standard_task_runner.py:70: DeprecationWarning: This process (pid=1716) is multi-threaded, use of fork() may lead to deadlocks in the child.
  pid = os.fork()

[2025-01-30T04:53:41.158+0000] {standard_task_runner.py:72} INFO - Started process 1718 to run task
[2025-01-30T04:53:41.158+0000] {standard_task_runner.py:104} INFO - Running: ['***', 'tasks', 'run', 'etapa2_dag', 'copia', 'manual__2025-01-30T03:32:35.404173+00:00', '--job-id', '74', '--raw', '--subdir', 'DAGS_FOLDER/etapa2_dag.py', '--cfg-path', '/tmp/tmpbduf46ih']
[2025-01-30T04:53:41.159+0000] {standard_task_runner.py:105} INFO - Job 74: Subtask copia
[2025-01-30T04:53:41.208+0000] {task_command.py:467} INFO - Running <TaskInstance: etapa2_dag.copia manual__2025-01-30T03:32:35.404173+00:00 [running]> on host eed2ce10479b
[2025-01-30T04:53:41.311+0000] {taskinstance.py:3132} INFO - Exporting env vars: AIRFLOW_CTX_DAG_OWNER='***' AIRFLOW_CTX_DAG_ID='etapa2_dag' AIRFLOW_CTX_TASK_ID='copia' AIRFLOW_CTX_EXECUTION_DATE='2025-01-30T03:32:35.404173+00:00' AIRFLOW_CTX_TRY_NUMBER='19' AIRFLOW_CTX_DAG_RUN_ID='manual__2025-01-30T03:32:35.404173+00:00'
[2025-01-30T04:53:41.313+0000] {logging_mixin.py:190} INFO - Task instance is in running state
[2025-01-30T04:53:41.313+0000] {logging_mixin.py:190} INFO -  Previous state of the Task instance: queued
[2025-01-30T04:53:41.314+0000] {logging_mixin.py:190} INFO - Current task name:copia state:running start_date:2025-01-30 04:53:41.119168+00:00
[2025-01-30T04:53:41.314+0000] {logging_mixin.py:190} INFO - Dag name:etapa2_dag and current dag run status:running
[2025-01-30T04:53:41.315+0000] {taskinstance.py:731} INFO - ::endgroup::
[2025-01-30T04:53:41.355+0000] {logging_mixin.py:190} INFO - Table: categories -- parquetfile: /data/postgres/categories/2025-01-30/file.parquet
[2025-01-30T04:53:41.619+0000] {logging_mixin.py:190} INFO - Tabela categories já existe. Atualizando dados...
[2025-01-30T04:53:41.655+0000] {logging_mixin.py:190} INFO - Table: customers -- parquetfile: /data/postgres/customers/2025-01-30/file.parquet
[2025-01-30T04:53:41.676+0000] {logging_mixin.py:190} INFO - Tabela customers já existe. Atualizando dados...
[2025-01-30T04:53:41.883+0000] {logging_mixin.py:190} INFO - Table: customer_customer_demo -- parquetfile: /data/postgres/customer_customer_demo/2025-01-30/file.parquet
[2025-01-30T04:53:41.898+0000] {logging_mixin.py:190} INFO - Tabela customer_customer_demo já existe. Atualizando dados...
[2025-01-30T04:53:41.923+0000] {logging_mixin.py:190} INFO - Table: customer_demographics -- parquetfile: /data/postgres/customer_demographics/2025-01-30/file.parquet
[2025-01-30T04:53:41.951+0000] {logging_mixin.py:190} INFO - Tabela customer_demographics já existe. Atualizando dados...
[2025-01-30T04:53:41.973+0000] {logging_mixin.py:190} INFO - Table: employees -- parquetfile: /data/postgres/employees/2025-01-30/file.parquet
[2025-01-30T04:53:41.990+0000] {logging_mixin.py:190} INFO - Tabela employees já existe. Atualizando dados...
[2025-01-30T04:53:42.031+0000] {logging_mixin.py:190} INFO - Table: employee_territories -- parquetfile: /data/postgres/employee_territories/2025-01-30/file.parquet
[2025-01-30T04:53:42.056+0000] {logging_mixin.py:190} INFO - Tabela employee_territories já existe. Atualizando dados...
[2025-01-30T04:53:42.156+0000] {logging_mixin.py:190} INFO - Table: orders -- parquetfile: /data/postgres/orders/2025-01-30/file.parquet
[2025-01-30T04:53:42.176+0000] {logging_mixin.py:190} INFO - Tabela orders já existe. Atualizando dados...
[2025-01-30T04:53:43.773+0000] {logging_mixin.py:190} INFO - Table: products -- parquetfile: /data/postgres/products/2025-01-30/file.parquet
[2025-01-30T04:53:43.788+0000] {logging_mixin.py:190} INFO - Tabela products já existe. Atualizando dados...
[2025-01-30T04:53:43.947+0000] {logging_mixin.py:190} INFO - Table: region -- parquetfile: /data/postgres/region/2025-01-30/file.parquet
[2025-01-30T04:53:43.962+0000] {logging_mixin.py:190} INFO - Tabela region já existe. Atualizando dados...
[2025-01-30T04:53:43.992+0000] {logging_mixin.py:190} INFO - Table: shippers -- parquetfile: /data/postgres/shippers/2025-01-30/file.parquet
[2025-01-30T04:53:44.008+0000] {logging_mixin.py:190} INFO - Tabela shippers já existe. Atualizando dados...
[2025-01-30T04:53:44.044+0000] {logging_mixin.py:190} INFO - Table: suppliers -- parquetfile: /data/postgres/suppliers/2025-01-30/file.parquet
[2025-01-30T04:53:44.061+0000] {logging_mixin.py:190} INFO - Tabela suppliers já existe. Atualizando dados...
[2025-01-30T04:53:44.138+0000] {logging_mixin.py:190} INFO - Table: territories -- parquetfile: /data/postgres/territories/2025-01-30/file.parquet
[2025-01-30T04:53:44.152+0000] {logging_mixin.py:190} INFO - Tabela territories já existe. Atualizando dados...
[2025-01-30T04:53:44.266+0000] {logging_mixin.py:190} INFO - Table: us_states -- parquetfile: /data/postgres/us_states/2025-01-30/file.parquet
[2025-01-30T04:53:44.280+0000] {logging_mixin.py:190} INFO - Tabela us_states já existe. Atualizando dados...
[2025-01-30T04:53:44.394+0000] {python.py:240} INFO - Done. Returned value was: True
[2025-01-30T04:53:44.427+0000] {taskinstance.py:340} INFO - ::group::Post task execution logs
[2025-01-30T04:53:44.428+0000] {taskinstance.py:352} INFO - Marking task as SUCCESS. dag_id=etapa2_dag, task_id=copia, run_id=manual__2025-01-30T03:32:35.404173+00:00, execution_date=20250130T033235, start_date=20250130T045341, end_date=20250130T045344
[2025-01-30T04:53:44.443+0000] {logging_mixin.py:190} INFO - Task instance in success state
[2025-01-30T04:53:44.444+0000] {logging_mixin.py:190} INFO -  Previous state of the Task instance: running
[2025-01-30T04:53:44.444+0000] {logging_mixin.py:190} INFO - Dag name:etapa2_dag queued_at:2025-01-30 04:53:32.533623+00:00
[2025-01-30T04:53:44.444+0000] {logging_mixin.py:190} INFO - Task hostname:eed2ce10479b operator:PythonOperator
[2025-01-30T04:53:44.512+0000] {local_task_job_runner.py:266} INFO - Task exited with return code 0
[2025-01-30T04:53:44.538+0000] {taskinstance.py:3895} INFO - 1 downstream tasks scheduled from follow-on schedule check
[2025-01-30T04:53:44.542+0000] {local_task_job_runner.py:245} INFO - ::endgroup::
