[2025-01-30T04:43:43.074+0000] {local_task_job_runner.py:123} INFO - ::group::Pre task execution logs
[2025-01-30T04:43:43.099+0000] {taskinstance.py:2613} INFO - Dependencies all met for dep_context=non-requeueable deps ti=<TaskInstance: etapa2_dag.copia manual__2025-01-30T03:32:35.404173+00:00 [queued]>
[2025-01-30T04:43:43.111+0000] {taskinstance.py:2613} INFO - Dependencies all met for dep_context=requeueable deps ti=<TaskInstance: etapa2_dag.copia manual__2025-01-30T03:32:35.404173+00:00 [queued]>
[2025-01-30T04:43:43.113+0000] {taskinstance.py:2866} INFO - Starting attempt 17 of 17
[2025-01-30T04:43:43.276+0000] {taskinstance.py:2889} INFO - Executing <Task(PythonOperator): copia> on 2025-01-30 03:32:35.404173+00:00
[2025-01-30T04:43:43.285+0000] {warnings.py:112} WARNING - /home/***/.local/lib/python3.12/site-packages/***/task/task_runner/standard_task_runner.py:70: DeprecationWarning: This process (pid=1530) is multi-threaded, use of fork() may lead to deadlocks in the child.
  pid = os.fork()

[2025-01-30T04:43:43.288+0000] {standard_task_runner.py:72} INFO - Started process 1539 to run task
[2025-01-30T04:43:43.287+0000] {standard_task_runner.py:104} INFO - Running: ['***', 'tasks', 'run', 'etapa2_dag', 'copia', 'manual__2025-01-30T03:32:35.404173+00:00', '--job-id', '66', '--raw', '--subdir', 'DAGS_FOLDER/etapa2_dag.py', '--cfg-path', '/tmp/tmprb3k0cf9']
[2025-01-30T04:43:43.289+0000] {standard_task_runner.py:105} INFO - Job 66: Subtask copia
[2025-01-30T04:43:43.350+0000] {task_command.py:467} INFO - Running <TaskInstance: etapa2_dag.copia manual__2025-01-30T03:32:35.404173+00:00 [running]> on host eed2ce10479b
[2025-01-30T04:43:43.470+0000] {taskinstance.py:3132} INFO - Exporting env vars: AIRFLOW_CTX_DAG_OWNER='***' AIRFLOW_CTX_DAG_ID='etapa2_dag' AIRFLOW_CTX_TASK_ID='copia' AIRFLOW_CTX_EXECUTION_DATE='2025-01-30T03:32:35.404173+00:00' AIRFLOW_CTX_TRY_NUMBER='17' AIRFLOW_CTX_DAG_RUN_ID='manual__2025-01-30T03:32:35.404173+00:00'
[2025-01-30T04:43:43.472+0000] {logging_mixin.py:190} INFO - Task instance is in running state
[2025-01-30T04:43:43.473+0000] {logging_mixin.py:190} INFO -  Previous state of the Task instance: queued
[2025-01-30T04:43:43.473+0000] {logging_mixin.py:190} INFO - Current task name:copia state:running start_date:2025-01-30 04:43:43.099992+00:00
[2025-01-30T04:43:43.474+0000] {logging_mixin.py:190} INFO - Dag name:etapa2_dag and current dag run status:running
[2025-01-30T04:43:43.475+0000] {taskinstance.py:731} INFO - ::endgroup::
[2025-01-30T04:43:43.511+0000] {logging_mixin.py:190} INFO - Table: categories -- parquetfile: /data/postgres/categories/2025-01-30/file.parquet
[2025-01-30T04:43:43.563+0000] {logging_mixin.py:190} INFO - Tabela categories já existe. Atualizando dados...
[2025-01-30T04:43:43.602+0000] {logging_mixin.py:190} INFO - Table: customers -- parquetfile: /data/postgres/customers/2025-01-30/file.parquet
[2025-01-30T04:43:43.623+0000] {logging_mixin.py:190} INFO - Tabela customers não existe. Criando a tabela...
[2025-01-30T04:43:43.800+0000] {logging_mixin.py:190} INFO - Table: customer_customer_demo -- parquetfile: /data/postgres/customer_customer_demo/2025-01-30/file.parquet
[2025-01-30T04:43:43.814+0000] {logging_mixin.py:190} INFO - Tabela customer_customer_demo já existe. Atualizando dados...
[2025-01-30T04:43:43.834+0000] {logging_mixin.py:190} INFO - Table: customer_demographics -- parquetfile: /data/postgres/customer_demographics/2025-01-30/file.parquet
[2025-01-30T04:43:43.848+0000] {logging_mixin.py:190} INFO - Tabela customer_demographics já existe. Atualizando dados...
[2025-01-30T04:43:43.870+0000] {logging_mixin.py:190} INFO - Table: employees -- parquetfile: /data/postgres/employees/2025-01-30/file.parquet
[2025-01-30T04:43:43.888+0000] {logging_mixin.py:190} INFO - Tabela employees não existe. Criando a tabela...
[2025-01-30T04:43:43.905+0000] {logging_mixin.py:190} INFO - Erro ao atualizar ou criar tabela employees: column "nan" does not exist
LINE 1: ...rce, and the Pacific Rim Importers Association.', nan, 'http...
                                                             ^
[2025-01-30T04:43:43.916+0000] {logging_mixin.py:190} INFO - Table: employee_territories -- parquetfile: /data/postgres/employee_territories/2025-01-30/file.parquet
[2025-01-30T04:43:43.932+0000] {logging_mixin.py:190} INFO - Tabela employee_territories já existe. Atualizando dados...
[2025-01-30T04:43:44.061+0000] {logging_mixin.py:190} INFO - Table: orders -- parquetfile: /data/postgres/orders/2025-01-30/file.parquet
[2025-01-30T04:43:44.078+0000] {logging_mixin.py:190} INFO - Tabela orders não existe. Criando a tabela...
[2025-01-30T04:43:45.639+0000] {logging_mixin.py:190} INFO - Table: products -- parquetfile: /data/postgres/products/2025-01-30/file.parquet
[2025-01-30T04:43:45.663+0000] {logging_mixin.py:190} INFO - Tabela products já existe. Atualizando dados...
[2025-01-30T04:43:45.831+0000] {logging_mixin.py:190} INFO - Table: region -- parquetfile: /data/postgres/region/2025-01-30/file.parquet
[2025-01-30T04:43:45.845+0000] {logging_mixin.py:190} INFO - Tabela region já existe. Atualizando dados...
[2025-01-30T04:43:45.874+0000] {logging_mixin.py:190} INFO - Table: shippers -- parquetfile: /data/postgres/shippers/2025-01-30/file.parquet
[2025-01-30T04:43:45.888+0000] {logging_mixin.py:190} INFO - Tabela shippers já existe. Atualizando dados...
[2025-01-30T04:43:45.918+0000] {logging_mixin.py:190} INFO - Table: suppliers -- parquetfile: /data/postgres/suppliers/2025-01-30/file.parquet
[2025-01-30T04:43:45.934+0000] {logging_mixin.py:190} INFO - Tabela suppliers não existe. Criando a tabela...
[2025-01-30T04:43:46.003+0000] {logging_mixin.py:190} INFO - Table: territories -- parquetfile: /data/postgres/territories/2025-01-30/file.parquet
[2025-01-30T04:43:46.017+0000] {logging_mixin.py:190} INFO - Tabela territories já existe. Atualizando dados...
[2025-01-30T04:43:46.130+0000] {logging_mixin.py:190} INFO - Table: us_states -- parquetfile: /data/postgres/us_states/2025-01-30/file.parquet
[2025-01-30T04:43:46.146+0000] {logging_mixin.py:190} INFO - Tabela us_states já existe. Atualizando dados...
[2025-01-30T04:43:46.238+0000] {python.py:240} INFO - Done. Returned value was: True
[2025-01-30T04:43:46.271+0000] {taskinstance.py:340} INFO - ::group::Post task execution logs
[2025-01-30T04:43:46.272+0000] {taskinstance.py:352} INFO - Marking task as SUCCESS. dag_id=etapa2_dag, task_id=copia, run_id=manual__2025-01-30T03:32:35.404173+00:00, execution_date=20250130T033235, start_date=20250130T044343, end_date=20250130T044346
[2025-01-30T04:43:46.286+0000] {logging_mixin.py:190} INFO - Task instance in success state
[2025-01-30T04:43:46.287+0000] {logging_mixin.py:190} INFO -  Previous state of the Task instance: running
[2025-01-30T04:43:46.288+0000] {logging_mixin.py:190} INFO - Dag name:etapa2_dag queued_at:2025-01-30 04:43:34.048023+00:00
[2025-01-30T04:43:46.288+0000] {logging_mixin.py:190} INFO - Task hostname:eed2ce10479b operator:PythonOperator
[2025-01-30T04:43:46.318+0000] {local_task_job_runner.py:266} INFO - Task exited with return code 0
[2025-01-30T04:43:46.341+0000] {taskinstance.py:3895} INFO - 1 downstream tasks scheduled from follow-on schedule check
[2025-01-30T04:43:46.345+0000] {local_task_job_runner.py:245} INFO - ::endgroup::
