[2025-01-30T05:03:36.156+0000] {local_task_job_runner.py:123} INFO - ::group::Pre task execution logs
[2025-01-30T05:03:36.182+0000] {taskinstance.py:2613} INFO - Dependencies all met for dep_context=non-requeueable deps ti=<TaskInstance: etapa2_dag.copia manual__2025-01-30T03:32:35.404173+00:00 [queued]>
[2025-01-30T05:03:36.193+0000] {taskinstance.py:2613} INFO - Dependencies all met for dep_context=requeueable deps ti=<TaskInstance: etapa2_dag.copia manual__2025-01-30T03:32:35.404173+00:00 [queued]>
[2025-01-30T05:03:36.194+0000] {taskinstance.py:2866} INFO - Starting attempt 20 of 20
[2025-01-30T05:03:36.212+0000] {taskinstance.py:2889} INFO - Executing <Task(PythonOperator): copia> on 2025-01-30 03:32:35.404173+00:00
[2025-01-30T05:03:36.221+0000] {warnings.py:112} WARNING - /home/***/.local/lib/python3.12/site-packages/***/task/task_runner/standard_task_runner.py:70: DeprecationWarning: This process (pid=1878) is multi-threaded, use of fork() may lead to deadlocks in the child.
  pid = os.fork()

[2025-01-30T05:03:36.222+0000] {standard_task_runner.py:72} INFO - Started process 1880 to run task
[2025-01-30T05:03:36.223+0000] {standard_task_runner.py:104} INFO - Running: ['***', 'tasks', 'run', 'etapa2_dag', 'copia', 'manual__2025-01-30T03:32:35.404173+00:00', '--job-id', '78', '--raw', '--subdir', 'DAGS_FOLDER/etapa2_dag.py', '--cfg-path', '/tmp/tmpe0zu7bbz']
[2025-01-30T05:03:36.224+0000] {standard_task_runner.py:105} INFO - Job 78: Subtask copia
[2025-01-30T05:03:36.274+0000] {task_command.py:467} INFO - Running <TaskInstance: etapa2_dag.copia manual__2025-01-30T03:32:35.404173+00:00 [running]> on host eed2ce10479b
[2025-01-30T05:03:36.379+0000] {taskinstance.py:3132} INFO - Exporting env vars: AIRFLOW_CTX_DAG_OWNER='***' AIRFLOW_CTX_DAG_ID='etapa2_dag' AIRFLOW_CTX_TASK_ID='copia' AIRFLOW_CTX_EXECUTION_DATE='2025-01-30T03:32:35.404173+00:00' AIRFLOW_CTX_TRY_NUMBER='20' AIRFLOW_CTX_DAG_RUN_ID='manual__2025-01-30T03:32:35.404173+00:00'
[2025-01-30T05:03:36.381+0000] {logging_mixin.py:190} INFO - Task instance is in running state
[2025-01-30T05:03:36.381+0000] {logging_mixin.py:190} INFO -  Previous state of the Task instance: queued
[2025-01-30T05:03:36.382+0000] {logging_mixin.py:190} INFO - Current task name:copia state:running start_date:2025-01-30 05:03:36.183421+00:00
[2025-01-30T05:03:36.382+0000] {logging_mixin.py:190} INFO - Dag name:etapa2_dag and current dag run status:running
[2025-01-30T05:03:36.383+0000] {taskinstance.py:731} INFO - ::endgroup::
[2025-01-30T05:03:36.420+0000] {logging_mixin.py:190} INFO - Table: categories -- parquetfile: /data/postgres/categories/2025-01-30/file.parquet
[2025-01-30T05:03:36.708+0000] {logging_mixin.py:190} INFO - Tabela categories já existe. Atualizando dados...
[2025-01-30T05:03:36.745+0000] {logging_mixin.py:190} INFO - Table: customers -- parquetfile: /data/postgres/customers/2025-01-30/file.parquet
[2025-01-30T05:03:36.764+0000] {logging_mixin.py:190} INFO - Tabela customers já existe. Atualizando dados...
[2025-01-30T05:03:36.928+0000] {logging_mixin.py:190} INFO - Table: customer_customer_demo -- parquetfile: /data/postgres/customer_customer_demo/2025-01-30/file.parquet
[2025-01-30T05:03:36.941+0000] {logging_mixin.py:190} INFO - Tabela customer_customer_demo já existe. Atualizando dados...
[2025-01-30T05:03:36.963+0000] {logging_mixin.py:190} INFO - Table: customer_demographics -- parquetfile: /data/postgres/customer_demographics/2025-01-30/file.parquet
[2025-01-30T05:03:36.977+0000] {logging_mixin.py:190} INFO - Tabela customer_demographics já existe. Atualizando dados...
[2025-01-30T05:03:37.000+0000] {logging_mixin.py:190} INFO - Table: employees -- parquetfile: /data/postgres/employees/2025-01-30/file.parquet
[2025-01-30T05:03:37.018+0000] {logging_mixin.py:190} INFO - Tabela employees já existe. Atualizando dados...
[2025-01-30T05:03:37.057+0000] {logging_mixin.py:190} INFO - Table: employee_territories -- parquetfile: /data/postgres/employee_territories/2025-01-30/file.parquet
[2025-01-30T05:03:37.074+0000] {logging_mixin.py:190} INFO - Tabela employee_territories já existe. Atualizando dados...
[2025-01-30T05:03:37.200+0000] {logging_mixin.py:190} INFO - Table: orders -- parquetfile: /data/postgres/orders/2025-01-30/file.parquet
[2025-01-30T05:03:37.217+0000] {logging_mixin.py:190} INFO - Tabela orders já existe. Atualizando dados...
[2025-01-30T05:03:38.596+0000] {logging_mixin.py:190} INFO - Table: products -- parquetfile: /data/postgres/products/2025-01-30/file.parquet
[2025-01-30T05:03:38.611+0000] {logging_mixin.py:190} INFO - Tabela products já existe. Atualizando dados...
[2025-01-30T05:03:38.770+0000] {logging_mixin.py:190} INFO - Table: region -- parquetfile: /data/postgres/region/2025-01-30/file.parquet
[2025-01-30T05:03:38.783+0000] {logging_mixin.py:190} INFO - Tabela region já existe. Atualizando dados...
[2025-01-30T05:03:38.812+0000] {logging_mixin.py:190} INFO - Table: shippers -- parquetfile: /data/postgres/shippers/2025-01-30/file.parquet
[2025-01-30T05:03:38.827+0000] {logging_mixin.py:190} INFO - Tabela shippers já existe. Atualizando dados...
[2025-01-30T05:03:38.860+0000] {logging_mixin.py:190} INFO - Table: suppliers -- parquetfile: /data/postgres/suppliers/2025-01-30/file.parquet
[2025-01-30T05:03:38.876+0000] {logging_mixin.py:190} INFO - Tabela suppliers já existe. Atualizando dados...
[2025-01-30T05:03:38.948+0000] {logging_mixin.py:190} INFO - Table: territories -- parquetfile: /data/postgres/territories/2025-01-30/file.parquet
[2025-01-30T05:03:38.962+0000] {logging_mixin.py:190} INFO - Tabela territories já existe. Atualizando dados...
[2025-01-30T05:03:39.070+0000] {logging_mixin.py:190} INFO - Table: us_states -- parquetfile: /data/postgres/us_states/2025-01-30/file.parquet
[2025-01-30T05:03:39.084+0000] {logging_mixin.py:190} INFO - Tabela us_states já existe. Atualizando dados...
[2025-01-30T05:03:39.179+0000] {python.py:240} INFO - Done. Returned value was: True
[2025-01-30T05:03:39.208+0000] {taskinstance.py:340} INFO - ::group::Post task execution logs
[2025-01-30T05:03:39.209+0000] {taskinstance.py:352} INFO - Marking task as SUCCESS. dag_id=etapa2_dag, task_id=copia, run_id=manual__2025-01-30T03:32:35.404173+00:00, execution_date=20250130T033235, start_date=20250130T050336, end_date=20250130T050339
[2025-01-30T05:03:39.222+0000] {logging_mixin.py:190} INFO - Task instance in success state
[2025-01-30T05:03:39.223+0000] {logging_mixin.py:190} INFO -  Previous state of the Task instance: running
[2025-01-30T05:03:39.224+0000] {logging_mixin.py:190} INFO - Dag name:etapa2_dag queued_at:2025-01-30 05:03:27.120147+00:00
[2025-01-30T05:03:39.224+0000] {logging_mixin.py:190} INFO - Task hostname:eed2ce10479b operator:PythonOperator
[2025-01-30T05:03:39.254+0000] {local_task_job_runner.py:266} INFO - Task exited with return code 0
[2025-01-30T05:03:39.275+0000] {taskinstance.py:3895} INFO - 0 downstream tasks scheduled from follow-on schedule check
[2025-01-30T05:03:39.279+0000] {local_task_job_runner.py:245} INFO - ::endgroup::
