[2025-01-30T04:22:52.759+0000] {local_task_job_runner.py:123} INFO - ::group::Pre task execution logs
[2025-01-30T04:22:52.786+0000] {taskinstance.py:2613} INFO - Dependencies all met for dep_context=non-requeueable deps ti=<TaskInstance: etapa2_dag.copia manual__2025-01-30T03:32:35.404173+00:00 [queued]>
[2025-01-30T04:22:52.798+0000] {taskinstance.py:2613} INFO - Dependencies all met for dep_context=requeueable deps ti=<TaskInstance: etapa2_dag.copia manual__2025-01-30T03:32:35.404173+00:00 [queued]>
[2025-01-30T04:22:52.799+0000] {taskinstance.py:2866} INFO - Starting attempt 10 of 10
[2025-01-30T04:22:52.816+0000] {taskinstance.py:2889} INFO - Executing <Task(PythonOperator): copia> on 2025-01-30 03:32:35.404173+00:00
[2025-01-30T04:22:52.825+0000] {warnings.py:112} WARNING - /home/***/.local/lib/python3.12/site-packages/***/task/task_runner/standard_task_runner.py:70: DeprecationWarning: This process (pid=1091) is multi-threaded, use of fork() may lead to deadlocks in the child.
  pid = os.fork()

[2025-01-30T04:22:52.826+0000] {standard_task_runner.py:72} INFO - Started process 1093 to run task
[2025-01-30T04:22:52.827+0000] {standard_task_runner.py:104} INFO - Running: ['***', 'tasks', 'run', 'etapa2_dag', 'copia', 'manual__2025-01-30T03:32:35.404173+00:00', '--job-id', '38', '--raw', '--subdir', 'DAGS_FOLDER/etapa2_dag.py', '--cfg-path', '/tmp/tmpajsd48ex']
[2025-01-30T04:22:52.828+0000] {standard_task_runner.py:105} INFO - Job 38: Subtask copia
[2025-01-30T04:22:52.878+0000] {task_command.py:467} INFO - Running <TaskInstance: etapa2_dag.copia manual__2025-01-30T03:32:35.404173+00:00 [running]> on host eed2ce10479b
[2025-01-30T04:22:52.986+0000] {taskinstance.py:3132} INFO - Exporting env vars: AIRFLOW_CTX_DAG_OWNER='***' AIRFLOW_CTX_DAG_ID='etapa2_dag' AIRFLOW_CTX_TASK_ID='copia' AIRFLOW_CTX_EXECUTION_DATE='2025-01-30T03:32:35.404173+00:00' AIRFLOW_CTX_TRY_NUMBER='10' AIRFLOW_CTX_DAG_RUN_ID='manual__2025-01-30T03:32:35.404173+00:00'
[2025-01-30T04:22:52.987+0000] {logging_mixin.py:190} INFO - Task instance is in running state
[2025-01-30T04:22:52.988+0000] {logging_mixin.py:190} INFO -  Previous state of the Task instance: queued
[2025-01-30T04:22:52.988+0000] {logging_mixin.py:190} INFO - Current task name:copia state:running start_date:2025-01-30 04:22:52.787302+00:00
[2025-01-30T04:22:52.989+0000] {logging_mixin.py:190} INFO - Dag name:etapa2_dag and current dag run status:running
[2025-01-30T04:22:52.989+0000] {taskinstance.py:731} INFO - ::endgroup::
[2025-01-30T04:22:53.034+0000] {logging_mixin.py:190} INFO - Table: postgres -- parquetfile: /data/postgres/categories/2025-01-30/file.parquet
[2025-01-30T04:22:53.044+0000] {logging_mixin.py:190} INFO - Table: postgres -- parquetfile: /data/postgres/customers/2025-01-30/file.parquet
[2025-01-30T04:22:53.053+0000] {logging_mixin.py:190} INFO - Table: postgres -- parquetfile: /data/postgres/customer_customer_demo/2025-01-30/file.parquet
[2025-01-30T04:22:53.061+0000] {logging_mixin.py:190} INFO - Table: postgres -- parquetfile: /data/postgres/customer_demographics/2025-01-30/file.parquet
[2025-01-30T04:22:53.070+0000] {logging_mixin.py:190} INFO - Table: postgres -- parquetfile: /data/postgres/employees/2025-01-30/file.parquet
[2025-01-30T04:22:53.081+0000] {logging_mixin.py:190} INFO - Table: postgres -- parquetfile: /data/postgres/employee_territories/2025-01-30/file.parquet
[2025-01-30T04:22:53.089+0000] {logging_mixin.py:190} INFO - Table: postgres -- parquetfile: /data/postgres/orders/2025-01-30/file.parquet
[2025-01-30T04:22:53.098+0000] {logging_mixin.py:190} INFO - Table: postgres -- parquetfile: /data/postgres/products/2025-01-30/file.parquet
[2025-01-30T04:22:53.106+0000] {logging_mixin.py:190} INFO - Table: postgres -- parquetfile: /data/postgres/region/2025-01-30/file.parquet
[2025-01-30T04:22:53.114+0000] {logging_mixin.py:190} INFO - Table: postgres -- parquetfile: /data/postgres/shippers/2025-01-30/file.parquet
[2025-01-30T04:22:53.124+0000] {logging_mixin.py:190} INFO - Table: postgres -- parquetfile: /data/postgres/suppliers/2025-01-30/file.parquet
[2025-01-30T04:22:53.131+0000] {logging_mixin.py:190} INFO - Table: postgres -- parquetfile: /data/postgres/territories/2025-01-30/file.parquet
[2025-01-30T04:22:53.139+0000] {logging_mixin.py:190} INFO - Table: postgres -- parquetfile: /data/postgres/us_states/2025-01-30/file.parquet
[2025-01-30T04:22:53.140+0000] {python.py:240} INFO - Done. Returned value was: True
[2025-01-30T04:22:53.375+0000] {taskinstance.py:340} INFO - ::group::Post task execution logs
[2025-01-30T04:22:53.376+0000] {taskinstance.py:352} INFO - Marking task as SUCCESS. dag_id=etapa2_dag, task_id=copia, run_id=manual__2025-01-30T03:32:35.404173+00:00, execution_date=20250130T033235, start_date=20250130T042252, end_date=20250130T042253
[2025-01-30T04:22:53.390+0000] {logging_mixin.py:190} INFO - Task instance in success state
[2025-01-30T04:22:53.391+0000] {logging_mixin.py:190} INFO -  Previous state of the Task instance: running
[2025-01-30T04:22:53.391+0000] {logging_mixin.py:190} INFO - Dag name:etapa2_dag queued_at:2025-01-30 04:22:43.657241+00:00
[2025-01-30T04:22:53.392+0000] {logging_mixin.py:190} INFO - Task hostname:eed2ce10479b operator:PythonOperator
[2025-01-30T04:22:53.445+0000] {local_task_job_runner.py:266} INFO - Task exited with return code 0
[2025-01-30T04:22:53.467+0000] {taskinstance.py:3895} INFO - 1 downstream tasks scheduled from follow-on schedule check
[2025-01-30T04:22:53.471+0000] {local_task_job_runner.py:245} INFO - ::endgroup::
