[2025-01-30T04:38:03.263+0000] {local_task_job_runner.py:123} INFO - ::group::Pre task execution logs
[2025-01-30T04:38:03.282+0000] {taskinstance.py:2613} INFO - Dependencies all met for dep_context=non-requeueable deps ti=<TaskInstance: etapa2_dag.copia_csv manual__2025-01-30T03:32:35.404173+00:00 [queued]>
[2025-01-30T04:38:03.292+0000] {taskinstance.py:2613} INFO - Dependencies all met for dep_context=requeueable deps ti=<TaskInstance: etapa2_dag.copia_csv manual__2025-01-30T03:32:35.404173+00:00 [queued]>
[2025-01-30T04:38:03.293+0000] {taskinstance.py:2866} INFO - Starting attempt 13 of 13
[2025-01-30T04:38:03.309+0000] {taskinstance.py:2889} INFO - Executing <Task(PythonOperator): copia_csv> on 2025-01-30 03:32:35.404173+00:00
[2025-01-30T04:38:03.319+0000] {warnings.py:112} WARNING - /home/***/.local/lib/python3.12/site-packages/***/task/task_runner/standard_task_runner.py:70: DeprecationWarning: This process (pid=1390) is multi-threaded, use of fork() may lead to deadlocks in the child.
  pid = os.fork()

[2025-01-30T04:38:03.321+0000] {standard_task_runner.py:72} INFO - Started process 1392 to run task
[2025-01-30T04:38:03.321+0000] {standard_task_runner.py:104} INFO - Running: ['***', 'tasks', 'run', 'etapa2_dag', 'copia_csv', 'manual__2025-01-30T03:32:35.404173+00:00', '--job-id', '55', '--raw', '--subdir', 'DAGS_FOLDER/etapa2_dag.py', '--cfg-path', '/tmp/tmp10kqn8ol']
[2025-01-30T04:38:03.323+0000] {standard_task_runner.py:105} INFO - Job 55: Subtask copia_csv
[2025-01-30T04:38:03.379+0000] {task_command.py:467} INFO - Running <TaskInstance: etapa2_dag.copia_csv manual__2025-01-30T03:32:35.404173+00:00 [running]> on host eed2ce10479b
[2025-01-30T04:38:03.489+0000] {taskinstance.py:3132} INFO - Exporting env vars: AIRFLOW_CTX_DAG_OWNER='***' AIRFLOW_CTX_DAG_ID='etapa2_dag' AIRFLOW_CTX_TASK_ID='copia_csv' AIRFLOW_CTX_EXECUTION_DATE='2025-01-30T03:32:35.404173+00:00' AIRFLOW_CTX_TRY_NUMBER='13' AIRFLOW_CTX_DAG_RUN_ID='manual__2025-01-30T03:32:35.404173+00:00'
[2025-01-30T04:38:03.491+0000] {logging_mixin.py:190} INFO - Task instance is in running state
[2025-01-30T04:38:03.491+0000] {logging_mixin.py:190} INFO -  Previous state of the Task instance: queued
[2025-01-30T04:38:03.492+0000] {logging_mixin.py:190} INFO - Current task name:copia_csv state:running start_date:2025-01-30 04:38:03.282989+00:00
[2025-01-30T04:38:03.493+0000] {logging_mixin.py:190} INFO - Dag name:etapa2_dag and current dag run status:running
[2025-01-30T04:38:03.493+0000] {taskinstance.py:731} INFO - ::endgroup::
[2025-01-30T04:38:03.494+0000] {python.py:240} INFO - Done. Returned value was: True
[2025-01-30T04:38:03.524+0000] {taskinstance.py:340} INFO - ::group::Post task execution logs
[2025-01-30T04:38:03.525+0000] {taskinstance.py:352} INFO - Marking task as SUCCESS. dag_id=etapa2_dag, task_id=copia_csv, run_id=manual__2025-01-30T03:32:35.404173+00:00, execution_date=20250130T033235, start_date=20250130T043803, end_date=20250130T043803
[2025-01-30T04:38:03.734+0000] {logging_mixin.py:190} INFO - Task instance in success state
[2025-01-30T04:38:03.735+0000] {logging_mixin.py:190} INFO -  Previous state of the Task instance: running
[2025-01-30T04:38:03.735+0000] {logging_mixin.py:190} INFO - Dag name:etapa2_dag queued_at:2025-01-30 04:37:51.208049+00:00
[2025-01-30T04:38:03.736+0000] {logging_mixin.py:190} INFO - Task hostname:eed2ce10479b operator:PythonOperator
[2025-01-30T04:38:03.778+0000] {local_task_job_runner.py:266} INFO - Task exited with return code 0
[2025-01-30T04:38:03.797+0000] {taskinstance.py:3895} INFO - 0 downstream tasks scheduled from follow-on schedule check
[2025-01-30T04:38:03.801+0000] {local_task_job_runner.py:245} INFO - ::endgroup::
