[2025-01-30T04:15:19.832+0000] {local_task_job_runner.py:123} INFO - ::group::Pre task execution logs
[2025-01-30T04:15:19.852+0000] {taskinstance.py:2613} INFO - Dependencies all met for dep_context=non-requeueable deps ti=<TaskInstance: etapa2_dag.copia_csv manual__2025-01-30T03:32:35.404173+00:00 [queued]>
[2025-01-30T04:15:19.863+0000] {taskinstance.py:2613} INFO - Dependencies all met for dep_context=requeueable deps ti=<TaskInstance: etapa2_dag.copia_csv manual__2025-01-30T03:32:35.404173+00:00 [queued]>
[2025-01-30T04:15:19.864+0000] {taskinstance.py:2866} INFO - Starting attempt 6 of 6
[2025-01-30T04:15:20.030+0000] {taskinstance.py:2889} INFO - Executing <Task(PythonOperator): copia_csv> on 2025-01-30 03:32:35.404173+00:00
[2025-01-30T04:15:20.039+0000] {warnings.py:112} WARNING - /home/***/.local/lib/python3.12/site-packages/***/task/task_runner/standard_task_runner.py:70: DeprecationWarning: This process (pid=944) is multi-threaded, use of fork() may lead to deadlocks in the child.
  pid = os.fork()

[2025-01-30T04:15:20.041+0000] {standard_task_runner.py:72} INFO - Started process 946 to run task
[2025-01-30T04:15:20.041+0000] {standard_task_runner.py:104} INFO - Running: ['***', 'tasks', 'run', 'etapa2_dag', 'copia_csv', 'manual__2025-01-30T03:32:35.404173+00:00', '--job-id', '27', '--raw', '--subdir', 'DAGS_FOLDER/etapa2_dag.py', '--cfg-path', '/tmp/tmp3pbzzsn4']
[2025-01-30T04:15:20.042+0000] {standard_task_runner.py:105} INFO - Job 27: Subtask copia_csv
[2025-01-30T04:15:20.103+0000] {task_command.py:467} INFO - Running <TaskInstance: etapa2_dag.copia_csv manual__2025-01-30T03:32:35.404173+00:00 [running]> on host eed2ce10479b
[2025-01-30T04:15:20.225+0000] {taskinstance.py:3132} INFO - Exporting env vars: AIRFLOW_CTX_DAG_OWNER='***' AIRFLOW_CTX_DAG_ID='etapa2_dag' AIRFLOW_CTX_TASK_ID='copia_csv' AIRFLOW_CTX_EXECUTION_DATE='2025-01-30T03:32:35.404173+00:00' AIRFLOW_CTX_TRY_NUMBER='6' AIRFLOW_CTX_DAG_RUN_ID='manual__2025-01-30T03:32:35.404173+00:00'
[2025-01-30T04:15:20.227+0000] {logging_mixin.py:190} INFO - Task instance is in running state
[2025-01-30T04:15:20.228+0000] {logging_mixin.py:190} INFO -  Previous state of the Task instance: queued
[2025-01-30T04:15:20.229+0000] {logging_mixin.py:190} INFO - Current task name:copia_csv state:running start_date:2025-01-30 04:15:19.853093+00:00
[2025-01-30T04:15:20.231+0000] {logging_mixin.py:190} INFO - Dag name:etapa2_dag and current dag run status:running
[2025-01-30T04:15:20.232+0000] {taskinstance.py:731} INFO - ::endgroup::
[2025-01-30T04:15:20.234+0000] {python.py:240} INFO - Done. Returned value was: True
[2025-01-30T04:15:20.283+0000] {taskinstance.py:340} INFO - ::group::Post task execution logs
[2025-01-30T04:15:20.284+0000] {taskinstance.py:352} INFO - Marking task as SUCCESS. dag_id=etapa2_dag, task_id=copia_csv, run_id=manual__2025-01-30T03:32:35.404173+00:00, execution_date=20250130T033235, start_date=20250130T041519, end_date=20250130T041520
[2025-01-30T04:15:20.300+0000] {logging_mixin.py:190} INFO - Task instance in success state
[2025-01-30T04:15:20.300+0000] {logging_mixin.py:190} INFO -  Previous state of the Task instance: running
[2025-01-30T04:15:20.301+0000] {logging_mixin.py:190} INFO - Dag name:etapa2_dag queued_at:2025-01-30 04:15:02.308217+00:00
[2025-01-30T04:15:20.302+0000] {logging_mixin.py:190} INFO - Task hostname:eed2ce10479b operator:PythonOperator
[2025-01-30T04:15:20.338+0000] {local_task_job_runner.py:266} INFO - Task exited with return code 0
[2025-01-30T04:15:20.360+0000] {taskinstance.py:3895} INFO - 0 downstream tasks scheduled from follow-on schedule check
[2025-01-30T04:15:20.365+0000] {local_task_job_runner.py:245} INFO - ::endgroup::
