[2025-01-30T04:46:44.040+0000] {local_task_job_runner.py:123} INFO - ::group::Pre task execution logs
[2025-01-30T04:46:44.059+0000] {taskinstance.py:2613} INFO - Dependencies all met for dep_context=non-requeueable deps ti=<TaskInstance: etapa2_dag.copia_csv manual__2025-01-30T03:32:35.404173+00:00 [queued]>
[2025-01-30T04:46:44.070+0000] {taskinstance.py:2613} INFO - Dependencies all met for dep_context=requeueable deps ti=<TaskInstance: etapa2_dag.copia_csv manual__2025-01-30T03:32:35.404173+00:00 [queued]>
[2025-01-30T04:46:44.071+0000] {taskinstance.py:2866} INFO - Starting attempt 17 of 17
[2025-01-30T04:46:44.087+0000] {taskinstance.py:2889} INFO - Executing <Task(PythonOperator): copia_csv> on 2025-01-30 03:32:35.404173+00:00
[2025-01-30T04:46:44.097+0000] {warnings.py:112} WARNING - /home/***/.local/lib/python3.12/site-packages/***/task/task_runner/standard_task_runner.py:70: DeprecationWarning: This process (pid=1618) is multi-threaded, use of fork() may lead to deadlocks in the child.
  pid = os.fork()

[2025-01-30T04:46:44.099+0000] {standard_task_runner.py:72} INFO - Started process 1620 to run task
[2025-01-30T04:46:44.099+0000] {standard_task_runner.py:104} INFO - Running: ['***', 'tasks', 'run', 'etapa2_dag', 'copia_csv', 'manual__2025-01-30T03:32:35.404173+00:00', '--job-id', '71', '--raw', '--subdir', 'DAGS_FOLDER/etapa2_dag.py', '--cfg-path', '/tmp/tmpnqpzu6_3']
[2025-01-30T04:46:44.100+0000] {standard_task_runner.py:105} INFO - Job 71: Subtask copia_csv
[2025-01-30T04:46:44.153+0000] {task_command.py:467} INFO - Running <TaskInstance: etapa2_dag.copia_csv manual__2025-01-30T03:32:35.404173+00:00 [running]> on host eed2ce10479b
[2025-01-30T04:46:44.269+0000] {taskinstance.py:3132} INFO - Exporting env vars: AIRFLOW_CTX_DAG_OWNER='***' AIRFLOW_CTX_DAG_ID='etapa2_dag' AIRFLOW_CTX_TASK_ID='copia_csv' AIRFLOW_CTX_EXECUTION_DATE='2025-01-30T03:32:35.404173+00:00' AIRFLOW_CTX_TRY_NUMBER='17' AIRFLOW_CTX_DAG_RUN_ID='manual__2025-01-30T03:32:35.404173+00:00'
[2025-01-30T04:46:44.270+0000] {logging_mixin.py:190} INFO - Task instance is in running state
[2025-01-30T04:46:44.271+0000] {logging_mixin.py:190} INFO -  Previous state of the Task instance: queued
[2025-01-30T04:46:44.272+0000] {logging_mixin.py:190} INFO - Current task name:copia_csv state:running start_date:2025-01-30 04:46:44.060245+00:00
[2025-01-30T04:46:44.272+0000] {logging_mixin.py:190} INFO - Dag name:etapa2_dag and current dag run status:running
[2025-01-30T04:46:44.273+0000] {taskinstance.py:731} INFO - ::endgroup::
[2025-01-30T04:46:44.274+0000] {python.py:240} INFO - Done. Returned value was: True
[2025-01-30T04:46:44.310+0000] {taskinstance.py:340} INFO - ::group::Post task execution logs
[2025-01-30T04:46:44.311+0000] {taskinstance.py:352} INFO - Marking task as SUCCESS. dag_id=etapa2_dag, task_id=copia_csv, run_id=manual__2025-01-30T03:32:35.404173+00:00, execution_date=20250130T033235, start_date=20250130T044644, end_date=20250130T044644
[2025-01-30T04:46:44.547+0000] {logging_mixin.py:190} INFO - Task instance in success state
[2025-01-30T04:46:44.548+0000] {logging_mixin.py:190} INFO -  Previous state of the Task instance: running
[2025-01-30T04:46:44.548+0000] {logging_mixin.py:190} INFO - Dag name:etapa2_dag queued_at:2025-01-30 04:46:29.219511+00:00
[2025-01-30T04:46:44.549+0000] {logging_mixin.py:190} INFO - Task hostname:eed2ce10479b operator:PythonOperator
[2025-01-30T04:46:44.599+0000] {local_task_job_runner.py:266} INFO - Task exited with return code 0
[2025-01-30T04:46:44.618+0000] {taskinstance.py:3895} INFO - 0 downstream tasks scheduled from follow-on schedule check
[2025-01-30T04:46:44.623+0000] {local_task_job_runner.py:245} INFO - ::endgroup::
