[2025-01-30T03:38:04.192+0000] {local_task_job_runner.py:123} INFO - ::group::Pre task execution logs
[2025-01-30T03:38:04.211+0000] {taskinstance.py:2613} INFO - Dependencies all met for dep_context=non-requeueable deps ti=<TaskInstance: etapa2_dag.copia_csv manual__2025-01-30T03:32:35.404173+00:00 [queued]>
[2025-01-30T03:38:04.220+0000] {taskinstance.py:2613} INFO - Dependencies all met for dep_context=requeueable deps ti=<TaskInstance: etapa2_dag.copia_csv manual__2025-01-30T03:32:35.404173+00:00 [queued]>
[2025-01-30T03:38:04.220+0000] {taskinstance.py:2866} INFO - Starting attempt 1 of 1
[2025-01-30T03:38:04.388+0000] {taskinstance.py:2889} INFO - Executing <Task(PythonOperator): copia_csv> on 2025-01-30 03:32:35.404173+00:00
[2025-01-30T03:38:04.397+0000] {warnings.py:112} WARNING - /home/***/.local/lib/python3.12/site-packages/***/task/task_runner/standard_task_runner.py:70: DeprecationWarning: This process (pid=386) is multi-threaded, use of fork() may lead to deadlocks in the child.
  pid = os.fork()

[2025-01-30T03:38:04.399+0000] {standard_task_runner.py:104} INFO - Running: ['***', 'tasks', 'run', 'etapa2_dag', 'copia_csv', 'manual__2025-01-30T03:32:35.404173+00:00', '--job-id', '13', '--raw', '--subdir', 'DAGS_FOLDER/etapa2_dag.py', '--cfg-path', '/tmp/tmp26habxv3']
[2025-01-30T03:38:04.399+0000] {standard_task_runner.py:72} INFO - Started process 388 to run task
[2025-01-30T03:38:04.400+0000] {standard_task_runner.py:105} INFO - Job 13: Subtask copia_csv
[2025-01-30T03:38:04.452+0000] {task_command.py:467} INFO - Running <TaskInstance: etapa2_dag.copia_csv manual__2025-01-30T03:32:35.404173+00:00 [running]> on host eed2ce10479b
[2025-01-30T03:38:04.567+0000] {taskinstance.py:3132} INFO - Exporting env vars: AIRFLOW_CTX_DAG_OWNER='***' AIRFLOW_CTX_DAG_ID='etapa2_dag' AIRFLOW_CTX_TASK_ID='copia_csv' AIRFLOW_CTX_EXECUTION_DATE='2025-01-30T03:32:35.404173+00:00' AIRFLOW_CTX_TRY_NUMBER='1' AIRFLOW_CTX_DAG_RUN_ID='manual__2025-01-30T03:32:35.404173+00:00'
[2025-01-30T03:38:04.568+0000] {logging_mixin.py:190} INFO - Task instance is in running state
[2025-01-30T03:38:04.569+0000] {logging_mixin.py:190} INFO -  Previous state of the Task instance: queued
[2025-01-30T03:38:04.569+0000] {logging_mixin.py:190} INFO - Current task name:copia_csv state:running start_date:2025-01-30 03:38:04.211994+00:00
[2025-01-30T03:38:04.570+0000] {logging_mixin.py:190} INFO - Dag name:etapa2_dag and current dag run status:running
[2025-01-30T03:38:04.570+0000] {taskinstance.py:731} INFO - ::endgroup::
[2025-01-30T03:38:04.571+0000] {python.py:240} INFO - Done. Returned value was: True
[2025-01-30T03:38:04.603+0000] {taskinstance.py:340} INFO - ::group::Post task execution logs
[2025-01-30T03:38:04.603+0000] {taskinstance.py:352} INFO - Marking task as SUCCESS. dag_id=etapa2_dag, task_id=copia_csv, run_id=manual__2025-01-30T03:32:35.404173+00:00, execution_date=20250130T033235, start_date=20250130T033804, end_date=20250130T033804
[2025-01-30T03:38:04.615+0000] {logging_mixin.py:190} INFO - Task instance in success state
[2025-01-30T03:38:04.616+0000] {logging_mixin.py:190} INFO -  Previous state of the Task instance: running
[2025-01-30T03:38:04.617+0000] {logging_mixin.py:190} INFO - Dag name:etapa2_dag queued_at:2025-01-30 03:37:52.915809+00:00
[2025-01-30T03:38:04.617+0000] {logging_mixin.py:190} INFO - Task hostname:eed2ce10479b operator:PythonOperator
[2025-01-30T03:38:04.656+0000] {local_task_job_runner.py:266} INFO - Task exited with return code 0
[2025-01-30T03:38:04.675+0000] {taskinstance.py:3895} INFO - 0 downstream tasks scheduled from follow-on schedule check
[2025-01-30T03:38:04.679+0000] {local_task_job_runner.py:245} INFO - ::endgroup::
