[2025-01-30T04:19:36.810+0000] {local_task_job_runner.py:123} INFO - ::group::Pre task execution logs
[2025-01-30T04:19:36.833+0000] {taskinstance.py:2613} INFO - Dependencies all met for dep_context=non-requeueable deps ti=<TaskInstance: etapa2_dag.copia_csv manual__2025-01-30T03:32:35.404173+00:00 [queued]>
[2025-01-30T04:19:36.854+0000] {taskinstance.py:2613} INFO - Dependencies all met for dep_context=requeueable deps ti=<TaskInstance: etapa2_dag.copia_csv manual__2025-01-30T03:32:35.404173+00:00 [queued]>
[2025-01-30T04:19:36.855+0000] {taskinstance.py:2866} INFO - Starting attempt 8 of 8
[2025-01-30T04:19:36.883+0000] {taskinstance.py:2889} INFO - Executing <Task(PythonOperator): copia_csv> on 2025-01-30 03:32:35.404173+00:00
[2025-01-30T04:19:36.897+0000] {warnings.py:112} WARNING - /home/***/.local/lib/python3.12/site-packages/***/task/task_runner/standard_task_runner.py:70: DeprecationWarning: This process (pid=1037) is multi-threaded, use of fork() may lead to deadlocks in the child.
  pid = os.fork()

[2025-01-30T04:19:36.899+0000] {standard_task_runner.py:72} INFO - Started process 1039 to run task
[2025-01-30T04:19:36.900+0000] {standard_task_runner.py:104} INFO - Running: ['***', 'tasks', 'run', 'etapa2_dag', 'copia_csv', 'manual__2025-01-30T03:32:35.404173+00:00', '--job-id', '35', '--raw', '--subdir', 'DAGS_FOLDER/etapa2_dag.py', '--cfg-path', '/tmp/tmp8k0pbc1i']
[2025-01-30T04:19:36.903+0000] {standard_task_runner.py:105} INFO - Job 35: Subtask copia_csv
[2025-01-30T04:19:36.973+0000] {task_command.py:467} INFO - Running <TaskInstance: etapa2_dag.copia_csv manual__2025-01-30T03:32:35.404173+00:00 [running]> on host eed2ce10479b
[2025-01-30T04:19:37.089+0000] {taskinstance.py:3132} INFO - Exporting env vars: AIRFLOW_CTX_DAG_OWNER='***' AIRFLOW_CTX_DAG_ID='etapa2_dag' AIRFLOW_CTX_TASK_ID='copia_csv' AIRFLOW_CTX_EXECUTION_DATE='2025-01-30T03:32:35.404173+00:00' AIRFLOW_CTX_TRY_NUMBER='8' AIRFLOW_CTX_DAG_RUN_ID='manual__2025-01-30T03:32:35.404173+00:00'
[2025-01-30T04:19:37.091+0000] {logging_mixin.py:190} INFO - Task instance is in running state
[2025-01-30T04:19:37.091+0000] {logging_mixin.py:190} INFO -  Previous state of the Task instance: queued
[2025-01-30T04:19:37.092+0000] {logging_mixin.py:190} INFO - Current task name:copia_csv state:running start_date:2025-01-30 04:19:36.834281+00:00
[2025-01-30T04:19:37.092+0000] {logging_mixin.py:190} INFO - Dag name:etapa2_dag and current dag run status:running
[2025-01-30T04:19:37.092+0000] {taskinstance.py:731} INFO - ::endgroup::
[2025-01-30T04:19:37.093+0000] {python.py:240} INFO - Done. Returned value was: True
[2025-01-30T04:19:37.121+0000] {taskinstance.py:340} INFO - ::group::Post task execution logs
[2025-01-30T04:19:37.122+0000] {taskinstance.py:352} INFO - Marking task as SUCCESS. dag_id=etapa2_dag, task_id=copia_csv, run_id=manual__2025-01-30T03:32:35.404173+00:00, execution_date=20250130T033235, start_date=20250130T041936, end_date=20250130T041937
[2025-01-30T04:19:37.340+0000] {logging_mixin.py:190} INFO - Task instance in success state
[2025-01-30T04:19:37.341+0000] {logging_mixin.py:190} INFO -  Previous state of the Task instance: running
[2025-01-30T04:19:37.341+0000] {logging_mixin.py:190} INFO - Dag name:etapa2_dag queued_at:2025-01-30 04:19:24.660089+00:00
[2025-01-30T04:19:37.342+0000] {logging_mixin.py:190} INFO - Task hostname:eed2ce10479b operator:PythonOperator
[2025-01-30T04:19:37.397+0000] {local_task_job_runner.py:266} INFO - Task exited with return code 0
[2025-01-30T04:19:37.417+0000] {taskinstance.py:3895} INFO - 0 downstream tasks scheduled from follow-on schedule check
[2025-01-30T04:19:37.421+0000] {local_task_job_runner.py:245} INFO - ::endgroup::
