[2025-01-30T02:58:58.663+0000] {local_task_job_runner.py:123} INFO - ::group::Pre task execution logs
[2025-01-30T02:58:58.683+0000] {taskinstance.py:2613} INFO - Dependencies all met for dep_context=non-requeueable deps ti=<TaskInstance: etapa1_dag.copia_csv manual__2025-01-30T02:27:39.702949+00:00 [queued]>
[2025-01-30T02:58:58.692+0000] {taskinstance.py:2613} INFO - Dependencies all met for dep_context=requeueable deps ti=<TaskInstance: etapa1_dag.copia_csv manual__2025-01-30T02:27:39.702949+00:00 [queued]>
[2025-01-30T02:58:58.693+0000] {taskinstance.py:2866} INFO - Starting attempt 1 of 1
[2025-01-30T02:58:58.854+0000] {taskinstance.py:2889} INFO - Executing <Task(PythonOperator): copia_csv> on 2025-01-30 02:27:39.702949+00:00
[2025-01-30T02:58:58.863+0000] {warnings.py:112} WARNING - /home/***/.local/lib/python3.12/site-packages/***/task/task_runner/standard_task_runner.py:70: DeprecationWarning: This process (pid=603) is multi-threaded, use of fork() may lead to deadlocks in the child.
  pid = os.fork()

[2025-01-30T02:58:58.865+0000] {standard_task_runner.py:72} INFO - Started process 605 to run task
[2025-01-30T02:58:58.865+0000] {standard_task_runner.py:104} INFO - Running: ['***', 'tasks', 'run', 'etapa1_dag', 'copia_csv', 'manual__2025-01-30T02:27:39.702949+00:00', '--job-id', '27', '--raw', '--subdir', 'DAGS_FOLDER/etapa1_dag.py', '--cfg-path', '/tmp/tmp7uxn7mx0']
[2025-01-30T02:58:58.866+0000] {standard_task_runner.py:105} INFO - Job 27: Subtask copia_csv
[2025-01-30T02:58:58.917+0000] {task_command.py:467} INFO - Running <TaskInstance: etapa1_dag.copia_csv manual__2025-01-30T02:27:39.702949+00:00 [running]> on host 1899222f083d
[2025-01-30T02:58:59.015+0000] {taskinstance.py:3132} INFO - Exporting env vars: AIRFLOW_CTX_DAG_OWNER='***' AIRFLOW_CTX_DAG_ID='etapa1_dag' AIRFLOW_CTX_TASK_ID='copia_csv' AIRFLOW_CTX_EXECUTION_DATE='2025-01-30T02:27:39.702949+00:00' AIRFLOW_CTX_TRY_NUMBER='1' AIRFLOW_CTX_DAG_RUN_ID='manual__2025-01-30T02:27:39.702949+00:00'
[2025-01-30T02:58:59.016+0000] {logging_mixin.py:190} INFO - Task instance is in running state
[2025-01-30T02:58:59.017+0000] {logging_mixin.py:190} INFO -  Previous state of the Task instance: queued
[2025-01-30T02:58:59.017+0000] {logging_mixin.py:190} INFO - Current task name:copia_csv state:running start_date:2025-01-30 02:58:58.683808+00:00
[2025-01-30T02:58:59.018+0000] {logging_mixin.py:190} INFO - Dag name:etapa1_dag and current dag run status:running
[2025-01-30T02:58:59.018+0000] {taskinstance.py:731} INFO - ::endgroup::
[2025-01-30T02:58:59.088+0000] {python.py:240} INFO - Done. Returned value was: None
[2025-01-30T02:58:59.101+0000] {taskinstance.py:340} INFO - ::group::Post task execution logs
[2025-01-30T02:58:59.101+0000] {taskinstance.py:352} INFO - Marking task as SUCCESS. dag_id=etapa1_dag, task_id=copia_csv, run_id=manual__2025-01-30T02:27:39.702949+00:00, execution_date=20250130T022739, start_date=20250130T025858, end_date=20250130T025859
[2025-01-30T02:58:59.114+0000] {logging_mixin.py:190} INFO - Task instance in success state
[2025-01-30T02:58:59.115+0000] {logging_mixin.py:190} INFO -  Previous state of the Task instance: running
[2025-01-30T02:58:59.115+0000] {logging_mixin.py:190} INFO - Dag name:etapa1_dag queued_at:2025-01-30 02:58:47.896387+00:00
[2025-01-30T02:58:59.116+0000] {logging_mixin.py:190} INFO - Task hostname:1899222f083d operator:PythonOperator
[2025-01-30T02:58:59.161+0000] {local_task_job_runner.py:266} INFO - Task exited with return code 0
[2025-01-30T02:58:59.178+0000] {taskinstance.py:3895} INFO - 0 downstream tasks scheduled from follow-on schedule check
[2025-01-30T02:58:59.183+0000] {local_task_job_runner.py:245} INFO - ::endgroup::
