[2025-01-27T00:25:29.535+0000] {processor.py:186} INFO - Started process (PID=112) to work on /home/airflow/.local/lib/python3.12/site-packages/airflow/example_dags/example_nested_branch_dag.py
[2025-01-27T00:25:29.537+0000] {processor.py:914} INFO - Processing file /home/airflow/.local/lib/python3.12/site-packages/airflow/example_dags/example_nested_branch_dag.py for tasks to queue
[2025-01-27T00:25:29.540+0000] {logging_mixin.py:190} INFO - [2025-01-27T00:25:29.539+0000] {dagbag.py:588} INFO - Filling up the DagBag from /home/airflow/.local/lib/python3.12/site-packages/airflow/example_dags/example_nested_branch_dag.py
[2025-01-27T00:25:29.555+0000] {processor.py:925} INFO - DAG(s) 'example_nested_branch_dag' retrieved from /home/airflow/.local/lib/python3.12/site-packages/airflow/example_dags/example_nested_branch_dag.py
[2025-01-27T00:25:29.705+0000] {logging_mixin.py:190} INFO - [2025-01-27T00:25:29.705+0000] {override.py:1911} INFO - Created Permission View: can read on DAG:example_nested_branch_dag
[2025-01-27T00:25:29.719+0000] {logging_mixin.py:190} INFO - [2025-01-27T00:25:29.719+0000] {override.py:1911} INFO - Created Permission View: can edit on DAG:example_nested_branch_dag
[2025-01-27T00:25:29.728+0000] {logging_mixin.py:190} INFO - [2025-01-27T00:25:29.728+0000] {override.py:1911} INFO - Created Permission View: can delete on DAG:example_nested_branch_dag
[2025-01-27T00:25:29.740+0000] {logging_mixin.py:190} INFO - [2025-01-27T00:25:29.740+0000] {override.py:1911} INFO - Created Permission View: can delete on DAG Run:example_nested_branch_dag
[2025-01-27T00:25:29.751+0000] {logging_mixin.py:190} INFO - [2025-01-27T00:25:29.751+0000] {override.py:1911} INFO - Created Permission View: menu access on DAG Run:example_nested_branch_dag
[2025-01-27T00:25:29.762+0000] {logging_mixin.py:190} INFO - [2025-01-27T00:25:29.762+0000] {override.py:1911} INFO - Created Permission View: can read on DAG Run:example_nested_branch_dag
[2025-01-27T00:25:29.772+0000] {logging_mixin.py:190} INFO - [2025-01-27T00:25:29.771+0000] {override.py:1911} INFO - Created Permission View: can create on DAG Run:example_nested_branch_dag
[2025-01-27T00:25:29.772+0000] {logging_mixin.py:190} INFO - [2025-01-27T00:25:29.772+0000] {dag.py:3239} INFO - Sync 1 DAGs
[2025-01-27T00:25:29.786+0000] {logging_mixin.py:190} INFO - [2025-01-27T00:25:29.786+0000] {dag.py:3262} INFO - Creating ORM DAG for example_nested_branch_dag
[2025-01-27T00:25:29.799+0000] {logging_mixin.py:190} INFO - [2025-01-27T00:25:29.799+0000] {dag.py:4180} INFO - Setting next_dagrun for example_nested_branch_dag to 2025-01-26 00:00:00+00:00, run_after=2025-01-27 00:00:00+00:00
[2025-01-27T00:25:29.821+0000] {processor.py:208} INFO - Processing /home/airflow/.local/lib/python3.12/site-packages/airflow/example_dags/example_nested_branch_dag.py took 0.292 seconds
[2025-01-27T00:26:00.151+0000] {processor.py:186} INFO - Started process (PID=175) to work on /home/airflow/.local/lib/python3.12/site-packages/airflow/example_dags/example_nested_branch_dag.py
[2025-01-27T00:26:00.152+0000] {processor.py:914} INFO - Processing file /home/airflow/.local/lib/python3.12/site-packages/airflow/example_dags/example_nested_branch_dag.py for tasks to queue
[2025-01-27T00:26:00.155+0000] {logging_mixin.py:190} INFO - [2025-01-27T00:26:00.155+0000] {dagbag.py:588} INFO - Filling up the DagBag from /home/airflow/.local/lib/python3.12/site-packages/airflow/example_dags/example_nested_branch_dag.py
[2025-01-27T00:26:00.167+0000] {processor.py:925} INFO - DAG(s) 'example_nested_branch_dag' retrieved from /home/airflow/.local/lib/python3.12/site-packages/airflow/example_dags/example_nested_branch_dag.py
[2025-01-27T00:26:00.194+0000] {logging_mixin.py:190} INFO - [2025-01-27T00:26:00.193+0000] {dag.py:3239} INFO - Sync 1 DAGs
[2025-01-27T00:26:00.230+0000] {logging_mixin.py:190} INFO - [2025-01-27T00:26:00.229+0000] {dag.py:4180} INFO - Setting next_dagrun for example_nested_branch_dag to 2025-01-26 00:00:00+00:00, run_after=2025-01-27 00:00:00+00:00
[2025-01-27T00:26:00.264+0000] {processor.py:208} INFO - Processing /home/airflow/.local/lib/python3.12/site-packages/airflow/example_dags/example_nested_branch_dag.py took 0.119 seconds
[2025-01-27T00:26:30.736+0000] {processor.py:186} INFO - Started process (PID=238) to work on /home/airflow/.local/lib/python3.12/site-packages/airflow/example_dags/example_nested_branch_dag.py
[2025-01-27T00:26:30.737+0000] {processor.py:914} INFO - Processing file /home/airflow/.local/lib/python3.12/site-packages/airflow/example_dags/example_nested_branch_dag.py for tasks to queue
[2025-01-27T00:26:30.740+0000] {logging_mixin.py:190} INFO - [2025-01-27T00:26:30.739+0000] {dagbag.py:588} INFO - Filling up the DagBag from /home/airflow/.local/lib/python3.12/site-packages/airflow/example_dags/example_nested_branch_dag.py
[2025-01-27T00:26:30.750+0000] {processor.py:925} INFO - DAG(s) 'example_nested_branch_dag' retrieved from /home/airflow/.local/lib/python3.12/site-packages/airflow/example_dags/example_nested_branch_dag.py
[2025-01-27T00:26:30.772+0000] {logging_mixin.py:190} INFO - [2025-01-27T00:26:30.772+0000] {dag.py:3239} INFO - Sync 1 DAGs
[2025-01-27T00:26:30.796+0000] {logging_mixin.py:190} INFO - [2025-01-27T00:26:30.796+0000] {dag.py:4180} INFO - Setting next_dagrun for example_nested_branch_dag to 2025-01-26 00:00:00+00:00, run_after=2025-01-27 00:00:00+00:00
[2025-01-27T00:26:30.815+0000] {processor.py:208} INFO - Processing /home/airflow/.local/lib/python3.12/site-packages/airflow/example_dags/example_nested_branch_dag.py took 0.084 seconds
[2025-01-27T00:27:00.948+0000] {processor.py:186} INFO - Started process (PID=300) to work on /home/airflow/.local/lib/python3.12/site-packages/airflow/example_dags/example_nested_branch_dag.py
[2025-01-27T00:27:00.949+0000] {processor.py:914} INFO - Processing file /home/airflow/.local/lib/python3.12/site-packages/airflow/example_dags/example_nested_branch_dag.py for tasks to queue
[2025-01-27T00:27:00.951+0000] {logging_mixin.py:190} INFO - [2025-01-27T00:27:00.951+0000] {dagbag.py:588} INFO - Filling up the DagBag from /home/airflow/.local/lib/python3.12/site-packages/airflow/example_dags/example_nested_branch_dag.py
[2025-01-27T00:27:00.965+0000] {processor.py:925} INFO - DAG(s) 'example_nested_branch_dag' retrieved from /home/airflow/.local/lib/python3.12/site-packages/airflow/example_dags/example_nested_branch_dag.py
[2025-01-27T00:27:00.988+0000] {logging_mixin.py:190} INFO - [2025-01-27T00:27:00.988+0000] {dag.py:3239} INFO - Sync 1 DAGs
[2025-01-27T00:27:01.016+0000] {logging_mixin.py:190} INFO - [2025-01-27T00:27:01.015+0000] {dag.py:4180} INFO - Setting next_dagrun for example_nested_branch_dag to 2025-01-26 00:00:00+00:00, run_after=2025-01-27 00:00:00+00:00
[2025-01-27T00:27:01.037+0000] {processor.py:208} INFO - Processing /home/airflow/.local/lib/python3.12/site-packages/airflow/example_dags/example_nested_branch_dag.py took 0.095 seconds
[2025-01-27T00:27:32.167+0000] {processor.py:186} INFO - Started process (PID=363) to work on /home/airflow/.local/lib/python3.12/site-packages/airflow/example_dags/example_nested_branch_dag.py
[2025-01-27T00:27:32.168+0000] {processor.py:914} INFO - Processing file /home/airflow/.local/lib/python3.12/site-packages/airflow/example_dags/example_nested_branch_dag.py for tasks to queue
[2025-01-27T00:27:32.171+0000] {logging_mixin.py:190} INFO - [2025-01-27T00:27:32.170+0000] {dagbag.py:588} INFO - Filling up the DagBag from /home/airflow/.local/lib/python3.12/site-packages/airflow/example_dags/example_nested_branch_dag.py
[2025-01-27T00:27:32.182+0000] {processor.py:925} INFO - DAG(s) 'example_nested_branch_dag' retrieved from /home/airflow/.local/lib/python3.12/site-packages/airflow/example_dags/example_nested_branch_dag.py
[2025-01-27T00:27:32.205+0000] {logging_mixin.py:190} INFO - [2025-01-27T00:27:32.204+0000] {dag.py:3239} INFO - Sync 1 DAGs
[2025-01-27T00:27:32.230+0000] {logging_mixin.py:190} INFO - [2025-01-27T00:27:32.230+0000] {dag.py:4180} INFO - Setting next_dagrun for example_nested_branch_dag to 2025-01-26 00:00:00+00:00, run_after=2025-01-27 00:00:00+00:00
[2025-01-27T00:27:32.252+0000] {processor.py:208} INFO - Processing /home/airflow/.local/lib/python3.12/site-packages/airflow/example_dags/example_nested_branch_dag.py took 0.090 seconds
[2025-01-27T00:28:02.413+0000] {processor.py:186} INFO - Started process (PID=426) to work on /home/airflow/.local/lib/python3.12/site-packages/airflow/example_dags/example_nested_branch_dag.py
[2025-01-27T00:28:02.414+0000] {processor.py:914} INFO - Processing file /home/airflow/.local/lib/python3.12/site-packages/airflow/example_dags/example_nested_branch_dag.py for tasks to queue
[2025-01-27T00:28:02.416+0000] {logging_mixin.py:190} INFO - [2025-01-27T00:28:02.416+0000] {dagbag.py:588} INFO - Filling up the DagBag from /home/airflow/.local/lib/python3.12/site-packages/airflow/example_dags/example_nested_branch_dag.py
[2025-01-27T00:28:02.427+0000] {processor.py:925} INFO - DAG(s) 'example_nested_branch_dag' retrieved from /home/airflow/.local/lib/python3.12/site-packages/airflow/example_dags/example_nested_branch_dag.py
[2025-01-27T00:28:02.450+0000] {logging_mixin.py:190} INFO - [2025-01-27T00:28:02.449+0000] {dag.py:3239} INFO - Sync 1 DAGs
[2025-01-27T00:28:02.473+0000] {logging_mixin.py:190} INFO - [2025-01-27T00:28:02.473+0000] {dag.py:4180} INFO - Setting next_dagrun for example_nested_branch_dag to 2025-01-26 00:00:00+00:00, run_after=2025-01-27 00:00:00+00:00
[2025-01-27T00:28:02.492+0000] {processor.py:208} INFO - Processing /home/airflow/.local/lib/python3.12/site-packages/airflow/example_dags/example_nested_branch_dag.py took 0.085 seconds
[2025-01-27T00:28:33.021+0000] {processor.py:186} INFO - Started process (PID=488) to work on /home/airflow/.local/lib/python3.12/site-packages/airflow/example_dags/example_nested_branch_dag.py
[2025-01-27T00:28:33.022+0000] {processor.py:914} INFO - Processing file /home/airflow/.local/lib/python3.12/site-packages/airflow/example_dags/example_nested_branch_dag.py for tasks to queue
[2025-01-27T00:28:33.024+0000] {logging_mixin.py:190} INFO - [2025-01-27T00:28:33.024+0000] {dagbag.py:588} INFO - Filling up the DagBag from /home/airflow/.local/lib/python3.12/site-packages/airflow/example_dags/example_nested_branch_dag.py
[2025-01-27T00:28:33.036+0000] {processor.py:925} INFO - DAG(s) 'example_nested_branch_dag' retrieved from /home/airflow/.local/lib/python3.12/site-packages/airflow/example_dags/example_nested_branch_dag.py
[2025-01-27T00:28:33.058+0000] {logging_mixin.py:190} INFO - [2025-01-27T00:28:33.058+0000] {dag.py:3239} INFO - Sync 1 DAGs
[2025-01-27T00:28:33.084+0000] {logging_mixin.py:190} INFO - [2025-01-27T00:28:33.083+0000] {dag.py:4180} INFO - Setting next_dagrun for example_nested_branch_dag to 2025-01-26 00:00:00+00:00, run_after=2025-01-27 00:00:00+00:00
[2025-01-27T00:28:33.106+0000] {processor.py:208} INFO - Processing /home/airflow/.local/lib/python3.12/site-packages/airflow/example_dags/example_nested_branch_dag.py took 0.091 seconds
[2025-01-27T00:29:03.814+0000] {processor.py:186} INFO - Started process (PID=551) to work on /home/airflow/.local/lib/python3.12/site-packages/airflow/example_dags/example_nested_branch_dag.py
[2025-01-27T00:29:03.815+0000] {processor.py:914} INFO - Processing file /home/airflow/.local/lib/python3.12/site-packages/airflow/example_dags/example_nested_branch_dag.py for tasks to queue
[2025-01-27T00:29:03.817+0000] {logging_mixin.py:190} INFO - [2025-01-27T00:29:03.817+0000] {dagbag.py:588} INFO - Filling up the DagBag from /home/airflow/.local/lib/python3.12/site-packages/airflow/example_dags/example_nested_branch_dag.py
[2025-01-27T00:29:03.829+0000] {processor.py:925} INFO - DAG(s) 'example_nested_branch_dag' retrieved from /home/airflow/.local/lib/python3.12/site-packages/airflow/example_dags/example_nested_branch_dag.py
[2025-01-27T00:29:03.853+0000] {logging_mixin.py:190} INFO - [2025-01-27T00:29:03.852+0000] {dag.py:3239} INFO - Sync 1 DAGs
[2025-01-27T00:29:03.881+0000] {logging_mixin.py:190} INFO - [2025-01-27T00:29:03.881+0000] {dag.py:4180} INFO - Setting next_dagrun for example_nested_branch_dag to 2025-01-26 00:00:00+00:00, run_after=2025-01-27 00:00:00+00:00
[2025-01-27T00:29:03.904+0000] {processor.py:208} INFO - Processing /home/airflow/.local/lib/python3.12/site-packages/airflow/example_dags/example_nested_branch_dag.py took 0.096 seconds
[2025-01-27T00:29:34.859+0000] {processor.py:186} INFO - Started process (PID=614) to work on /home/airflow/.local/lib/python3.12/site-packages/airflow/example_dags/example_nested_branch_dag.py
[2025-01-27T00:29:34.860+0000] {processor.py:914} INFO - Processing file /home/airflow/.local/lib/python3.12/site-packages/airflow/example_dags/example_nested_branch_dag.py for tasks to queue
[2025-01-27T00:29:34.862+0000] {logging_mixin.py:190} INFO - [2025-01-27T00:29:34.862+0000] {dagbag.py:588} INFO - Filling up the DagBag from /home/airflow/.local/lib/python3.12/site-packages/airflow/example_dags/example_nested_branch_dag.py
[2025-01-27T00:29:34.875+0000] {processor.py:925} INFO - DAG(s) 'example_nested_branch_dag' retrieved from /home/airflow/.local/lib/python3.12/site-packages/airflow/example_dags/example_nested_branch_dag.py
[2025-01-27T00:29:34.897+0000] {logging_mixin.py:190} INFO - [2025-01-27T00:29:34.897+0000] {dag.py:3239} INFO - Sync 1 DAGs
[2025-01-27T00:29:34.924+0000] {logging_mixin.py:190} INFO - [2025-01-27T00:29:34.924+0000] {dag.py:4180} INFO - Setting next_dagrun for example_nested_branch_dag to 2025-01-26 00:00:00+00:00, run_after=2025-01-27 00:00:00+00:00
[2025-01-27T00:29:34.945+0000] {processor.py:208} INFO - Processing /home/airflow/.local/lib/python3.12/site-packages/airflow/example_dags/example_nested_branch_dag.py took 0.094 seconds
[2025-01-27T00:30:05.915+0000] {processor.py:186} INFO - Started process (PID=678) to work on /home/airflow/.local/lib/python3.12/site-packages/airflow/example_dags/example_nested_branch_dag.py
[2025-01-27T00:30:05.916+0000] {processor.py:914} INFO - Processing file /home/airflow/.local/lib/python3.12/site-packages/airflow/example_dags/example_nested_branch_dag.py for tasks to queue
[2025-01-27T00:30:05.919+0000] {logging_mixin.py:190} INFO - [2025-01-27T00:30:05.918+0000] {dagbag.py:588} INFO - Filling up the DagBag from /home/airflow/.local/lib/python3.12/site-packages/airflow/example_dags/example_nested_branch_dag.py
[2025-01-27T00:30:05.933+0000] {processor.py:925} INFO - DAG(s) 'example_nested_branch_dag' retrieved from /home/airflow/.local/lib/python3.12/site-packages/airflow/example_dags/example_nested_branch_dag.py
[2025-01-27T00:30:05.955+0000] {logging_mixin.py:190} INFO - [2025-01-27T00:30:05.955+0000] {dag.py:3239} INFO - Sync 1 DAGs
[2025-01-27T00:30:05.981+0000] {logging_mixin.py:190} INFO - [2025-01-27T00:30:05.981+0000] {dag.py:4180} INFO - Setting next_dagrun for example_nested_branch_dag to 2025-01-26 00:00:00+00:00, run_after=2025-01-27 00:00:00+00:00
[2025-01-27T00:30:05.999+0000] {processor.py:208} INFO - Processing /home/airflow/.local/lib/python3.12/site-packages/airflow/example_dags/example_nested_branch_dag.py took 0.090 seconds
[2025-01-27T00:30:37.447+0000] {processor.py:186} INFO - Started process (PID=741) to work on /home/airflow/.local/lib/python3.12/site-packages/airflow/example_dags/example_nested_branch_dag.py
[2025-01-27T00:30:37.448+0000] {processor.py:914} INFO - Processing file /home/airflow/.local/lib/python3.12/site-packages/airflow/example_dags/example_nested_branch_dag.py for tasks to queue
[2025-01-27T00:30:37.450+0000] {logging_mixin.py:190} INFO - [2025-01-27T00:30:37.450+0000] {dagbag.py:588} INFO - Filling up the DagBag from /home/airflow/.local/lib/python3.12/site-packages/airflow/example_dags/example_nested_branch_dag.py
[2025-01-27T00:30:37.462+0000] {processor.py:925} INFO - DAG(s) 'example_nested_branch_dag' retrieved from /home/airflow/.local/lib/python3.12/site-packages/airflow/example_dags/example_nested_branch_dag.py
[2025-01-27T00:30:37.486+0000] {logging_mixin.py:190} INFO - [2025-01-27T00:30:37.486+0000] {dag.py:3239} INFO - Sync 1 DAGs
[2025-01-27T00:30:37.512+0000] {logging_mixin.py:190} INFO - [2025-01-27T00:30:37.512+0000] {dag.py:4180} INFO - Setting next_dagrun for example_nested_branch_dag to 2025-01-26 00:00:00+00:00, run_after=2025-01-27 00:00:00+00:00
[2025-01-27T00:30:37.531+0000] {processor.py:208} INFO - Processing /home/airflow/.local/lib/python3.12/site-packages/airflow/example_dags/example_nested_branch_dag.py took 0.090 seconds
[2025-01-27T00:31:08.917+0000] {processor.py:186} INFO - Started process (PID=804) to work on /home/airflow/.local/lib/python3.12/site-packages/airflow/example_dags/example_nested_branch_dag.py
[2025-01-27T00:31:08.918+0000] {processor.py:914} INFO - Processing file /home/airflow/.local/lib/python3.12/site-packages/airflow/example_dags/example_nested_branch_dag.py for tasks to queue
[2025-01-27T00:31:08.921+0000] {logging_mixin.py:190} INFO - [2025-01-27T00:31:08.921+0000] {dagbag.py:588} INFO - Filling up the DagBag from /home/airflow/.local/lib/python3.12/site-packages/airflow/example_dags/example_nested_branch_dag.py
[2025-01-27T00:31:08.935+0000] {processor.py:925} INFO - DAG(s) 'example_nested_branch_dag' retrieved from /home/airflow/.local/lib/python3.12/site-packages/airflow/example_dags/example_nested_branch_dag.py
[2025-01-27T00:31:08.963+0000] {logging_mixin.py:190} INFO - [2025-01-27T00:31:08.962+0000] {dag.py:3239} INFO - Sync 1 DAGs
[2025-01-27T00:31:08.991+0000] {logging_mixin.py:190} INFO - [2025-01-27T00:31:08.991+0000] {dag.py:4180} INFO - Setting next_dagrun for example_nested_branch_dag to 2025-01-26 00:00:00+00:00, run_after=2025-01-27 00:00:00+00:00
[2025-01-27T00:31:09.010+0000] {processor.py:208} INFO - Processing /home/airflow/.local/lib/python3.12/site-packages/airflow/example_dags/example_nested_branch_dag.py took 0.101 seconds
[2025-01-27T00:31:39.624+0000] {processor.py:186} INFO - Started process (PID=867) to work on /home/airflow/.local/lib/python3.12/site-packages/airflow/example_dags/example_nested_branch_dag.py
[2025-01-27T00:31:39.624+0000] {processor.py:914} INFO - Processing file /home/airflow/.local/lib/python3.12/site-packages/airflow/example_dags/example_nested_branch_dag.py for tasks to queue
[2025-01-27T00:31:39.627+0000] {logging_mixin.py:190} INFO - [2025-01-27T00:31:39.626+0000] {dagbag.py:588} INFO - Filling up the DagBag from /home/airflow/.local/lib/python3.12/site-packages/airflow/example_dags/example_nested_branch_dag.py
[2025-01-27T00:31:39.639+0000] {processor.py:925} INFO - DAG(s) 'example_nested_branch_dag' retrieved from /home/airflow/.local/lib/python3.12/site-packages/airflow/example_dags/example_nested_branch_dag.py
[2025-01-27T00:31:39.661+0000] {logging_mixin.py:190} INFO - [2025-01-27T00:31:39.661+0000] {dag.py:3239} INFO - Sync 1 DAGs
[2025-01-27T00:31:39.688+0000] {logging_mixin.py:190} INFO - [2025-01-27T00:31:39.687+0000] {dag.py:4180} INFO - Setting next_dagrun for example_nested_branch_dag to 2025-01-26 00:00:00+00:00, run_after=2025-01-27 00:00:00+00:00
[2025-01-27T00:31:39.709+0000] {processor.py:208} INFO - Processing /home/airflow/.local/lib/python3.12/site-packages/airflow/example_dags/example_nested_branch_dag.py took 0.091 seconds
[2025-01-27T00:32:11.557+0000] {processor.py:186} INFO - Started process (PID=930) to work on /home/airflow/.local/lib/python3.12/site-packages/airflow/example_dags/example_nested_branch_dag.py
[2025-01-27T00:32:11.558+0000] {processor.py:914} INFO - Processing file /home/airflow/.local/lib/python3.12/site-packages/airflow/example_dags/example_nested_branch_dag.py for tasks to queue
[2025-01-27T00:32:11.561+0000] {logging_mixin.py:190} INFO - [2025-01-27T00:32:11.560+0000] {dagbag.py:588} INFO - Filling up the DagBag from /home/airflow/.local/lib/python3.12/site-packages/airflow/example_dags/example_nested_branch_dag.py
[2025-01-27T00:32:11.573+0000] {processor.py:925} INFO - DAG(s) 'example_nested_branch_dag' retrieved from /home/airflow/.local/lib/python3.12/site-packages/airflow/example_dags/example_nested_branch_dag.py
[2025-01-27T00:32:11.595+0000] {logging_mixin.py:190} INFO - [2025-01-27T00:32:11.594+0000] {dag.py:3239} INFO - Sync 1 DAGs
[2025-01-27T00:32:11.621+0000] {logging_mixin.py:190} INFO - [2025-01-27T00:32:11.621+0000] {dag.py:4180} INFO - Setting next_dagrun for example_nested_branch_dag to 2025-01-26 00:00:00+00:00, run_after=2025-01-27 00:00:00+00:00
[2025-01-27T00:32:11.641+0000] {processor.py:208} INFO - Processing /home/airflow/.local/lib/python3.12/site-packages/airflow/example_dags/example_nested_branch_dag.py took 0.091 seconds
[2025-01-27T00:32:42.098+0000] {processor.py:186} INFO - Started process (PID=993) to work on /home/airflow/.local/lib/python3.12/site-packages/airflow/example_dags/example_nested_branch_dag.py
[2025-01-27T00:32:42.099+0000] {processor.py:914} INFO - Processing file /home/airflow/.local/lib/python3.12/site-packages/airflow/example_dags/example_nested_branch_dag.py for tasks to queue
[2025-01-27T00:32:42.102+0000] {logging_mixin.py:190} INFO - [2025-01-27T00:32:42.101+0000] {dagbag.py:588} INFO - Filling up the DagBag from /home/airflow/.local/lib/python3.12/site-packages/airflow/example_dags/example_nested_branch_dag.py
[2025-01-27T00:32:42.114+0000] {processor.py:925} INFO - DAG(s) 'example_nested_branch_dag' retrieved from /home/airflow/.local/lib/python3.12/site-packages/airflow/example_dags/example_nested_branch_dag.py
[2025-01-27T00:32:42.135+0000] {logging_mixin.py:190} INFO - [2025-01-27T00:32:42.135+0000] {dag.py:3239} INFO - Sync 1 DAGs
[2025-01-27T00:32:42.160+0000] {logging_mixin.py:190} INFO - [2025-01-27T00:32:42.160+0000] {dag.py:4180} INFO - Setting next_dagrun for example_nested_branch_dag to 2025-01-26 00:00:00+00:00, run_after=2025-01-27 00:00:00+00:00
[2025-01-27T00:32:42.178+0000] {processor.py:208} INFO - Processing /home/airflow/.local/lib/python3.12/site-packages/airflow/example_dags/example_nested_branch_dag.py took 0.085 seconds
[2025-01-27T00:33:13.766+0000] {processor.py:186} INFO - Started process (PID=1056) to work on /home/airflow/.local/lib/python3.12/site-packages/airflow/example_dags/example_nested_branch_dag.py
[2025-01-27T00:33:13.767+0000] {processor.py:914} INFO - Processing file /home/airflow/.local/lib/python3.12/site-packages/airflow/example_dags/example_nested_branch_dag.py for tasks to queue
[2025-01-27T00:33:13.769+0000] {logging_mixin.py:190} INFO - [2025-01-27T00:33:13.769+0000] {dagbag.py:588} INFO - Filling up the DagBag from /home/airflow/.local/lib/python3.12/site-packages/airflow/example_dags/example_nested_branch_dag.py
[2025-01-27T00:33:13.781+0000] {processor.py:925} INFO - DAG(s) 'example_nested_branch_dag' retrieved from /home/airflow/.local/lib/python3.12/site-packages/airflow/example_dags/example_nested_branch_dag.py
[2025-01-27T00:33:13.804+0000] {logging_mixin.py:190} INFO - [2025-01-27T00:33:13.804+0000] {dag.py:3239} INFO - Sync 1 DAGs
[2025-01-27T00:33:13.830+0000] {logging_mixin.py:190} INFO - [2025-01-27T00:33:13.830+0000] {dag.py:4180} INFO - Setting next_dagrun for example_nested_branch_dag to 2025-01-26 00:00:00+00:00, run_after=2025-01-27 00:00:00+00:00
[2025-01-27T00:33:13.852+0000] {processor.py:208} INFO - Processing /home/airflow/.local/lib/python3.12/site-packages/airflow/example_dags/example_nested_branch_dag.py took 0.091 seconds
[2025-01-27T00:33:44.767+0000] {processor.py:186} INFO - Started process (PID=1119) to work on /home/airflow/.local/lib/python3.12/site-packages/airflow/example_dags/example_nested_branch_dag.py
[2025-01-27T00:33:44.768+0000] {processor.py:914} INFO - Processing file /home/airflow/.local/lib/python3.12/site-packages/airflow/example_dags/example_nested_branch_dag.py for tasks to queue
[2025-01-27T00:33:44.770+0000] {logging_mixin.py:190} INFO - [2025-01-27T00:33:44.770+0000] {dagbag.py:588} INFO - Filling up the DagBag from /home/airflow/.local/lib/python3.12/site-packages/airflow/example_dags/example_nested_branch_dag.py
[2025-01-27T00:33:44.783+0000] {processor.py:925} INFO - DAG(s) 'example_nested_branch_dag' retrieved from /home/airflow/.local/lib/python3.12/site-packages/airflow/example_dags/example_nested_branch_dag.py
[2025-01-27T00:33:44.808+0000] {logging_mixin.py:190} INFO - [2025-01-27T00:33:44.807+0000] {dag.py:3239} INFO - Sync 1 DAGs
[2025-01-27T00:33:44.835+0000] {logging_mixin.py:190} INFO - [2025-01-27T00:33:44.835+0000] {dag.py:4180} INFO - Setting next_dagrun for example_nested_branch_dag to 2025-01-26 00:00:00+00:00, run_after=2025-01-27 00:00:00+00:00
[2025-01-27T00:33:44.871+0000] {processor.py:208} INFO - Processing /home/airflow/.local/lib/python3.12/site-packages/airflow/example_dags/example_nested_branch_dag.py took 0.111 seconds
[2025-01-27T00:34:16.613+0000] {processor.py:186} INFO - Started process (PID=1182) to work on /home/airflow/.local/lib/python3.12/site-packages/airflow/example_dags/example_nested_branch_dag.py
[2025-01-27T00:34:16.614+0000] {processor.py:914} INFO - Processing file /home/airflow/.local/lib/python3.12/site-packages/airflow/example_dags/example_nested_branch_dag.py for tasks to queue
[2025-01-27T00:34:16.617+0000] {logging_mixin.py:190} INFO - [2025-01-27T00:34:16.616+0000] {dagbag.py:588} INFO - Filling up the DagBag from /home/airflow/.local/lib/python3.12/site-packages/airflow/example_dags/example_nested_branch_dag.py
[2025-01-27T00:34:16.629+0000] {processor.py:925} INFO - DAG(s) 'example_nested_branch_dag' retrieved from /home/airflow/.local/lib/python3.12/site-packages/airflow/example_dags/example_nested_branch_dag.py
[2025-01-27T00:34:16.652+0000] {logging_mixin.py:190} INFO - [2025-01-27T00:34:16.652+0000] {dag.py:3239} INFO - Sync 1 DAGs
[2025-01-27T00:34:16.679+0000] {logging_mixin.py:190} INFO - [2025-01-27T00:34:16.678+0000] {dag.py:4180} INFO - Setting next_dagrun for example_nested_branch_dag to 2025-01-26 00:00:00+00:00, run_after=2025-01-27 00:00:00+00:00
[2025-01-27T00:34:16.705+0000] {processor.py:208} INFO - Processing /home/airflow/.local/lib/python3.12/site-packages/airflow/example_dags/example_nested_branch_dag.py took 0.099 seconds
