[2025-01-27T00:25:20.711+0000] {processor.py:186} INFO - Started process (PID=81) to work on /home/airflow/.local/lib/python3.12/site-packages/airflow/example_dags/example_kubernetes_executor.py
[2025-01-27T00:25:20.713+0000] {processor.py:914} INFO - Processing file /home/airflow/.local/lib/python3.12/site-packages/airflow/example_dags/example_kubernetes_executor.py for tasks to queue
[2025-01-27T00:25:21.570+0000] {logging_mixin.py:190} INFO - [2025-01-27T00:25:21.569+0000] {dagbag.py:588} INFO - Filling up the DagBag from /home/airflow/.local/lib/python3.12/site-packages/airflow/example_dags/example_kubernetes_executor.py
[2025-01-27T00:25:21.594+0000] {processor.py:925} INFO - DAG(s) 'example_kubernetes_executor' retrieved from /home/airflow/.local/lib/python3.12/site-packages/airflow/example_dags/example_kubernetes_executor.py
[2025-01-27T00:25:21.757+0000] {logging_mixin.py:190} INFO - [2025-01-27T00:25:21.756+0000] {override.py:1911} INFO - Created Permission View: can read on DAG:example_kubernetes_executor
[2025-01-27T00:25:21.773+0000] {logging_mixin.py:190} INFO - [2025-01-27T00:25:21.773+0000] {override.py:1911} INFO - Created Permission View: can edit on DAG:example_kubernetes_executor
[2025-01-27T00:25:21.784+0000] {logging_mixin.py:190} INFO - [2025-01-27T00:25:21.783+0000] {override.py:1911} INFO - Created Permission View: can delete on DAG:example_kubernetes_executor
[2025-01-27T00:25:21.798+0000] {logging_mixin.py:190} INFO - [2025-01-27T00:25:21.797+0000] {override.py:1911} INFO - Created Permission View: can delete on DAG Run:example_kubernetes_executor
[2025-01-27T00:25:21.809+0000] {logging_mixin.py:190} INFO - [2025-01-27T00:25:21.809+0000] {override.py:1911} INFO - Created Permission View: menu access on DAG Run:example_kubernetes_executor
[2025-01-27T00:25:21.820+0000] {logging_mixin.py:190} INFO - [2025-01-27T00:25:21.820+0000] {override.py:1911} INFO - Created Permission View: can read on DAG Run:example_kubernetes_executor
[2025-01-27T00:25:21.832+0000] {logging_mixin.py:190} INFO - [2025-01-27T00:25:21.832+0000] {override.py:1911} INFO - Created Permission View: can create on DAG Run:example_kubernetes_executor
[2025-01-27T00:25:21.833+0000] {logging_mixin.py:190} INFO - [2025-01-27T00:25:21.833+0000] {dag.py:3239} INFO - Sync 1 DAGs
[2025-01-27T00:25:21.854+0000] {logging_mixin.py:190} INFO - [2025-01-27T00:25:21.854+0000] {dag.py:3262} INFO - Creating ORM DAG for example_kubernetes_executor
[2025-01-27T00:25:21.856+0000] {logging_mixin.py:190} INFO - [2025-01-27T00:25:21.856+0000] {dag.py:4180} INFO - Setting next_dagrun for example_kubernetes_executor to None, run_after=None
[2025-01-27T00:25:21.881+0000] {processor.py:208} INFO - Processing /home/airflow/.local/lib/python3.12/site-packages/airflow/example_dags/example_kubernetes_executor.py took 0.330 seconds
[2025-01-27T00:25:53.279+0000] {processor.py:186} INFO - Started process (PID=144) to work on /home/airflow/.local/lib/python3.12/site-packages/airflow/example_dags/example_kubernetes_executor.py
[2025-01-27T00:25:53.280+0000] {processor.py:914} INFO - Processing file /home/airflow/.local/lib/python3.12/site-packages/airflow/example_dags/example_kubernetes_executor.py for tasks to queue
[2025-01-27T00:25:53.282+0000] {logging_mixin.py:190} INFO - [2025-01-27T00:25:53.282+0000] {dagbag.py:588} INFO - Filling up the DagBag from /home/airflow/.local/lib/python3.12/site-packages/airflow/example_dags/example_kubernetes_executor.py
[2025-01-27T00:25:53.303+0000] {processor.py:925} INFO - DAG(s) 'example_kubernetes_executor' retrieved from /home/airflow/.local/lib/python3.12/site-packages/airflow/example_dags/example_kubernetes_executor.py
[2025-01-27T00:25:53.330+0000] {logging_mixin.py:190} INFO - [2025-01-27T00:25:53.330+0000] {dag.py:3239} INFO - Sync 1 DAGs
[2025-01-27T00:25:53.347+0000] {logging_mixin.py:190} INFO - [2025-01-27T00:25:53.347+0000] {dag.py:4180} INFO - Setting next_dagrun for example_kubernetes_executor to None, run_after=None
[2025-01-27T00:25:53.367+0000] {processor.py:208} INFO - Processing /home/airflow/.local/lib/python3.12/site-packages/airflow/example_dags/example_kubernetes_executor.py took 0.094 seconds
[2025-01-27T00:26:24.083+0000] {processor.py:186} INFO - Started process (PID=207) to work on /home/airflow/.local/lib/python3.12/site-packages/airflow/example_dags/example_kubernetes_executor.py
[2025-01-27T00:26:24.083+0000] {processor.py:914} INFO - Processing file /home/airflow/.local/lib/python3.12/site-packages/airflow/example_dags/example_kubernetes_executor.py for tasks to queue
[2025-01-27T00:26:24.086+0000] {logging_mixin.py:190} INFO - [2025-01-27T00:26:24.085+0000] {dagbag.py:588} INFO - Filling up the DagBag from /home/airflow/.local/lib/python3.12/site-packages/airflow/example_dags/example_kubernetes_executor.py
[2025-01-27T00:26:24.099+0000] {processor.py:925} INFO - DAG(s) 'example_kubernetes_executor' retrieved from /home/airflow/.local/lib/python3.12/site-packages/airflow/example_dags/example_kubernetes_executor.py
[2025-01-27T00:26:24.124+0000] {logging_mixin.py:190} INFO - [2025-01-27T00:26:24.123+0000] {dag.py:3239} INFO - Sync 1 DAGs
[2025-01-27T00:26:24.138+0000] {logging_mixin.py:190} INFO - [2025-01-27T00:26:24.138+0000] {dag.py:4180} INFO - Setting next_dagrun for example_kubernetes_executor to None, run_after=None
[2025-01-27T00:26:24.159+0000] {processor.py:208} INFO - Processing /home/airflow/.local/lib/python3.12/site-packages/airflow/example_dags/example_kubernetes_executor.py took 0.082 seconds
[2025-01-27T00:26:55.607+0000] {processor.py:186} INFO - Started process (PID=270) to work on /home/airflow/.local/lib/python3.12/site-packages/airflow/example_dags/example_kubernetes_executor.py
[2025-01-27T00:26:55.608+0000] {processor.py:914} INFO - Processing file /home/airflow/.local/lib/python3.12/site-packages/airflow/example_dags/example_kubernetes_executor.py for tasks to queue
[2025-01-27T00:26:55.611+0000] {logging_mixin.py:190} INFO - [2025-01-27T00:26:55.610+0000] {dagbag.py:588} INFO - Filling up the DagBag from /home/airflow/.local/lib/python3.12/site-packages/airflow/example_dags/example_kubernetes_executor.py
[2025-01-27T00:26:55.625+0000] {processor.py:925} INFO - DAG(s) 'example_kubernetes_executor' retrieved from /home/airflow/.local/lib/python3.12/site-packages/airflow/example_dags/example_kubernetes_executor.py
[2025-01-27T00:26:55.651+0000] {logging_mixin.py:190} INFO - [2025-01-27T00:26:55.651+0000] {dag.py:3239} INFO - Sync 1 DAGs
[2025-01-27T00:26:55.668+0000] {logging_mixin.py:190} INFO - [2025-01-27T00:26:55.668+0000] {dag.py:4180} INFO - Setting next_dagrun for example_kubernetes_executor to None, run_after=None
[2025-01-27T00:26:55.693+0000] {processor.py:208} INFO - Processing /home/airflow/.local/lib/python3.12/site-packages/airflow/example_dags/example_kubernetes_executor.py took 0.091 seconds
[2025-01-27T00:27:27.272+0000] {processor.py:186} INFO - Started process (PID=333) to work on /home/airflow/.local/lib/python3.12/site-packages/airflow/example_dags/example_kubernetes_executor.py
[2025-01-27T00:27:27.273+0000] {processor.py:914} INFO - Processing file /home/airflow/.local/lib/python3.12/site-packages/airflow/example_dags/example_kubernetes_executor.py for tasks to queue
[2025-01-27T00:27:27.275+0000] {logging_mixin.py:190} INFO - [2025-01-27T00:27:27.275+0000] {dagbag.py:588} INFO - Filling up the DagBag from /home/airflow/.local/lib/python3.12/site-packages/airflow/example_dags/example_kubernetes_executor.py
[2025-01-27T00:27:27.291+0000] {processor.py:925} INFO - DAG(s) 'example_kubernetes_executor' retrieved from /home/airflow/.local/lib/python3.12/site-packages/airflow/example_dags/example_kubernetes_executor.py
[2025-01-27T00:27:27.318+0000] {logging_mixin.py:190} INFO - [2025-01-27T00:27:27.317+0000] {dag.py:3239} INFO - Sync 1 DAGs
[2025-01-27T00:27:27.334+0000] {logging_mixin.py:190} INFO - [2025-01-27T00:27:27.334+0000] {dag.py:4180} INFO - Setting next_dagrun for example_kubernetes_executor to None, run_after=None
[2025-01-27T00:27:27.354+0000] {processor.py:208} INFO - Processing /home/airflow/.local/lib/python3.12/site-packages/airflow/example_dags/example_kubernetes_executor.py took 0.088 seconds
[2025-01-27T00:27:58.704+0000] {processor.py:186} INFO - Started process (PID=396) to work on /home/airflow/.local/lib/python3.12/site-packages/airflow/example_dags/example_kubernetes_executor.py
[2025-01-27T00:27:58.705+0000] {processor.py:914} INFO - Processing file /home/airflow/.local/lib/python3.12/site-packages/airflow/example_dags/example_kubernetes_executor.py for tasks to queue
[2025-01-27T00:27:58.707+0000] {logging_mixin.py:190} INFO - [2025-01-27T00:27:58.707+0000] {dagbag.py:588} INFO - Filling up the DagBag from /home/airflow/.local/lib/python3.12/site-packages/airflow/example_dags/example_kubernetes_executor.py
[2025-01-27T00:27:58.721+0000] {processor.py:925} INFO - DAG(s) 'example_kubernetes_executor' retrieved from /home/airflow/.local/lib/python3.12/site-packages/airflow/example_dags/example_kubernetes_executor.py
[2025-01-27T00:27:58.747+0000] {logging_mixin.py:190} INFO - [2025-01-27T00:27:58.746+0000] {dag.py:3239} INFO - Sync 1 DAGs
[2025-01-27T00:27:58.764+0000] {logging_mixin.py:190} INFO - [2025-01-27T00:27:58.764+0000] {dag.py:4180} INFO - Setting next_dagrun for example_kubernetes_executor to None, run_after=None
[2025-01-27T00:27:58.786+0000] {processor.py:208} INFO - Processing /home/airflow/.local/lib/python3.12/site-packages/airflow/example_dags/example_kubernetes_executor.py took 0.088 seconds
[2025-01-27T00:28:29.695+0000] {processor.py:186} INFO - Started process (PID=459) to work on /home/airflow/.local/lib/python3.12/site-packages/airflow/example_dags/example_kubernetes_executor.py
[2025-01-27T00:28:29.696+0000] {processor.py:914} INFO - Processing file /home/airflow/.local/lib/python3.12/site-packages/airflow/example_dags/example_kubernetes_executor.py for tasks to queue
[2025-01-27T00:28:29.699+0000] {logging_mixin.py:190} INFO - [2025-01-27T00:28:29.698+0000] {dagbag.py:588} INFO - Filling up the DagBag from /home/airflow/.local/lib/python3.12/site-packages/airflow/example_dags/example_kubernetes_executor.py
[2025-01-27T00:28:29.727+0000] {processor.py:925} INFO - DAG(s) 'example_kubernetes_executor' retrieved from /home/airflow/.local/lib/python3.12/site-packages/airflow/example_dags/example_kubernetes_executor.py
[2025-01-27T00:28:29.761+0000] {logging_mixin.py:190} INFO - [2025-01-27T00:28:29.760+0000] {dag.py:3239} INFO - Sync 1 DAGs
[2025-01-27T00:28:29.779+0000] {logging_mixin.py:190} INFO - [2025-01-27T00:28:29.779+0000] {dag.py:4180} INFO - Setting next_dagrun for example_kubernetes_executor to None, run_after=None
[2025-01-27T00:28:29.806+0000] {processor.py:208} INFO - Processing /home/airflow/.local/lib/python3.12/site-packages/airflow/example_dags/example_kubernetes_executor.py took 0.117 seconds
[2025-01-27T00:29:01.042+0000] {processor.py:186} INFO - Started process (PID=522) to work on /home/airflow/.local/lib/python3.12/site-packages/airflow/example_dags/example_kubernetes_executor.py
[2025-01-27T00:29:01.043+0000] {processor.py:914} INFO - Processing file /home/airflow/.local/lib/python3.12/site-packages/airflow/example_dags/example_kubernetes_executor.py for tasks to queue
[2025-01-27T00:29:01.045+0000] {logging_mixin.py:190} INFO - [2025-01-27T00:29:01.045+0000] {dagbag.py:588} INFO - Filling up the DagBag from /home/airflow/.local/lib/python3.12/site-packages/airflow/example_dags/example_kubernetes_executor.py
[2025-01-27T00:29:01.059+0000] {processor.py:925} INFO - DAG(s) 'example_kubernetes_executor' retrieved from /home/airflow/.local/lib/python3.12/site-packages/airflow/example_dags/example_kubernetes_executor.py
[2025-01-27T00:29:01.086+0000] {logging_mixin.py:190} INFO - [2025-01-27T00:29:01.086+0000] {dag.py:3239} INFO - Sync 1 DAGs
[2025-01-27T00:29:01.102+0000] {logging_mixin.py:190} INFO - [2025-01-27T00:29:01.102+0000] {dag.py:4180} INFO - Setting next_dagrun for example_kubernetes_executor to None, run_after=None
[2025-01-27T00:29:01.124+0000] {processor.py:208} INFO - Processing /home/airflow/.local/lib/python3.12/site-packages/airflow/example_dags/example_kubernetes_executor.py took 0.087 seconds
[2025-01-27T00:29:32.309+0000] {processor.py:186} INFO - Started process (PID=585) to work on /home/airflow/.local/lib/python3.12/site-packages/airflow/example_dags/example_kubernetes_executor.py
[2025-01-27T00:29:32.310+0000] {processor.py:914} INFO - Processing file /home/airflow/.local/lib/python3.12/site-packages/airflow/example_dags/example_kubernetes_executor.py for tasks to queue
[2025-01-27T00:29:32.313+0000] {logging_mixin.py:190} INFO - [2025-01-27T00:29:32.313+0000] {dagbag.py:588} INFO - Filling up the DagBag from /home/airflow/.local/lib/python3.12/site-packages/airflow/example_dags/example_kubernetes_executor.py
[2025-01-27T00:29:32.327+0000] {processor.py:925} INFO - DAG(s) 'example_kubernetes_executor' retrieved from /home/airflow/.local/lib/python3.12/site-packages/airflow/example_dags/example_kubernetes_executor.py
[2025-01-27T00:29:32.356+0000] {logging_mixin.py:190} INFO - [2025-01-27T00:29:32.356+0000] {dag.py:3239} INFO - Sync 1 DAGs
[2025-01-27T00:29:32.373+0000] {logging_mixin.py:190} INFO - [2025-01-27T00:29:32.372+0000] {dag.py:4180} INFO - Setting next_dagrun for example_kubernetes_executor to None, run_after=None
[2025-01-27T00:29:32.396+0000] {processor.py:208} INFO - Processing /home/airflow/.local/lib/python3.12/site-packages/airflow/example_dags/example_kubernetes_executor.py took 0.095 seconds
[2025-01-27T00:30:03.366+0000] {processor.py:186} INFO - Started process (PID=649) to work on /home/airflow/.local/lib/python3.12/site-packages/airflow/example_dags/example_kubernetes_executor.py
[2025-01-27T00:30:03.367+0000] {processor.py:914} INFO - Processing file /home/airflow/.local/lib/python3.12/site-packages/airflow/example_dags/example_kubernetes_executor.py for tasks to queue
[2025-01-27T00:30:03.370+0000] {logging_mixin.py:190} INFO - [2025-01-27T00:30:03.370+0000] {dagbag.py:588} INFO - Filling up the DagBag from /home/airflow/.local/lib/python3.12/site-packages/airflow/example_dags/example_kubernetes_executor.py
[2025-01-27T00:30:03.384+0000] {processor.py:925} INFO - DAG(s) 'example_kubernetes_executor' retrieved from /home/airflow/.local/lib/python3.12/site-packages/airflow/example_dags/example_kubernetes_executor.py
[2025-01-27T00:30:03.410+0000] {logging_mixin.py:190} INFO - [2025-01-27T00:30:03.409+0000] {dag.py:3239} INFO - Sync 1 DAGs
[2025-01-27T00:30:03.426+0000] {logging_mixin.py:190} INFO - [2025-01-27T00:30:03.426+0000] {dag.py:4180} INFO - Setting next_dagrun for example_kubernetes_executor to None, run_after=None
[2025-01-27T00:30:03.448+0000] {processor.py:208} INFO - Processing /home/airflow/.local/lib/python3.12/site-packages/airflow/example_dags/example_kubernetes_executor.py took 0.087 seconds
[2025-01-27T00:30:35.171+0000] {processor.py:186} INFO - Started process (PID=712) to work on /home/airflow/.local/lib/python3.12/site-packages/airflow/example_dags/example_kubernetes_executor.py
[2025-01-27T00:30:35.172+0000] {processor.py:914} INFO - Processing file /home/airflow/.local/lib/python3.12/site-packages/airflow/example_dags/example_kubernetes_executor.py for tasks to queue
[2025-01-27T00:30:35.174+0000] {logging_mixin.py:190} INFO - [2025-01-27T00:30:35.174+0000] {dagbag.py:588} INFO - Filling up the DagBag from /home/airflow/.local/lib/python3.12/site-packages/airflow/example_dags/example_kubernetes_executor.py
[2025-01-27T00:30:35.189+0000] {processor.py:925} INFO - DAG(s) 'example_kubernetes_executor' retrieved from /home/airflow/.local/lib/python3.12/site-packages/airflow/example_dags/example_kubernetes_executor.py
[2025-01-27T00:30:35.212+0000] {logging_mixin.py:190} INFO - [2025-01-27T00:30:35.212+0000] {dag.py:3239} INFO - Sync 1 DAGs
[2025-01-27T00:30:35.228+0000] {logging_mixin.py:190} INFO - [2025-01-27T00:30:35.228+0000] {dag.py:4180} INFO - Setting next_dagrun for example_kubernetes_executor to None, run_after=None
[2025-01-27T00:30:35.250+0000] {processor.py:208} INFO - Processing /home/airflow/.local/lib/python3.12/site-packages/airflow/example_dags/example_kubernetes_executor.py took 0.085 seconds
[2025-01-27T00:31:06.555+0000] {processor.py:186} INFO - Started process (PID=775) to work on /home/airflow/.local/lib/python3.12/site-packages/airflow/example_dags/example_kubernetes_executor.py
[2025-01-27T00:31:06.556+0000] {processor.py:914} INFO - Processing file /home/airflow/.local/lib/python3.12/site-packages/airflow/example_dags/example_kubernetes_executor.py for tasks to queue
[2025-01-27T00:31:06.558+0000] {logging_mixin.py:190} INFO - [2025-01-27T00:31:06.557+0000] {dagbag.py:588} INFO - Filling up the DagBag from /home/airflow/.local/lib/python3.12/site-packages/airflow/example_dags/example_kubernetes_executor.py
[2025-01-27T00:31:06.573+0000] {processor.py:925} INFO - DAG(s) 'example_kubernetes_executor' retrieved from /home/airflow/.local/lib/python3.12/site-packages/airflow/example_dags/example_kubernetes_executor.py
[2025-01-27T00:31:06.603+0000] {logging_mixin.py:190} INFO - [2025-01-27T00:31:06.603+0000] {dag.py:3239} INFO - Sync 1 DAGs
[2025-01-27T00:31:06.620+0000] {logging_mixin.py:190} INFO - [2025-01-27T00:31:06.620+0000] {dag.py:4180} INFO - Setting next_dagrun for example_kubernetes_executor to None, run_after=None
[2025-01-27T00:31:06.651+0000] {processor.py:208} INFO - Processing /home/airflow/.local/lib/python3.12/site-packages/airflow/example_dags/example_kubernetes_executor.py took 0.101 seconds
[2025-01-27T00:31:37.358+0000] {processor.py:186} INFO - Started process (PID=838) to work on /home/airflow/.local/lib/python3.12/site-packages/airflow/example_dags/example_kubernetes_executor.py
[2025-01-27T00:31:37.359+0000] {processor.py:914} INFO - Processing file /home/airflow/.local/lib/python3.12/site-packages/airflow/example_dags/example_kubernetes_executor.py for tasks to queue
[2025-01-27T00:31:37.361+0000] {logging_mixin.py:190} INFO - [2025-01-27T00:31:37.361+0000] {dagbag.py:588} INFO - Filling up the DagBag from /home/airflow/.local/lib/python3.12/site-packages/airflow/example_dags/example_kubernetes_executor.py
[2025-01-27T00:31:37.375+0000] {processor.py:925} INFO - DAG(s) 'example_kubernetes_executor' retrieved from /home/airflow/.local/lib/python3.12/site-packages/airflow/example_dags/example_kubernetes_executor.py
[2025-01-27T00:31:37.397+0000] {logging_mixin.py:190} INFO - [2025-01-27T00:31:37.397+0000] {dag.py:3239} INFO - Sync 1 DAGs
[2025-01-27T00:31:37.412+0000] {logging_mixin.py:190} INFO - [2025-01-27T00:31:37.411+0000] {dag.py:4180} INFO - Setting next_dagrun for example_kubernetes_executor to None, run_after=None
[2025-01-27T00:31:37.431+0000] {processor.py:208} INFO - Processing /home/airflow/.local/lib/python3.12/site-packages/airflow/example_dags/example_kubernetes_executor.py took 0.077 seconds
[2025-01-27T00:32:08.904+0000] {processor.py:186} INFO - Started process (PID=901) to work on /home/airflow/.local/lib/python3.12/site-packages/airflow/example_dags/example_kubernetes_executor.py
[2025-01-27T00:32:08.905+0000] {processor.py:914} INFO - Processing file /home/airflow/.local/lib/python3.12/site-packages/airflow/example_dags/example_kubernetes_executor.py for tasks to queue
[2025-01-27T00:32:08.907+0000] {logging_mixin.py:190} INFO - [2025-01-27T00:32:08.906+0000] {dagbag.py:588} INFO - Filling up the DagBag from /home/airflow/.local/lib/python3.12/site-packages/airflow/example_dags/example_kubernetes_executor.py
[2025-01-27T00:32:08.921+0000] {processor.py:925} INFO - DAG(s) 'example_kubernetes_executor' retrieved from /home/airflow/.local/lib/python3.12/site-packages/airflow/example_dags/example_kubernetes_executor.py
[2025-01-27T00:32:08.947+0000] {logging_mixin.py:190} INFO - [2025-01-27T00:32:08.946+0000] {dag.py:3239} INFO - Sync 1 DAGs
[2025-01-27T00:32:08.963+0000] {logging_mixin.py:190} INFO - [2025-01-27T00:32:08.963+0000] {dag.py:4180} INFO - Setting next_dagrun for example_kubernetes_executor to None, run_after=None
[2025-01-27T00:32:08.985+0000] {processor.py:208} INFO - Processing /home/airflow/.local/lib/python3.12/site-packages/airflow/example_dags/example_kubernetes_executor.py took 0.086 seconds
[2025-01-27T00:32:39.867+0000] {processor.py:186} INFO - Started process (PID=964) to work on /home/airflow/.local/lib/python3.12/site-packages/airflow/example_dags/example_kubernetes_executor.py
[2025-01-27T00:32:39.868+0000] {processor.py:914} INFO - Processing file /home/airflow/.local/lib/python3.12/site-packages/airflow/example_dags/example_kubernetes_executor.py for tasks to queue
[2025-01-27T00:32:39.870+0000] {logging_mixin.py:190} INFO - [2025-01-27T00:32:39.870+0000] {dagbag.py:588} INFO - Filling up the DagBag from /home/airflow/.local/lib/python3.12/site-packages/airflow/example_dags/example_kubernetes_executor.py
[2025-01-27T00:32:39.884+0000] {processor.py:925} INFO - DAG(s) 'example_kubernetes_executor' retrieved from /home/airflow/.local/lib/python3.12/site-packages/airflow/example_dags/example_kubernetes_executor.py
[2025-01-27T00:32:39.908+0000] {logging_mixin.py:190} INFO - [2025-01-27T00:32:39.907+0000] {dag.py:3239} INFO - Sync 1 DAGs
[2025-01-27T00:32:39.922+0000] {logging_mixin.py:190} INFO - [2025-01-27T00:32:39.922+0000] {dag.py:4180} INFO - Setting next_dagrun for example_kubernetes_executor to None, run_after=None
[2025-01-27T00:32:39.947+0000] {processor.py:208} INFO - Processing /home/airflow/.local/lib/python3.12/site-packages/airflow/example_dags/example_kubernetes_executor.py took 0.086 seconds
[2025-01-27T00:33:11.347+0000] {processor.py:186} INFO - Started process (PID=1027) to work on /home/airflow/.local/lib/python3.12/site-packages/airflow/example_dags/example_kubernetes_executor.py
[2025-01-27T00:33:11.348+0000] {processor.py:914} INFO - Processing file /home/airflow/.local/lib/python3.12/site-packages/airflow/example_dags/example_kubernetes_executor.py for tasks to queue
[2025-01-27T00:33:11.352+0000] {logging_mixin.py:190} INFO - [2025-01-27T00:33:11.352+0000] {dagbag.py:588} INFO - Filling up the DagBag from /home/airflow/.local/lib/python3.12/site-packages/airflow/example_dags/example_kubernetes_executor.py
[2025-01-27T00:33:11.366+0000] {processor.py:925} INFO - DAG(s) 'example_kubernetes_executor' retrieved from /home/airflow/.local/lib/python3.12/site-packages/airflow/example_dags/example_kubernetes_executor.py
[2025-01-27T00:33:11.391+0000] {logging_mixin.py:190} INFO - [2025-01-27T00:33:11.391+0000] {dag.py:3239} INFO - Sync 1 DAGs
[2025-01-27T00:33:11.407+0000] {logging_mixin.py:190} INFO - [2025-01-27T00:33:11.406+0000] {dag.py:4180} INFO - Setting next_dagrun for example_kubernetes_executor to None, run_after=None
[2025-01-27T00:33:11.433+0000] {processor.py:208} INFO - Processing /home/airflow/.local/lib/python3.12/site-packages/airflow/example_dags/example_kubernetes_executor.py took 0.092 seconds
[2025-01-27T00:33:42.365+0000] {processor.py:186} INFO - Started process (PID=1090) to work on /home/airflow/.local/lib/python3.12/site-packages/airflow/example_dags/example_kubernetes_executor.py
[2025-01-27T00:33:42.366+0000] {processor.py:914} INFO - Processing file /home/airflow/.local/lib/python3.12/site-packages/airflow/example_dags/example_kubernetes_executor.py for tasks to queue
[2025-01-27T00:33:42.368+0000] {logging_mixin.py:190} INFO - [2025-01-27T00:33:42.368+0000] {dagbag.py:588} INFO - Filling up the DagBag from /home/airflow/.local/lib/python3.12/site-packages/airflow/example_dags/example_kubernetes_executor.py
[2025-01-27T00:33:42.382+0000] {processor.py:925} INFO - DAG(s) 'example_kubernetes_executor' retrieved from /home/airflow/.local/lib/python3.12/site-packages/airflow/example_dags/example_kubernetes_executor.py
[2025-01-27T00:33:42.407+0000] {logging_mixin.py:190} INFO - [2025-01-27T00:33:42.406+0000] {dag.py:3239} INFO - Sync 1 DAGs
[2025-01-27T00:33:42.426+0000] {logging_mixin.py:190} INFO - [2025-01-27T00:33:42.426+0000] {dag.py:4180} INFO - Setting next_dagrun for example_kubernetes_executor to None, run_after=None
[2025-01-27T00:33:42.445+0000] {processor.py:208} INFO - Processing /home/airflow/.local/lib/python3.12/site-packages/airflow/example_dags/example_kubernetes_executor.py took 0.086 seconds
[2025-01-27T00:34:14.182+0000] {processor.py:186} INFO - Started process (PID=1153) to work on /home/airflow/.local/lib/python3.12/site-packages/airflow/example_dags/example_kubernetes_executor.py
[2025-01-27T00:34:14.183+0000] {processor.py:914} INFO - Processing file /home/airflow/.local/lib/python3.12/site-packages/airflow/example_dags/example_kubernetes_executor.py for tasks to queue
[2025-01-27T00:34:14.186+0000] {logging_mixin.py:190} INFO - [2025-01-27T00:34:14.185+0000] {dagbag.py:588} INFO - Filling up the DagBag from /home/airflow/.local/lib/python3.12/site-packages/airflow/example_dags/example_kubernetes_executor.py
[2025-01-27T00:34:14.199+0000] {processor.py:925} INFO - DAG(s) 'example_kubernetes_executor' retrieved from /home/airflow/.local/lib/python3.12/site-packages/airflow/example_dags/example_kubernetes_executor.py
[2025-01-27T00:34:14.224+0000] {logging_mixin.py:190} INFO - [2025-01-27T00:34:14.224+0000] {dag.py:3239} INFO - Sync 1 DAGs
[2025-01-27T00:34:14.239+0000] {logging_mixin.py:190} INFO - [2025-01-27T00:34:14.239+0000] {dag.py:4180} INFO - Setting next_dagrun for example_kubernetes_executor to None, run_after=None
[2025-01-27T00:34:14.260+0000] {processor.py:208} INFO - Processing /home/airflow/.local/lib/python3.12/site-packages/airflow/example_dags/example_kubernetes_executor.py took 0.083 seconds
