[2025-01-27T00:25:21.710+0000] {processor.py:186} INFO - Started process (PID=82) to work on /home/airflow/.local/lib/python3.12/site-packages/airflow/example_dags/example_python_operator.py
[2025-01-27T00:25:21.712+0000] {processor.py:914} INFO - Processing file /home/airflow/.local/lib/python3.12/site-packages/airflow/example_dags/example_python_operator.py for tasks to queue
[2025-01-27T00:25:21.715+0000] {logging_mixin.py:190} INFO - [2025-01-27T00:25:21.714+0000] {dagbag.py:588} INFO - Filling up the DagBag from /home/airflow/.local/lib/python3.12/site-packages/airflow/example_dags/example_python_operator.py
[2025-01-27T00:25:21.740+0000] {processor.py:925} INFO - DAG(s) 'example_python_operator' retrieved from /home/airflow/.local/lib/python3.12/site-packages/airflow/example_dags/example_python_operator.py
[2025-01-27T00:25:21.902+0000] {logging_mixin.py:190} INFO - [2025-01-27T00:25:21.901+0000] {override.py:1911} INFO - Created Permission View: can read on DAG:example_python_operator
[2025-01-27T00:25:21.919+0000] {logging_mixin.py:190} INFO - [2025-01-27T00:25:21.919+0000] {override.py:1911} INFO - Created Permission View: can edit on DAG:example_python_operator
[2025-01-27T00:25:21.931+0000] {logging_mixin.py:190} INFO - [2025-01-27T00:25:21.931+0000] {override.py:1911} INFO - Created Permission View: can delete on DAG:example_python_operator
[2025-01-27T00:25:21.946+0000] {logging_mixin.py:190} INFO - [2025-01-27T00:25:21.946+0000] {override.py:1911} INFO - Created Permission View: can delete on DAG Run:example_python_operator
[2025-01-27T00:25:21.959+0000] {logging_mixin.py:190} INFO - [2025-01-27T00:25:21.958+0000] {override.py:1911} INFO - Created Permission View: menu access on DAG Run:example_python_operator
[2025-01-27T00:25:21.970+0000] {logging_mixin.py:190} INFO - [2025-01-27T00:25:21.969+0000] {override.py:1911} INFO - Created Permission View: can read on DAG Run:example_python_operator
[2025-01-27T00:25:21.981+0000] {logging_mixin.py:190} INFO - [2025-01-27T00:25:21.981+0000] {override.py:1911} INFO - Created Permission View: can create on DAG Run:example_python_operator
[2025-01-27T00:25:21.982+0000] {logging_mixin.py:190} INFO - [2025-01-27T00:25:21.982+0000] {dag.py:3239} INFO - Sync 1 DAGs
[2025-01-27T00:25:22.002+0000] {logging_mixin.py:190} INFO - [2025-01-27T00:25:22.002+0000] {dag.py:3262} INFO - Creating ORM DAG for example_python_operator
[2025-01-27T00:25:22.003+0000] {logging_mixin.py:190} INFO - [2025-01-27T00:25:22.003+0000] {dag.py:4180} INFO - Setting next_dagrun for example_python_operator to None, run_after=None
[2025-01-27T00:25:22.030+0000] {processor.py:208} INFO - Processing /home/airflow/.local/lib/python3.12/site-packages/airflow/example_dags/example_python_operator.py took 0.326 seconds
[2025-01-27T00:25:53.409+0000] {processor.py:186} INFO - Started process (PID=145) to work on /home/airflow/.local/lib/python3.12/site-packages/airflow/example_dags/example_python_operator.py
[2025-01-27T00:25:53.410+0000] {processor.py:914} INFO - Processing file /home/airflow/.local/lib/python3.12/site-packages/airflow/example_dags/example_python_operator.py for tasks to queue
[2025-01-27T00:25:53.413+0000] {logging_mixin.py:190} INFO - [2025-01-27T00:25:53.412+0000] {dagbag.py:588} INFO - Filling up the DagBag from /home/airflow/.local/lib/python3.12/site-packages/airflow/example_dags/example_python_operator.py
[2025-01-27T00:25:53.424+0000] {processor.py:925} INFO - DAG(s) 'example_python_operator' retrieved from /home/airflow/.local/lib/python3.12/site-packages/airflow/example_dags/example_python_operator.py
[2025-01-27T00:25:53.447+0000] {logging_mixin.py:190} INFO - [2025-01-27T00:25:53.447+0000] {dag.py:3239} INFO - Sync 1 DAGs
[2025-01-27T00:25:53.463+0000] {logging_mixin.py:190} INFO - [2025-01-27T00:25:53.463+0000] {dag.py:4180} INFO - Setting next_dagrun for example_python_operator to None, run_after=None
[2025-01-27T00:25:53.483+0000] {processor.py:208} INFO - Processing /home/airflow/.local/lib/python3.12/site-packages/airflow/example_dags/example_python_operator.py took 0.079 seconds
[2025-01-27T00:26:24.200+0000] {processor.py:186} INFO - Started process (PID=208) to work on /home/airflow/.local/lib/python3.12/site-packages/airflow/example_dags/example_python_operator.py
[2025-01-27T00:26:24.201+0000] {processor.py:914} INFO - Processing file /home/airflow/.local/lib/python3.12/site-packages/airflow/example_dags/example_python_operator.py for tasks to queue
[2025-01-27T00:26:24.203+0000] {logging_mixin.py:190} INFO - [2025-01-27T00:26:24.203+0000] {dagbag.py:588} INFO - Filling up the DagBag from /home/airflow/.local/lib/python3.12/site-packages/airflow/example_dags/example_python_operator.py
[2025-01-27T00:26:24.215+0000] {processor.py:925} INFO - DAG(s) 'example_python_operator' retrieved from /home/airflow/.local/lib/python3.12/site-packages/airflow/example_dags/example_python_operator.py
[2025-01-27T00:26:24.237+0000] {logging_mixin.py:190} INFO - [2025-01-27T00:26:24.236+0000] {dag.py:3239} INFO - Sync 1 DAGs
[2025-01-27T00:26:24.255+0000] {logging_mixin.py:190} INFO - [2025-01-27T00:26:24.254+0000] {dag.py:4180} INFO - Setting next_dagrun for example_python_operator to None, run_after=None
[2025-01-27T00:26:24.276+0000] {processor.py:208} INFO - Processing /home/airflow/.local/lib/python3.12/site-packages/airflow/example_dags/example_python_operator.py took 0.082 seconds
[2025-01-27T00:26:55.731+0000] {processor.py:186} INFO - Started process (PID=271) to work on /home/airflow/.local/lib/python3.12/site-packages/airflow/example_dags/example_python_operator.py
[2025-01-27T00:26:55.732+0000] {processor.py:914} INFO - Processing file /home/airflow/.local/lib/python3.12/site-packages/airflow/example_dags/example_python_operator.py for tasks to queue
[2025-01-27T00:26:55.734+0000] {logging_mixin.py:190} INFO - [2025-01-27T00:26:55.734+0000] {dagbag.py:588} INFO - Filling up the DagBag from /home/airflow/.local/lib/python3.12/site-packages/airflow/example_dags/example_python_operator.py
[2025-01-27T00:26:55.746+0000] {processor.py:925} INFO - DAG(s) 'example_python_operator' retrieved from /home/airflow/.local/lib/python3.12/site-packages/airflow/example_dags/example_python_operator.py
[2025-01-27T00:26:55.770+0000] {logging_mixin.py:190} INFO - [2025-01-27T00:26:55.770+0000] {dag.py:3239} INFO - Sync 1 DAGs
[2025-01-27T00:26:55.785+0000] {logging_mixin.py:190} INFO - [2025-01-27T00:26:55.785+0000] {dag.py:4180} INFO - Setting next_dagrun for example_python_operator to None, run_after=None
[2025-01-27T00:26:55.806+0000] {processor.py:208} INFO - Processing /home/airflow/.local/lib/python3.12/site-packages/airflow/example_dags/example_python_operator.py took 0.081 seconds
[2025-01-27T00:27:27.392+0000] {processor.py:186} INFO - Started process (PID=334) to work on /home/airflow/.local/lib/python3.12/site-packages/airflow/example_dags/example_python_operator.py
[2025-01-27T00:27:27.393+0000] {processor.py:914} INFO - Processing file /home/airflow/.local/lib/python3.12/site-packages/airflow/example_dags/example_python_operator.py for tasks to queue
[2025-01-27T00:27:27.396+0000] {logging_mixin.py:190} INFO - [2025-01-27T00:27:27.395+0000] {dagbag.py:588} INFO - Filling up the DagBag from /home/airflow/.local/lib/python3.12/site-packages/airflow/example_dags/example_python_operator.py
[2025-01-27T00:27:27.407+0000] {processor.py:925} INFO - DAG(s) 'example_python_operator' retrieved from /home/airflow/.local/lib/python3.12/site-packages/airflow/example_dags/example_python_operator.py
[2025-01-27T00:27:27.429+0000] {logging_mixin.py:190} INFO - [2025-01-27T00:27:27.428+0000] {dag.py:3239} INFO - Sync 1 DAGs
[2025-01-27T00:27:27.443+0000] {logging_mixin.py:190} INFO - [2025-01-27T00:27:27.443+0000] {dag.py:4180} INFO - Setting next_dagrun for example_python_operator to None, run_after=None
[2025-01-27T00:27:27.462+0000] {processor.py:208} INFO - Processing /home/airflow/.local/lib/python3.12/site-packages/airflow/example_dags/example_python_operator.py took 0.076 seconds
[2025-01-27T00:27:58.831+0000] {processor.py:186} INFO - Started process (PID=397) to work on /home/airflow/.local/lib/python3.12/site-packages/airflow/example_dags/example_python_operator.py
[2025-01-27T00:27:58.832+0000] {processor.py:914} INFO - Processing file /home/airflow/.local/lib/python3.12/site-packages/airflow/example_dags/example_python_operator.py for tasks to queue
[2025-01-27T00:27:58.835+0000] {logging_mixin.py:190} INFO - [2025-01-27T00:27:58.834+0000] {dagbag.py:588} INFO - Filling up the DagBag from /home/airflow/.local/lib/python3.12/site-packages/airflow/example_dags/example_python_operator.py
[2025-01-27T00:27:58.847+0000] {processor.py:925} INFO - DAG(s) 'example_python_operator' retrieved from /home/airflow/.local/lib/python3.12/site-packages/airflow/example_dags/example_python_operator.py
[2025-01-27T00:27:58.871+0000] {logging_mixin.py:190} INFO - [2025-01-27T00:27:58.870+0000] {dag.py:3239} INFO - Sync 1 DAGs
[2025-01-27T00:27:58.886+0000] {logging_mixin.py:190} INFO - [2025-01-27T00:27:58.886+0000] {dag.py:4180} INFO - Setting next_dagrun for example_python_operator to None, run_after=None
[2025-01-27T00:27:58.907+0000] {processor.py:208} INFO - Processing /home/airflow/.local/lib/python3.12/site-packages/airflow/example_dags/example_python_operator.py took 0.082 seconds
[2025-01-27T00:28:29.861+0000] {processor.py:186} INFO - Started process (PID=460) to work on /home/airflow/.local/lib/python3.12/site-packages/airflow/example_dags/example_python_operator.py
[2025-01-27T00:28:29.863+0000] {processor.py:914} INFO - Processing file /home/airflow/.local/lib/python3.12/site-packages/airflow/example_dags/example_python_operator.py for tasks to queue
[2025-01-27T00:28:29.865+0000] {logging_mixin.py:190} INFO - [2025-01-27T00:28:29.865+0000] {dagbag.py:588} INFO - Filling up the DagBag from /home/airflow/.local/lib/python3.12/site-packages/airflow/example_dags/example_python_operator.py
[2025-01-27T00:28:29.879+0000] {processor.py:925} INFO - DAG(s) 'example_python_operator' retrieved from /home/airflow/.local/lib/python3.12/site-packages/airflow/example_dags/example_python_operator.py
[2025-01-27T00:28:29.905+0000] {logging_mixin.py:190} INFO - [2025-01-27T00:28:29.905+0000] {dag.py:3239} INFO - Sync 1 DAGs
[2025-01-27T00:28:29.923+0000] {logging_mixin.py:190} INFO - [2025-01-27T00:28:29.923+0000] {dag.py:4180} INFO - Setting next_dagrun for example_python_operator to None, run_after=None
[2025-01-27T00:28:29.948+0000] {processor.py:208} INFO - Processing /home/airflow/.local/lib/python3.12/site-packages/airflow/example_dags/example_python_operator.py took 0.094 seconds
[2025-01-27T00:29:01.165+0000] {processor.py:186} INFO - Started process (PID=523) to work on /home/airflow/.local/lib/python3.12/site-packages/airflow/example_dags/example_python_operator.py
[2025-01-27T00:29:01.166+0000] {processor.py:914} INFO - Processing file /home/airflow/.local/lib/python3.12/site-packages/airflow/example_dags/example_python_operator.py for tasks to queue
[2025-01-27T00:29:01.168+0000] {logging_mixin.py:190} INFO - [2025-01-27T00:29:01.168+0000] {dagbag.py:588} INFO - Filling up the DagBag from /home/airflow/.local/lib/python3.12/site-packages/airflow/example_dags/example_python_operator.py
[2025-01-27T00:29:01.181+0000] {processor.py:925} INFO - DAG(s) 'example_python_operator' retrieved from /home/airflow/.local/lib/python3.12/site-packages/airflow/example_dags/example_python_operator.py
[2025-01-27T00:29:01.206+0000] {logging_mixin.py:190} INFO - [2025-01-27T00:29:01.206+0000] {dag.py:3239} INFO - Sync 1 DAGs
[2025-01-27T00:29:01.226+0000] {logging_mixin.py:190} INFO - [2025-01-27T00:29:01.226+0000] {dag.py:4180} INFO - Setting next_dagrun for example_python_operator to None, run_after=None
[2025-01-27T00:29:01.255+0000] {processor.py:208} INFO - Processing /home/airflow/.local/lib/python3.12/site-packages/airflow/example_dags/example_python_operator.py took 0.097 seconds
[2025-01-27T00:29:32.443+0000] {processor.py:186} INFO - Started process (PID=586) to work on /home/airflow/.local/lib/python3.12/site-packages/airflow/example_dags/example_python_operator.py
[2025-01-27T00:29:32.444+0000] {processor.py:914} INFO - Processing file /home/airflow/.local/lib/python3.12/site-packages/airflow/example_dags/example_python_operator.py for tasks to queue
[2025-01-27T00:29:32.447+0000] {logging_mixin.py:190} INFO - [2025-01-27T00:29:32.446+0000] {dagbag.py:588} INFO - Filling up the DagBag from /home/airflow/.local/lib/python3.12/site-packages/airflow/example_dags/example_python_operator.py
[2025-01-27T00:29:32.459+0000] {processor.py:925} INFO - DAG(s) 'example_python_operator' retrieved from /home/airflow/.local/lib/python3.12/site-packages/airflow/example_dags/example_python_operator.py
[2025-01-27T00:29:32.483+0000] {logging_mixin.py:190} INFO - [2025-01-27T00:29:32.483+0000] {dag.py:3239} INFO - Sync 1 DAGs
[2025-01-27T00:29:32.499+0000] {logging_mixin.py:190} INFO - [2025-01-27T00:29:32.498+0000] {dag.py:4180} INFO - Setting next_dagrun for example_python_operator to None, run_after=None
[2025-01-27T00:29:32.519+0000] {processor.py:208} INFO - Processing /home/airflow/.local/lib/python3.12/site-packages/airflow/example_dags/example_python_operator.py took 0.082 seconds
[2025-01-27T00:30:03.512+0000] {processor.py:186} INFO - Started process (PID=650) to work on /home/airflow/.local/lib/python3.12/site-packages/airflow/example_dags/example_python_operator.py
[2025-01-27T00:30:03.513+0000] {processor.py:914} INFO - Processing file /home/airflow/.local/lib/python3.12/site-packages/airflow/example_dags/example_python_operator.py for tasks to queue
[2025-01-27T00:30:03.516+0000] {logging_mixin.py:190} INFO - [2025-01-27T00:30:03.516+0000] {dagbag.py:588} INFO - Filling up the DagBag from /home/airflow/.local/lib/python3.12/site-packages/airflow/example_dags/example_python_operator.py
[2025-01-27T00:30:03.534+0000] {processor.py:925} INFO - DAG(s) 'example_python_operator' retrieved from /home/airflow/.local/lib/python3.12/site-packages/airflow/example_dags/example_python_operator.py
[2025-01-27T00:30:03.563+0000] {logging_mixin.py:190} INFO - [2025-01-27T00:30:03.562+0000] {dag.py:3239} INFO - Sync 1 DAGs
[2025-01-27T00:30:03.581+0000] {logging_mixin.py:190} INFO - [2025-01-27T00:30:03.581+0000] {dag.py:4180} INFO - Setting next_dagrun for example_python_operator to None, run_after=None
[2025-01-27T00:30:03.606+0000] {processor.py:208} INFO - Processing /home/airflow/.local/lib/python3.12/site-packages/airflow/example_dags/example_python_operator.py took 0.102 seconds
[2025-01-27T00:30:35.290+0000] {processor.py:186} INFO - Started process (PID=713) to work on /home/airflow/.local/lib/python3.12/site-packages/airflow/example_dags/example_python_operator.py
[2025-01-27T00:30:35.291+0000] {processor.py:914} INFO - Processing file /home/airflow/.local/lib/python3.12/site-packages/airflow/example_dags/example_python_operator.py for tasks to queue
[2025-01-27T00:30:35.294+0000] {logging_mixin.py:190} INFO - [2025-01-27T00:30:35.293+0000] {dagbag.py:588} INFO - Filling up the DagBag from /home/airflow/.local/lib/python3.12/site-packages/airflow/example_dags/example_python_operator.py
[2025-01-27T00:30:35.306+0000] {processor.py:925} INFO - DAG(s) 'example_python_operator' retrieved from /home/airflow/.local/lib/python3.12/site-packages/airflow/example_dags/example_python_operator.py
[2025-01-27T00:30:35.329+0000] {logging_mixin.py:190} INFO - [2025-01-27T00:30:35.328+0000] {dag.py:3239} INFO - Sync 1 DAGs
[2025-01-27T00:30:35.343+0000] {logging_mixin.py:190} INFO - [2025-01-27T00:30:35.343+0000] {dag.py:4180} INFO - Setting next_dagrun for example_python_operator to None, run_after=None
[2025-01-27T00:30:35.362+0000] {processor.py:208} INFO - Processing /home/airflow/.local/lib/python3.12/site-packages/airflow/example_dags/example_python_operator.py took 0.077 seconds
[2025-01-27T00:31:06.697+0000] {processor.py:186} INFO - Started process (PID=776) to work on /home/airflow/.local/lib/python3.12/site-packages/airflow/example_dags/example_python_operator.py
[2025-01-27T00:31:06.698+0000] {processor.py:914} INFO - Processing file /home/airflow/.local/lib/python3.12/site-packages/airflow/example_dags/example_python_operator.py for tasks to queue
[2025-01-27T00:31:06.701+0000] {logging_mixin.py:190} INFO - [2025-01-27T00:31:06.700+0000] {dagbag.py:588} INFO - Filling up the DagBag from /home/airflow/.local/lib/python3.12/site-packages/airflow/example_dags/example_python_operator.py
[2025-01-27T00:31:06.718+0000] {processor.py:925} INFO - DAG(s) 'example_python_operator' retrieved from /home/airflow/.local/lib/python3.12/site-packages/airflow/example_dags/example_python_operator.py
[2025-01-27T00:31:06.754+0000] {logging_mixin.py:190} INFO - [2025-01-27T00:31:06.754+0000] {dag.py:3239} INFO - Sync 1 DAGs
[2025-01-27T00:31:06.772+0000] {logging_mixin.py:190} INFO - [2025-01-27T00:31:06.772+0000] {dag.py:4180} INFO - Setting next_dagrun for example_python_operator to None, run_after=None
[2025-01-27T00:31:06.796+0000] {processor.py:208} INFO - Processing /home/airflow/.local/lib/python3.12/site-packages/airflow/example_dags/example_python_operator.py took 0.105 seconds
[2025-01-27T00:31:37.469+0000] {processor.py:186} INFO - Started process (PID=839) to work on /home/airflow/.local/lib/python3.12/site-packages/airflow/example_dags/example_python_operator.py
[2025-01-27T00:31:37.470+0000] {processor.py:914} INFO - Processing file /home/airflow/.local/lib/python3.12/site-packages/airflow/example_dags/example_python_operator.py for tasks to queue
[2025-01-27T00:31:37.472+0000] {logging_mixin.py:190} INFO - [2025-01-27T00:31:37.472+0000] {dagbag.py:588} INFO - Filling up the DagBag from /home/airflow/.local/lib/python3.12/site-packages/airflow/example_dags/example_python_operator.py
[2025-01-27T00:31:37.484+0000] {processor.py:925} INFO - DAG(s) 'example_python_operator' retrieved from /home/airflow/.local/lib/python3.12/site-packages/airflow/example_dags/example_python_operator.py
[2025-01-27T00:31:37.505+0000] {logging_mixin.py:190} INFO - [2025-01-27T00:31:37.505+0000] {dag.py:3239} INFO - Sync 1 DAGs
[2025-01-27T00:31:37.520+0000] {logging_mixin.py:190} INFO - [2025-01-27T00:31:37.520+0000] {dag.py:4180} INFO - Setting next_dagrun for example_python_operator to None, run_after=None
[2025-01-27T00:31:37.538+0000] {processor.py:208} INFO - Processing /home/airflow/.local/lib/python3.12/site-packages/airflow/example_dags/example_python_operator.py took 0.074 seconds
[2025-01-27T00:32:09.025+0000] {processor.py:186} INFO - Started process (PID=902) to work on /home/airflow/.local/lib/python3.12/site-packages/airflow/example_dags/example_python_operator.py
[2025-01-27T00:32:09.025+0000] {processor.py:914} INFO - Processing file /home/airflow/.local/lib/python3.12/site-packages/airflow/example_dags/example_python_operator.py for tasks to queue
[2025-01-27T00:32:09.028+0000] {logging_mixin.py:190} INFO - [2025-01-27T00:32:09.027+0000] {dagbag.py:588} INFO - Filling up the DagBag from /home/airflow/.local/lib/python3.12/site-packages/airflow/example_dags/example_python_operator.py
[2025-01-27T00:32:09.040+0000] {processor.py:925} INFO - DAG(s) 'example_python_operator' retrieved from /home/airflow/.local/lib/python3.12/site-packages/airflow/example_dags/example_python_operator.py
[2025-01-27T00:32:09.062+0000] {logging_mixin.py:190} INFO - [2025-01-27T00:32:09.062+0000] {dag.py:3239} INFO - Sync 1 DAGs
[2025-01-27T00:32:09.076+0000] {logging_mixin.py:190} INFO - [2025-01-27T00:32:09.076+0000] {dag.py:4180} INFO - Setting next_dagrun for example_python_operator to None, run_after=None
[2025-01-27T00:32:09.096+0000] {processor.py:208} INFO - Processing /home/airflow/.local/lib/python3.12/site-packages/airflow/example_dags/example_python_operator.py took 0.077 seconds
[2025-01-27T00:32:39.988+0000] {processor.py:186} INFO - Started process (PID=965) to work on /home/airflow/.local/lib/python3.12/site-packages/airflow/example_dags/example_python_operator.py
[2025-01-27T00:32:39.990+0000] {processor.py:914} INFO - Processing file /home/airflow/.local/lib/python3.12/site-packages/airflow/example_dags/example_python_operator.py for tasks to queue
[2025-01-27T00:32:39.992+0000] {logging_mixin.py:190} INFO - [2025-01-27T00:32:39.992+0000] {dagbag.py:588} INFO - Filling up the DagBag from /home/airflow/.local/lib/python3.12/site-packages/airflow/example_dags/example_python_operator.py
[2025-01-27T00:32:40.004+0000] {processor.py:925} INFO - DAG(s) 'example_python_operator' retrieved from /home/airflow/.local/lib/python3.12/site-packages/airflow/example_dags/example_python_operator.py
[2025-01-27T00:32:40.026+0000] {logging_mixin.py:190} INFO - [2025-01-27T00:32:40.025+0000] {dag.py:3239} INFO - Sync 1 DAGs
[2025-01-27T00:32:40.043+0000] {logging_mixin.py:190} INFO - [2025-01-27T00:32:40.043+0000] {dag.py:4180} INFO - Setting next_dagrun for example_python_operator to None, run_after=None
[2025-01-27T00:32:40.062+0000] {processor.py:208} INFO - Processing /home/airflow/.local/lib/python3.12/site-packages/airflow/example_dags/example_python_operator.py took 0.079 seconds
[2025-01-27T00:33:11.470+0000] {processor.py:186} INFO - Started process (PID=1028) to work on /home/airflow/.local/lib/python3.12/site-packages/airflow/example_dags/example_python_operator.py
[2025-01-27T00:33:11.471+0000] {processor.py:914} INFO - Processing file /home/airflow/.local/lib/python3.12/site-packages/airflow/example_dags/example_python_operator.py for tasks to queue
[2025-01-27T00:33:11.474+0000] {logging_mixin.py:190} INFO - [2025-01-27T00:33:11.473+0000] {dagbag.py:588} INFO - Filling up the DagBag from /home/airflow/.local/lib/python3.12/site-packages/airflow/example_dags/example_python_operator.py
[2025-01-27T00:33:11.485+0000] {processor.py:925} INFO - DAG(s) 'example_python_operator' retrieved from /home/airflow/.local/lib/python3.12/site-packages/airflow/example_dags/example_python_operator.py
[2025-01-27T00:33:11.508+0000] {logging_mixin.py:190} INFO - [2025-01-27T00:33:11.507+0000] {dag.py:3239} INFO - Sync 1 DAGs
[2025-01-27T00:33:11.522+0000] {logging_mixin.py:190} INFO - [2025-01-27T00:33:11.522+0000] {dag.py:4180} INFO - Setting next_dagrun for example_python_operator to None, run_after=None
[2025-01-27T00:33:11.541+0000] {processor.py:208} INFO - Processing /home/airflow/.local/lib/python3.12/site-packages/airflow/example_dags/example_python_operator.py took 0.076 seconds
[2025-01-27T00:33:42.484+0000] {processor.py:186} INFO - Started process (PID=1091) to work on /home/airflow/.local/lib/python3.12/site-packages/airflow/example_dags/example_python_operator.py
[2025-01-27T00:33:42.485+0000] {processor.py:914} INFO - Processing file /home/airflow/.local/lib/python3.12/site-packages/airflow/example_dags/example_python_operator.py for tasks to queue
[2025-01-27T00:33:42.488+0000] {logging_mixin.py:190} INFO - [2025-01-27T00:33:42.487+0000] {dagbag.py:588} INFO - Filling up the DagBag from /home/airflow/.local/lib/python3.12/site-packages/airflow/example_dags/example_python_operator.py
[2025-01-27T00:33:42.501+0000] {processor.py:925} INFO - DAG(s) 'example_python_operator' retrieved from /home/airflow/.local/lib/python3.12/site-packages/airflow/example_dags/example_python_operator.py
[2025-01-27T00:33:42.523+0000] {logging_mixin.py:190} INFO - [2025-01-27T00:33:42.523+0000] {dag.py:3239} INFO - Sync 1 DAGs
[2025-01-27T00:33:42.537+0000] {logging_mixin.py:190} INFO - [2025-01-27T00:33:42.537+0000] {dag.py:4180} INFO - Setting next_dagrun for example_python_operator to None, run_after=None
[2025-01-27T00:33:42.557+0000] {processor.py:208} INFO - Processing /home/airflow/.local/lib/python3.12/site-packages/airflow/example_dags/example_python_operator.py took 0.079 seconds
[2025-01-27T00:34:14.297+0000] {processor.py:186} INFO - Started process (PID=1154) to work on /home/airflow/.local/lib/python3.12/site-packages/airflow/example_dags/example_python_operator.py
[2025-01-27T00:34:14.299+0000] {processor.py:914} INFO - Processing file /home/airflow/.local/lib/python3.12/site-packages/airflow/example_dags/example_python_operator.py for tasks to queue
[2025-01-27T00:34:14.301+0000] {logging_mixin.py:190} INFO - [2025-01-27T00:34:14.301+0000] {dagbag.py:588} INFO - Filling up the DagBag from /home/airflow/.local/lib/python3.12/site-packages/airflow/example_dags/example_python_operator.py
[2025-01-27T00:34:14.314+0000] {processor.py:925} INFO - DAG(s) 'example_python_operator' retrieved from /home/airflow/.local/lib/python3.12/site-packages/airflow/example_dags/example_python_operator.py
[2025-01-27T00:34:14.336+0000] {logging_mixin.py:190} INFO - [2025-01-27T00:34:14.336+0000] {dag.py:3239} INFO - Sync 1 DAGs
[2025-01-27T00:34:14.352+0000] {logging_mixin.py:190} INFO - [2025-01-27T00:34:14.352+0000] {dag.py:4180} INFO - Setting next_dagrun for example_python_operator to None, run_after=None
[2025-01-27T00:34:14.370+0000] {processor.py:208} INFO - Processing /home/airflow/.local/lib/python3.12/site-packages/airflow/example_dags/example_python_operator.py took 0.078 seconds
