[2025-01-27T00:25:09.097+0000] {processor.py:186} INFO - Started process (PID=76) to work on /home/airflow/.local/lib/python3.12/site-packages/airflow/example_dags/example_subdag_operator.py
[2025-01-27T00:25:09.098+0000] {processor.py:914} INFO - Processing file /home/airflow/.local/lib/python3.12/site-packages/airflow/example_dags/example_subdag_operator.py for tasks to queue
[2025-01-27T00:25:09.128+0000] {logging_mixin.py:190} INFO - [2025-01-27T00:25:09.127+0000] {dagbag.py:588} INFO - Filling up the DagBag from /home/airflow/.local/lib/python3.12/site-packages/airflow/example_dags/example_subdag_operator.py
[2025-01-27T00:25:09.307+0000] {processor.py:925} INFO - DAG(s) 'example_subdag_operator.section-1', 'example_subdag_operator.section-2', 'example_subdag_operator' retrieved from /home/airflow/.local/lib/python3.12/site-packages/airflow/example_dags/example_subdag_operator.py
[2025-01-27T00:25:10.054+0000] {logging_mixin.py:190} INFO - [2025-01-27T00:25:10.053+0000] {override.py:1911} INFO - Created Permission View: can read on DAG:example_subdag_operator
[2025-01-27T00:25:10.102+0000] {logging_mixin.py:190} INFO - [2025-01-27T00:25:10.101+0000] {override.py:1911} INFO - Created Permission View: can edit on DAG:example_subdag_operator
[2025-01-27T00:25:10.113+0000] {logging_mixin.py:190} INFO - [2025-01-27T00:25:10.113+0000] {override.py:1911} INFO - Created Permission View: can delete on DAG:example_subdag_operator
[2025-01-27T00:25:10.129+0000] {logging_mixin.py:190} INFO - [2025-01-27T00:25:10.128+0000] {override.py:1911} INFO - Created Permission View: can delete on DAG Run:example_subdag_operator
[2025-01-27T00:25:10.143+0000] {logging_mixin.py:190} INFO - [2025-01-27T00:25:10.142+0000] {override.py:1911} INFO - Created Permission View: menu access on DAG Run:example_subdag_operator
[2025-01-27T00:25:10.166+0000] {logging_mixin.py:190} INFO - [2025-01-27T00:25:10.166+0000] {override.py:1911} INFO - Created Permission View: can read on DAG Run:example_subdag_operator
[2025-01-27T00:25:10.178+0000] {logging_mixin.py:190} INFO - [2025-01-27T00:25:10.178+0000] {override.py:1911} INFO - Created Permission View: can create on DAG Run:example_subdag_operator
[2025-01-27T00:25:10.179+0000] {logging_mixin.py:190} INFO - [2025-01-27T00:25:10.179+0000] {dag.py:3239} INFO - Sync 3 DAGs
[2025-01-27T00:25:10.448+0000] {logging_mixin.py:190} INFO - [2025-01-27T00:25:10.447+0000] {dag.py:3262} INFO - Creating ORM DAG for example_subdag_operator.section-2
[2025-01-27T00:25:10.449+0000] {logging_mixin.py:190} INFO - [2025-01-27T00:25:10.449+0000] {dag.py:3262} INFO - Creating ORM DAG for example_subdag_operator.section-1
[2025-01-27T00:25:10.450+0000] {logging_mixin.py:190} INFO - [2025-01-27T00:25:10.449+0000] {dag.py:3262} INFO - Creating ORM DAG for example_subdag_operator
[2025-01-27T00:25:10.516+0000] {logging_mixin.py:190} INFO - [2025-01-27T00:25:10.515+0000] {dag.py:4180} INFO - Setting next_dagrun for example_subdag_operator to 2022-01-01 00:00:00+00:00, run_after=2022-01-01 00:00:00+00:00
[2025-01-27T00:25:10.517+0000] {logging_mixin.py:190} INFO - [2025-01-27T00:25:10.517+0000] {dag.py:4180} INFO - Setting next_dagrun for example_subdag_operator.section-1 to None, run_after=None
[2025-01-27T00:25:10.518+0000] {logging_mixin.py:190} INFO - [2025-01-27T00:25:10.518+0000] {dag.py:4180} INFO - Setting next_dagrun for example_subdag_operator.section-2 to None, run_after=None
[2025-01-27T00:25:10.660+0000] {logging_mixin.py:190} INFO - [2025-01-27T00:25:10.659+0000] {dag.py:3239} INFO - Sync 2 DAGs
[2025-01-27T00:25:10.665+0000] {logging_mixin.py:190} INFO - [2025-01-27T00:25:10.665+0000] {dag.py:4180} INFO - Setting next_dagrun for example_subdag_operator.section-1 to None, run_after=None
[2025-01-27T00:25:10.669+0000] {logging_mixin.py:190} INFO - [2025-01-27T00:25:10.668+0000] {dag.py:4180} INFO - Setting next_dagrun for example_subdag_operator.section-2 to None, run_after=None
[2025-01-27T00:25:10.735+0000] {processor.py:208} INFO - Processing /home/airflow/.local/lib/python3.12/site-packages/airflow/example_dags/example_subdag_operator.py took 1.693 seconds
[2025-01-27T00:25:41.679+0000] {processor.py:186} INFO - Started process (PID=139) to work on /home/airflow/.local/lib/python3.12/site-packages/airflow/example_dags/example_subdag_operator.py
[2025-01-27T00:25:41.680+0000] {processor.py:914} INFO - Processing file /home/airflow/.local/lib/python3.12/site-packages/airflow/example_dags/example_subdag_operator.py for tasks to queue
[2025-01-27T00:25:41.683+0000] {logging_mixin.py:190} INFO - [2025-01-27T00:25:41.683+0000] {dagbag.py:588} INFO - Filling up the DagBag from /home/airflow/.local/lib/python3.12/site-packages/airflow/example_dags/example_subdag_operator.py
[2025-01-27T00:25:41.711+0000] {processor.py:925} INFO - DAG(s) 'example_subdag_operator.section-1', 'example_subdag_operator.section-2', 'example_subdag_operator' retrieved from /home/airflow/.local/lib/python3.12/site-packages/airflow/example_dags/example_subdag_operator.py
[2025-01-27T00:25:41.731+0000] {logging_mixin.py:190} INFO - [2025-01-27T00:25:41.730+0000] {dag.py:3239} INFO - Sync 3 DAGs
[2025-01-27T00:25:41.757+0000] {logging_mixin.py:190} INFO - [2025-01-27T00:25:41.757+0000] {dag.py:4180} INFO - Setting next_dagrun for example_subdag_operator to 2022-01-01 00:00:00+00:00, run_after=2022-01-01 00:00:00+00:00
[2025-01-27T00:25:41.761+0000] {logging_mixin.py:190} INFO - [2025-01-27T00:25:41.761+0000] {dag.py:4180} INFO - Setting next_dagrun for example_subdag_operator.section-1 to None, run_after=None
[2025-01-27T00:25:41.763+0000] {logging_mixin.py:190} INFO - [2025-01-27T00:25:41.763+0000] {dag.py:4180} INFO - Setting next_dagrun for example_subdag_operator.section-2 to None, run_after=None
[2025-01-27T00:25:41.770+0000] {logging_mixin.py:190} INFO - [2025-01-27T00:25:41.770+0000] {dag.py:3239} INFO - Sync 2 DAGs
[2025-01-27T00:25:41.776+0000] {logging_mixin.py:190} INFO - [2025-01-27T00:25:41.776+0000] {dag.py:4180} INFO - Setting next_dagrun for example_subdag_operator.section-1 to None, run_after=None
[2025-01-27T00:25:41.777+0000] {logging_mixin.py:190} INFO - [2025-01-27T00:25:41.777+0000] {dag.py:4180} INFO - Setting next_dagrun for example_subdag_operator.section-2 to None, run_after=None
[2025-01-27T00:25:41.792+0000] {processor.py:208} INFO - Processing /home/airflow/.local/lib/python3.12/site-packages/airflow/example_dags/example_subdag_operator.py took 0.119 seconds
[2025-01-27T00:26:12.568+0000] {processor.py:186} INFO - Started process (PID=202) to work on /home/airflow/.local/lib/python3.12/site-packages/airflow/example_dags/example_subdag_operator.py
[2025-01-27T00:26:12.569+0000] {processor.py:914} INFO - Processing file /home/airflow/.local/lib/python3.12/site-packages/airflow/example_dags/example_subdag_operator.py for tasks to queue
[2025-01-27T00:26:12.572+0000] {logging_mixin.py:190} INFO - [2025-01-27T00:26:12.572+0000] {dagbag.py:588} INFO - Filling up the DagBag from /home/airflow/.local/lib/python3.12/site-packages/airflow/example_dags/example_subdag_operator.py
[2025-01-27T00:26:12.600+0000] {processor.py:925} INFO - DAG(s) 'example_subdag_operator.section-1', 'example_subdag_operator.section-2', 'example_subdag_operator' retrieved from /home/airflow/.local/lib/python3.12/site-packages/airflow/example_dags/example_subdag_operator.py
[2025-01-27T00:26:12.617+0000] {logging_mixin.py:190} INFO - [2025-01-27T00:26:12.616+0000] {dag.py:3239} INFO - Sync 3 DAGs
[2025-01-27T00:26:12.640+0000] {logging_mixin.py:190} INFO - [2025-01-27T00:26:12.639+0000] {dag.py:4180} INFO - Setting next_dagrun for example_subdag_operator to 2022-01-01 00:00:00+00:00, run_after=2022-01-01 00:00:00+00:00
[2025-01-27T00:26:12.644+0000] {logging_mixin.py:190} INFO - [2025-01-27T00:26:12.644+0000] {dag.py:4180} INFO - Setting next_dagrun for example_subdag_operator.section-1 to None, run_after=None
[2025-01-27T00:26:12.645+0000] {logging_mixin.py:190} INFO - [2025-01-27T00:26:12.645+0000] {dag.py:4180} INFO - Setting next_dagrun for example_subdag_operator.section-2 to None, run_after=None
[2025-01-27T00:26:12.652+0000] {logging_mixin.py:190} INFO - [2025-01-27T00:26:12.652+0000] {dag.py:3239} INFO - Sync 2 DAGs
[2025-01-27T00:26:12.658+0000] {logging_mixin.py:190} INFO - [2025-01-27T00:26:12.657+0000] {dag.py:4180} INFO - Setting next_dagrun for example_subdag_operator.section-1 to None, run_after=None
[2025-01-27T00:26:12.658+0000] {logging_mixin.py:190} INFO - [2025-01-27T00:26:12.658+0000] {dag.py:4180} INFO - Setting next_dagrun for example_subdag_operator.section-2 to None, run_after=None
[2025-01-27T00:26:12.669+0000] {processor.py:208} INFO - Processing /home/airflow/.local/lib/python3.12/site-packages/airflow/example_dags/example_subdag_operator.py took 0.109 seconds
[2025-01-27T00:26:43.011+0000] {processor.py:186} INFO - Started process (PID=265) to work on /home/airflow/.local/lib/python3.12/site-packages/airflow/example_dags/example_subdag_operator.py
[2025-01-27T00:26:43.012+0000] {processor.py:914} INFO - Processing file /home/airflow/.local/lib/python3.12/site-packages/airflow/example_dags/example_subdag_operator.py for tasks to queue
[2025-01-27T00:26:43.015+0000] {logging_mixin.py:190} INFO - [2025-01-27T00:26:43.015+0000] {dagbag.py:588} INFO - Filling up the DagBag from /home/airflow/.local/lib/python3.12/site-packages/airflow/example_dags/example_subdag_operator.py
[2025-01-27T00:26:43.042+0000] {processor.py:925} INFO - DAG(s) 'example_subdag_operator.section-1', 'example_subdag_operator.section-2', 'example_subdag_operator' retrieved from /home/airflow/.local/lib/python3.12/site-packages/airflow/example_dags/example_subdag_operator.py
[2025-01-27T00:26:43.061+0000] {logging_mixin.py:190} INFO - [2025-01-27T00:26:43.060+0000] {dag.py:3239} INFO - Sync 3 DAGs
[2025-01-27T00:26:43.087+0000] {logging_mixin.py:190} INFO - [2025-01-27T00:26:43.087+0000] {dag.py:4180} INFO - Setting next_dagrun for example_subdag_operator to 2022-01-01 00:00:00+00:00, run_after=2022-01-01 00:00:00+00:00
[2025-01-27T00:26:43.092+0000] {logging_mixin.py:190} INFO - [2025-01-27T00:26:43.091+0000] {dag.py:4180} INFO - Setting next_dagrun for example_subdag_operator.section-1 to None, run_after=None
[2025-01-27T00:26:43.093+0000] {logging_mixin.py:190} INFO - [2025-01-27T00:26:43.093+0000] {dag.py:4180} INFO - Setting next_dagrun for example_subdag_operator.section-2 to None, run_after=None
[2025-01-27T00:26:43.102+0000] {logging_mixin.py:190} INFO - [2025-01-27T00:26:43.102+0000] {dag.py:3239} INFO - Sync 2 DAGs
[2025-01-27T00:26:43.109+0000] {logging_mixin.py:190} INFO - [2025-01-27T00:26:43.109+0000] {dag.py:4180} INFO - Setting next_dagrun for example_subdag_operator.section-1 to None, run_after=None
[2025-01-27T00:26:43.110+0000] {logging_mixin.py:190} INFO - [2025-01-27T00:26:43.110+0000] {dag.py:4180} INFO - Setting next_dagrun for example_subdag_operator.section-2 to None, run_after=None
[2025-01-27T00:26:43.122+0000] {processor.py:208} INFO - Processing /home/airflow/.local/lib/python3.12/site-packages/airflow/example_dags/example_subdag_operator.py took 0.117 seconds
[2025-01-27T00:27:13.530+0000] {processor.py:186} INFO - Started process (PID=328) to work on /home/airflow/.local/lib/python3.12/site-packages/airflow/example_dags/example_subdag_operator.py
[2025-01-27T00:27:13.532+0000] {processor.py:914} INFO - Processing file /home/airflow/.local/lib/python3.12/site-packages/airflow/example_dags/example_subdag_operator.py for tasks to queue
[2025-01-27T00:27:13.535+0000] {logging_mixin.py:190} INFO - [2025-01-27T00:27:13.535+0000] {dagbag.py:588} INFO - Filling up the DagBag from /home/airflow/.local/lib/python3.12/site-packages/airflow/example_dags/example_subdag_operator.py
[2025-01-27T00:27:13.587+0000] {processor.py:925} INFO - DAG(s) 'example_subdag_operator.section-1', 'example_subdag_operator.section-2', 'example_subdag_operator' retrieved from /home/airflow/.local/lib/python3.12/site-packages/airflow/example_dags/example_subdag_operator.py
[2025-01-27T00:27:13.622+0000] {logging_mixin.py:190} INFO - [2025-01-27T00:27:13.621+0000] {dag.py:3239} INFO - Sync 3 DAGs
[2025-01-27T00:27:13.661+0000] {logging_mixin.py:190} INFO - [2025-01-27T00:27:13.660+0000] {dag.py:4180} INFO - Setting next_dagrun for example_subdag_operator to 2022-01-01 00:00:00+00:00, run_after=2022-01-01 00:00:00+00:00
[2025-01-27T00:27:13.666+0000] {logging_mixin.py:190} INFO - [2025-01-27T00:27:13.666+0000] {dag.py:4180} INFO - Setting next_dagrun for example_subdag_operator.section-1 to None, run_after=None
[2025-01-27T00:27:13.669+0000] {logging_mixin.py:190} INFO - [2025-01-27T00:27:13.669+0000] {dag.py:4180} INFO - Setting next_dagrun for example_subdag_operator.section-2 to None, run_after=None
[2025-01-27T00:27:13.679+0000] {logging_mixin.py:190} INFO - [2025-01-27T00:27:13.679+0000] {dag.py:3239} INFO - Sync 2 DAGs
[2025-01-27T00:27:13.686+0000] {logging_mixin.py:190} INFO - [2025-01-27T00:27:13.686+0000] {dag.py:4180} INFO - Setting next_dagrun for example_subdag_operator.section-1 to None, run_after=None
[2025-01-27T00:27:13.687+0000] {logging_mixin.py:190} INFO - [2025-01-27T00:27:13.687+0000] {dag.py:4180} INFO - Setting next_dagrun for example_subdag_operator.section-2 to None, run_after=None
[2025-01-27T00:27:13.702+0000] {processor.py:208} INFO - Processing /home/airflow/.local/lib/python3.12/site-packages/airflow/example_dags/example_subdag_operator.py took 0.181 seconds
[2025-01-27T00:27:43.863+0000] {processor.py:186} INFO - Started process (PID=385) to work on /home/airflow/.local/lib/python3.12/site-packages/airflow/example_dags/example_subdag_operator.py
[2025-01-27T00:27:43.864+0000] {processor.py:914} INFO - Processing file /home/airflow/.local/lib/python3.12/site-packages/airflow/example_dags/example_subdag_operator.py for tasks to queue
[2025-01-27T00:27:43.866+0000] {logging_mixin.py:190} INFO - [2025-01-27T00:27:43.866+0000] {dagbag.py:588} INFO - Filling up the DagBag from /home/airflow/.local/lib/python3.12/site-packages/airflow/example_dags/example_subdag_operator.py
[2025-01-27T00:27:43.892+0000] {processor.py:925} INFO - DAG(s) 'example_subdag_operator.section-1', 'example_subdag_operator.section-2', 'example_subdag_operator' retrieved from /home/airflow/.local/lib/python3.12/site-packages/airflow/example_dags/example_subdag_operator.py
[2025-01-27T00:27:43.908+0000] {logging_mixin.py:190} INFO - [2025-01-27T00:27:43.908+0000] {dag.py:3239} INFO - Sync 3 DAGs
[2025-01-27T00:27:43.933+0000] {logging_mixin.py:190} INFO - [2025-01-27T00:27:43.933+0000] {dag.py:4180} INFO - Setting next_dagrun for example_subdag_operator to 2022-01-01 00:00:00+00:00, run_after=2022-01-01 00:00:00+00:00
[2025-01-27T00:27:43.937+0000] {logging_mixin.py:190} INFO - [2025-01-27T00:27:43.937+0000] {dag.py:4180} INFO - Setting next_dagrun for example_subdag_operator.section-1 to None, run_after=None
[2025-01-27T00:27:43.939+0000] {logging_mixin.py:190} INFO - [2025-01-27T00:27:43.939+0000] {dag.py:4180} INFO - Setting next_dagrun for example_subdag_operator.section-2 to None, run_after=None
[2025-01-27T00:27:43.947+0000] {logging_mixin.py:190} INFO - [2025-01-27T00:27:43.947+0000] {dag.py:3239} INFO - Sync 2 DAGs
[2025-01-27T00:27:43.957+0000] {logging_mixin.py:190} INFO - [2025-01-27T00:27:43.957+0000] {dag.py:4180} INFO - Setting next_dagrun for example_subdag_operator.section-1 to None, run_after=None
[2025-01-27T00:27:43.959+0000] {logging_mixin.py:190} INFO - [2025-01-27T00:27:43.958+0000] {dag.py:4180} INFO - Setting next_dagrun for example_subdag_operator.section-2 to None, run_after=None
[2025-01-27T00:27:43.972+0000] {processor.py:208} INFO - Processing /home/airflow/.local/lib/python3.12/site-packages/airflow/example_dags/example_subdag_operator.py took 0.115 seconds
[2025-01-27T00:28:14.153+0000] {processor.py:186} INFO - Started process (PID=448) to work on /home/airflow/.local/lib/python3.12/site-packages/airflow/example_dags/example_subdag_operator.py
[2025-01-27T00:28:14.154+0000] {processor.py:914} INFO - Processing file /home/airflow/.local/lib/python3.12/site-packages/airflow/example_dags/example_subdag_operator.py for tasks to queue
[2025-01-27T00:28:14.156+0000] {logging_mixin.py:190} INFO - [2025-01-27T00:28:14.156+0000] {dagbag.py:588} INFO - Filling up the DagBag from /home/airflow/.local/lib/python3.12/site-packages/airflow/example_dags/example_subdag_operator.py
[2025-01-27T00:28:14.182+0000] {processor.py:925} INFO - DAG(s) 'example_subdag_operator.section-1', 'example_subdag_operator.section-2', 'example_subdag_operator' retrieved from /home/airflow/.local/lib/python3.12/site-packages/airflow/example_dags/example_subdag_operator.py
[2025-01-27T00:28:14.197+0000] {logging_mixin.py:190} INFO - [2025-01-27T00:28:14.197+0000] {dag.py:3239} INFO - Sync 3 DAGs
[2025-01-27T00:28:14.221+0000] {logging_mixin.py:190} INFO - [2025-01-27T00:28:14.221+0000] {dag.py:4180} INFO - Setting next_dagrun for example_subdag_operator to 2022-01-01 00:00:00+00:00, run_after=2022-01-01 00:00:00+00:00
[2025-01-27T00:28:14.226+0000] {logging_mixin.py:190} INFO - [2025-01-27T00:28:14.226+0000] {dag.py:4180} INFO - Setting next_dagrun for example_subdag_operator.section-1 to None, run_after=None
[2025-01-27T00:28:14.229+0000] {logging_mixin.py:190} INFO - [2025-01-27T00:28:14.229+0000] {dag.py:4180} INFO - Setting next_dagrun for example_subdag_operator.section-2 to None, run_after=None
[2025-01-27T00:28:14.240+0000] {logging_mixin.py:190} INFO - [2025-01-27T00:28:14.239+0000] {dag.py:3239} INFO - Sync 2 DAGs
[2025-01-27T00:28:14.247+0000] {logging_mixin.py:190} INFO - [2025-01-27T00:28:14.247+0000] {dag.py:4180} INFO - Setting next_dagrun for example_subdag_operator.section-1 to None, run_after=None
[2025-01-27T00:28:14.248+0000] {logging_mixin.py:190} INFO - [2025-01-27T00:28:14.248+0000] {dag.py:4180} INFO - Setting next_dagrun for example_subdag_operator.section-2 to None, run_after=None
[2025-01-27T00:28:14.263+0000] {processor.py:208} INFO - Processing /home/airflow/.local/lib/python3.12/site-packages/airflow/example_dags/example_subdag_operator.py took 0.116 seconds
[2025-01-27T00:28:44.471+0000] {processor.py:186} INFO - Started process (PID=511) to work on /home/airflow/.local/lib/python3.12/site-packages/airflow/example_dags/example_subdag_operator.py
[2025-01-27T00:28:44.472+0000] {processor.py:914} INFO - Processing file /home/airflow/.local/lib/python3.12/site-packages/airflow/example_dags/example_subdag_operator.py for tasks to queue
[2025-01-27T00:28:44.475+0000] {logging_mixin.py:190} INFO - [2025-01-27T00:28:44.475+0000] {dagbag.py:588} INFO - Filling up the DagBag from /home/airflow/.local/lib/python3.12/site-packages/airflow/example_dags/example_subdag_operator.py
[2025-01-27T00:28:44.502+0000] {processor.py:925} INFO - DAG(s) 'example_subdag_operator.section-1', 'example_subdag_operator.section-2', 'example_subdag_operator' retrieved from /home/airflow/.local/lib/python3.12/site-packages/airflow/example_dags/example_subdag_operator.py
[2025-01-27T00:28:44.518+0000] {logging_mixin.py:190} INFO - [2025-01-27T00:28:44.518+0000] {dag.py:3239} INFO - Sync 3 DAGs
[2025-01-27T00:28:44.543+0000] {logging_mixin.py:190} INFO - [2025-01-27T00:28:44.543+0000] {dag.py:4180} INFO - Setting next_dagrun for example_subdag_operator to 2022-01-01 00:00:00+00:00, run_after=2022-01-01 00:00:00+00:00
[2025-01-27T00:28:44.547+0000] {logging_mixin.py:190} INFO - [2025-01-27T00:28:44.547+0000] {dag.py:4180} INFO - Setting next_dagrun for example_subdag_operator.section-1 to None, run_after=None
[2025-01-27T00:28:44.549+0000] {logging_mixin.py:190} INFO - [2025-01-27T00:28:44.549+0000] {dag.py:4180} INFO - Setting next_dagrun for example_subdag_operator.section-2 to None, run_after=None
[2025-01-27T00:28:44.557+0000] {logging_mixin.py:190} INFO - [2025-01-27T00:28:44.557+0000] {dag.py:3239} INFO - Sync 2 DAGs
[2025-01-27T00:28:44.564+0000] {logging_mixin.py:190} INFO - [2025-01-27T00:28:44.564+0000] {dag.py:4180} INFO - Setting next_dagrun for example_subdag_operator.section-1 to None, run_after=None
[2025-01-27T00:28:44.565+0000] {logging_mixin.py:190} INFO - [2025-01-27T00:28:44.565+0000] {dag.py:4180} INFO - Setting next_dagrun for example_subdag_operator.section-2 to None, run_after=None
[2025-01-27T00:28:44.577+0000] {processor.py:208} INFO - Processing /home/airflow/.local/lib/python3.12/site-packages/airflow/example_dags/example_subdag_operator.py took 0.112 seconds
[2025-01-27T00:29:14.728+0000] {processor.py:186} INFO - Started process (PID=574) to work on /home/airflow/.local/lib/python3.12/site-packages/airflow/example_dags/example_subdag_operator.py
[2025-01-27T00:29:14.729+0000] {processor.py:914} INFO - Processing file /home/airflow/.local/lib/python3.12/site-packages/airflow/example_dags/example_subdag_operator.py for tasks to queue
[2025-01-27T00:29:14.733+0000] {logging_mixin.py:190} INFO - [2025-01-27T00:29:14.732+0000] {dagbag.py:588} INFO - Filling up the DagBag from /home/airflow/.local/lib/python3.12/site-packages/airflow/example_dags/example_subdag_operator.py
[2025-01-27T00:29:14.759+0000] {processor.py:925} INFO - DAG(s) 'example_subdag_operator.section-1', 'example_subdag_operator.section-2', 'example_subdag_operator' retrieved from /home/airflow/.local/lib/python3.12/site-packages/airflow/example_dags/example_subdag_operator.py
[2025-01-27T00:29:14.774+0000] {logging_mixin.py:190} INFO - [2025-01-27T00:29:14.774+0000] {dag.py:3239} INFO - Sync 3 DAGs
[2025-01-27T00:29:14.801+0000] {logging_mixin.py:190} INFO - [2025-01-27T00:29:14.801+0000] {dag.py:4180} INFO - Setting next_dagrun for example_subdag_operator to 2022-01-01 00:00:00+00:00, run_after=2022-01-01 00:00:00+00:00
[2025-01-27T00:29:14.805+0000] {logging_mixin.py:190} INFO - [2025-01-27T00:29:14.804+0000] {dag.py:4180} INFO - Setting next_dagrun for example_subdag_operator.section-1 to None, run_after=None
[2025-01-27T00:29:14.806+0000] {logging_mixin.py:190} INFO - [2025-01-27T00:29:14.806+0000] {dag.py:4180} INFO - Setting next_dagrun for example_subdag_operator.section-2 to None, run_after=None
[2025-01-27T00:29:14.814+0000] {logging_mixin.py:190} INFO - [2025-01-27T00:29:14.814+0000] {dag.py:3239} INFO - Sync 2 DAGs
[2025-01-27T00:29:14.819+0000] {logging_mixin.py:190} INFO - [2025-01-27T00:29:14.819+0000] {dag.py:4180} INFO - Setting next_dagrun for example_subdag_operator.section-1 to None, run_after=None
[2025-01-27T00:29:14.820+0000] {logging_mixin.py:190} INFO - [2025-01-27T00:29:14.820+0000] {dag.py:4180} INFO - Setting next_dagrun for example_subdag_operator.section-2 to None, run_after=None
[2025-01-27T00:29:14.832+0000] {processor.py:208} INFO - Processing /home/airflow/.local/lib/python3.12/site-packages/airflow/example_dags/example_subdag_operator.py took 0.110 seconds
[2025-01-27T00:29:45.628+0000] {processor.py:186} INFO - Started process (PID=637) to work on /home/airflow/.local/lib/python3.12/site-packages/airflow/example_dags/example_subdag_operator.py
[2025-01-27T00:29:45.629+0000] {processor.py:914} INFO - Processing file /home/airflow/.local/lib/python3.12/site-packages/airflow/example_dags/example_subdag_operator.py for tasks to queue
[2025-01-27T00:29:45.632+0000] {logging_mixin.py:190} INFO - [2025-01-27T00:29:45.631+0000] {dagbag.py:588} INFO - Filling up the DagBag from /home/airflow/.local/lib/python3.12/site-packages/airflow/example_dags/example_subdag_operator.py
[2025-01-27T00:29:45.659+0000] {processor.py:925} INFO - DAG(s) 'example_subdag_operator.section-1', 'example_subdag_operator.section-2', 'example_subdag_operator' retrieved from /home/airflow/.local/lib/python3.12/site-packages/airflow/example_dags/example_subdag_operator.py
[2025-01-27T00:29:45.681+0000] {logging_mixin.py:190} INFO - [2025-01-27T00:29:45.681+0000] {dag.py:3239} INFO - Sync 3 DAGs
[2025-01-27T00:29:45.709+0000] {logging_mixin.py:190} INFO - [2025-01-27T00:29:45.709+0000] {dag.py:4180} INFO - Setting next_dagrun for example_subdag_operator to 2022-01-01 00:00:00+00:00, run_after=2022-01-01 00:00:00+00:00
[2025-01-27T00:29:45.714+0000] {logging_mixin.py:190} INFO - [2025-01-27T00:29:45.714+0000] {dag.py:4180} INFO - Setting next_dagrun for example_subdag_operator.section-1 to None, run_after=None
[2025-01-27T00:29:45.716+0000] {logging_mixin.py:190} INFO - [2025-01-27T00:29:45.716+0000] {dag.py:4180} INFO - Setting next_dagrun for example_subdag_operator.section-2 to None, run_after=None
[2025-01-27T00:29:45.725+0000] {logging_mixin.py:190} INFO - [2025-01-27T00:29:45.725+0000] {dag.py:3239} INFO - Sync 2 DAGs
[2025-01-27T00:29:45.731+0000] {logging_mixin.py:190} INFO - [2025-01-27T00:29:45.731+0000] {dag.py:4180} INFO - Setting next_dagrun for example_subdag_operator.section-1 to None, run_after=None
[2025-01-27T00:29:45.732+0000] {logging_mixin.py:190} INFO - [2025-01-27T00:29:45.732+0000] {dag.py:4180} INFO - Setting next_dagrun for example_subdag_operator.section-2 to None, run_after=None
[2025-01-27T00:29:45.746+0000] {processor.py:208} INFO - Processing /home/airflow/.local/lib/python3.12/site-packages/airflow/example_dags/example_subdag_operator.py took 0.126 seconds
[2025-01-27T00:30:16.555+0000] {processor.py:186} INFO - Started process (PID=701) to work on /home/airflow/.local/lib/python3.12/site-packages/airflow/example_dags/example_subdag_operator.py
[2025-01-27T00:30:16.556+0000] {processor.py:914} INFO - Processing file /home/airflow/.local/lib/python3.12/site-packages/airflow/example_dags/example_subdag_operator.py for tasks to queue
[2025-01-27T00:30:16.559+0000] {logging_mixin.py:190} INFO - [2025-01-27T00:30:16.558+0000] {dagbag.py:588} INFO - Filling up the DagBag from /home/airflow/.local/lib/python3.12/site-packages/airflow/example_dags/example_subdag_operator.py
[2025-01-27T00:30:16.586+0000] {processor.py:925} INFO - DAG(s) 'example_subdag_operator.section-1', 'example_subdag_operator.section-2', 'example_subdag_operator' retrieved from /home/airflow/.local/lib/python3.12/site-packages/airflow/example_dags/example_subdag_operator.py
[2025-01-27T00:30:16.604+0000] {logging_mixin.py:190} INFO - [2025-01-27T00:30:16.603+0000] {dag.py:3239} INFO - Sync 3 DAGs
[2025-01-27T00:30:16.633+0000] {logging_mixin.py:190} INFO - [2025-01-27T00:30:16.632+0000] {dag.py:4180} INFO - Setting next_dagrun for example_subdag_operator to 2022-01-01 00:00:00+00:00, run_after=2022-01-01 00:00:00+00:00
[2025-01-27T00:30:16.638+0000] {logging_mixin.py:190} INFO - [2025-01-27T00:30:16.637+0000] {dag.py:4180} INFO - Setting next_dagrun for example_subdag_operator.section-1 to None, run_after=None
[2025-01-27T00:30:16.640+0000] {logging_mixin.py:190} INFO - [2025-01-27T00:30:16.640+0000] {dag.py:4180} INFO - Setting next_dagrun for example_subdag_operator.section-2 to None, run_after=None
[2025-01-27T00:30:16.651+0000] {logging_mixin.py:190} INFO - [2025-01-27T00:30:16.651+0000] {dag.py:3239} INFO - Sync 2 DAGs
[2025-01-27T00:30:16.662+0000] {logging_mixin.py:190} INFO - [2025-01-27T00:30:16.662+0000] {dag.py:4180} INFO - Setting next_dagrun for example_subdag_operator.section-1 to None, run_after=None
[2025-01-27T00:30:16.663+0000] {logging_mixin.py:190} INFO - [2025-01-27T00:30:16.663+0000] {dag.py:4180} INFO - Setting next_dagrun for example_subdag_operator.section-2 to None, run_after=None
[2025-01-27T00:30:16.681+0000] {processor.py:208} INFO - Processing /home/airflow/.local/lib/python3.12/site-packages/airflow/example_dags/example_subdag_operator.py took 0.132 seconds
[2025-01-27T00:30:46.950+0000] {processor.py:186} INFO - Started process (PID=764) to work on /home/airflow/.local/lib/python3.12/site-packages/airflow/example_dags/example_subdag_operator.py
[2025-01-27T00:30:46.951+0000] {processor.py:914} INFO - Processing file /home/airflow/.local/lib/python3.12/site-packages/airflow/example_dags/example_subdag_operator.py for tasks to queue
[2025-01-27T00:30:46.954+0000] {logging_mixin.py:190} INFO - [2025-01-27T00:30:46.953+0000] {dagbag.py:588} INFO - Filling up the DagBag from /home/airflow/.local/lib/python3.12/site-packages/airflow/example_dags/example_subdag_operator.py
[2025-01-27T00:30:46.979+0000] {processor.py:925} INFO - DAG(s) 'example_subdag_operator.section-1', 'example_subdag_operator.section-2', 'example_subdag_operator' retrieved from /home/airflow/.local/lib/python3.12/site-packages/airflow/example_dags/example_subdag_operator.py
[2025-01-27T00:30:46.995+0000] {logging_mixin.py:190} INFO - [2025-01-27T00:30:46.995+0000] {dag.py:3239} INFO - Sync 3 DAGs
[2025-01-27T00:30:47.020+0000] {logging_mixin.py:190} INFO - [2025-01-27T00:30:47.020+0000] {dag.py:4180} INFO - Setting next_dagrun for example_subdag_operator to 2022-01-01 00:00:00+00:00, run_after=2022-01-01 00:00:00+00:00
[2025-01-27T00:30:47.025+0000] {logging_mixin.py:190} INFO - [2025-01-27T00:30:47.025+0000] {dag.py:4180} INFO - Setting next_dagrun for example_subdag_operator.section-1 to None, run_after=None
[2025-01-27T00:30:47.026+0000] {logging_mixin.py:190} INFO - [2025-01-27T00:30:47.026+0000] {dag.py:4180} INFO - Setting next_dagrun for example_subdag_operator.section-2 to None, run_after=None
[2025-01-27T00:30:47.036+0000] {logging_mixin.py:190} INFO - [2025-01-27T00:30:47.035+0000] {dag.py:3239} INFO - Sync 2 DAGs
[2025-01-27T00:30:47.043+0000] {logging_mixin.py:190} INFO - [2025-01-27T00:30:47.042+0000] {dag.py:4180} INFO - Setting next_dagrun for example_subdag_operator.section-1 to None, run_after=None
[2025-01-27T00:30:47.044+0000] {logging_mixin.py:190} INFO - [2025-01-27T00:30:47.044+0000] {dag.py:4180} INFO - Setting next_dagrun for example_subdag_operator.section-2 to None, run_after=None
[2025-01-27T00:30:47.058+0000] {processor.py:208} INFO - Processing /home/airflow/.local/lib/python3.12/site-packages/airflow/example_dags/example_subdag_operator.py took 0.114 seconds
[2025-01-27T00:31:17.614+0000] {processor.py:186} INFO - Started process (PID=827) to work on /home/airflow/.local/lib/python3.12/site-packages/airflow/example_dags/example_subdag_operator.py
[2025-01-27T00:31:17.615+0000] {processor.py:914} INFO - Processing file /home/airflow/.local/lib/python3.12/site-packages/airflow/example_dags/example_subdag_operator.py for tasks to queue
[2025-01-27T00:31:17.622+0000] {logging_mixin.py:190} INFO - [2025-01-27T00:31:17.621+0000] {dagbag.py:588} INFO - Filling up the DagBag from /home/airflow/.local/lib/python3.12/site-packages/airflow/example_dags/example_subdag_operator.py
[2025-01-27T00:31:17.658+0000] {processor.py:925} INFO - DAG(s) 'example_subdag_operator.section-1', 'example_subdag_operator.section-2', 'example_subdag_operator' retrieved from /home/airflow/.local/lib/python3.12/site-packages/airflow/example_dags/example_subdag_operator.py
[2025-01-27T00:31:17.681+0000] {logging_mixin.py:190} INFO - [2025-01-27T00:31:17.681+0000] {dag.py:3239} INFO - Sync 3 DAGs
[2025-01-27T00:31:17.712+0000] {logging_mixin.py:190} INFO - [2025-01-27T00:31:17.712+0000] {dag.py:4180} INFO - Setting next_dagrun for example_subdag_operator to 2022-01-01 00:00:00+00:00, run_after=2022-01-01 00:00:00+00:00
[2025-01-27T00:31:17.720+0000] {logging_mixin.py:190} INFO - [2025-01-27T00:31:17.719+0000] {dag.py:4180} INFO - Setting next_dagrun for example_subdag_operator.section-1 to None, run_after=None
[2025-01-27T00:31:17.722+0000] {logging_mixin.py:190} INFO - [2025-01-27T00:31:17.721+0000] {dag.py:4180} INFO - Setting next_dagrun for example_subdag_operator.section-2 to None, run_after=None
[2025-01-27T00:31:17.731+0000] {logging_mixin.py:190} INFO - [2025-01-27T00:31:17.730+0000] {dag.py:3239} INFO - Sync 2 DAGs
[2025-01-27T00:31:17.737+0000] {logging_mixin.py:190} INFO - [2025-01-27T00:31:17.737+0000] {dag.py:4180} INFO - Setting next_dagrun for example_subdag_operator.section-1 to None, run_after=None
[2025-01-27T00:31:17.738+0000] {logging_mixin.py:190} INFO - [2025-01-27T00:31:17.738+0000] {dag.py:4180} INFO - Setting next_dagrun for example_subdag_operator.section-2 to None, run_after=None
[2025-01-27T00:31:17.751+0000] {processor.py:208} INFO - Processing /home/airflow/.local/lib/python3.12/site-packages/airflow/example_dags/example_subdag_operator.py took 0.147 seconds
[2025-01-27T00:31:48.138+0000] {processor.py:186} INFO - Started process (PID=890) to work on /home/airflow/.local/lib/python3.12/site-packages/airflow/example_dags/example_subdag_operator.py
[2025-01-27T00:31:48.139+0000] {processor.py:914} INFO - Processing file /home/airflow/.local/lib/python3.12/site-packages/airflow/example_dags/example_subdag_operator.py for tasks to queue
[2025-01-27T00:31:48.142+0000] {logging_mixin.py:190} INFO - [2025-01-27T00:31:48.141+0000] {dagbag.py:588} INFO - Filling up the DagBag from /home/airflow/.local/lib/python3.12/site-packages/airflow/example_dags/example_subdag_operator.py
[2025-01-27T00:31:48.166+0000] {processor.py:925} INFO - DAG(s) 'example_subdag_operator.section-1', 'example_subdag_operator.section-2', 'example_subdag_operator' retrieved from /home/airflow/.local/lib/python3.12/site-packages/airflow/example_dags/example_subdag_operator.py
[2025-01-27T00:31:48.181+0000] {logging_mixin.py:190} INFO - [2025-01-27T00:31:48.181+0000] {dag.py:3239} INFO - Sync 3 DAGs
[2025-01-27T00:31:48.205+0000] {logging_mixin.py:190} INFO - [2025-01-27T00:31:48.204+0000] {dag.py:4180} INFO - Setting next_dagrun for example_subdag_operator to 2022-01-01 00:00:00+00:00, run_after=2022-01-01 00:00:00+00:00
[2025-01-27T00:31:48.209+0000] {logging_mixin.py:190} INFO - [2025-01-27T00:31:48.209+0000] {dag.py:4180} INFO - Setting next_dagrun for example_subdag_operator.section-1 to None, run_after=None
[2025-01-27T00:31:48.211+0000] {logging_mixin.py:190} INFO - [2025-01-27T00:31:48.211+0000] {dag.py:4180} INFO - Setting next_dagrun for example_subdag_operator.section-2 to None, run_after=None
[2025-01-27T00:31:48.219+0000] {logging_mixin.py:190} INFO - [2025-01-27T00:31:48.218+0000] {dag.py:3239} INFO - Sync 2 DAGs
[2025-01-27T00:31:48.224+0000] {logging_mixin.py:190} INFO - [2025-01-27T00:31:48.224+0000] {dag.py:4180} INFO - Setting next_dagrun for example_subdag_operator.section-1 to None, run_after=None
[2025-01-27T00:31:48.225+0000] {logging_mixin.py:190} INFO - [2025-01-27T00:31:48.225+0000] {dag.py:4180} INFO - Setting next_dagrun for example_subdag_operator.section-2 to None, run_after=None
[2025-01-27T00:31:48.236+0000] {processor.py:208} INFO - Processing /home/airflow/.local/lib/python3.12/site-packages/airflow/example_dags/example_subdag_operator.py took 0.104 seconds
[2025-01-27T00:32:19.171+0000] {processor.py:186} INFO - Started process (PID=953) to work on /home/airflow/.local/lib/python3.12/site-packages/airflow/example_dags/example_subdag_operator.py
[2025-01-27T00:32:19.172+0000] {processor.py:914} INFO - Processing file /home/airflow/.local/lib/python3.12/site-packages/airflow/example_dags/example_subdag_operator.py for tasks to queue
[2025-01-27T00:32:19.174+0000] {logging_mixin.py:190} INFO - [2025-01-27T00:32:19.174+0000] {dagbag.py:588} INFO - Filling up the DagBag from /home/airflow/.local/lib/python3.12/site-packages/airflow/example_dags/example_subdag_operator.py
[2025-01-27T00:32:19.214+0000] {processor.py:925} INFO - DAG(s) 'example_subdag_operator.section-1', 'example_subdag_operator.section-2', 'example_subdag_operator' retrieved from /home/airflow/.local/lib/python3.12/site-packages/airflow/example_dags/example_subdag_operator.py
[2025-01-27T00:32:19.236+0000] {logging_mixin.py:190} INFO - [2025-01-27T00:32:19.236+0000] {dag.py:3239} INFO - Sync 3 DAGs
[2025-01-27T00:32:19.262+0000] {logging_mixin.py:190} INFO - [2025-01-27T00:32:19.262+0000] {dag.py:4180} INFO - Setting next_dagrun for example_subdag_operator to 2022-01-01 00:00:00+00:00, run_after=2022-01-01 00:00:00+00:00
[2025-01-27T00:32:19.267+0000] {logging_mixin.py:190} INFO - [2025-01-27T00:32:19.267+0000] {dag.py:4180} INFO - Setting next_dagrun for example_subdag_operator.section-1 to None, run_after=None
[2025-01-27T00:32:19.269+0000] {logging_mixin.py:190} INFO - [2025-01-27T00:32:19.269+0000] {dag.py:4180} INFO - Setting next_dagrun for example_subdag_operator.section-2 to None, run_after=None
[2025-01-27T00:32:19.278+0000] {logging_mixin.py:190} INFO - [2025-01-27T00:32:19.278+0000] {dag.py:3239} INFO - Sync 2 DAGs
[2025-01-27T00:32:19.284+0000] {logging_mixin.py:190} INFO - [2025-01-27T00:32:19.284+0000] {dag.py:4180} INFO - Setting next_dagrun for example_subdag_operator.section-1 to None, run_after=None
[2025-01-27T00:32:19.285+0000] {logging_mixin.py:190} INFO - [2025-01-27T00:32:19.285+0000] {dag.py:4180} INFO - Setting next_dagrun for example_subdag_operator.section-2 to None, run_after=None
[2025-01-27T00:32:19.298+0000] {processor.py:208} INFO - Processing /home/airflow/.local/lib/python3.12/site-packages/airflow/example_dags/example_subdag_operator.py took 0.133 seconds
[2025-01-27T00:32:49.782+0000] {processor.py:186} INFO - Started process (PID=1016) to work on /home/airflow/.local/lib/python3.12/site-packages/airflow/example_dags/example_subdag_operator.py
[2025-01-27T00:32:49.783+0000] {processor.py:914} INFO - Processing file /home/airflow/.local/lib/python3.12/site-packages/airflow/example_dags/example_subdag_operator.py for tasks to queue
[2025-01-27T00:32:49.785+0000] {logging_mixin.py:190} INFO - [2025-01-27T00:32:49.785+0000] {dagbag.py:588} INFO - Filling up the DagBag from /home/airflow/.local/lib/python3.12/site-packages/airflow/example_dags/example_subdag_operator.py
[2025-01-27T00:32:49.810+0000] {processor.py:925} INFO - DAG(s) 'example_subdag_operator.section-1', 'example_subdag_operator.section-2', 'example_subdag_operator' retrieved from /home/airflow/.local/lib/python3.12/site-packages/airflow/example_dags/example_subdag_operator.py
[2025-01-27T00:32:49.826+0000] {logging_mixin.py:190} INFO - [2025-01-27T00:32:49.826+0000] {dag.py:3239} INFO - Sync 3 DAGs
[2025-01-27T00:32:49.849+0000] {logging_mixin.py:190} INFO - [2025-01-27T00:32:49.849+0000] {dag.py:4180} INFO - Setting next_dagrun for example_subdag_operator to 2022-01-01 00:00:00+00:00, run_after=2022-01-01 00:00:00+00:00
[2025-01-27T00:32:49.853+0000] {logging_mixin.py:190} INFO - [2025-01-27T00:32:49.853+0000] {dag.py:4180} INFO - Setting next_dagrun for example_subdag_operator.section-1 to None, run_after=None
[2025-01-27T00:32:49.854+0000] {logging_mixin.py:190} INFO - [2025-01-27T00:32:49.854+0000] {dag.py:4180} INFO - Setting next_dagrun for example_subdag_operator.section-2 to None, run_after=None
[2025-01-27T00:32:49.861+0000] {logging_mixin.py:190} INFO - [2025-01-27T00:32:49.861+0000] {dag.py:3239} INFO - Sync 2 DAGs
[2025-01-27T00:32:49.866+0000] {logging_mixin.py:190} INFO - [2025-01-27T00:32:49.866+0000] {dag.py:4180} INFO - Setting next_dagrun for example_subdag_operator.section-1 to None, run_after=None
[2025-01-27T00:32:49.867+0000] {logging_mixin.py:190} INFO - [2025-01-27T00:32:49.867+0000] {dag.py:4180} INFO - Setting next_dagrun for example_subdag_operator.section-2 to None, run_after=None
[2025-01-27T00:32:49.878+0000] {processor.py:208} INFO - Processing /home/airflow/.local/lib/python3.12/site-packages/airflow/example_dags/example_subdag_operator.py took 0.102 seconds
[2025-01-27T00:33:20.674+0000] {processor.py:186} INFO - Started process (PID=1079) to work on /home/airflow/.local/lib/python3.12/site-packages/airflow/example_dags/example_subdag_operator.py
[2025-01-27T00:33:20.676+0000] {processor.py:914} INFO - Processing file /home/airflow/.local/lib/python3.12/site-packages/airflow/example_dags/example_subdag_operator.py for tasks to queue
[2025-01-27T00:33:20.679+0000] {logging_mixin.py:190} INFO - [2025-01-27T00:33:20.678+0000] {dagbag.py:588} INFO - Filling up the DagBag from /home/airflow/.local/lib/python3.12/site-packages/airflow/example_dags/example_subdag_operator.py
[2025-01-27T00:33:20.715+0000] {processor.py:925} INFO - DAG(s) 'example_subdag_operator.section-1', 'example_subdag_operator.section-2', 'example_subdag_operator' retrieved from /home/airflow/.local/lib/python3.12/site-packages/airflow/example_dags/example_subdag_operator.py
[2025-01-27T00:33:20.739+0000] {logging_mixin.py:190} INFO - [2025-01-27T00:33:20.739+0000] {dag.py:3239} INFO - Sync 3 DAGs
[2025-01-27T00:33:20.778+0000] {logging_mixin.py:190} INFO - [2025-01-27T00:33:20.778+0000] {dag.py:4180} INFO - Setting next_dagrun for example_subdag_operator to 2022-01-01 00:00:00+00:00, run_after=2022-01-01 00:00:00+00:00
[2025-01-27T00:33:20.782+0000] {logging_mixin.py:190} INFO - [2025-01-27T00:33:20.782+0000] {dag.py:4180} INFO - Setting next_dagrun for example_subdag_operator.section-1 to None, run_after=None
[2025-01-27T00:33:20.784+0000] {logging_mixin.py:190} INFO - [2025-01-27T00:33:20.784+0000] {dag.py:4180} INFO - Setting next_dagrun for example_subdag_operator.section-2 to None, run_after=None
[2025-01-27T00:33:20.792+0000] {logging_mixin.py:190} INFO - [2025-01-27T00:33:20.792+0000] {dag.py:3239} INFO - Sync 2 DAGs
[2025-01-27T00:33:20.804+0000] {logging_mixin.py:190} INFO - [2025-01-27T00:33:20.803+0000] {dag.py:4180} INFO - Setting next_dagrun for example_subdag_operator.section-1 to None, run_after=None
[2025-01-27T00:33:20.806+0000] {logging_mixin.py:190} INFO - [2025-01-27T00:33:20.805+0000] {dag.py:4180} INFO - Setting next_dagrun for example_subdag_operator.section-2 to None, run_after=None
[2025-01-27T00:33:20.841+0000] {processor.py:208} INFO - Processing /home/airflow/.local/lib/python3.12/site-packages/airflow/example_dags/example_subdag_operator.py took 0.175 seconds
[2025-01-27T00:33:51.564+0000] {processor.py:186} INFO - Started process (PID=1142) to work on /home/airflow/.local/lib/python3.12/site-packages/airflow/example_dags/example_subdag_operator.py
[2025-01-27T00:33:51.565+0000] {processor.py:914} INFO - Processing file /home/airflow/.local/lib/python3.12/site-packages/airflow/example_dags/example_subdag_operator.py for tasks to queue
[2025-01-27T00:33:51.567+0000] {logging_mixin.py:190} INFO - [2025-01-27T00:33:51.566+0000] {dagbag.py:588} INFO - Filling up the DagBag from /home/airflow/.local/lib/python3.12/site-packages/airflow/example_dags/example_subdag_operator.py
[2025-01-27T00:33:51.591+0000] {processor.py:925} INFO - DAG(s) 'example_subdag_operator.section-1', 'example_subdag_operator.section-2', 'example_subdag_operator' retrieved from /home/airflow/.local/lib/python3.12/site-packages/airflow/example_dags/example_subdag_operator.py
[2025-01-27T00:33:51.606+0000] {logging_mixin.py:190} INFO - [2025-01-27T00:33:51.605+0000] {dag.py:3239} INFO - Sync 3 DAGs
[2025-01-27T00:33:51.628+0000] {logging_mixin.py:190} INFO - [2025-01-27T00:33:51.628+0000] {dag.py:4180} INFO - Setting next_dagrun for example_subdag_operator to 2022-01-01 00:00:00+00:00, run_after=2022-01-01 00:00:00+00:00
[2025-01-27T00:33:51.632+0000] {logging_mixin.py:190} INFO - [2025-01-27T00:33:51.632+0000] {dag.py:4180} INFO - Setting next_dagrun for example_subdag_operator.section-1 to None, run_after=None
[2025-01-27T00:33:51.633+0000] {logging_mixin.py:190} INFO - [2025-01-27T00:33:51.633+0000] {dag.py:4180} INFO - Setting next_dagrun for example_subdag_operator.section-2 to None, run_after=None
[2025-01-27T00:33:51.639+0000] {logging_mixin.py:190} INFO - [2025-01-27T00:33:51.639+0000] {dag.py:3239} INFO - Sync 2 DAGs
[2025-01-27T00:33:51.645+0000] {logging_mixin.py:190} INFO - [2025-01-27T00:33:51.645+0000] {dag.py:4180} INFO - Setting next_dagrun for example_subdag_operator.section-1 to None, run_after=None
[2025-01-27T00:33:51.646+0000] {logging_mixin.py:190} INFO - [2025-01-27T00:33:51.646+0000] {dag.py:4180} INFO - Setting next_dagrun for example_subdag_operator.section-2 to None, run_after=None
[2025-01-27T00:33:51.658+0000] {processor.py:208} INFO - Processing /home/airflow/.local/lib/python3.12/site-packages/airflow/example_dags/example_subdag_operator.py took 0.100 seconds
