[2025-01-27T00:25:29.858+0000] {processor.py:186} INFO - Started process (PID=114) to work on /home/airflow/.local/lib/python3.12/site-packages/airflow/example_dags/example_bash_decorator.py
[2025-01-27T00:25:29.859+0000] {processor.py:914} INFO - Processing file /home/airflow/.local/lib/python3.12/site-packages/airflow/example_dags/example_bash_decorator.py for tasks to queue
[2025-01-27T00:25:29.862+0000] {logging_mixin.py:190} INFO - [2025-01-27T00:25:29.862+0000] {dagbag.py:588} INFO - Filling up the DagBag from /home/airflow/.local/lib/python3.12/site-packages/airflow/example_dags/example_bash_decorator.py
[2025-01-27T00:25:29.881+0000] {processor.py:925} INFO - DAG(s) 'example_bash_decorator' retrieved from /home/airflow/.local/lib/python3.12/site-packages/airflow/example_dags/example_bash_decorator.py
[2025-01-27T00:25:30.034+0000] {logging_mixin.py:190} INFO - [2025-01-27T00:25:30.033+0000] {override.py:1911} INFO - Created Permission View: can read on DAG:example_bash_decorator
[2025-01-27T00:25:30.052+0000] {logging_mixin.py:190} INFO - [2025-01-27T00:25:30.051+0000] {override.py:1911} INFO - Created Permission View: can edit on DAG:example_bash_decorator
[2025-01-27T00:25:30.065+0000] {logging_mixin.py:190} INFO - [2025-01-27T00:25:30.065+0000] {override.py:1911} INFO - Created Permission View: can delete on DAG:example_bash_decorator
[2025-01-27T00:25:30.083+0000] {logging_mixin.py:190} INFO - [2025-01-27T00:25:30.083+0000] {override.py:1911} INFO - Created Permission View: can delete on DAG Run:example_bash_decorator
[2025-01-27T00:25:30.095+0000] {logging_mixin.py:190} INFO - [2025-01-27T00:25:30.095+0000] {override.py:1911} INFO - Created Permission View: menu access on DAG Run:example_bash_decorator
[2025-01-27T00:25:30.109+0000] {logging_mixin.py:190} INFO - [2025-01-27T00:25:30.108+0000] {override.py:1911} INFO - Created Permission View: can read on DAG Run:example_bash_decorator
[2025-01-27T00:25:30.122+0000] {logging_mixin.py:190} INFO - [2025-01-27T00:25:30.121+0000] {override.py:1911} INFO - Created Permission View: can create on DAG Run:example_bash_decorator
[2025-01-27T00:25:30.124+0000] {logging_mixin.py:190} INFO - [2025-01-27T00:25:30.123+0000] {dag.py:3239} INFO - Sync 1 DAGs
[2025-01-27T00:25:30.152+0000] {logging_mixin.py:190} INFO - [2025-01-27T00:25:30.151+0000] {dag.py:3262} INFO - Creating ORM DAG for example_bash_decorator
[2025-01-27T00:25:30.153+0000] {logging_mixin.py:190} INFO - [2025-01-27T00:25:30.153+0000] {dag.py:4180} INFO - Setting next_dagrun for example_bash_decorator to None, run_after=None
[2025-01-27T00:25:30.182+0000] {processor.py:208} INFO - Processing /home/airflow/.local/lib/python3.12/site-packages/airflow/example_dags/example_bash_decorator.py took 0.330 seconds
[2025-01-27T00:26:00.504+0000] {processor.py:186} INFO - Started process (PID=177) to work on /home/airflow/.local/lib/python3.12/site-packages/airflow/example_dags/example_bash_decorator.py
[2025-01-27T00:26:00.505+0000] {processor.py:914} INFO - Processing file /home/airflow/.local/lib/python3.12/site-packages/airflow/example_dags/example_bash_decorator.py for tasks to queue
[2025-01-27T00:26:00.510+0000] {logging_mixin.py:190} INFO - [2025-01-27T00:26:00.509+0000] {dagbag.py:588} INFO - Filling up the DagBag from /home/airflow/.local/lib/python3.12/site-packages/airflow/example_dags/example_bash_decorator.py
[2025-01-27T00:26:00.530+0000] {processor.py:925} INFO - DAG(s) 'example_bash_decorator' retrieved from /home/airflow/.local/lib/python3.12/site-packages/airflow/example_dags/example_bash_decorator.py
[2025-01-27T00:26:00.560+0000] {logging_mixin.py:190} INFO - [2025-01-27T00:26:00.560+0000] {dag.py:3239} INFO - Sync 1 DAGs
[2025-01-27T00:26:00.578+0000] {logging_mixin.py:190} INFO - [2025-01-27T00:26:00.578+0000] {dag.py:4180} INFO - Setting next_dagrun for example_bash_decorator to None, run_after=None
[2025-01-27T00:26:00.609+0000] {processor.py:208} INFO - Processing /home/airflow/.local/lib/python3.12/site-packages/airflow/example_dags/example_bash_decorator.py took 0.114 seconds
[2025-01-27T00:26:30.947+0000] {processor.py:186} INFO - Started process (PID=240) to work on /home/airflow/.local/lib/python3.12/site-packages/airflow/example_dags/example_bash_decorator.py
[2025-01-27T00:26:30.948+0000] {processor.py:914} INFO - Processing file /home/airflow/.local/lib/python3.12/site-packages/airflow/example_dags/example_bash_decorator.py for tasks to queue
[2025-01-27T00:26:30.951+0000] {logging_mixin.py:190} INFO - [2025-01-27T00:26:30.951+0000] {dagbag.py:588} INFO - Filling up the DagBag from /home/airflow/.local/lib/python3.12/site-packages/airflow/example_dags/example_bash_decorator.py
[2025-01-27T00:26:30.966+0000] {processor.py:925} INFO - DAG(s) 'example_bash_decorator' retrieved from /home/airflow/.local/lib/python3.12/site-packages/airflow/example_dags/example_bash_decorator.py
[2025-01-27T00:26:30.999+0000] {logging_mixin.py:190} INFO - [2025-01-27T00:26:30.999+0000] {dag.py:3239} INFO - Sync 1 DAGs
[2025-01-27T00:26:31.017+0000] {logging_mixin.py:190} INFO - [2025-01-27T00:26:31.017+0000] {dag.py:4180} INFO - Setting next_dagrun for example_bash_decorator to None, run_after=None
[2025-01-27T00:26:31.041+0000] {processor.py:208} INFO - Processing /home/airflow/.local/lib/python3.12/site-packages/airflow/example_dags/example_bash_decorator.py took 0.100 seconds
[2025-01-27T00:27:01.099+0000] {processor.py:186} INFO - Started process (PID=302) to work on /home/airflow/.local/lib/python3.12/site-packages/airflow/example_dags/example_bash_decorator.py
[2025-01-27T00:27:01.100+0000] {processor.py:914} INFO - Processing file /home/airflow/.local/lib/python3.12/site-packages/airflow/example_dags/example_bash_decorator.py for tasks to queue
[2025-01-27T00:27:01.103+0000] {logging_mixin.py:190} INFO - [2025-01-27T00:27:01.102+0000] {dagbag.py:588} INFO - Filling up the DagBag from /home/airflow/.local/lib/python3.12/site-packages/airflow/example_dags/example_bash_decorator.py
[2025-01-27T00:27:01.117+0000] {processor.py:925} INFO - DAG(s) 'example_bash_decorator' retrieved from /home/airflow/.local/lib/python3.12/site-packages/airflow/example_dags/example_bash_decorator.py
[2025-01-27T00:27:01.142+0000] {logging_mixin.py:190} INFO - [2025-01-27T00:27:01.142+0000] {dag.py:3239} INFO - Sync 1 DAGs
[2025-01-27T00:27:01.157+0000] {logging_mixin.py:190} INFO - [2025-01-27T00:27:01.157+0000] {dag.py:4180} INFO - Setting next_dagrun for example_bash_decorator to None, run_after=None
[2025-01-27T00:27:01.179+0000] {processor.py:208} INFO - Processing /home/airflow/.local/lib/python3.12/site-packages/airflow/example_dags/example_bash_decorator.py took 0.086 seconds
[2025-01-27T00:27:32.288+0000] {processor.py:186} INFO - Started process (PID=365) to work on /home/airflow/.local/lib/python3.12/site-packages/airflow/example_dags/example_bash_decorator.py
[2025-01-27T00:27:32.289+0000] {processor.py:914} INFO - Processing file /home/airflow/.local/lib/python3.12/site-packages/airflow/example_dags/example_bash_decorator.py for tasks to queue
[2025-01-27T00:27:32.291+0000] {logging_mixin.py:190} INFO - [2025-01-27T00:27:32.291+0000] {dagbag.py:588} INFO - Filling up the DagBag from /home/airflow/.local/lib/python3.12/site-packages/airflow/example_dags/example_bash_decorator.py
[2025-01-27T00:27:32.306+0000] {processor.py:925} INFO - DAG(s) 'example_bash_decorator' retrieved from /home/airflow/.local/lib/python3.12/site-packages/airflow/example_dags/example_bash_decorator.py
[2025-01-27T00:27:32.329+0000] {logging_mixin.py:190} INFO - [2025-01-27T00:27:32.329+0000] {dag.py:3239} INFO - Sync 1 DAGs
[2025-01-27T00:27:32.347+0000] {logging_mixin.py:190} INFO - [2025-01-27T00:27:32.347+0000] {dag.py:4180} INFO - Setting next_dagrun for example_bash_decorator to None, run_after=None
[2025-01-27T00:27:32.366+0000] {processor.py:208} INFO - Processing /home/airflow/.local/lib/python3.12/site-packages/airflow/example_dags/example_bash_decorator.py took 0.084 seconds
[2025-01-27T00:28:02.632+0000] {processor.py:186} INFO - Started process (PID=428) to work on /home/airflow/.local/lib/python3.12/site-packages/airflow/example_dags/example_bash_decorator.py
[2025-01-27T00:28:02.633+0000] {processor.py:914} INFO - Processing file /home/airflow/.local/lib/python3.12/site-packages/airflow/example_dags/example_bash_decorator.py for tasks to queue
[2025-01-27T00:28:02.635+0000] {logging_mixin.py:190} INFO - [2025-01-27T00:28:02.635+0000] {dagbag.py:588} INFO - Filling up the DagBag from /home/airflow/.local/lib/python3.12/site-packages/airflow/example_dags/example_bash_decorator.py
[2025-01-27T00:28:02.650+0000] {processor.py:925} INFO - DAG(s) 'example_bash_decorator' retrieved from /home/airflow/.local/lib/python3.12/site-packages/airflow/example_dags/example_bash_decorator.py
[2025-01-27T00:28:02.676+0000] {logging_mixin.py:190} INFO - [2025-01-27T00:28:02.675+0000] {dag.py:3239} INFO - Sync 1 DAGs
[2025-01-27T00:28:02.691+0000] {logging_mixin.py:190} INFO - [2025-01-27T00:28:02.691+0000] {dag.py:4180} INFO - Setting next_dagrun for example_bash_decorator to None, run_after=None
[2025-01-27T00:28:02.714+0000] {processor.py:208} INFO - Processing /home/airflow/.local/lib/python3.12/site-packages/airflow/example_dags/example_bash_decorator.py took 0.088 seconds
[2025-01-27T00:28:33.151+0000] {processor.py:186} INFO - Started process (PID=490) to work on /home/airflow/.local/lib/python3.12/site-packages/airflow/example_dags/example_bash_decorator.py
[2025-01-27T00:28:33.152+0000] {processor.py:914} INFO - Processing file /home/airflow/.local/lib/python3.12/site-packages/airflow/example_dags/example_bash_decorator.py for tasks to queue
[2025-01-27T00:28:33.154+0000] {logging_mixin.py:190} INFO - [2025-01-27T00:28:33.154+0000] {dagbag.py:588} INFO - Filling up the DagBag from /home/airflow/.local/lib/python3.12/site-packages/airflow/example_dags/example_bash_decorator.py
[2025-01-27T00:28:33.170+0000] {processor.py:925} INFO - DAG(s) 'example_bash_decorator' retrieved from /home/airflow/.local/lib/python3.12/site-packages/airflow/example_dags/example_bash_decorator.py
[2025-01-27T00:28:33.195+0000] {logging_mixin.py:190} INFO - [2025-01-27T00:28:33.195+0000] {dag.py:3239} INFO - Sync 1 DAGs
[2025-01-27T00:28:33.210+0000] {logging_mixin.py:190} INFO - [2025-01-27T00:28:33.210+0000] {dag.py:4180} INFO - Setting next_dagrun for example_bash_decorator to None, run_after=None
[2025-01-27T00:28:33.231+0000] {processor.py:208} INFO - Processing /home/airflow/.local/lib/python3.12/site-packages/airflow/example_dags/example_bash_decorator.py took 0.086 seconds
[2025-01-27T00:29:03.945+0000] {processor.py:186} INFO - Started process (PID=553) to work on /home/airflow/.local/lib/python3.12/site-packages/airflow/example_dags/example_bash_decorator.py
[2025-01-27T00:29:03.946+0000] {processor.py:914} INFO - Processing file /home/airflow/.local/lib/python3.12/site-packages/airflow/example_dags/example_bash_decorator.py for tasks to queue
[2025-01-27T00:29:03.948+0000] {logging_mixin.py:190} INFO - [2025-01-27T00:29:03.948+0000] {dagbag.py:588} INFO - Filling up the DagBag from /home/airflow/.local/lib/python3.12/site-packages/airflow/example_dags/example_bash_decorator.py
[2025-01-27T00:29:03.963+0000] {processor.py:925} INFO - DAG(s) 'example_bash_decorator' retrieved from /home/airflow/.local/lib/python3.12/site-packages/airflow/example_dags/example_bash_decorator.py
[2025-01-27T00:29:03.998+0000] {logging_mixin.py:190} INFO - [2025-01-27T00:29:03.997+0000] {dag.py:3239} INFO - Sync 1 DAGs
[2025-01-27T00:29:04.013+0000] {logging_mixin.py:190} INFO - [2025-01-27T00:29:04.013+0000] {dag.py:4180} INFO - Setting next_dagrun for example_bash_decorator to None, run_after=None
[2025-01-27T00:29:04.034+0000] {processor.py:208} INFO - Processing /home/airflow/.local/lib/python3.12/site-packages/airflow/example_dags/example_bash_decorator.py took 0.096 seconds
[2025-01-27T00:29:35.029+0000] {processor.py:186} INFO - Started process (PID=616) to work on /home/airflow/.local/lib/python3.12/site-packages/airflow/example_dags/example_bash_decorator.py
[2025-01-27T00:29:35.031+0000] {processor.py:914} INFO - Processing file /home/airflow/.local/lib/python3.12/site-packages/airflow/example_dags/example_bash_decorator.py for tasks to queue
[2025-01-27T00:29:35.033+0000] {logging_mixin.py:190} INFO - [2025-01-27T00:29:35.033+0000] {dagbag.py:588} INFO - Filling up the DagBag from /home/airflow/.local/lib/python3.12/site-packages/airflow/example_dags/example_bash_decorator.py
[2025-01-27T00:29:35.048+0000] {processor.py:925} INFO - DAG(s) 'example_bash_decorator' retrieved from /home/airflow/.local/lib/python3.12/site-packages/airflow/example_dags/example_bash_decorator.py
[2025-01-27T00:29:35.076+0000] {logging_mixin.py:190} INFO - [2025-01-27T00:29:35.075+0000] {dag.py:3239} INFO - Sync 1 DAGs
[2025-01-27T00:29:35.093+0000] {logging_mixin.py:190} INFO - [2025-01-27T00:29:35.093+0000] {dag.py:4180} INFO - Setting next_dagrun for example_bash_decorator to None, run_after=None
[2025-01-27T00:29:35.117+0000] {processor.py:208} INFO - Processing /home/airflow/.local/lib/python3.12/site-packages/airflow/example_dags/example_bash_decorator.py took 0.094 seconds
[2025-01-27T00:30:06.042+0000] {processor.py:186} INFO - Started process (PID=680) to work on /home/airflow/.local/lib/python3.12/site-packages/airflow/example_dags/example_bash_decorator.py
[2025-01-27T00:30:06.043+0000] {processor.py:914} INFO - Processing file /home/airflow/.local/lib/python3.12/site-packages/airflow/example_dags/example_bash_decorator.py for tasks to queue
[2025-01-27T00:30:06.046+0000] {logging_mixin.py:190} INFO - [2025-01-27T00:30:06.045+0000] {dagbag.py:588} INFO - Filling up the DagBag from /home/airflow/.local/lib/python3.12/site-packages/airflow/example_dags/example_bash_decorator.py
[2025-01-27T00:30:06.060+0000] {processor.py:925} INFO - DAG(s) 'example_bash_decorator' retrieved from /home/airflow/.local/lib/python3.12/site-packages/airflow/example_dags/example_bash_decorator.py
[2025-01-27T00:30:06.084+0000] {logging_mixin.py:190} INFO - [2025-01-27T00:30:06.084+0000] {dag.py:3239} INFO - Sync 1 DAGs
[2025-01-27T00:30:06.099+0000] {logging_mixin.py:190} INFO - [2025-01-27T00:30:06.099+0000] {dag.py:4180} INFO - Setting next_dagrun for example_bash_decorator to None, run_after=None
[2025-01-27T00:30:06.118+0000] {processor.py:208} INFO - Processing /home/airflow/.local/lib/python3.12/site-packages/airflow/example_dags/example_bash_decorator.py took 0.082 seconds
[2025-01-27T00:30:37.569+0000] {processor.py:186} INFO - Started process (PID=743) to work on /home/airflow/.local/lib/python3.12/site-packages/airflow/example_dags/example_bash_decorator.py
[2025-01-27T00:30:37.570+0000] {processor.py:914} INFO - Processing file /home/airflow/.local/lib/python3.12/site-packages/airflow/example_dags/example_bash_decorator.py for tasks to queue
[2025-01-27T00:30:37.572+0000] {logging_mixin.py:190} INFO - [2025-01-27T00:30:37.572+0000] {dagbag.py:588} INFO - Filling up the DagBag from /home/airflow/.local/lib/python3.12/site-packages/airflow/example_dags/example_bash_decorator.py
[2025-01-27T00:30:37.586+0000] {processor.py:925} INFO - DAG(s) 'example_bash_decorator' retrieved from /home/airflow/.local/lib/python3.12/site-packages/airflow/example_dags/example_bash_decorator.py
[2025-01-27T00:30:37.610+0000] {logging_mixin.py:190} INFO - [2025-01-27T00:30:37.610+0000] {dag.py:3239} INFO - Sync 1 DAGs
[2025-01-27T00:30:37.624+0000] {logging_mixin.py:190} INFO - [2025-01-27T00:30:37.624+0000] {dag.py:4180} INFO - Setting next_dagrun for example_bash_decorator to None, run_after=None
[2025-01-27T00:30:37.643+0000] {processor.py:208} INFO - Processing /home/airflow/.local/lib/python3.12/site-packages/airflow/example_dags/example_bash_decorator.py took 0.079 seconds
[2025-01-27T00:31:09.047+0000] {processor.py:186} INFO - Started process (PID=806) to work on /home/airflow/.local/lib/python3.12/site-packages/airflow/example_dags/example_bash_decorator.py
[2025-01-27T00:31:09.048+0000] {processor.py:914} INFO - Processing file /home/airflow/.local/lib/python3.12/site-packages/airflow/example_dags/example_bash_decorator.py for tasks to queue
[2025-01-27T00:31:09.051+0000] {logging_mixin.py:190} INFO - [2025-01-27T00:31:09.050+0000] {dagbag.py:588} INFO - Filling up the DagBag from /home/airflow/.local/lib/python3.12/site-packages/airflow/example_dags/example_bash_decorator.py
[2025-01-27T00:31:09.067+0000] {processor.py:925} INFO - DAG(s) 'example_bash_decorator' retrieved from /home/airflow/.local/lib/python3.12/site-packages/airflow/example_dags/example_bash_decorator.py
[2025-01-27T00:31:09.094+0000] {logging_mixin.py:190} INFO - [2025-01-27T00:31:09.093+0000] {dag.py:3239} INFO - Sync 1 DAGs
[2025-01-27T00:31:09.110+0000] {logging_mixin.py:190} INFO - [2025-01-27T00:31:09.109+0000] {dag.py:4180} INFO - Setting next_dagrun for example_bash_decorator to None, run_after=None
[2025-01-27T00:31:09.131+0000] {processor.py:208} INFO - Processing /home/airflow/.local/lib/python3.12/site-packages/airflow/example_dags/example_bash_decorator.py took 0.089 seconds
[2025-01-27T00:31:39.747+0000] {processor.py:186} INFO - Started process (PID=869) to work on /home/airflow/.local/lib/python3.12/site-packages/airflow/example_dags/example_bash_decorator.py
[2025-01-27T00:31:39.748+0000] {processor.py:914} INFO - Processing file /home/airflow/.local/lib/python3.12/site-packages/airflow/example_dags/example_bash_decorator.py for tasks to queue
[2025-01-27T00:31:39.750+0000] {logging_mixin.py:190} INFO - [2025-01-27T00:31:39.750+0000] {dagbag.py:588} INFO - Filling up the DagBag from /home/airflow/.local/lib/python3.12/site-packages/airflow/example_dags/example_bash_decorator.py
[2025-01-27T00:31:39.766+0000] {processor.py:925} INFO - DAG(s) 'example_bash_decorator' retrieved from /home/airflow/.local/lib/python3.12/site-packages/airflow/example_dags/example_bash_decorator.py
[2025-01-27T00:31:39.791+0000] {logging_mixin.py:190} INFO - [2025-01-27T00:31:39.790+0000] {dag.py:3239} INFO - Sync 1 DAGs
[2025-01-27T00:31:39.805+0000] {logging_mixin.py:190} INFO - [2025-01-27T00:31:39.805+0000] {dag.py:4180} INFO - Setting next_dagrun for example_bash_decorator to None, run_after=None
[2025-01-27T00:31:39.824+0000] {processor.py:208} INFO - Processing /home/airflow/.local/lib/python3.12/site-packages/airflow/example_dags/example_bash_decorator.py took 0.083 seconds
[2025-01-27T00:32:11.676+0000] {processor.py:186} INFO - Started process (PID=932) to work on /home/airflow/.local/lib/python3.12/site-packages/airflow/example_dags/example_bash_decorator.py
[2025-01-27T00:32:11.677+0000] {processor.py:914} INFO - Processing file /home/airflow/.local/lib/python3.12/site-packages/airflow/example_dags/example_bash_decorator.py for tasks to queue
[2025-01-27T00:32:11.679+0000] {logging_mixin.py:190} INFO - [2025-01-27T00:32:11.679+0000] {dagbag.py:588} INFO - Filling up the DagBag from /home/airflow/.local/lib/python3.12/site-packages/airflow/example_dags/example_bash_decorator.py
[2025-01-27T00:32:11.695+0000] {processor.py:925} INFO - DAG(s) 'example_bash_decorator' retrieved from /home/airflow/.local/lib/python3.12/site-packages/airflow/example_dags/example_bash_decorator.py
[2025-01-27T00:32:11.720+0000] {logging_mixin.py:190} INFO - [2025-01-27T00:32:11.720+0000] {dag.py:3239} INFO - Sync 1 DAGs
[2025-01-27T00:32:11.737+0000] {logging_mixin.py:190} INFO - [2025-01-27T00:32:11.736+0000] {dag.py:4180} INFO - Setting next_dagrun for example_bash_decorator to None, run_after=None
[2025-01-27T00:32:11.759+0000] {processor.py:208} INFO - Processing /home/airflow/.local/lib/python3.12/site-packages/airflow/example_dags/example_bash_decorator.py took 0.089 seconds
[2025-01-27T00:32:42.319+0000] {processor.py:186} INFO - Started process (PID=995) to work on /home/airflow/.local/lib/python3.12/site-packages/airflow/example_dags/example_bash_decorator.py
[2025-01-27T00:32:42.320+0000] {processor.py:914} INFO - Processing file /home/airflow/.local/lib/python3.12/site-packages/airflow/example_dags/example_bash_decorator.py for tasks to queue
[2025-01-27T00:32:42.322+0000] {logging_mixin.py:190} INFO - [2025-01-27T00:32:42.322+0000] {dagbag.py:588} INFO - Filling up the DagBag from /home/airflow/.local/lib/python3.12/site-packages/airflow/example_dags/example_bash_decorator.py
[2025-01-27T00:32:42.336+0000] {processor.py:925} INFO - DAG(s) 'example_bash_decorator' retrieved from /home/airflow/.local/lib/python3.12/site-packages/airflow/example_dags/example_bash_decorator.py
[2025-01-27T00:32:42.359+0000] {logging_mixin.py:190} INFO - [2025-01-27T00:32:42.359+0000] {dag.py:3239} INFO - Sync 1 DAGs
[2025-01-27T00:32:42.375+0000] {logging_mixin.py:190} INFO - [2025-01-27T00:32:42.375+0000] {dag.py:4180} INFO - Setting next_dagrun for example_bash_decorator to None, run_after=None
[2025-01-27T00:32:42.394+0000] {processor.py:208} INFO - Processing /home/airflow/.local/lib/python3.12/site-packages/airflow/example_dags/example_bash_decorator.py took 0.081 seconds
[2025-01-27T00:33:13.890+0000] {processor.py:186} INFO - Started process (PID=1058) to work on /home/airflow/.local/lib/python3.12/site-packages/airflow/example_dags/example_bash_decorator.py
[2025-01-27T00:33:13.891+0000] {processor.py:914} INFO - Processing file /home/airflow/.local/lib/python3.12/site-packages/airflow/example_dags/example_bash_decorator.py for tasks to queue
[2025-01-27T00:33:13.894+0000] {logging_mixin.py:190} INFO - [2025-01-27T00:33:13.893+0000] {dagbag.py:588} INFO - Filling up the DagBag from /home/airflow/.local/lib/python3.12/site-packages/airflow/example_dags/example_bash_decorator.py
[2025-01-27T00:33:13.911+0000] {processor.py:925} INFO - DAG(s) 'example_bash_decorator' retrieved from /home/airflow/.local/lib/python3.12/site-packages/airflow/example_dags/example_bash_decorator.py
[2025-01-27T00:33:13.935+0000] {logging_mixin.py:190} INFO - [2025-01-27T00:33:13.935+0000] {dag.py:3239} INFO - Sync 1 DAGs
[2025-01-27T00:33:13.951+0000] {logging_mixin.py:190} INFO - [2025-01-27T00:33:13.951+0000] {dag.py:4180} INFO - Setting next_dagrun for example_bash_decorator to None, run_after=None
[2025-01-27T00:33:13.971+0000] {processor.py:208} INFO - Processing /home/airflow/.local/lib/python3.12/site-packages/airflow/example_dags/example_bash_decorator.py took 0.088 seconds
[2025-01-27T00:33:44.915+0000] {processor.py:186} INFO - Started process (PID=1121) to work on /home/airflow/.local/lib/python3.12/site-packages/airflow/example_dags/example_bash_decorator.py
[2025-01-27T00:33:44.916+0000] {processor.py:914} INFO - Processing file /home/airflow/.local/lib/python3.12/site-packages/airflow/example_dags/example_bash_decorator.py for tasks to queue
[2025-01-27T00:33:44.919+0000] {logging_mixin.py:190} INFO - [2025-01-27T00:33:44.919+0000] {dagbag.py:588} INFO - Filling up the DagBag from /home/airflow/.local/lib/python3.12/site-packages/airflow/example_dags/example_bash_decorator.py
[2025-01-27T00:33:44.944+0000] {processor.py:925} INFO - DAG(s) 'example_bash_decorator' retrieved from /home/airflow/.local/lib/python3.12/site-packages/airflow/example_dags/example_bash_decorator.py
[2025-01-27T00:33:44.978+0000] {logging_mixin.py:190} INFO - [2025-01-27T00:33:44.977+0000] {dag.py:3239} INFO - Sync 1 DAGs
[2025-01-27T00:33:44.996+0000] {logging_mixin.py:190} INFO - [2025-01-27T00:33:44.996+0000] {dag.py:4180} INFO - Setting next_dagrun for example_bash_decorator to None, run_after=None
[2025-01-27T00:33:45.019+0000] {processor.py:208} INFO - Processing /home/airflow/.local/lib/python3.12/site-packages/airflow/example_dags/example_bash_decorator.py took 0.110 seconds
[2025-01-27T00:34:16.748+0000] {processor.py:186} INFO - Started process (PID=1184) to work on /home/airflow/.local/lib/python3.12/site-packages/airflow/example_dags/example_bash_decorator.py
[2025-01-27T00:34:16.750+0000] {processor.py:914} INFO - Processing file /home/airflow/.local/lib/python3.12/site-packages/airflow/example_dags/example_bash_decorator.py for tasks to queue
[2025-01-27T00:34:16.753+0000] {logging_mixin.py:190} INFO - [2025-01-27T00:34:16.753+0000] {dagbag.py:588} INFO - Filling up the DagBag from /home/airflow/.local/lib/python3.12/site-packages/airflow/example_dags/example_bash_decorator.py
[2025-01-27T00:34:16.771+0000] {processor.py:925} INFO - DAG(s) 'example_bash_decorator' retrieved from /home/airflow/.local/lib/python3.12/site-packages/airflow/example_dags/example_bash_decorator.py
[2025-01-27T00:34:16.799+0000] {logging_mixin.py:190} INFO - [2025-01-27T00:34:16.798+0000] {dag.py:3239} INFO - Sync 1 DAGs
[2025-01-27T00:34:16.819+0000] {logging_mixin.py:190} INFO - [2025-01-27T00:34:16.819+0000] {dag.py:4180} INFO - Setting next_dagrun for example_bash_decorator to None, run_after=None
[2025-01-27T00:34:16.851+0000] {processor.py:208} INFO - Processing /home/airflow/.local/lib/python3.12/site-packages/airflow/example_dags/example_bash_decorator.py took 0.111 seconds
