[2025-01-27T00:25:23.723+0000] {processor.py:186} INFO - Started process (PID=89) to work on /home/airflow/.local/lib/python3.12/site-packages/airflow/example_dags/example_display_name.py
[2025-01-27T00:25:23.724+0000] {processor.py:914} INFO - Processing file /home/airflow/.local/lib/python3.12/site-packages/airflow/example_dags/example_display_name.py for tasks to queue
[2025-01-27T00:25:23.726+0000] {logging_mixin.py:190} INFO - [2025-01-27T00:25:23.726+0000] {dagbag.py:588} INFO - Filling up the DagBag from /home/airflow/.local/lib/python3.12/site-packages/airflow/example_dags/example_display_name.py
[2025-01-27T00:25:23.737+0000] {processor.py:925} INFO - DAG(s) 'example_display_name' retrieved from /home/airflow/.local/lib/python3.12/site-packages/airflow/example_dags/example_display_name.py
[2025-01-27T00:25:23.859+0000] {logging_mixin.py:190} INFO - [2025-01-27T00:25:23.858+0000] {override.py:1911} INFO - Created Permission View: can read on DAG:example_display_name
[2025-01-27T00:25:23.871+0000] {logging_mixin.py:190} INFO - [2025-01-27T00:25:23.871+0000] {override.py:1911} INFO - Created Permission View: can edit on DAG:example_display_name
[2025-01-27T00:25:23.882+0000] {logging_mixin.py:190} INFO - [2025-01-27T00:25:23.881+0000] {override.py:1911} INFO - Created Permission View: can delete on DAG:example_display_name
[2025-01-27T00:25:23.895+0000] {logging_mixin.py:190} INFO - [2025-01-27T00:25:23.895+0000] {override.py:1911} INFO - Created Permission View: can delete on DAG Run:example_display_name
[2025-01-27T00:25:23.904+0000] {logging_mixin.py:190} INFO - [2025-01-27T00:25:23.904+0000] {override.py:1911} INFO - Created Permission View: menu access on DAG Run:example_display_name
[2025-01-27T00:25:23.914+0000] {logging_mixin.py:190} INFO - [2025-01-27T00:25:23.913+0000] {override.py:1911} INFO - Created Permission View: can read on DAG Run:example_display_name
[2025-01-27T00:25:23.922+0000] {logging_mixin.py:190} INFO - [2025-01-27T00:25:23.922+0000] {override.py:1911} INFO - Created Permission View: can create on DAG Run:example_display_name
[2025-01-27T00:25:23.923+0000] {logging_mixin.py:190} INFO - [2025-01-27T00:25:23.923+0000] {dag.py:3239} INFO - Sync 1 DAGs
[2025-01-27T00:25:23.936+0000] {logging_mixin.py:190} INFO - [2025-01-27T00:25:23.935+0000] {dag.py:3262} INFO - Creating ORM DAG for example_display_name
[2025-01-27T00:25:23.936+0000] {logging_mixin.py:190} INFO - [2025-01-27T00:25:23.936+0000] {dag.py:4180} INFO - Setting next_dagrun for example_display_name to None, run_after=None
[2025-01-27T00:25:23.955+0000] {processor.py:208} INFO - Processing /home/airflow/.local/lib/python3.12/site-packages/airflow/example_dags/example_display_name.py took 0.239 seconds
[2025-01-27T00:25:54.908+0000] {processor.py:186} INFO - Started process (PID=152) to work on /home/airflow/.local/lib/python3.12/site-packages/airflow/example_dags/example_display_name.py
[2025-01-27T00:25:54.909+0000] {processor.py:914} INFO - Processing file /home/airflow/.local/lib/python3.12/site-packages/airflow/example_dags/example_display_name.py for tasks to queue
[2025-01-27T00:25:54.911+0000] {logging_mixin.py:190} INFO - [2025-01-27T00:25:54.911+0000] {dagbag.py:588} INFO - Filling up the DagBag from /home/airflow/.local/lib/python3.12/site-packages/airflow/example_dags/example_display_name.py
[2025-01-27T00:25:54.918+0000] {processor.py:925} INFO - DAG(s) 'example_display_name' retrieved from /home/airflow/.local/lib/python3.12/site-packages/airflow/example_dags/example_display_name.py
[2025-01-27T00:25:54.937+0000] {logging_mixin.py:190} INFO - [2025-01-27T00:25:54.937+0000] {dag.py:3239} INFO - Sync 1 DAGs
[2025-01-27T00:25:54.953+0000] {logging_mixin.py:190} INFO - [2025-01-27T00:25:54.952+0000] {dag.py:4180} INFO - Setting next_dagrun for example_display_name to None, run_after=None
[2025-01-27T00:25:54.978+0000] {processor.py:208} INFO - Processing /home/airflow/.local/lib/python3.12/site-packages/airflow/example_dags/example_display_name.py took 0.075 seconds
[2025-01-27T00:26:25.568+0000] {processor.py:186} INFO - Started process (PID=214) to work on /home/airflow/.local/lib/python3.12/site-packages/airflow/example_dags/example_display_name.py
[2025-01-27T00:26:25.569+0000] {processor.py:914} INFO - Processing file /home/airflow/.local/lib/python3.12/site-packages/airflow/example_dags/example_display_name.py for tasks to queue
[2025-01-27T00:26:25.571+0000] {logging_mixin.py:190} INFO - [2025-01-27T00:26:25.571+0000] {dagbag.py:588} INFO - Filling up the DagBag from /home/airflow/.local/lib/python3.12/site-packages/airflow/example_dags/example_display_name.py
[2025-01-27T00:26:25.578+0000] {processor.py:925} INFO - DAG(s) 'example_display_name' retrieved from /home/airflow/.local/lib/python3.12/site-packages/airflow/example_dags/example_display_name.py
[2025-01-27T00:26:25.597+0000] {logging_mixin.py:190} INFO - [2025-01-27T00:26:25.597+0000] {dag.py:3239} INFO - Sync 1 DAGs
[2025-01-27T00:26:25.612+0000] {logging_mixin.py:190} INFO - [2025-01-27T00:26:25.611+0000] {dag.py:4180} INFO - Setting next_dagrun for example_display_name to None, run_after=None
[2025-01-27T00:26:25.633+0000] {processor.py:208} INFO - Processing /home/airflow/.local/lib/python3.12/site-packages/airflow/example_dags/example_display_name.py took 0.072 seconds
[2025-01-27T00:26:56.140+0000] {processor.py:186} INFO - Started process (PID=277) to work on /home/airflow/.local/lib/python3.12/site-packages/airflow/example_dags/example_display_name.py
[2025-01-27T00:26:56.141+0000] {processor.py:914} INFO - Processing file /home/airflow/.local/lib/python3.12/site-packages/airflow/example_dags/example_display_name.py for tasks to queue
[2025-01-27T00:26:56.144+0000] {logging_mixin.py:190} INFO - [2025-01-27T00:26:56.143+0000] {dagbag.py:588} INFO - Filling up the DagBag from /home/airflow/.local/lib/python3.12/site-packages/airflow/example_dags/example_display_name.py
[2025-01-27T00:26:56.152+0000] {processor.py:925} INFO - DAG(s) 'example_display_name' retrieved from /home/airflow/.local/lib/python3.12/site-packages/airflow/example_dags/example_display_name.py
[2025-01-27T00:26:56.172+0000] {logging_mixin.py:190} INFO - [2025-01-27T00:26:56.172+0000] {dag.py:3239} INFO - Sync 1 DAGs
[2025-01-27T00:26:56.187+0000] {logging_mixin.py:190} INFO - [2025-01-27T00:26:56.187+0000] {dag.py:4180} INFO - Setting next_dagrun for example_display_name to None, run_after=None
[2025-01-27T00:26:56.206+0000] {processor.py:208} INFO - Processing /home/airflow/.local/lib/python3.12/site-packages/airflow/example_dags/example_display_name.py took 0.073 seconds
[2025-01-27T00:27:27.883+0000] {processor.py:186} INFO - Started process (PID=340) to work on /home/airflow/.local/lib/python3.12/site-packages/airflow/example_dags/example_display_name.py
[2025-01-27T00:27:27.884+0000] {processor.py:914} INFO - Processing file /home/airflow/.local/lib/python3.12/site-packages/airflow/example_dags/example_display_name.py for tasks to queue
[2025-01-27T00:27:27.886+0000] {logging_mixin.py:190} INFO - [2025-01-27T00:27:27.886+0000] {dagbag.py:588} INFO - Filling up the DagBag from /home/airflow/.local/lib/python3.12/site-packages/airflow/example_dags/example_display_name.py
[2025-01-27T00:27:27.894+0000] {processor.py:925} INFO - DAG(s) 'example_display_name' retrieved from /home/airflow/.local/lib/python3.12/site-packages/airflow/example_dags/example_display_name.py
[2025-01-27T00:27:27.913+0000] {logging_mixin.py:190} INFO - [2025-01-27T00:27:27.913+0000] {dag.py:3239} INFO - Sync 1 DAGs
[2025-01-27T00:27:27.927+0000] {logging_mixin.py:190} INFO - [2025-01-27T00:27:27.927+0000] {dag.py:4180} INFO - Setting next_dagrun for example_display_name to None, run_after=None
[2025-01-27T00:27:27.947+0000] {processor.py:208} INFO - Processing /home/airflow/.local/lib/python3.12/site-packages/airflow/example_dags/example_display_name.py took 0.070 seconds
[2025-01-27T00:27:59.390+0000] {processor.py:186} INFO - Started process (PID=403) to work on /home/airflow/.local/lib/python3.12/site-packages/airflow/example_dags/example_display_name.py
[2025-01-27T00:27:59.391+0000] {processor.py:914} INFO - Processing file /home/airflow/.local/lib/python3.12/site-packages/airflow/example_dags/example_display_name.py for tasks to queue
[2025-01-27T00:27:59.394+0000] {logging_mixin.py:190} INFO - [2025-01-27T00:27:59.393+0000] {dagbag.py:588} INFO - Filling up the DagBag from /home/airflow/.local/lib/python3.12/site-packages/airflow/example_dags/example_display_name.py
[2025-01-27T00:27:59.407+0000] {processor.py:925} INFO - DAG(s) 'example_display_name' retrieved from /home/airflow/.local/lib/python3.12/site-packages/airflow/example_dags/example_display_name.py
[2025-01-27T00:27:59.430+0000] {logging_mixin.py:190} INFO - [2025-01-27T00:27:59.429+0000] {dag.py:3239} INFO - Sync 1 DAGs
[2025-01-27T00:27:59.447+0000] {logging_mixin.py:190} INFO - [2025-01-27T00:27:59.447+0000] {dag.py:4180} INFO - Setting next_dagrun for example_display_name to None, run_after=None
[2025-01-27T00:27:59.471+0000] {processor.py:208} INFO - Processing /home/airflow/.local/lib/python3.12/site-packages/airflow/example_dags/example_display_name.py took 0.087 seconds
[2025-01-27T00:28:30.414+0000] {processor.py:186} INFO - Started process (PID=466) to work on /home/airflow/.local/lib/python3.12/site-packages/airflow/example_dags/example_display_name.py
[2025-01-27T00:28:30.415+0000] {processor.py:914} INFO - Processing file /home/airflow/.local/lib/python3.12/site-packages/airflow/example_dags/example_display_name.py for tasks to queue
[2025-01-27T00:28:30.418+0000] {logging_mixin.py:190} INFO - [2025-01-27T00:28:30.417+0000] {dagbag.py:588} INFO - Filling up the DagBag from /home/airflow/.local/lib/python3.12/site-packages/airflow/example_dags/example_display_name.py
[2025-01-27T00:28:30.427+0000] {processor.py:925} INFO - DAG(s) 'example_display_name' retrieved from /home/airflow/.local/lib/python3.12/site-packages/airflow/example_dags/example_display_name.py
[2025-01-27T00:28:30.453+0000] {logging_mixin.py:190} INFO - [2025-01-27T00:28:30.452+0000] {dag.py:3239} INFO - Sync 1 DAGs
[2025-01-27T00:28:30.472+0000] {logging_mixin.py:190} INFO - [2025-01-27T00:28:30.471+0000] {dag.py:4180} INFO - Setting next_dagrun for example_display_name to None, run_after=None
[2025-01-27T00:28:30.498+0000] {processor.py:208} INFO - Processing /home/airflow/.local/lib/python3.12/site-packages/airflow/example_dags/example_display_name.py took 0.091 seconds
[2025-01-27T00:29:01.624+0000] {processor.py:186} INFO - Started process (PID=529) to work on /home/airflow/.local/lib/python3.12/site-packages/airflow/example_dags/example_display_name.py
[2025-01-27T00:29:01.625+0000] {processor.py:914} INFO - Processing file /home/airflow/.local/lib/python3.12/site-packages/airflow/example_dags/example_display_name.py for tasks to queue
[2025-01-27T00:29:01.627+0000] {logging_mixin.py:190} INFO - [2025-01-27T00:29:01.627+0000] {dagbag.py:588} INFO - Filling up the DagBag from /home/airflow/.local/lib/python3.12/site-packages/airflow/example_dags/example_display_name.py
[2025-01-27T00:29:01.635+0000] {processor.py:925} INFO - DAG(s) 'example_display_name' retrieved from /home/airflow/.local/lib/python3.12/site-packages/airflow/example_dags/example_display_name.py
[2025-01-27T00:29:01.655+0000] {logging_mixin.py:190} INFO - [2025-01-27T00:29:01.655+0000] {dag.py:3239} INFO - Sync 1 DAGs
[2025-01-27T00:29:01.673+0000] {logging_mixin.py:190} INFO - [2025-01-27T00:29:01.673+0000] {dag.py:4180} INFO - Setting next_dagrun for example_display_name to None, run_after=None
[2025-01-27T00:29:01.696+0000] {processor.py:208} INFO - Processing /home/airflow/.local/lib/python3.12/site-packages/airflow/example_dags/example_display_name.py took 0.078 seconds
[2025-01-27T00:29:33.025+0000] {processor.py:186} INFO - Started process (PID=592) to work on /home/airflow/.local/lib/python3.12/site-packages/airflow/example_dags/example_display_name.py
[2025-01-27T00:29:33.026+0000] {processor.py:914} INFO - Processing file /home/airflow/.local/lib/python3.12/site-packages/airflow/example_dags/example_display_name.py for tasks to queue
[2025-01-27T00:29:33.028+0000] {logging_mixin.py:190} INFO - [2025-01-27T00:29:33.028+0000] {dagbag.py:588} INFO - Filling up the DagBag from /home/airflow/.local/lib/python3.12/site-packages/airflow/example_dags/example_display_name.py
[2025-01-27T00:29:33.037+0000] {processor.py:925} INFO - DAG(s) 'example_display_name' retrieved from /home/airflow/.local/lib/python3.12/site-packages/airflow/example_dags/example_display_name.py
[2025-01-27T00:29:33.058+0000] {logging_mixin.py:190} INFO - [2025-01-27T00:29:33.057+0000] {dag.py:3239} INFO - Sync 1 DAGs
[2025-01-27T00:29:33.074+0000] {logging_mixin.py:190} INFO - [2025-01-27T00:29:33.074+0000] {dag.py:4180} INFO - Setting next_dagrun for example_display_name to None, run_after=None
[2025-01-27T00:29:33.097+0000] {processor.py:208} INFO - Processing /home/airflow/.local/lib/python3.12/site-packages/airflow/example_dags/example_display_name.py took 0.079 seconds
[2025-01-27T00:30:03.947+0000] {processor.py:186} INFO - Started process (PID=656) to work on /home/airflow/.local/lib/python3.12/site-packages/airflow/example_dags/example_display_name.py
[2025-01-27T00:30:03.948+0000] {processor.py:914} INFO - Processing file /home/airflow/.local/lib/python3.12/site-packages/airflow/example_dags/example_display_name.py for tasks to queue
[2025-01-27T00:30:03.950+0000] {logging_mixin.py:190} INFO - [2025-01-27T00:30:03.950+0000] {dagbag.py:588} INFO - Filling up the DagBag from /home/airflow/.local/lib/python3.12/site-packages/airflow/example_dags/example_display_name.py
[2025-01-27T00:30:03.958+0000] {processor.py:925} INFO - DAG(s) 'example_display_name' retrieved from /home/airflow/.local/lib/python3.12/site-packages/airflow/example_dags/example_display_name.py
[2025-01-27T00:30:03.977+0000] {logging_mixin.py:190} INFO - [2025-01-27T00:30:03.977+0000] {dag.py:3239} INFO - Sync 1 DAGs
[2025-01-27T00:30:03.992+0000] {logging_mixin.py:190} INFO - [2025-01-27T00:30:03.992+0000] {dag.py:4180} INFO - Setting next_dagrun for example_display_name to None, run_after=None
[2025-01-27T00:30:04.012+0000] {processor.py:208} INFO - Processing /home/airflow/.local/lib/python3.12/site-packages/airflow/example_dags/example_display_name.py took 0.072 seconds
[2025-01-27T00:30:35.814+0000] {processor.py:186} INFO - Started process (PID=719) to work on /home/airflow/.local/lib/python3.12/site-packages/airflow/example_dags/example_display_name.py
[2025-01-27T00:30:35.815+0000] {processor.py:914} INFO - Processing file /home/airflow/.local/lib/python3.12/site-packages/airflow/example_dags/example_display_name.py for tasks to queue
[2025-01-27T00:30:35.817+0000] {logging_mixin.py:190} INFO - [2025-01-27T00:30:35.817+0000] {dagbag.py:588} INFO - Filling up the DagBag from /home/airflow/.local/lib/python3.12/site-packages/airflow/example_dags/example_display_name.py
[2025-01-27T00:30:35.829+0000] {processor.py:925} INFO - DAG(s) 'example_display_name' retrieved from /home/airflow/.local/lib/python3.12/site-packages/airflow/example_dags/example_display_name.py
[2025-01-27T00:30:35.849+0000] {logging_mixin.py:190} INFO - [2025-01-27T00:30:35.849+0000] {dag.py:3239} INFO - Sync 1 DAGs
[2025-01-27T00:30:35.865+0000] {logging_mixin.py:190} INFO - [2025-01-27T00:30:35.864+0000] {dag.py:4180} INFO - Setting next_dagrun for example_display_name to None, run_after=None
[2025-01-27T00:30:35.883+0000] {processor.py:208} INFO - Processing /home/airflow/.local/lib/python3.12/site-packages/airflow/example_dags/example_display_name.py took 0.076 seconds
[2025-01-27T00:31:07.260+0000] {processor.py:186} INFO - Started process (PID=782) to work on /home/airflow/.local/lib/python3.12/site-packages/airflow/example_dags/example_display_name.py
[2025-01-27T00:31:07.261+0000] {processor.py:914} INFO - Processing file /home/airflow/.local/lib/python3.12/site-packages/airflow/example_dags/example_display_name.py for tasks to queue
[2025-01-27T00:31:07.264+0000] {logging_mixin.py:190} INFO - [2025-01-27T00:31:07.263+0000] {dagbag.py:588} INFO - Filling up the DagBag from /home/airflow/.local/lib/python3.12/site-packages/airflow/example_dags/example_display_name.py
[2025-01-27T00:31:07.272+0000] {processor.py:925} INFO - DAG(s) 'example_display_name' retrieved from /home/airflow/.local/lib/python3.12/site-packages/airflow/example_dags/example_display_name.py
[2025-01-27T00:31:07.293+0000] {logging_mixin.py:190} INFO - [2025-01-27T00:31:07.292+0000] {dag.py:3239} INFO - Sync 1 DAGs
[2025-01-27T00:31:07.308+0000] {logging_mixin.py:190} INFO - [2025-01-27T00:31:07.308+0000] {dag.py:4180} INFO - Setting next_dagrun for example_display_name to None, run_after=None
[2025-01-27T00:31:07.327+0000] {processor.py:208} INFO - Processing /home/airflow/.local/lib/python3.12/site-packages/airflow/example_dags/example_display_name.py took 0.074 seconds
[2025-01-27T00:31:37.961+0000] {processor.py:186} INFO - Started process (PID=845) to work on /home/airflow/.local/lib/python3.12/site-packages/airflow/example_dags/example_display_name.py
[2025-01-27T00:31:37.962+0000] {processor.py:914} INFO - Processing file /home/airflow/.local/lib/python3.12/site-packages/airflow/example_dags/example_display_name.py for tasks to queue
[2025-01-27T00:31:37.965+0000] {logging_mixin.py:190} INFO - [2025-01-27T00:31:37.964+0000] {dagbag.py:588} INFO - Filling up the DagBag from /home/airflow/.local/lib/python3.12/site-packages/airflow/example_dags/example_display_name.py
[2025-01-27T00:31:37.973+0000] {processor.py:925} INFO - DAG(s) 'example_display_name' retrieved from /home/airflow/.local/lib/python3.12/site-packages/airflow/example_dags/example_display_name.py
[2025-01-27T00:31:37.992+0000] {logging_mixin.py:190} INFO - [2025-01-27T00:31:37.992+0000] {dag.py:3239} INFO - Sync 1 DAGs
[2025-01-27T00:31:38.007+0000] {logging_mixin.py:190} INFO - [2025-01-27T00:31:38.007+0000] {dag.py:4180} INFO - Setting next_dagrun for example_display_name to None, run_after=None
[2025-01-27T00:31:38.025+0000] {processor.py:208} INFO - Processing /home/airflow/.local/lib/python3.12/site-packages/airflow/example_dags/example_display_name.py took 0.070 seconds
[2025-01-27T00:32:09.554+0000] {processor.py:186} INFO - Started process (PID=908) to work on /home/airflow/.local/lib/python3.12/site-packages/airflow/example_dags/example_display_name.py
[2025-01-27T00:32:09.555+0000] {processor.py:914} INFO - Processing file /home/airflow/.local/lib/python3.12/site-packages/airflow/example_dags/example_display_name.py for tasks to queue
[2025-01-27T00:32:09.557+0000] {logging_mixin.py:190} INFO - [2025-01-27T00:32:09.557+0000] {dagbag.py:588} INFO - Filling up the DagBag from /home/airflow/.local/lib/python3.12/site-packages/airflow/example_dags/example_display_name.py
[2025-01-27T00:32:09.564+0000] {processor.py:925} INFO - DAG(s) 'example_display_name' retrieved from /home/airflow/.local/lib/python3.12/site-packages/airflow/example_dags/example_display_name.py
[2025-01-27T00:32:09.585+0000] {logging_mixin.py:190} INFO - [2025-01-27T00:32:09.584+0000] {dag.py:3239} INFO - Sync 1 DAGs
[2025-01-27T00:32:09.601+0000] {logging_mixin.py:190} INFO - [2025-01-27T00:32:09.601+0000] {dag.py:4180} INFO - Setting next_dagrun for example_display_name to None, run_after=None
[2025-01-27T00:32:09.622+0000] {processor.py:208} INFO - Processing /home/airflow/.local/lib/python3.12/site-packages/airflow/example_dags/example_display_name.py took 0.075 seconds
[2025-01-27T00:32:40.466+0000] {processor.py:186} INFO - Started process (PID=971) to work on /home/airflow/.local/lib/python3.12/site-packages/airflow/example_dags/example_display_name.py
[2025-01-27T00:32:40.467+0000] {processor.py:914} INFO - Processing file /home/airflow/.local/lib/python3.12/site-packages/airflow/example_dags/example_display_name.py for tasks to queue
[2025-01-27T00:32:40.471+0000] {logging_mixin.py:190} INFO - [2025-01-27T00:32:40.470+0000] {dagbag.py:588} INFO - Filling up the DagBag from /home/airflow/.local/lib/python3.12/site-packages/airflow/example_dags/example_display_name.py
[2025-01-27T00:32:40.484+0000] {processor.py:925} INFO - DAG(s) 'example_display_name' retrieved from /home/airflow/.local/lib/python3.12/site-packages/airflow/example_dags/example_display_name.py
[2025-01-27T00:32:40.509+0000] {logging_mixin.py:190} INFO - [2025-01-27T00:32:40.508+0000] {dag.py:3239} INFO - Sync 1 DAGs
[2025-01-27T00:32:40.525+0000] {logging_mixin.py:190} INFO - [2025-01-27T00:32:40.525+0000] {dag.py:4180} INFO - Setting next_dagrun for example_display_name to None, run_after=None
[2025-01-27T00:32:40.544+0000] {processor.py:208} INFO - Processing /home/airflow/.local/lib/python3.12/site-packages/airflow/example_dags/example_display_name.py took 0.084 seconds
[2025-01-27T00:33:11.879+0000] {processor.py:186} INFO - Started process (PID=1034) to work on /home/airflow/.local/lib/python3.12/site-packages/airflow/example_dags/example_display_name.py
[2025-01-27T00:33:11.881+0000] {processor.py:914} INFO - Processing file /home/airflow/.local/lib/python3.12/site-packages/airflow/example_dags/example_display_name.py for tasks to queue
[2025-01-27T00:33:11.885+0000] {logging_mixin.py:190} INFO - [2025-01-27T00:33:11.884+0000] {dagbag.py:588} INFO - Filling up the DagBag from /home/airflow/.local/lib/python3.12/site-packages/airflow/example_dags/example_display_name.py
[2025-01-27T00:33:11.898+0000] {processor.py:925} INFO - DAG(s) 'example_display_name' retrieved from /home/airflow/.local/lib/python3.12/site-packages/airflow/example_dags/example_display_name.py
[2025-01-27T00:33:11.924+0000] {logging_mixin.py:190} INFO - [2025-01-27T00:33:11.923+0000] {dag.py:3239} INFO - Sync 1 DAGs
[2025-01-27T00:33:11.940+0000] {logging_mixin.py:190} INFO - [2025-01-27T00:33:11.939+0000] {dag.py:4180} INFO - Setting next_dagrun for example_display_name to None, run_after=None
[2025-01-27T00:33:11.962+0000] {processor.py:208} INFO - Processing /home/airflow/.local/lib/python3.12/site-packages/airflow/example_dags/example_display_name.py took 0.092 seconds
[2025-01-27T00:33:42.964+0000] {processor.py:186} INFO - Started process (PID=1097) to work on /home/airflow/.local/lib/python3.12/site-packages/airflow/example_dags/example_display_name.py
[2025-01-27T00:33:42.965+0000] {processor.py:914} INFO - Processing file /home/airflow/.local/lib/python3.12/site-packages/airflow/example_dags/example_display_name.py for tasks to queue
[2025-01-27T00:33:42.967+0000] {logging_mixin.py:190} INFO - [2025-01-27T00:33:42.967+0000] {dagbag.py:588} INFO - Filling up the DagBag from /home/airflow/.local/lib/python3.12/site-packages/airflow/example_dags/example_display_name.py
[2025-01-27T00:33:42.975+0000] {processor.py:925} INFO - DAG(s) 'example_display_name' retrieved from /home/airflow/.local/lib/python3.12/site-packages/airflow/example_dags/example_display_name.py
[2025-01-27T00:33:42.993+0000] {logging_mixin.py:190} INFO - [2025-01-27T00:33:42.993+0000] {dag.py:3239} INFO - Sync 1 DAGs
[2025-01-27T00:33:43.008+0000] {logging_mixin.py:190} INFO - [2025-01-27T00:33:43.008+0000] {dag.py:4180} INFO - Setting next_dagrun for example_display_name to None, run_after=None
[2025-01-27T00:33:43.027+0000] {processor.py:208} INFO - Processing /home/airflow/.local/lib/python3.12/site-packages/airflow/example_dags/example_display_name.py took 0.069 seconds
[2025-01-27T00:34:14.794+0000] {processor.py:186} INFO - Started process (PID=1160) to work on /home/airflow/.local/lib/python3.12/site-packages/airflow/example_dags/example_display_name.py
[2025-01-27T00:34:14.795+0000] {processor.py:914} INFO - Processing file /home/airflow/.local/lib/python3.12/site-packages/airflow/example_dags/example_display_name.py for tasks to queue
[2025-01-27T00:34:14.799+0000] {logging_mixin.py:190} INFO - [2025-01-27T00:34:14.798+0000] {dagbag.py:588} INFO - Filling up the DagBag from /home/airflow/.local/lib/python3.12/site-packages/airflow/example_dags/example_display_name.py
[2025-01-27T00:34:14.808+0000] {processor.py:925} INFO - DAG(s) 'example_display_name' retrieved from /home/airflow/.local/lib/python3.12/site-packages/airflow/example_dags/example_display_name.py
[2025-01-27T00:34:14.832+0000] {logging_mixin.py:190} INFO - [2025-01-27T00:34:14.832+0000] {dag.py:3239} INFO - Sync 1 DAGs
[2025-01-27T00:34:14.847+0000] {logging_mixin.py:190} INFO - [2025-01-27T00:34:14.847+0000] {dag.py:4180} INFO - Setting next_dagrun for example_display_name to None, run_after=None
[2025-01-27T00:34:14.866+0000] {processor.py:208} INFO - Processing /home/airflow/.local/lib/python3.12/site-packages/airflow/example_dags/example_display_name.py took 0.082 seconds
