[2025-01-27T00:25:22.085+0000] {processor.py:186} INFO - Started process (PID=84) to work on /home/airflow/.local/lib/python3.12/site-packages/airflow/example_dags/example_bash_operator.py
[2025-01-27T00:25:22.086+0000] {processor.py:914} INFO - Processing file /home/airflow/.local/lib/python3.12/site-packages/airflow/example_dags/example_bash_operator.py for tasks to queue
[2025-01-27T00:25:22.089+0000] {logging_mixin.py:190} INFO - [2025-01-27T00:25:22.089+0000] {dagbag.py:588} INFO - Filling up the DagBag from /home/airflow/.local/lib/python3.12/site-packages/airflow/example_dags/example_bash_operator.py
[2025-01-27T00:25:22.109+0000] {processor.py:925} INFO - DAG(s) 'example_bash_operator' retrieved from /home/airflow/.local/lib/python3.12/site-packages/airflow/example_dags/example_bash_operator.py
[2025-01-27T00:25:22.286+0000] {logging_mixin.py:190} INFO - [2025-01-27T00:25:22.285+0000] {override.py:1911} INFO - Created Permission View: can read on DAG:example_bash_operator
[2025-01-27T00:25:22.306+0000] {logging_mixin.py:190} INFO - [2025-01-27T00:25:22.305+0000] {override.py:1911} INFO - Created Permission View: can edit on DAG:example_bash_operator
[2025-01-27T00:25:22.317+0000] {logging_mixin.py:190} INFO - [2025-01-27T00:25:22.316+0000] {override.py:1911} INFO - Created Permission View: can delete on DAG:example_bash_operator
[2025-01-27T00:25:22.331+0000] {logging_mixin.py:190} INFO - [2025-01-27T00:25:22.331+0000] {override.py:1911} INFO - Created Permission View: can delete on DAG Run:example_bash_operator
[2025-01-27T00:25:22.340+0000] {logging_mixin.py:190} INFO - [2025-01-27T00:25:22.340+0000] {override.py:1911} INFO - Created Permission View: menu access on DAG Run:example_bash_operator
[2025-01-27T00:25:22.355+0000] {logging_mixin.py:190} INFO - [2025-01-27T00:25:22.355+0000] {override.py:1911} INFO - Created Permission View: can read on DAG Run:example_bash_operator
[2025-01-27T00:25:22.366+0000] {logging_mixin.py:190} INFO - [2025-01-27T00:25:22.365+0000] {override.py:1911} INFO - Created Permission View: can create on DAG Run:example_bash_operator
[2025-01-27T00:25:22.367+0000] {logging_mixin.py:190} INFO - [2025-01-27T00:25:22.366+0000] {dag.py:3239} INFO - Sync 1 DAGs
[2025-01-27T00:25:22.382+0000] {logging_mixin.py:190} INFO - [2025-01-27T00:25:22.382+0000] {dag.py:3262} INFO - Creating ORM DAG for example_bash_operator
[2025-01-27T00:25:22.395+0000] {logging_mixin.py:190} INFO - [2025-01-27T00:25:22.395+0000] {dag.py:4180} INFO - Setting next_dagrun for example_bash_operator to 2025-01-26 00:00:00+00:00, run_after=2025-01-27 00:00:00+00:00
[2025-01-27T00:25:22.420+0000] {processor.py:208} INFO - Processing /home/airflow/.local/lib/python3.12/site-packages/airflow/example_dags/example_bash_operator.py took 0.342 seconds
[2025-01-27T00:25:53.524+0000] {processor.py:186} INFO - Started process (PID=146) to work on /home/airflow/.local/lib/python3.12/site-packages/airflow/example_dags/example_bash_operator.py
[2025-01-27T00:25:53.525+0000] {processor.py:914} INFO - Processing file /home/airflow/.local/lib/python3.12/site-packages/airflow/example_dags/example_bash_operator.py for tasks to queue
[2025-01-27T00:25:53.527+0000] {logging_mixin.py:190} INFO - [2025-01-27T00:25:53.527+0000] {dagbag.py:588} INFO - Filling up the DagBag from /home/airflow/.local/lib/python3.12/site-packages/airflow/example_dags/example_bash_operator.py
[2025-01-27T00:25:53.540+0000] {processor.py:925} INFO - DAG(s) 'example_bash_operator' retrieved from /home/airflow/.local/lib/python3.12/site-packages/airflow/example_dags/example_bash_operator.py
[2025-01-27T00:25:53.566+0000] {logging_mixin.py:190} INFO - [2025-01-27T00:25:53.566+0000] {dag.py:3239} INFO - Sync 1 DAGs
[2025-01-27T00:25:53.590+0000] {logging_mixin.py:190} INFO - [2025-01-27T00:25:53.590+0000] {dag.py:4180} INFO - Setting next_dagrun for example_bash_operator to 2025-01-26 00:00:00+00:00, run_after=2025-01-27 00:00:00+00:00
[2025-01-27T00:25:53.609+0000] {processor.py:208} INFO - Processing /home/airflow/.local/lib/python3.12/site-packages/airflow/example_dags/example_bash_operator.py took 0.090 seconds
[2025-01-27T00:26:24.201+0000] {processor.py:186} INFO - Started process (PID=209) to work on /home/airflow/.local/lib/python3.12/site-packages/airflow/example_dags/example_bash_operator.py
[2025-01-27T00:26:24.202+0000] {processor.py:914} INFO - Processing file /home/airflow/.local/lib/python3.12/site-packages/airflow/example_dags/example_bash_operator.py for tasks to queue
[2025-01-27T00:26:24.204+0000] {logging_mixin.py:190} INFO - [2025-01-27T00:26:24.203+0000] {dagbag.py:588} INFO - Filling up the DagBag from /home/airflow/.local/lib/python3.12/site-packages/airflow/example_dags/example_bash_operator.py
[2025-01-27T00:26:24.217+0000] {processor.py:925} INFO - DAG(s) 'example_bash_operator' retrieved from /home/airflow/.local/lib/python3.12/site-packages/airflow/example_dags/example_bash_operator.py
[2025-01-27T00:26:24.245+0000] {logging_mixin.py:190} INFO - [2025-01-27T00:26:24.245+0000] {dag.py:3239} INFO - Sync 1 DAGs
[2025-01-27T00:26:24.273+0000] {logging_mixin.py:190} INFO - [2025-01-27T00:26:24.273+0000] {dag.py:4180} INFO - Setting next_dagrun for example_bash_operator to 2025-01-26 00:00:00+00:00, run_after=2025-01-27 00:00:00+00:00
[2025-01-27T00:26:24.295+0000] {processor.py:208} INFO - Processing /home/airflow/.local/lib/python3.12/site-packages/airflow/example_dags/example_bash_operator.py took 0.100 seconds
[2025-01-27T00:26:55.849+0000] {processor.py:186} INFO - Started process (PID=272) to work on /home/airflow/.local/lib/python3.12/site-packages/airflow/example_dags/example_bash_operator.py
[2025-01-27T00:26:55.850+0000] {processor.py:914} INFO - Processing file /home/airflow/.local/lib/python3.12/site-packages/airflow/example_dags/example_bash_operator.py for tasks to queue
[2025-01-27T00:26:55.853+0000] {logging_mixin.py:190} INFO - [2025-01-27T00:26:55.852+0000] {dagbag.py:588} INFO - Filling up the DagBag from /home/airflow/.local/lib/python3.12/site-packages/airflow/example_dags/example_bash_operator.py
[2025-01-27T00:26:55.865+0000] {processor.py:925} INFO - DAG(s) 'example_bash_operator' retrieved from /home/airflow/.local/lib/python3.12/site-packages/airflow/example_dags/example_bash_operator.py
[2025-01-27T00:26:55.897+0000] {logging_mixin.py:190} INFO - [2025-01-27T00:26:55.897+0000] {dag.py:3239} INFO - Sync 1 DAGs
[2025-01-27T00:26:55.924+0000] {logging_mixin.py:190} INFO - [2025-01-27T00:26:55.924+0000] {dag.py:4180} INFO - Setting next_dagrun for example_bash_operator to 2025-01-26 00:00:00+00:00, run_after=2025-01-27 00:00:00+00:00
[2025-01-27T00:26:55.947+0000] {processor.py:208} INFO - Processing /home/airflow/.local/lib/python3.12/site-packages/airflow/example_dags/example_bash_operator.py took 0.104 seconds
[2025-01-27T00:27:27.504+0000] {processor.py:186} INFO - Started process (PID=335) to work on /home/airflow/.local/lib/python3.12/site-packages/airflow/example_dags/example_bash_operator.py
[2025-01-27T00:27:27.505+0000] {processor.py:914} INFO - Processing file /home/airflow/.local/lib/python3.12/site-packages/airflow/example_dags/example_bash_operator.py for tasks to queue
[2025-01-27T00:27:27.507+0000] {logging_mixin.py:190} INFO - [2025-01-27T00:27:27.507+0000] {dagbag.py:588} INFO - Filling up the DagBag from /home/airflow/.local/lib/python3.12/site-packages/airflow/example_dags/example_bash_operator.py
[2025-01-27T00:27:27.520+0000] {processor.py:925} INFO - DAG(s) 'example_bash_operator' retrieved from /home/airflow/.local/lib/python3.12/site-packages/airflow/example_dags/example_bash_operator.py
[2025-01-27T00:27:27.547+0000] {logging_mixin.py:190} INFO - [2025-01-27T00:27:27.547+0000] {dag.py:3239} INFO - Sync 1 DAGs
[2025-01-27T00:27:27.572+0000] {logging_mixin.py:190} INFO - [2025-01-27T00:27:27.572+0000] {dag.py:4180} INFO - Setting next_dagrun for example_bash_operator to 2025-01-26 00:00:00+00:00, run_after=2025-01-27 00:00:00+00:00
[2025-01-27T00:27:27.593+0000] {processor.py:208} INFO - Processing /home/airflow/.local/lib/python3.12/site-packages/airflow/example_dags/example_bash_operator.py took 0.094 seconds
[2025-01-27T00:27:58.953+0000] {processor.py:186} INFO - Started process (PID=398) to work on /home/airflow/.local/lib/python3.12/site-packages/airflow/example_dags/example_bash_operator.py
[2025-01-27T00:27:58.955+0000] {processor.py:914} INFO - Processing file /home/airflow/.local/lib/python3.12/site-packages/airflow/example_dags/example_bash_operator.py for tasks to queue
[2025-01-27T00:27:58.957+0000] {logging_mixin.py:190} INFO - [2025-01-27T00:27:58.957+0000] {dagbag.py:588} INFO - Filling up the DagBag from /home/airflow/.local/lib/python3.12/site-packages/airflow/example_dags/example_bash_operator.py
[2025-01-27T00:27:58.971+0000] {processor.py:925} INFO - DAG(s) 'example_bash_operator' retrieved from /home/airflow/.local/lib/python3.12/site-packages/airflow/example_dags/example_bash_operator.py
[2025-01-27T00:27:59.002+0000] {logging_mixin.py:190} INFO - [2025-01-27T00:27:59.002+0000] {dag.py:3239} INFO - Sync 1 DAGs
[2025-01-27T00:27:59.030+0000] {logging_mixin.py:190} INFO - [2025-01-27T00:27:59.030+0000] {dag.py:4180} INFO - Setting next_dagrun for example_bash_operator to 2025-01-26 00:00:00+00:00, run_after=2025-01-27 00:00:00+00:00
[2025-01-27T00:27:59.055+0000] {processor.py:208} INFO - Processing /home/airflow/.local/lib/python3.12/site-packages/airflow/example_dags/example_bash_operator.py took 0.107 seconds
[2025-01-27T00:28:29.997+0000] {processor.py:186} INFO - Started process (PID=461) to work on /home/airflow/.local/lib/python3.12/site-packages/airflow/example_dags/example_bash_operator.py
[2025-01-27T00:28:29.998+0000] {processor.py:914} INFO - Processing file /home/airflow/.local/lib/python3.12/site-packages/airflow/example_dags/example_bash_operator.py for tasks to queue
[2025-01-27T00:28:30.001+0000] {logging_mixin.py:190} INFO - [2025-01-27T00:28:30.001+0000] {dagbag.py:588} INFO - Filling up the DagBag from /home/airflow/.local/lib/python3.12/site-packages/airflow/example_dags/example_bash_operator.py
[2025-01-27T00:28:30.016+0000] {processor.py:925} INFO - DAG(s) 'example_bash_operator' retrieved from /home/airflow/.local/lib/python3.12/site-packages/airflow/example_dags/example_bash_operator.py
[2025-01-27T00:28:30.048+0000] {logging_mixin.py:190} INFO - [2025-01-27T00:28:30.047+0000] {dag.py:3239} INFO - Sync 1 DAGs
[2025-01-27T00:28:30.074+0000] {logging_mixin.py:190} INFO - [2025-01-27T00:28:30.074+0000] {dag.py:4180} INFO - Setting next_dagrun for example_bash_operator to 2025-01-26 00:00:00+00:00, run_after=2025-01-27 00:00:00+00:00
[2025-01-27T00:28:30.097+0000] {processor.py:208} INFO - Processing /home/airflow/.local/lib/python3.12/site-packages/airflow/example_dags/example_bash_operator.py took 0.106 seconds
[2025-01-27T00:29:01.314+0000] {processor.py:186} INFO - Started process (PID=524) to work on /home/airflow/.local/lib/python3.12/site-packages/airflow/example_dags/example_bash_operator.py
[2025-01-27T00:29:01.315+0000] {processor.py:914} INFO - Processing file /home/airflow/.local/lib/python3.12/site-packages/airflow/example_dags/example_bash_operator.py for tasks to queue
[2025-01-27T00:29:01.318+0000] {logging_mixin.py:190} INFO - [2025-01-27T00:29:01.317+0000] {dagbag.py:588} INFO - Filling up the DagBag from /home/airflow/.local/lib/python3.12/site-packages/airflow/example_dags/example_bash_operator.py
[2025-01-27T00:29:01.332+0000] {processor.py:925} INFO - DAG(s) 'example_bash_operator' retrieved from /home/airflow/.local/lib/python3.12/site-packages/airflow/example_dags/example_bash_operator.py
[2025-01-27T00:29:01.365+0000] {logging_mixin.py:190} INFO - [2025-01-27T00:29:01.365+0000] {dag.py:3239} INFO - Sync 1 DAGs
[2025-01-27T00:29:01.401+0000] {logging_mixin.py:190} INFO - [2025-01-27T00:29:01.401+0000] {dag.py:4180} INFO - Setting next_dagrun for example_bash_operator to 2025-01-26 00:00:00+00:00, run_after=2025-01-27 00:00:00+00:00
[2025-01-27T00:29:01.426+0000] {processor.py:208} INFO - Processing /home/airflow/.local/lib/python3.12/site-packages/airflow/example_dags/example_bash_operator.py took 0.121 seconds
[2025-01-27T00:29:32.565+0000] {processor.py:186} INFO - Started process (PID=587) to work on /home/airflow/.local/lib/python3.12/site-packages/airflow/example_dags/example_bash_operator.py
[2025-01-27T00:29:32.566+0000] {processor.py:914} INFO - Processing file /home/airflow/.local/lib/python3.12/site-packages/airflow/example_dags/example_bash_operator.py for tasks to queue
[2025-01-27T00:29:32.569+0000] {logging_mixin.py:190} INFO - [2025-01-27T00:29:32.568+0000] {dagbag.py:588} INFO - Filling up the DagBag from /home/airflow/.local/lib/python3.12/site-packages/airflow/example_dags/example_bash_operator.py
[2025-01-27T00:29:32.582+0000] {processor.py:925} INFO - DAG(s) 'example_bash_operator' retrieved from /home/airflow/.local/lib/python3.12/site-packages/airflow/example_dags/example_bash_operator.py
[2025-01-27T00:29:32.611+0000] {logging_mixin.py:190} INFO - [2025-01-27T00:29:32.611+0000] {dag.py:3239} INFO - Sync 1 DAGs
[2025-01-27T00:29:32.648+0000] {logging_mixin.py:190} INFO - [2025-01-27T00:29:32.647+0000] {dag.py:4180} INFO - Setting next_dagrun for example_bash_operator to 2025-01-26 00:00:00+00:00, run_after=2025-01-27 00:00:00+00:00
[2025-01-27T00:29:32.673+0000] {processor.py:208} INFO - Processing /home/airflow/.local/lib/python3.12/site-packages/airflow/example_dags/example_bash_operator.py took 0.114 seconds
[2025-01-27T00:30:03.651+0000] {processor.py:186} INFO - Started process (PID=651) to work on /home/airflow/.local/lib/python3.12/site-packages/airflow/example_dags/example_bash_operator.py
[2025-01-27T00:30:03.652+0000] {processor.py:914} INFO - Processing file /home/airflow/.local/lib/python3.12/site-packages/airflow/example_dags/example_bash_operator.py for tasks to queue
[2025-01-27T00:30:03.654+0000] {logging_mixin.py:190} INFO - [2025-01-27T00:30:03.654+0000] {dagbag.py:588} INFO - Filling up the DagBag from /home/airflow/.local/lib/python3.12/site-packages/airflow/example_dags/example_bash_operator.py
[2025-01-27T00:30:03.668+0000] {processor.py:925} INFO - DAG(s) 'example_bash_operator' retrieved from /home/airflow/.local/lib/python3.12/site-packages/airflow/example_dags/example_bash_operator.py
[2025-01-27T00:30:03.702+0000] {logging_mixin.py:190} INFO - [2025-01-27T00:30:03.702+0000] {dag.py:3239} INFO - Sync 1 DAGs
[2025-01-27T00:30:03.744+0000] {logging_mixin.py:190} INFO - [2025-01-27T00:30:03.744+0000] {dag.py:4180} INFO - Setting next_dagrun for example_bash_operator to 2025-01-26 00:00:00+00:00, run_after=2025-01-27 00:00:00+00:00
[2025-01-27T00:30:03.769+0000] {processor.py:208} INFO - Processing /home/airflow/.local/lib/python3.12/site-packages/airflow/example_dags/example_bash_operator.py took 0.124 seconds
[2025-01-27T00:30:35.403+0000] {processor.py:186} INFO - Started process (PID=714) to work on /home/airflow/.local/lib/python3.12/site-packages/airflow/example_dags/example_bash_operator.py
[2025-01-27T00:30:35.404+0000] {processor.py:914} INFO - Processing file /home/airflow/.local/lib/python3.12/site-packages/airflow/example_dags/example_bash_operator.py for tasks to queue
[2025-01-27T00:30:35.406+0000] {logging_mixin.py:190} INFO - [2025-01-27T00:30:35.406+0000] {dagbag.py:588} INFO - Filling up the DagBag from /home/airflow/.local/lib/python3.12/site-packages/airflow/example_dags/example_bash_operator.py
[2025-01-27T00:30:35.420+0000] {processor.py:925} INFO - DAG(s) 'example_bash_operator' retrieved from /home/airflow/.local/lib/python3.12/site-packages/airflow/example_dags/example_bash_operator.py
[2025-01-27T00:30:35.447+0000] {logging_mixin.py:190} INFO - [2025-01-27T00:30:35.446+0000] {dag.py:3239} INFO - Sync 1 DAGs
[2025-01-27T00:30:35.471+0000] {logging_mixin.py:190} INFO - [2025-01-27T00:30:35.471+0000] {dag.py:4180} INFO - Setting next_dagrun for example_bash_operator to 2025-01-26 00:00:00+00:00, run_after=2025-01-27 00:00:00+00:00
[2025-01-27T00:30:35.492+0000] {processor.py:208} INFO - Processing /home/airflow/.local/lib/python3.12/site-packages/airflow/example_dags/example_bash_operator.py took 0.095 seconds
[2025-01-27T00:31:06.848+0000] {processor.py:186} INFO - Started process (PID=777) to work on /home/airflow/.local/lib/python3.12/site-packages/airflow/example_dags/example_bash_operator.py
[2025-01-27T00:31:06.849+0000] {processor.py:914} INFO - Processing file /home/airflow/.local/lib/python3.12/site-packages/airflow/example_dags/example_bash_operator.py for tasks to queue
[2025-01-27T00:31:06.852+0000] {logging_mixin.py:190} INFO - [2025-01-27T00:31:06.851+0000] {dagbag.py:588} INFO - Filling up the DagBag from /home/airflow/.local/lib/python3.12/site-packages/airflow/example_dags/example_bash_operator.py
[2025-01-27T00:31:06.866+0000] {processor.py:925} INFO - DAG(s) 'example_bash_operator' retrieved from /home/airflow/.local/lib/python3.12/site-packages/airflow/example_dags/example_bash_operator.py
[2025-01-27T00:31:06.901+0000] {logging_mixin.py:190} INFO - [2025-01-27T00:31:06.900+0000] {dag.py:3239} INFO - Sync 1 DAGs
[2025-01-27T00:31:06.929+0000] {logging_mixin.py:190} INFO - [2025-01-27T00:31:06.929+0000] {dag.py:4180} INFO - Setting next_dagrun for example_bash_operator to 2025-01-26 00:00:00+00:00, run_after=2025-01-27 00:00:00+00:00
[2025-01-27T00:31:06.956+0000] {processor.py:208} INFO - Processing /home/airflow/.local/lib/python3.12/site-packages/airflow/example_dags/example_bash_operator.py took 0.114 seconds
[2025-01-27T00:31:37.579+0000] {processor.py:186} INFO - Started process (PID=840) to work on /home/airflow/.local/lib/python3.12/site-packages/airflow/example_dags/example_bash_operator.py
[2025-01-27T00:31:37.580+0000] {processor.py:914} INFO - Processing file /home/airflow/.local/lib/python3.12/site-packages/airflow/example_dags/example_bash_operator.py for tasks to queue
[2025-01-27T00:31:37.582+0000] {logging_mixin.py:190} INFO - [2025-01-27T00:31:37.582+0000] {dagbag.py:588} INFO - Filling up the DagBag from /home/airflow/.local/lib/python3.12/site-packages/airflow/example_dags/example_bash_operator.py
[2025-01-27T00:31:37.595+0000] {processor.py:925} INFO - DAG(s) 'example_bash_operator' retrieved from /home/airflow/.local/lib/python3.12/site-packages/airflow/example_dags/example_bash_operator.py
[2025-01-27T00:31:37.624+0000] {logging_mixin.py:190} INFO - [2025-01-27T00:31:37.624+0000] {dag.py:3239} INFO - Sync 1 DAGs
[2025-01-27T00:31:37.657+0000] {logging_mixin.py:190} INFO - [2025-01-27T00:31:37.657+0000] {dag.py:4180} INFO - Setting next_dagrun for example_bash_operator to 2025-01-26 00:00:00+00:00, run_after=2025-01-27 00:00:00+00:00
[2025-01-27T00:31:37.682+0000] {processor.py:208} INFO - Processing /home/airflow/.local/lib/python3.12/site-packages/airflow/example_dags/example_bash_operator.py took 0.109 seconds
[2025-01-27T00:32:09.138+0000] {processor.py:186} INFO - Started process (PID=903) to work on /home/airflow/.local/lib/python3.12/site-packages/airflow/example_dags/example_bash_operator.py
[2025-01-27T00:32:09.139+0000] {processor.py:914} INFO - Processing file /home/airflow/.local/lib/python3.12/site-packages/airflow/example_dags/example_bash_operator.py for tasks to queue
[2025-01-27T00:32:09.143+0000] {logging_mixin.py:190} INFO - [2025-01-27T00:32:09.142+0000] {dagbag.py:588} INFO - Filling up the DagBag from /home/airflow/.local/lib/python3.12/site-packages/airflow/example_dags/example_bash_operator.py
[2025-01-27T00:32:09.162+0000] {processor.py:925} INFO - DAG(s) 'example_bash_operator' retrieved from /home/airflow/.local/lib/python3.12/site-packages/airflow/example_dags/example_bash_operator.py
[2025-01-27T00:32:09.199+0000] {logging_mixin.py:190} INFO - [2025-01-27T00:32:09.198+0000] {dag.py:3239} INFO - Sync 1 DAGs
[2025-01-27T00:32:09.231+0000] {logging_mixin.py:190} INFO - [2025-01-27T00:32:09.231+0000] {dag.py:4180} INFO - Setting next_dagrun for example_bash_operator to 2025-01-26 00:00:00+00:00, run_after=2025-01-27 00:00:00+00:00
[2025-01-27T00:32:09.252+0000] {processor.py:208} INFO - Processing /home/airflow/.local/lib/python3.12/site-packages/airflow/example_dags/example_bash_operator.py took 0.121 seconds
[2025-01-27T00:32:40.102+0000] {processor.py:186} INFO - Started process (PID=966) to work on /home/airflow/.local/lib/python3.12/site-packages/airflow/example_dags/example_bash_operator.py
[2025-01-27T00:32:40.104+0000] {processor.py:914} INFO - Processing file /home/airflow/.local/lib/python3.12/site-packages/airflow/example_dags/example_bash_operator.py for tasks to queue
[2025-01-27T00:32:40.106+0000] {logging_mixin.py:190} INFO - [2025-01-27T00:32:40.105+0000] {dagbag.py:588} INFO - Filling up the DagBag from /home/airflow/.local/lib/python3.12/site-packages/airflow/example_dags/example_bash_operator.py
[2025-01-27T00:32:40.118+0000] {processor.py:925} INFO - DAG(s) 'example_bash_operator' retrieved from /home/airflow/.local/lib/python3.12/site-packages/airflow/example_dags/example_bash_operator.py
[2025-01-27T00:32:40.146+0000] {logging_mixin.py:190} INFO - [2025-01-27T00:32:40.145+0000] {dag.py:3239} INFO - Sync 1 DAGs
[2025-01-27T00:32:40.169+0000] {logging_mixin.py:190} INFO - [2025-01-27T00:32:40.169+0000] {dag.py:4180} INFO - Setting next_dagrun for example_bash_operator to 2025-01-26 00:00:00+00:00, run_after=2025-01-27 00:00:00+00:00
[2025-01-27T00:32:40.188+0000] {processor.py:208} INFO - Processing /home/airflow/.local/lib/python3.12/site-packages/airflow/example_dags/example_bash_operator.py took 0.092 seconds
[2025-01-27T00:33:11.585+0000] {processor.py:186} INFO - Started process (PID=1029) to work on /home/airflow/.local/lib/python3.12/site-packages/airflow/example_dags/example_bash_operator.py
[2025-01-27T00:33:11.587+0000] {processor.py:914} INFO - Processing file /home/airflow/.local/lib/python3.12/site-packages/airflow/example_dags/example_bash_operator.py for tasks to queue
[2025-01-27T00:33:11.589+0000] {logging_mixin.py:190} INFO - [2025-01-27T00:33:11.588+0000] {dagbag.py:588} INFO - Filling up the DagBag from /home/airflow/.local/lib/python3.12/site-packages/airflow/example_dags/example_bash_operator.py
[2025-01-27T00:33:11.603+0000] {processor.py:925} INFO - DAG(s) 'example_bash_operator' retrieved from /home/airflow/.local/lib/python3.12/site-packages/airflow/example_dags/example_bash_operator.py
[2025-01-27T00:33:11.634+0000] {logging_mixin.py:190} INFO - [2025-01-27T00:33:11.633+0000] {dag.py:3239} INFO - Sync 1 DAGs
[2025-01-27T00:33:11.665+0000] {logging_mixin.py:190} INFO - [2025-01-27T00:33:11.664+0000] {dag.py:4180} INFO - Setting next_dagrun for example_bash_operator to 2025-01-26 00:00:00+00:00, run_after=2025-01-27 00:00:00+00:00
[2025-01-27T00:33:11.688+0000] {processor.py:208} INFO - Processing /home/airflow/.local/lib/python3.12/site-packages/airflow/example_dags/example_bash_operator.py took 0.108 seconds
[2025-01-27T00:33:42.596+0000] {processor.py:186} INFO - Started process (PID=1092) to work on /home/airflow/.local/lib/python3.12/site-packages/airflow/example_dags/example_bash_operator.py
[2025-01-27T00:33:42.597+0000] {processor.py:914} INFO - Processing file /home/airflow/.local/lib/python3.12/site-packages/airflow/example_dags/example_bash_operator.py for tasks to queue
[2025-01-27T00:33:42.600+0000] {logging_mixin.py:190} INFO - [2025-01-27T00:33:42.599+0000] {dagbag.py:588} INFO - Filling up the DagBag from /home/airflow/.local/lib/python3.12/site-packages/airflow/example_dags/example_bash_operator.py
[2025-01-27T00:33:42.615+0000] {processor.py:925} INFO - DAG(s) 'example_bash_operator' retrieved from /home/airflow/.local/lib/python3.12/site-packages/airflow/example_dags/example_bash_operator.py
[2025-01-27T00:33:42.642+0000] {logging_mixin.py:190} INFO - [2025-01-27T00:33:42.642+0000] {dag.py:3239} INFO - Sync 1 DAGs
[2025-01-27T00:33:42.667+0000] {logging_mixin.py:190} INFO - [2025-01-27T00:33:42.666+0000] {dag.py:4180} INFO - Setting next_dagrun for example_bash_operator to 2025-01-26 00:00:00+00:00, run_after=2025-01-27 00:00:00+00:00
[2025-01-27T00:33:42.687+0000] {processor.py:208} INFO - Processing /home/airflow/.local/lib/python3.12/site-packages/airflow/example_dags/example_bash_operator.py took 0.096 seconds
[2025-01-27T00:34:14.413+0000] {processor.py:186} INFO - Started process (PID=1155) to work on /home/airflow/.local/lib/python3.12/site-packages/airflow/example_dags/example_bash_operator.py
[2025-01-27T00:34:14.414+0000] {processor.py:914} INFO - Processing file /home/airflow/.local/lib/python3.12/site-packages/airflow/example_dags/example_bash_operator.py for tasks to queue
[2025-01-27T00:34:14.417+0000] {logging_mixin.py:190} INFO - [2025-01-27T00:34:14.416+0000] {dagbag.py:588} INFO - Filling up the DagBag from /home/airflow/.local/lib/python3.12/site-packages/airflow/example_dags/example_bash_operator.py
[2025-01-27T00:34:14.429+0000] {processor.py:925} INFO - DAG(s) 'example_bash_operator' retrieved from /home/airflow/.local/lib/python3.12/site-packages/airflow/example_dags/example_bash_operator.py
[2025-01-27T00:34:14.456+0000] {logging_mixin.py:190} INFO - [2025-01-27T00:34:14.456+0000] {dag.py:3239} INFO - Sync 1 DAGs
[2025-01-27T00:34:14.481+0000] {logging_mixin.py:190} INFO - [2025-01-27T00:34:14.481+0000] {dag.py:4180} INFO - Setting next_dagrun for example_bash_operator to 2025-01-26 00:00:00+00:00, run_after=2025-01-27 00:00:00+00:00
[2025-01-27T00:34:14.500+0000] {processor.py:208} INFO - Processing /home/airflow/.local/lib/python3.12/site-packages/airflow/example_dags/example_bash_operator.py took 0.093 seconds
