[2025-01-27T00:25:29.281+0000] {processor.py:186} INFO - Started process (PID=111) to work on /home/airflow/.local/lib/python3.12/site-packages/airflow/example_dags/example_latest_only.py
[2025-01-27T00:25:29.282+0000] {processor.py:914} INFO - Processing file /home/airflow/.local/lib/python3.12/site-packages/airflow/example_dags/example_latest_only.py for tasks to queue
[2025-01-27T00:25:29.285+0000] {logging_mixin.py:190} INFO - [2025-01-27T00:25:29.285+0000] {dagbag.py:588} INFO - Filling up the DagBag from /home/airflow/.local/lib/python3.12/site-packages/airflow/example_dags/example_latest_only.py
[2025-01-27T00:25:29.295+0000] {processor.py:925} INFO - DAG(s) 'latest_only' retrieved from /home/airflow/.local/lib/python3.12/site-packages/airflow/example_dags/example_latest_only.py
[2025-01-27T00:25:29.428+0000] {logging_mixin.py:190} INFO - [2025-01-27T00:25:29.427+0000] {override.py:1911} INFO - Created Permission View: can read on DAG:latest_only
[2025-01-27T00:25:29.444+0000] {logging_mixin.py:190} INFO - [2025-01-27T00:25:29.443+0000] {override.py:1911} INFO - Created Permission View: can edit on DAG:latest_only
[2025-01-27T00:25:29.456+0000] {logging_mixin.py:190} INFO - [2025-01-27T00:25:29.455+0000] {override.py:1911} INFO - Created Permission View: can delete on DAG:latest_only
[2025-01-27T00:25:29.472+0000] {logging_mixin.py:190} INFO - [2025-01-27T00:25:29.472+0000] {override.py:1911} INFO - Created Permission View: can delete on DAG Run:latest_only
[2025-01-27T00:25:29.491+0000] {logging_mixin.py:190} INFO - [2025-01-27T00:25:29.491+0000] {override.py:1911} INFO - Created Permission View: menu access on DAG Run:latest_only
[2025-01-27T00:25:29.507+0000] {logging_mixin.py:190} INFO - [2025-01-27T00:25:29.506+0000] {override.py:1911} INFO - Created Permission View: can read on DAG Run:latest_only
[2025-01-27T00:25:29.523+0000] {logging_mixin.py:190} INFO - [2025-01-27T00:25:29.522+0000] {override.py:1911} INFO - Created Permission View: can create on DAG Run:latest_only
[2025-01-27T00:25:29.524+0000] {logging_mixin.py:190} INFO - [2025-01-27T00:25:29.524+0000] {dag.py:3239} INFO - Sync 1 DAGs
[2025-01-27T00:25:29.544+0000] {logging_mixin.py:190} INFO - [2025-01-27T00:25:29.544+0000] {dag.py:3262} INFO - Creating ORM DAG for latest_only
[2025-01-27T00:25:29.560+0000] {logging_mixin.py:190} INFO - [2025-01-27T00:25:29.560+0000] {dag.py:4180} INFO - Setting next_dagrun for latest_only to 2025-01-26 20:00:00+00:00, run_after=2025-01-27 00:00:00+00:00
[2025-01-27T00:25:29.590+0000] {processor.py:208} INFO - Processing /home/airflow/.local/lib/python3.12/site-packages/airflow/example_dags/example_latest_only.py took 0.315 seconds
[2025-01-27T00:26:00.040+0000] {processor.py:186} INFO - Started process (PID=174) to work on /home/airflow/.local/lib/python3.12/site-packages/airflow/example_dags/example_latest_only.py
[2025-01-27T00:26:00.041+0000] {processor.py:914} INFO - Processing file /home/airflow/.local/lib/python3.12/site-packages/airflow/example_dags/example_latest_only.py for tasks to queue
[2025-01-27T00:26:00.043+0000] {logging_mixin.py:190} INFO - [2025-01-27T00:26:00.043+0000] {dagbag.py:588} INFO - Filling up the DagBag from /home/airflow/.local/lib/python3.12/site-packages/airflow/example_dags/example_latest_only.py
[2025-01-27T00:26:00.050+0000] {processor.py:925} INFO - DAG(s) 'latest_only' retrieved from /home/airflow/.local/lib/python3.12/site-packages/airflow/example_dags/example_latest_only.py
[2025-01-27T00:26:00.069+0000] {logging_mixin.py:190} INFO - [2025-01-27T00:26:00.069+0000] {dag.py:3239} INFO - Sync 1 DAGs
[2025-01-27T00:26:00.092+0000] {logging_mixin.py:190} INFO - [2025-01-27T00:26:00.092+0000] {dag.py:4180} INFO - Setting next_dagrun for latest_only to 2025-01-26 20:00:00+00:00, run_after=2025-01-27 00:00:00+00:00
[2025-01-27T00:26:00.111+0000] {processor.py:208} INFO - Processing /home/airflow/.local/lib/python3.12/site-packages/airflow/example_dags/example_latest_only.py took 0.077 seconds
[2025-01-27T00:26:30.624+0000] {processor.py:186} INFO - Started process (PID=237) to work on /home/airflow/.local/lib/python3.12/site-packages/airflow/example_dags/example_latest_only.py
[2025-01-27T00:26:30.625+0000] {processor.py:914} INFO - Processing file /home/airflow/.local/lib/python3.12/site-packages/airflow/example_dags/example_latest_only.py for tasks to queue
[2025-01-27T00:26:30.628+0000] {logging_mixin.py:190} INFO - [2025-01-27T00:26:30.628+0000] {dagbag.py:588} INFO - Filling up the DagBag from /home/airflow/.local/lib/python3.12/site-packages/airflow/example_dags/example_latest_only.py
[2025-01-27T00:26:30.636+0000] {processor.py:925} INFO - DAG(s) 'latest_only' retrieved from /home/airflow/.local/lib/python3.12/site-packages/airflow/example_dags/example_latest_only.py
[2025-01-27T00:26:30.659+0000] {logging_mixin.py:190} INFO - [2025-01-27T00:26:30.658+0000] {dag.py:3239} INFO - Sync 1 DAGs
[2025-01-27T00:26:30.684+0000] {logging_mixin.py:190} INFO - [2025-01-27T00:26:30.683+0000] {dag.py:4180} INFO - Setting next_dagrun for latest_only to 2025-01-26 20:00:00+00:00, run_after=2025-01-27 00:00:00+00:00
[2025-01-27T00:26:30.703+0000] {processor.py:208} INFO - Processing /home/airflow/.local/lib/python3.12/site-packages/airflow/example_dags/example_latest_only.py took 0.085 seconds
[2025-01-27T00:27:00.862+0000] {processor.py:186} INFO - Started process (PID=299) to work on /home/airflow/.local/lib/python3.12/site-packages/airflow/example_dags/example_latest_only.py
[2025-01-27T00:27:00.863+0000] {processor.py:914} INFO - Processing file /home/airflow/.local/lib/python3.12/site-packages/airflow/example_dags/example_latest_only.py for tasks to queue
[2025-01-27T00:27:00.866+0000] {logging_mixin.py:190} INFO - [2025-01-27T00:27:00.865+0000] {dagbag.py:588} INFO - Filling up the DagBag from /home/airflow/.local/lib/python3.12/site-packages/airflow/example_dags/example_latest_only.py
[2025-01-27T00:27:00.874+0000] {processor.py:925} INFO - DAG(s) 'latest_only' retrieved from /home/airflow/.local/lib/python3.12/site-packages/airflow/example_dags/example_latest_only.py
[2025-01-27T00:27:00.895+0000] {logging_mixin.py:190} INFO - [2025-01-27T00:27:00.895+0000] {dag.py:3239} INFO - Sync 1 DAGs
[2025-01-27T00:27:00.921+0000] {logging_mixin.py:190} INFO - [2025-01-27T00:27:00.921+0000] {dag.py:4180} INFO - Setting next_dagrun for latest_only to 2025-01-26 20:00:00+00:00, run_after=2025-01-27 00:00:00+00:00
[2025-01-27T00:27:00.944+0000] {processor.py:208} INFO - Processing /home/airflow/.local/lib/python3.12/site-packages/airflow/example_dags/example_latest_only.py took 0.088 seconds
[2025-01-27T00:27:32.057+0000] {processor.py:186} INFO - Started process (PID=362) to work on /home/airflow/.local/lib/python3.12/site-packages/airflow/example_dags/example_latest_only.py
[2025-01-27T00:27:32.058+0000] {processor.py:914} INFO - Processing file /home/airflow/.local/lib/python3.12/site-packages/airflow/example_dags/example_latest_only.py for tasks to queue
[2025-01-27T00:27:32.061+0000] {logging_mixin.py:190} INFO - [2025-01-27T00:27:32.060+0000] {dagbag.py:588} INFO - Filling up the DagBag from /home/airflow/.local/lib/python3.12/site-packages/airflow/example_dags/example_latest_only.py
[2025-01-27T00:27:32.068+0000] {processor.py:925} INFO - DAG(s) 'latest_only' retrieved from /home/airflow/.local/lib/python3.12/site-packages/airflow/example_dags/example_latest_only.py
[2025-01-27T00:27:32.088+0000] {logging_mixin.py:190} INFO - [2025-01-27T00:27:32.088+0000] {dag.py:3239} INFO - Sync 1 DAGs
[2025-01-27T00:27:32.112+0000] {logging_mixin.py:190} INFO - [2025-01-27T00:27:32.112+0000] {dag.py:4180} INFO - Setting next_dagrun for latest_only to 2025-01-26 20:00:00+00:00, run_after=2025-01-27 00:00:00+00:00
[2025-01-27T00:27:32.131+0000] {processor.py:208} INFO - Processing /home/airflow/.local/lib/python3.12/site-packages/airflow/example_dags/example_latest_only.py took 0.080 seconds
[2025-01-27T00:28:02.291+0000] {processor.py:186} INFO - Started process (PID=424) to work on /home/airflow/.local/lib/python3.12/site-packages/airflow/example_dags/example_latest_only.py
[2025-01-27T00:28:02.292+0000] {processor.py:914} INFO - Processing file /home/airflow/.local/lib/python3.12/site-packages/airflow/example_dags/example_latest_only.py for tasks to queue
[2025-01-27T00:28:02.295+0000] {logging_mixin.py:190} INFO - [2025-01-27T00:28:02.295+0000] {dagbag.py:588} INFO - Filling up the DagBag from /home/airflow/.local/lib/python3.12/site-packages/airflow/example_dags/example_latest_only.py
[2025-01-27T00:28:02.303+0000] {processor.py:925} INFO - DAG(s) 'latest_only' retrieved from /home/airflow/.local/lib/python3.12/site-packages/airflow/example_dags/example_latest_only.py
[2025-01-27T00:28:02.326+0000] {logging_mixin.py:190} INFO - [2025-01-27T00:28:02.326+0000] {dag.py:3239} INFO - Sync 1 DAGs
[2025-01-27T00:28:02.352+0000] {logging_mixin.py:190} INFO - [2025-01-27T00:28:02.351+0000] {dag.py:4180} INFO - Setting next_dagrun for latest_only to 2025-01-26 20:00:00+00:00, run_after=2025-01-27 00:00:00+00:00
[2025-01-27T00:28:02.374+0000] {processor.py:208} INFO - Processing /home/airflow/.local/lib/python3.12/site-packages/airflow/example_dags/example_latest_only.py took 0.090 seconds
[2025-01-27T00:28:32.884+0000] {processor.py:186} INFO - Started process (PID=487) to work on /home/airflow/.local/lib/python3.12/site-packages/airflow/example_dags/example_latest_only.py
[2025-01-27T00:28:32.885+0000] {processor.py:914} INFO - Processing file /home/airflow/.local/lib/python3.12/site-packages/airflow/example_dags/example_latest_only.py for tasks to queue
[2025-01-27T00:28:32.888+0000] {logging_mixin.py:190} INFO - [2025-01-27T00:28:32.888+0000] {dagbag.py:588} INFO - Filling up the DagBag from /home/airflow/.local/lib/python3.12/site-packages/airflow/example_dags/example_latest_only.py
[2025-01-27T00:28:32.897+0000] {processor.py:925} INFO - DAG(s) 'latest_only' retrieved from /home/airflow/.local/lib/python3.12/site-packages/airflow/example_dags/example_latest_only.py
[2025-01-27T00:28:32.922+0000] {logging_mixin.py:190} INFO - [2025-01-27T00:28:32.922+0000] {dag.py:3239} INFO - Sync 1 DAGs
[2025-01-27T00:28:32.951+0000] {logging_mixin.py:190} INFO - [2025-01-27T00:28:32.951+0000] {dag.py:4180} INFO - Setting next_dagrun for latest_only to 2025-01-26 20:00:00+00:00, run_after=2025-01-27 00:00:00+00:00
[2025-01-27T00:28:32.975+0000] {processor.py:208} INFO - Processing /home/airflow/.local/lib/python3.12/site-packages/airflow/example_dags/example_latest_only.py took 0.098 seconds
[2025-01-27T00:29:03.771+0000] {processor.py:186} INFO - Started process (PID=550) to work on /home/airflow/.local/lib/python3.12/site-packages/airflow/example_dags/example_latest_only.py
[2025-01-27T00:29:03.773+0000] {processor.py:914} INFO - Processing file /home/airflow/.local/lib/python3.12/site-packages/airflow/example_dags/example_latest_only.py for tasks to queue
[2025-01-27T00:29:03.775+0000] {logging_mixin.py:190} INFO - [2025-01-27T00:29:03.775+0000] {dagbag.py:588} INFO - Filling up the DagBag from /home/airflow/.local/lib/python3.12/site-packages/airflow/example_dags/example_latest_only.py
[2025-01-27T00:29:03.783+0000] {processor.py:925} INFO - DAG(s) 'latest_only' retrieved from /home/airflow/.local/lib/python3.12/site-packages/airflow/example_dags/example_latest_only.py
[2025-01-27T00:29:03.803+0000] {logging_mixin.py:190} INFO - [2025-01-27T00:29:03.803+0000] {dag.py:3239} INFO - Sync 1 DAGs
[2025-01-27T00:29:03.828+0000] {logging_mixin.py:190} INFO - [2025-01-27T00:29:03.828+0000] {dag.py:4180} INFO - Setting next_dagrun for latest_only to 2025-01-26 20:00:00+00:00, run_after=2025-01-27 00:00:00+00:00
[2025-01-27T00:29:03.853+0000] {processor.py:208} INFO - Processing /home/airflow/.local/lib/python3.12/site-packages/airflow/example_dags/example_latest_only.py took 0.088 seconds
[2025-01-27T00:29:34.736+0000] {processor.py:186} INFO - Started process (PID=613) to work on /home/airflow/.local/lib/python3.12/site-packages/airflow/example_dags/example_latest_only.py
[2025-01-27T00:29:34.738+0000] {processor.py:914} INFO - Processing file /home/airflow/.local/lib/python3.12/site-packages/airflow/example_dags/example_latest_only.py for tasks to queue
[2025-01-27T00:29:34.740+0000] {logging_mixin.py:190} INFO - [2025-01-27T00:29:34.740+0000] {dagbag.py:588} INFO - Filling up the DagBag from /home/airflow/.local/lib/python3.12/site-packages/airflow/example_dags/example_latest_only.py
[2025-01-27T00:29:34.748+0000] {processor.py:925} INFO - DAG(s) 'latest_only' retrieved from /home/airflow/.local/lib/python3.12/site-packages/airflow/example_dags/example_latest_only.py
[2025-01-27T00:29:34.769+0000] {logging_mixin.py:190} INFO - [2025-01-27T00:29:34.769+0000] {dag.py:3239} INFO - Sync 1 DAGs
[2025-01-27T00:29:34.799+0000] {logging_mixin.py:190} INFO - [2025-01-27T00:29:34.799+0000] {dag.py:4180} INFO - Setting next_dagrun for latest_only to 2025-01-26 20:00:00+00:00, run_after=2025-01-27 00:00:00+00:00
[2025-01-27T00:29:34.820+0000] {processor.py:208} INFO - Processing /home/airflow/.local/lib/python3.12/site-packages/airflow/example_dags/example_latest_only.py took 0.091 seconds
[2025-01-27T00:30:05.818+0000] {processor.py:186} INFO - Started process (PID=677) to work on /home/airflow/.local/lib/python3.12/site-packages/airflow/example_dags/example_latest_only.py
[2025-01-27T00:30:05.819+0000] {processor.py:914} INFO - Processing file /home/airflow/.local/lib/python3.12/site-packages/airflow/example_dags/example_latest_only.py for tasks to queue
[2025-01-27T00:30:05.821+0000] {logging_mixin.py:190} INFO - [2025-01-27T00:30:05.821+0000] {dagbag.py:588} INFO - Filling up the DagBag from /home/airflow/.local/lib/python3.12/site-packages/airflow/example_dags/example_latest_only.py
[2025-01-27T00:30:05.829+0000] {processor.py:925} INFO - DAG(s) 'latest_only' retrieved from /home/airflow/.local/lib/python3.12/site-packages/airflow/example_dags/example_latest_only.py
[2025-01-27T00:30:05.849+0000] {logging_mixin.py:190} INFO - [2025-01-27T00:30:05.849+0000] {dag.py:3239} INFO - Sync 1 DAGs
[2025-01-27T00:30:05.875+0000] {logging_mixin.py:190} INFO - [2025-01-27T00:30:05.875+0000] {dag.py:4180} INFO - Setting next_dagrun for latest_only to 2025-01-26 20:00:00+00:00, run_after=2025-01-27 00:00:00+00:00
[2025-01-27T00:30:05.895+0000] {processor.py:208} INFO - Processing /home/airflow/.local/lib/python3.12/site-packages/airflow/example_dags/example_latest_only.py took 0.084 seconds
[2025-01-27T00:30:37.367+0000] {processor.py:186} INFO - Started process (PID=740) to work on /home/airflow/.local/lib/python3.12/site-packages/airflow/example_dags/example_latest_only.py
[2025-01-27T00:30:37.368+0000] {processor.py:914} INFO - Processing file /home/airflow/.local/lib/python3.12/site-packages/airflow/example_dags/example_latest_only.py for tasks to queue
[2025-01-27T00:30:37.370+0000] {logging_mixin.py:190} INFO - [2025-01-27T00:30:37.370+0000] {dagbag.py:588} INFO - Filling up the DagBag from /home/airflow/.local/lib/python3.12/site-packages/airflow/example_dags/example_latest_only.py
[2025-01-27T00:30:37.377+0000] {processor.py:925} INFO - DAG(s) 'latest_only' retrieved from /home/airflow/.local/lib/python3.12/site-packages/airflow/example_dags/example_latest_only.py
[2025-01-27T00:30:37.396+0000] {logging_mixin.py:190} INFO - [2025-01-27T00:30:37.396+0000] {dag.py:3239} INFO - Sync 1 DAGs
[2025-01-27T00:30:37.419+0000] {logging_mixin.py:190} INFO - [2025-01-27T00:30:37.419+0000] {dag.py:4180} INFO - Setting next_dagrun for latest_only to 2025-01-26 20:00:00+00:00, run_after=2025-01-27 00:00:00+00:00
[2025-01-27T00:30:37.439+0000] {processor.py:208} INFO - Processing /home/airflow/.local/lib/python3.12/site-packages/airflow/example_dags/example_latest_only.py took 0.077 seconds
[2025-01-27T00:31:08.863+0000] {processor.py:186} INFO - Started process (PID=803) to work on /home/airflow/.local/lib/python3.12/site-packages/airflow/example_dags/example_latest_only.py
[2025-01-27T00:31:08.864+0000] {processor.py:914} INFO - Processing file /home/airflow/.local/lib/python3.12/site-packages/airflow/example_dags/example_latest_only.py for tasks to queue
[2025-01-27T00:31:08.866+0000] {logging_mixin.py:190} INFO - [2025-01-27T00:31:08.866+0000] {dagbag.py:588} INFO - Filling up the DagBag from /home/airflow/.local/lib/python3.12/site-packages/airflow/example_dags/example_latest_only.py
[2025-01-27T00:31:08.873+0000] {processor.py:925} INFO - DAG(s) 'latest_only' retrieved from /home/airflow/.local/lib/python3.12/site-packages/airflow/example_dags/example_latest_only.py
[2025-01-27T00:31:08.893+0000] {logging_mixin.py:190} INFO - [2025-01-27T00:31:08.893+0000] {dag.py:3239} INFO - Sync 1 DAGs
[2025-01-27T00:31:08.917+0000] {logging_mixin.py:190} INFO - [2025-01-27T00:31:08.916+0000] {dag.py:4180} INFO - Setting next_dagrun for latest_only to 2025-01-26 20:00:00+00:00, run_after=2025-01-27 00:00:00+00:00
[2025-01-27T00:31:08.937+0000] {processor.py:208} INFO - Processing /home/airflow/.local/lib/python3.12/site-packages/airflow/example_dags/example_latest_only.py took 0.081 seconds
[2025-01-27T00:31:39.586+0000] {processor.py:186} INFO - Started process (PID=866) to work on /home/airflow/.local/lib/python3.12/site-packages/airflow/example_dags/example_latest_only.py
[2025-01-27T00:31:39.587+0000] {processor.py:914} INFO - Processing file /home/airflow/.local/lib/python3.12/site-packages/airflow/example_dags/example_latest_only.py for tasks to queue
[2025-01-27T00:31:39.589+0000] {logging_mixin.py:190} INFO - [2025-01-27T00:31:39.589+0000] {dagbag.py:588} INFO - Filling up the DagBag from /home/airflow/.local/lib/python3.12/site-packages/airflow/example_dags/example_latest_only.py
[2025-01-27T00:31:39.597+0000] {processor.py:925} INFO - DAG(s) 'latest_only' retrieved from /home/airflow/.local/lib/python3.12/site-packages/airflow/example_dags/example_latest_only.py
[2025-01-27T00:31:39.618+0000] {logging_mixin.py:190} INFO - [2025-01-27T00:31:39.618+0000] {dag.py:3239} INFO - Sync 1 DAGs
[2025-01-27T00:31:39.645+0000] {logging_mixin.py:190} INFO - [2025-01-27T00:31:39.644+0000] {dag.py:4180} INFO - Setting next_dagrun for latest_only to 2025-01-26 20:00:00+00:00, run_after=2025-01-27 00:00:00+00:00
[2025-01-27T00:31:39.665+0000] {processor.py:208} INFO - Processing /home/airflow/.local/lib/python3.12/site-packages/airflow/example_dags/example_latest_only.py took 0.085 seconds
[2025-01-27T00:32:11.489+0000] {processor.py:186} INFO - Started process (PID=929) to work on /home/airflow/.local/lib/python3.12/site-packages/airflow/example_dags/example_latest_only.py
[2025-01-27T00:32:11.490+0000] {processor.py:914} INFO - Processing file /home/airflow/.local/lib/python3.12/site-packages/airflow/example_dags/example_latest_only.py for tasks to queue
[2025-01-27T00:32:11.493+0000] {logging_mixin.py:190} INFO - [2025-01-27T00:32:11.492+0000] {dagbag.py:588} INFO - Filling up the DagBag from /home/airflow/.local/lib/python3.12/site-packages/airflow/example_dags/example_latest_only.py
[2025-01-27T00:32:11.500+0000] {processor.py:925} INFO - DAG(s) 'latest_only' retrieved from /home/airflow/.local/lib/python3.12/site-packages/airflow/example_dags/example_latest_only.py
[2025-01-27T00:32:11.520+0000] {logging_mixin.py:190} INFO - [2025-01-27T00:32:11.519+0000] {dag.py:3239} INFO - Sync 1 DAGs
[2025-01-27T00:32:11.544+0000] {logging_mixin.py:190} INFO - [2025-01-27T00:32:11.544+0000] {dag.py:4180} INFO - Setting next_dagrun for latest_only to 2025-01-26 20:00:00+00:00, run_after=2025-01-27 00:00:00+00:00
[2025-01-27T00:32:11.563+0000] {processor.py:208} INFO - Processing /home/airflow/.local/lib/python3.12/site-packages/airflow/example_dags/example_latest_only.py took 0.080 seconds
[2025-01-27T00:32:41.992+0000] {processor.py:186} INFO - Started process (PID=992) to work on /home/airflow/.local/lib/python3.12/site-packages/airflow/example_dags/example_latest_only.py
[2025-01-27T00:32:41.993+0000] {processor.py:914} INFO - Processing file /home/airflow/.local/lib/python3.12/site-packages/airflow/example_dags/example_latest_only.py for tasks to queue
[2025-01-27T00:32:41.995+0000] {logging_mixin.py:190} INFO - [2025-01-27T00:32:41.995+0000] {dagbag.py:588} INFO - Filling up the DagBag from /home/airflow/.local/lib/python3.12/site-packages/airflow/example_dags/example_latest_only.py
[2025-01-27T00:32:42.002+0000] {processor.py:925} INFO - DAG(s) 'latest_only' retrieved from /home/airflow/.local/lib/python3.12/site-packages/airflow/example_dags/example_latest_only.py
[2025-01-27T00:32:42.021+0000] {logging_mixin.py:190} INFO - [2025-01-27T00:32:42.021+0000] {dag.py:3239} INFO - Sync 1 DAGs
[2025-01-27T00:32:42.044+0000] {logging_mixin.py:190} INFO - [2025-01-27T00:32:42.044+0000] {dag.py:4180} INFO - Setting next_dagrun for latest_only to 2025-01-26 20:00:00+00:00, run_after=2025-01-27 00:00:00+00:00
[2025-01-27T00:32:42.063+0000] {processor.py:208} INFO - Processing /home/airflow/.local/lib/python3.12/site-packages/airflow/example_dags/example_latest_only.py took 0.077 seconds
[2025-01-27T00:33:13.693+0000] {processor.py:186} INFO - Started process (PID=1055) to work on /home/airflow/.local/lib/python3.12/site-packages/airflow/example_dags/example_latest_only.py
[2025-01-27T00:33:13.694+0000] {processor.py:914} INFO - Processing file /home/airflow/.local/lib/python3.12/site-packages/airflow/example_dags/example_latest_only.py for tasks to queue
[2025-01-27T00:33:13.697+0000] {logging_mixin.py:190} INFO - [2025-01-27T00:33:13.696+0000] {dagbag.py:588} INFO - Filling up the DagBag from /home/airflow/.local/lib/python3.12/site-packages/airflow/example_dags/example_latest_only.py
[2025-01-27T00:33:13.704+0000] {processor.py:925} INFO - DAG(s) 'latest_only' retrieved from /home/airflow/.local/lib/python3.12/site-packages/airflow/example_dags/example_latest_only.py
[2025-01-27T00:33:13.724+0000] {logging_mixin.py:190} INFO - [2025-01-27T00:33:13.724+0000] {dag.py:3239} INFO - Sync 1 DAGs
[2025-01-27T00:33:13.750+0000] {logging_mixin.py:190} INFO - [2025-01-27T00:33:13.749+0000] {dag.py:4180} INFO - Setting next_dagrun for latest_only to 2025-01-26 20:00:00+00:00, run_after=2025-01-27 00:00:00+00:00
[2025-01-27T00:33:13.771+0000] {processor.py:208} INFO - Processing /home/airflow/.local/lib/python3.12/site-packages/airflow/example_dags/example_latest_only.py took 0.084 seconds
[2025-01-27T00:33:44.729+0000] {processor.py:186} INFO - Started process (PID=1118) to work on /home/airflow/.local/lib/python3.12/site-packages/airflow/example_dags/example_latest_only.py
[2025-01-27T00:33:44.730+0000] {processor.py:914} INFO - Processing file /home/airflow/.local/lib/python3.12/site-packages/airflow/example_dags/example_latest_only.py for tasks to queue
[2025-01-27T00:33:44.733+0000] {logging_mixin.py:190} INFO - [2025-01-27T00:33:44.732+0000] {dagbag.py:588} INFO - Filling up the DagBag from /home/airflow/.local/lib/python3.12/site-packages/airflow/example_dags/example_latest_only.py
[2025-01-27T00:33:44.740+0000] {processor.py:925} INFO - DAG(s) 'latest_only' retrieved from /home/airflow/.local/lib/python3.12/site-packages/airflow/example_dags/example_latest_only.py
[2025-01-27T00:33:44.760+0000] {logging_mixin.py:190} INFO - [2025-01-27T00:33:44.760+0000] {dag.py:3239} INFO - Sync 1 DAGs
[2025-01-27T00:33:44.787+0000] {logging_mixin.py:190} INFO - [2025-01-27T00:33:44.786+0000] {dag.py:4180} INFO - Setting next_dagrun for latest_only to 2025-01-26 20:00:00+00:00, run_after=2025-01-27 00:00:00+00:00
[2025-01-27T00:33:44.807+0000] {processor.py:208} INFO - Processing /home/airflow/.local/lib/python3.12/site-packages/airflow/example_dags/example_latest_only.py took 0.084 seconds
[2025-01-27T00:34:16.588+0000] {processor.py:186} INFO - Started process (PID=1181) to work on /home/airflow/.local/lib/python3.12/site-packages/airflow/example_dags/example_latest_only.py
[2025-01-27T00:34:16.589+0000] {processor.py:914} INFO - Processing file /home/airflow/.local/lib/python3.12/site-packages/airflow/example_dags/example_latest_only.py for tasks to queue
[2025-01-27T00:34:16.592+0000] {logging_mixin.py:190} INFO - [2025-01-27T00:34:16.592+0000] {dagbag.py:588} INFO - Filling up the DagBag from /home/airflow/.local/lib/python3.12/site-packages/airflow/example_dags/example_latest_only.py
[2025-01-27T00:34:16.600+0000] {processor.py:925} INFO - DAG(s) 'latest_only' retrieved from /home/airflow/.local/lib/python3.12/site-packages/airflow/example_dags/example_latest_only.py
[2025-01-27T00:34:16.621+0000] {logging_mixin.py:190} INFO - [2025-01-27T00:34:16.620+0000] {dag.py:3239} INFO - Sync 1 DAGs
[2025-01-27T00:34:16.649+0000] {logging_mixin.py:190} INFO - [2025-01-27T00:34:16.649+0000] {dag.py:4180} INFO - Setting next_dagrun for latest_only to 2025-01-26 20:00:00+00:00, run_after=2025-01-27 00:00:00+00:00
[2025-01-27T00:34:16.670+0000] {processor.py:208} INFO - Processing /home/airflow/.local/lib/python3.12/site-packages/airflow/example_dags/example_latest_only.py took 0.090 seconds
