[2025-01-27T00:25:30.245+0000] {processor.py:186} INFO - Started process (PID=116) to work on /home/airflow/.local/lib/python3.12/site-packages/airflow/example_dags/example_dataset_alias.py
[2025-01-27T00:25:30.247+0000] {processor.py:914} INFO - Processing file /home/airflow/.local/lib/python3.12/site-packages/airflow/example_dags/example_dataset_alias.py for tasks to queue
[2025-01-27T00:25:30.251+0000] {logging_mixin.py:190} INFO - [2025-01-27T00:25:30.251+0000] {dagbag.py:588} INFO - Filling up the DagBag from /home/airflow/.local/lib/python3.12/site-packages/airflow/example_dags/example_dataset_alias.py
[2025-01-27T00:25:31.106+0000] {processor.py:925} INFO - DAG(s) 'dataset_s3_bucket_producer', 'dataset_s3_bucket_consumer', 'dataset_alias_example_alias_producer', 'dataset_alias_example_alias_consumer' retrieved from /home/airflow/.local/lib/python3.12/site-packages/airflow/example_dags/example_dataset_alias.py
[2025-01-27T00:25:31.216+0000] {logging_mixin.py:190} INFO - [2025-01-27T00:25:31.215+0000] {override.py:1911} INFO - Created Permission View: can read on DAG:dataset_s3_bucket_producer
[2025-01-27T00:25:31.231+0000] {logging_mixin.py:190} INFO - [2025-01-27T00:25:31.231+0000] {override.py:1911} INFO - Created Permission View: can edit on DAG:dataset_s3_bucket_producer
[2025-01-27T00:25:31.241+0000] {logging_mixin.py:190} INFO - [2025-01-27T00:25:31.240+0000] {override.py:1911} INFO - Created Permission View: can delete on DAG:dataset_s3_bucket_producer
[2025-01-27T00:25:31.252+0000] {logging_mixin.py:190} INFO - [2025-01-27T00:25:31.252+0000] {override.py:1911} INFO - Created Permission View: can delete on DAG Run:dataset_s3_bucket_producer
[2025-01-27T00:25:31.261+0000] {logging_mixin.py:190} INFO - [2025-01-27T00:25:31.261+0000] {override.py:1911} INFO - Created Permission View: menu access on DAG Run:dataset_s3_bucket_producer
[2025-01-27T00:25:31.271+0000] {logging_mixin.py:190} INFO - [2025-01-27T00:25:31.270+0000] {override.py:1911} INFO - Created Permission View: can read on DAG Run:dataset_s3_bucket_producer
[2025-01-27T00:25:31.281+0000] {logging_mixin.py:190} INFO - [2025-01-27T00:25:31.280+0000] {override.py:1911} INFO - Created Permission View: can create on DAG Run:dataset_s3_bucket_producer
[2025-01-27T00:25:31.304+0000] {logging_mixin.py:190} INFO - [2025-01-27T00:25:31.303+0000] {override.py:1911} INFO - Created Permission View: can read on DAG:dataset_s3_bucket_consumer
[2025-01-27T00:25:31.315+0000] {logging_mixin.py:190} INFO - [2025-01-27T00:25:31.315+0000] {override.py:1911} INFO - Created Permission View: can edit on DAG:dataset_s3_bucket_consumer
[2025-01-27T00:25:31.328+0000] {logging_mixin.py:190} INFO - [2025-01-27T00:25:31.328+0000] {override.py:1911} INFO - Created Permission View: can delete on DAG:dataset_s3_bucket_consumer
[2025-01-27T00:25:31.344+0000] {logging_mixin.py:190} INFO - [2025-01-27T00:25:31.344+0000] {override.py:1911} INFO - Created Permission View: can delete on DAG Run:dataset_s3_bucket_consumer
[2025-01-27T00:25:31.358+0000] {logging_mixin.py:190} INFO - [2025-01-27T00:25:31.358+0000] {override.py:1911} INFO - Created Permission View: menu access on DAG Run:dataset_s3_bucket_consumer
[2025-01-27T00:25:31.373+0000] {logging_mixin.py:190} INFO - [2025-01-27T00:25:31.372+0000] {override.py:1911} INFO - Created Permission View: can read on DAG Run:dataset_s3_bucket_consumer
[2025-01-27T00:25:31.389+0000] {logging_mixin.py:190} INFO - [2025-01-27T00:25:31.388+0000] {override.py:1911} INFO - Created Permission View: can create on DAG Run:dataset_s3_bucket_consumer
[2025-01-27T00:25:31.424+0000] {logging_mixin.py:190} INFO - [2025-01-27T00:25:31.424+0000] {override.py:1911} INFO - Created Permission View: can read on DAG:dataset_alias_example_alias_producer
[2025-01-27T00:25:31.440+0000] {logging_mixin.py:190} INFO - [2025-01-27T00:25:31.440+0000] {override.py:1911} INFO - Created Permission View: can edit on DAG:dataset_alias_example_alias_producer
[2025-01-27T00:25:31.452+0000] {logging_mixin.py:190} INFO - [2025-01-27T00:25:31.451+0000] {override.py:1911} INFO - Created Permission View: can delete on DAG:dataset_alias_example_alias_producer
[2025-01-27T00:25:31.467+0000] {logging_mixin.py:190} INFO - [2025-01-27T00:25:31.467+0000] {override.py:1911} INFO - Created Permission View: can delete on DAG Run:dataset_alias_example_alias_producer
[2025-01-27T00:25:31.481+0000] {logging_mixin.py:190} INFO - [2025-01-27T00:25:31.480+0000] {override.py:1911} INFO - Created Permission View: menu access on DAG Run:dataset_alias_example_alias_producer
[2025-01-27T00:25:31.493+0000] {logging_mixin.py:190} INFO - [2025-01-27T00:25:31.492+0000] {override.py:1911} INFO - Created Permission View: can read on DAG Run:dataset_alias_example_alias_producer
[2025-01-27T00:25:31.506+0000] {logging_mixin.py:190} INFO - [2025-01-27T00:25:31.506+0000] {override.py:1911} INFO - Created Permission View: can create on DAG Run:dataset_alias_example_alias_producer
[2025-01-27T00:25:31.529+0000] {logging_mixin.py:190} INFO - [2025-01-27T00:25:31.529+0000] {override.py:1911} INFO - Created Permission View: can read on DAG:dataset_alias_example_alias_consumer
[2025-01-27T00:25:31.546+0000] {logging_mixin.py:190} INFO - [2025-01-27T00:25:31.545+0000] {override.py:1911} INFO - Created Permission View: can edit on DAG:dataset_alias_example_alias_consumer
[2025-01-27T00:25:31.560+0000] {logging_mixin.py:190} INFO - [2025-01-27T00:25:31.559+0000] {override.py:1911} INFO - Created Permission View: can delete on DAG:dataset_alias_example_alias_consumer
[2025-01-27T00:25:31.576+0000] {logging_mixin.py:190} INFO - [2025-01-27T00:25:31.575+0000] {override.py:1911} INFO - Created Permission View: can delete on DAG Run:dataset_alias_example_alias_consumer
[2025-01-27T00:25:31.590+0000] {logging_mixin.py:190} INFO - [2025-01-27T00:25:31.590+0000] {override.py:1911} INFO - Created Permission View: menu access on DAG Run:dataset_alias_example_alias_consumer
[2025-01-27T00:25:31.602+0000] {logging_mixin.py:190} INFO - [2025-01-27T00:25:31.602+0000] {override.py:1911} INFO - Created Permission View: can read on DAG Run:dataset_alias_example_alias_consumer
[2025-01-27T00:25:31.613+0000] {logging_mixin.py:190} INFO - [2025-01-27T00:25:31.613+0000] {override.py:1911} INFO - Created Permission View: can create on DAG Run:dataset_alias_example_alias_consumer
[2025-01-27T00:25:31.615+0000] {logging_mixin.py:190} INFO - [2025-01-27T00:25:31.614+0000] {dag.py:3239} INFO - Sync 4 DAGs
[2025-01-27T00:25:31.638+0000] {logging_mixin.py:190} INFO - [2025-01-27T00:25:31.637+0000] {dag.py:3262} INFO - Creating ORM DAG for dataset_alias_example_alias_producer
[2025-01-27T00:25:31.639+0000] {logging_mixin.py:190} INFO - [2025-01-27T00:25:31.639+0000] {dag.py:3262} INFO - Creating ORM DAG for dataset_alias_example_alias_consumer
[2025-01-27T00:25:31.640+0000] {logging_mixin.py:190} INFO - [2025-01-27T00:25:31.640+0000] {dag.py:3262} INFO - Creating ORM DAG for dataset_s3_bucket_producer
[2025-01-27T00:25:31.642+0000] {logging_mixin.py:190} INFO - [2025-01-27T00:25:31.641+0000] {dag.py:3262} INFO - Creating ORM DAG for dataset_s3_bucket_consumer
[2025-01-27T00:25:31.656+0000] {logging_mixin.py:190} INFO - [2025-01-27T00:25:31.655+0000] {dag.py:4180} INFO - Setting next_dagrun for dataset_alias_example_alias_consumer to None, run_after=None
[2025-01-27T00:25:31.657+0000] {logging_mixin.py:190} INFO - [2025-01-27T00:25:31.657+0000] {dag.py:4180} INFO - Setting next_dagrun for dataset_alias_example_alias_producer to None, run_after=None
[2025-01-27T00:25:31.658+0000] {logging_mixin.py:190} INFO - [2025-01-27T00:25:31.658+0000] {dag.py:4180} INFO - Setting next_dagrun for dataset_s3_bucket_consumer to None, run_after=None
[2025-01-27T00:25:31.659+0000] {logging_mixin.py:190} INFO - [2025-01-27T00:25:31.659+0000] {dag.py:4180} INFO - Setting next_dagrun for dataset_s3_bucket_producer to None, run_after=None
[2025-01-27T00:25:31.704+0000] {processor.py:208} INFO - Processing /home/airflow/.local/lib/python3.12/site-packages/airflow/example_dags/example_dataset_alias.py took 1.468 seconds
[2025-01-27T00:26:01.800+0000] {processor.py:186} INFO - Started process (PID=180) to work on /home/airflow/.local/lib/python3.12/site-packages/airflow/example_dags/example_dataset_alias.py
[2025-01-27T00:26:01.802+0000] {processor.py:914} INFO - Processing file /home/airflow/.local/lib/python3.12/site-packages/airflow/example_dags/example_dataset_alias.py for tasks to queue
[2025-01-27T00:26:01.804+0000] {logging_mixin.py:190} INFO - [2025-01-27T00:26:01.804+0000] {dagbag.py:588} INFO - Filling up the DagBag from /home/airflow/.local/lib/python3.12/site-packages/airflow/example_dags/example_dataset_alias.py
[2025-01-27T00:26:02.398+0000] {processor.py:925} INFO - DAG(s) 'dataset_s3_bucket_consumer', 'dataset_alias_example_alias_consumer', 'dataset_alias_example_alias_producer', 'dataset_s3_bucket_producer' retrieved from /home/airflow/.local/lib/python3.12/site-packages/airflow/example_dags/example_dataset_alias.py
[2025-01-27T00:26:02.423+0000] {logging_mixin.py:190} INFO - [2025-01-27T00:26:02.422+0000] {dag.py:3239} INFO - Sync 4 DAGs
[2025-01-27T00:26:02.460+0000] {logging_mixin.py:190} INFO - [2025-01-27T00:26:02.460+0000] {dag.py:4180} INFO - Setting next_dagrun for dataset_alias_example_alias_consumer to None, run_after=None
[2025-01-27T00:26:02.464+0000] {logging_mixin.py:190} INFO - [2025-01-27T00:26:02.463+0000] {dag.py:4180} INFO - Setting next_dagrun for dataset_alias_example_alias_producer to None, run_after=None
[2025-01-27T00:26:02.465+0000] {logging_mixin.py:190} INFO - [2025-01-27T00:26:02.465+0000] {dag.py:4180} INFO - Setting next_dagrun for dataset_s3_bucket_consumer to None, run_after=None
[2025-01-27T00:26:02.466+0000] {logging_mixin.py:190} INFO - [2025-01-27T00:26:02.466+0000] {dag.py:4180} INFO - Setting next_dagrun for dataset_s3_bucket_producer to None, run_after=None
[2025-01-27T00:26:02.489+0000] {processor.py:208} INFO - Processing /home/airflow/.local/lib/python3.12/site-packages/airflow/example_dags/example_dataset_alias.py took 0.694 seconds
[2025-01-27T00:26:33.297+0000] {processor.py:186} INFO - Started process (PID=243) to work on /home/airflow/.local/lib/python3.12/site-packages/airflow/example_dags/example_dataset_alias.py
[2025-01-27T00:26:33.298+0000] {processor.py:914} INFO - Processing file /home/airflow/.local/lib/python3.12/site-packages/airflow/example_dags/example_dataset_alias.py for tasks to queue
[2025-01-27T00:26:33.300+0000] {logging_mixin.py:190} INFO - [2025-01-27T00:26:33.300+0000] {dagbag.py:588} INFO - Filling up the DagBag from /home/airflow/.local/lib/python3.12/site-packages/airflow/example_dags/example_dataset_alias.py
[2025-01-27T00:26:33.916+0000] {processor.py:925} INFO - DAG(s) 'dataset_s3_bucket_producer', 'dataset_alias_example_alias_producer', 'dataset_s3_bucket_consumer', 'dataset_alias_example_alias_consumer' retrieved from /home/airflow/.local/lib/python3.12/site-packages/airflow/example_dags/example_dataset_alias.py
[2025-01-27T00:26:33.938+0000] {logging_mixin.py:190} INFO - [2025-01-27T00:26:33.938+0000] {dag.py:3239} INFO - Sync 4 DAGs
[2025-01-27T00:26:33.965+0000] {logging_mixin.py:190} INFO - [2025-01-27T00:26:33.965+0000] {dag.py:4180} INFO - Setting next_dagrun for dataset_alias_example_alias_consumer to None, run_after=None
[2025-01-27T00:26:33.968+0000] {logging_mixin.py:190} INFO - [2025-01-27T00:26:33.968+0000] {dag.py:4180} INFO - Setting next_dagrun for dataset_alias_example_alias_producer to None, run_after=None
[2025-01-27T00:26:33.970+0000] {logging_mixin.py:190} INFO - [2025-01-27T00:26:33.970+0000] {dag.py:4180} INFO - Setting next_dagrun for dataset_s3_bucket_consumer to None, run_after=None
[2025-01-27T00:26:33.971+0000] {logging_mixin.py:190} INFO - [2025-01-27T00:26:33.971+0000] {dag.py:4180} INFO - Setting next_dagrun for dataset_s3_bucket_producer to None, run_after=None
[2025-01-27T00:26:33.992+0000] {processor.py:208} INFO - Processing /home/airflow/.local/lib/python3.12/site-packages/airflow/example_dags/example_dataset_alias.py took 0.701 seconds
[2025-01-27T00:27:04.126+0000] {processor.py:186} INFO - Started process (PID=312) to work on /home/airflow/.local/lib/python3.12/site-packages/airflow/example_dags/example_dataset_alias.py
[2025-01-27T00:27:04.128+0000] {processor.py:914} INFO - Processing file /home/airflow/.local/lib/python3.12/site-packages/airflow/example_dags/example_dataset_alias.py for tasks to queue
[2025-01-27T00:27:04.130+0000] {logging_mixin.py:190} INFO - [2025-01-27T00:27:04.130+0000] {dagbag.py:588} INFO - Filling up the DagBag from /home/airflow/.local/lib/python3.12/site-packages/airflow/example_dags/example_dataset_alias.py
[2025-01-27T00:27:04.724+0000] {processor.py:925} INFO - DAG(s) 'dataset_s3_bucket_producer', 'dataset_alias_example_alias_consumer', 'dataset_s3_bucket_consumer', 'dataset_alias_example_alias_producer' retrieved from /home/airflow/.local/lib/python3.12/site-packages/airflow/example_dags/example_dataset_alias.py
[2025-01-27T00:27:04.748+0000] {logging_mixin.py:190} INFO - [2025-01-27T00:27:04.747+0000] {dag.py:3239} INFO - Sync 4 DAGs
[2025-01-27T00:27:04.793+0000] {logging_mixin.py:190} INFO - [2025-01-27T00:27:04.792+0000] {dag.py:4180} INFO - Setting next_dagrun for dataset_alias_example_alias_consumer to None, run_after=None
[2025-01-27T00:27:04.799+0000] {logging_mixin.py:190} INFO - [2025-01-27T00:27:04.798+0000] {dag.py:4180} INFO - Setting next_dagrun for dataset_alias_example_alias_producer to None, run_after=None
[2025-01-27T00:27:04.803+0000] {logging_mixin.py:190} INFO - [2025-01-27T00:27:04.803+0000] {dag.py:4180} INFO - Setting next_dagrun for dataset_s3_bucket_consumer to None, run_after=None
[2025-01-27T00:27:04.806+0000] {logging_mixin.py:190} INFO - [2025-01-27T00:27:04.805+0000] {dag.py:4180} INFO - Setting next_dagrun for dataset_s3_bucket_producer to None, run_after=None
[2025-01-27T00:27:04.838+0000] {processor.py:208} INFO - Processing /home/airflow/.local/lib/python3.12/site-packages/airflow/example_dags/example_dataset_alias.py took 0.717 seconds
[2025-01-27T00:27:35.438+0000] {processor.py:186} INFO - Started process (PID=375) to work on /home/airflow/.local/lib/python3.12/site-packages/airflow/example_dags/example_dataset_alias.py
[2025-01-27T00:27:35.439+0000] {processor.py:914} INFO - Processing file /home/airflow/.local/lib/python3.12/site-packages/airflow/example_dags/example_dataset_alias.py for tasks to queue
[2025-01-27T00:27:35.441+0000] {logging_mixin.py:190} INFO - [2025-01-27T00:27:35.441+0000] {dagbag.py:588} INFO - Filling up the DagBag from /home/airflow/.local/lib/python3.12/site-packages/airflow/example_dags/example_dataset_alias.py
[2025-01-27T00:27:36.183+0000] {processor.py:925} INFO - DAG(s) 'dataset_s3_bucket_producer', 'dataset_s3_bucket_consumer', 'dataset_alias_example_alias_consumer', 'dataset_alias_example_alias_producer' retrieved from /home/airflow/.local/lib/python3.12/site-packages/airflow/example_dags/example_dataset_alias.py
[2025-01-27T00:27:36.210+0000] {logging_mixin.py:190} INFO - [2025-01-27T00:27:36.210+0000] {dag.py:3239} INFO - Sync 4 DAGs
[2025-01-27T00:27:36.239+0000] {logging_mixin.py:190} INFO - [2025-01-27T00:27:36.238+0000] {dag.py:4180} INFO - Setting next_dagrun for dataset_alias_example_alias_consumer to None, run_after=None
[2025-01-27T00:27:36.242+0000] {logging_mixin.py:190} INFO - [2025-01-27T00:27:36.242+0000] {dag.py:4180} INFO - Setting next_dagrun for dataset_alias_example_alias_producer to None, run_after=None
[2025-01-27T00:27:36.244+0000] {logging_mixin.py:190} INFO - [2025-01-27T00:27:36.244+0000] {dag.py:4180} INFO - Setting next_dagrun for dataset_s3_bucket_consumer to None, run_after=None
[2025-01-27T00:27:36.246+0000] {logging_mixin.py:190} INFO - [2025-01-27T00:27:36.245+0000] {dag.py:4180} INFO - Setting next_dagrun for dataset_s3_bucket_producer to None, run_after=None
[2025-01-27T00:27:36.272+0000] {processor.py:208} INFO - Processing /home/airflow/.local/lib/python3.12/site-packages/airflow/example_dags/example_dataset_alias.py took 0.840 seconds
[2025-01-27T00:28:06.579+0000] {processor.py:186} INFO - Started process (PID=444) to work on /home/airflow/.local/lib/python3.12/site-packages/airflow/example_dags/example_dataset_alias.py
[2025-01-27T00:28:06.580+0000] {processor.py:914} INFO - Processing file /home/airflow/.local/lib/python3.12/site-packages/airflow/example_dags/example_dataset_alias.py for tasks to queue
[2025-01-27T00:28:06.582+0000] {logging_mixin.py:190} INFO - [2025-01-27T00:28:06.582+0000] {dagbag.py:588} INFO - Filling up the DagBag from /home/airflow/.local/lib/python3.12/site-packages/airflow/example_dags/example_dataset_alias.py
[2025-01-27T00:28:07.177+0000] {processor.py:925} INFO - DAG(s) 'dataset_s3_bucket_producer', 'dataset_s3_bucket_consumer', 'dataset_alias_example_alias_producer', 'dataset_alias_example_alias_consumer' retrieved from /home/airflow/.local/lib/python3.12/site-packages/airflow/example_dags/example_dataset_alias.py
[2025-01-27T00:28:07.200+0000] {logging_mixin.py:190} INFO - [2025-01-27T00:28:07.200+0000] {dag.py:3239} INFO - Sync 4 DAGs
[2025-01-27T00:28:07.244+0000] {logging_mixin.py:190} INFO - [2025-01-27T00:28:07.243+0000] {dag.py:4180} INFO - Setting next_dagrun for dataset_alias_example_alias_consumer to None, run_after=None
[2025-01-27T00:28:07.249+0000] {logging_mixin.py:190} INFO - [2025-01-27T00:28:07.249+0000] {dag.py:4180} INFO - Setting next_dagrun for dataset_alias_example_alias_producer to None, run_after=None
[2025-01-27T00:28:07.252+0000] {logging_mixin.py:190} INFO - [2025-01-27T00:28:07.252+0000] {dag.py:4180} INFO - Setting next_dagrun for dataset_s3_bucket_consumer to None, run_after=None
[2025-01-27T00:28:07.255+0000] {logging_mixin.py:190} INFO - [2025-01-27T00:28:07.255+0000] {dag.py:4180} INFO - Setting next_dagrun for dataset_s3_bucket_producer to None, run_after=None
[2025-01-27T00:28:07.301+0000] {processor.py:208} INFO - Processing /home/airflow/.local/lib/python3.12/site-packages/airflow/example_dags/example_dataset_alias.py took 0.727 seconds
[2025-01-27T00:28:38.027+0000] {processor.py:186} INFO - Started process (PID=508) to work on /home/airflow/.local/lib/python3.12/site-packages/airflow/example_dags/example_dataset_alias.py
[2025-01-27T00:28:38.029+0000] {processor.py:914} INFO - Processing file /home/airflow/.local/lib/python3.12/site-packages/airflow/example_dags/example_dataset_alias.py for tasks to queue
[2025-01-27T00:28:38.031+0000] {logging_mixin.py:190} INFO - [2025-01-27T00:28:38.031+0000] {dagbag.py:588} INFO - Filling up the DagBag from /home/airflow/.local/lib/python3.12/site-packages/airflow/example_dags/example_dataset_alias.py
[2025-01-27T00:28:38.602+0000] {processor.py:925} INFO - DAG(s) 'dataset_s3_bucket_consumer', 'dataset_alias_example_alias_producer', 'dataset_alias_example_alias_consumer', 'dataset_s3_bucket_producer' retrieved from /home/airflow/.local/lib/python3.12/site-packages/airflow/example_dags/example_dataset_alias.py
[2025-01-27T00:28:38.625+0000] {logging_mixin.py:190} INFO - [2025-01-27T00:28:38.624+0000] {dag.py:3239} INFO - Sync 4 DAGs
[2025-01-27T00:28:38.648+0000] {logging_mixin.py:190} INFO - [2025-01-27T00:28:38.648+0000] {dag.py:4180} INFO - Setting next_dagrun for dataset_alias_example_alias_consumer to None, run_after=None
[2025-01-27T00:28:38.652+0000] {logging_mixin.py:190} INFO - [2025-01-27T00:28:38.652+0000] {dag.py:4180} INFO - Setting next_dagrun for dataset_alias_example_alias_producer to None, run_after=None
[2025-01-27T00:28:38.654+0000] {logging_mixin.py:190} INFO - [2025-01-27T00:28:38.654+0000] {dag.py:4180} INFO - Setting next_dagrun for dataset_s3_bucket_consumer to None, run_after=None
[2025-01-27T00:28:38.655+0000] {logging_mixin.py:190} INFO - [2025-01-27T00:28:38.655+0000] {dag.py:4180} INFO - Setting next_dagrun for dataset_s3_bucket_producer to None, run_after=None
[2025-01-27T00:28:38.680+0000] {processor.py:208} INFO - Processing /home/airflow/.local/lib/python3.12/site-packages/airflow/example_dags/example_dataset_alias.py took 0.658 seconds
[2025-01-27T00:29:09.597+0000] {processor.py:186} INFO - Started process (PID=571) to work on /home/airflow/.local/lib/python3.12/site-packages/airflow/example_dags/example_dataset_alias.py
[2025-01-27T00:29:09.598+0000] {processor.py:914} INFO - Processing file /home/airflow/.local/lib/python3.12/site-packages/airflow/example_dags/example_dataset_alias.py for tasks to queue
[2025-01-27T00:29:09.600+0000] {logging_mixin.py:190} INFO - [2025-01-27T00:29:09.600+0000] {dagbag.py:588} INFO - Filling up the DagBag from /home/airflow/.local/lib/python3.12/site-packages/airflow/example_dags/example_dataset_alias.py
[2025-01-27T00:29:10.369+0000] {processor.py:925} INFO - DAG(s) 'dataset_s3_bucket_producer', 'dataset_alias_example_alias_producer', 'dataset_s3_bucket_consumer', 'dataset_alias_example_alias_consumer' retrieved from /home/airflow/.local/lib/python3.12/site-packages/airflow/example_dags/example_dataset_alias.py
[2025-01-27T00:29:10.415+0000] {logging_mixin.py:190} INFO - [2025-01-27T00:29:10.415+0000] {dag.py:3239} INFO - Sync 4 DAGs
[2025-01-27T00:29:10.456+0000] {logging_mixin.py:190} INFO - [2025-01-27T00:29:10.455+0000] {dag.py:4180} INFO - Setting next_dagrun for dataset_alias_example_alias_consumer to None, run_after=None
[2025-01-27T00:29:10.463+0000] {logging_mixin.py:190} INFO - [2025-01-27T00:29:10.463+0000] {dag.py:4180} INFO - Setting next_dagrun for dataset_alias_example_alias_producer to None, run_after=None
[2025-01-27T00:29:10.466+0000] {logging_mixin.py:190} INFO - [2025-01-27T00:29:10.466+0000] {dag.py:4180} INFO - Setting next_dagrun for dataset_s3_bucket_consumer to None, run_after=None
[2025-01-27T00:29:10.469+0000] {logging_mixin.py:190} INFO - [2025-01-27T00:29:10.469+0000] {dag.py:4180} INFO - Setting next_dagrun for dataset_s3_bucket_producer to None, run_after=None
[2025-01-27T00:29:10.508+0000] {processor.py:208} INFO - Processing /home/airflow/.local/lib/python3.12/site-packages/airflow/example_dags/example_dataset_alias.py took 0.917 seconds
[2025-01-27T00:29:40.816+0000] {processor.py:186} INFO - Started process (PID=634) to work on /home/airflow/.local/lib/python3.12/site-packages/airflow/example_dags/example_dataset_alias.py
[2025-01-27T00:29:40.817+0000] {processor.py:914} INFO - Processing file /home/airflow/.local/lib/python3.12/site-packages/airflow/example_dags/example_dataset_alias.py for tasks to queue
[2025-01-27T00:29:40.820+0000] {logging_mixin.py:190} INFO - [2025-01-27T00:29:40.820+0000] {dagbag.py:588} INFO - Filling up the DagBag from /home/airflow/.local/lib/python3.12/site-packages/airflow/example_dags/example_dataset_alias.py
[2025-01-27T00:29:41.456+0000] {processor.py:925} INFO - DAG(s) 'dataset_alias_example_alias_producer', 'dataset_s3_bucket_consumer', 'dataset_alias_example_alias_consumer', 'dataset_s3_bucket_producer' retrieved from /home/airflow/.local/lib/python3.12/site-packages/airflow/example_dags/example_dataset_alias.py
[2025-01-27T00:29:41.485+0000] {logging_mixin.py:190} INFO - [2025-01-27T00:29:41.484+0000] {dag.py:3239} INFO - Sync 4 DAGs
[2025-01-27T00:29:41.516+0000] {logging_mixin.py:190} INFO - [2025-01-27T00:29:41.515+0000] {dag.py:4180} INFO - Setting next_dagrun for dataset_alias_example_alias_consumer to None, run_after=None
[2025-01-27T00:29:41.519+0000] {logging_mixin.py:190} INFO - [2025-01-27T00:29:41.519+0000] {dag.py:4180} INFO - Setting next_dagrun for dataset_alias_example_alias_producer to None, run_after=None
[2025-01-27T00:29:41.521+0000] {logging_mixin.py:190} INFO - [2025-01-27T00:29:41.521+0000] {dag.py:4180} INFO - Setting next_dagrun for dataset_s3_bucket_consumer to None, run_after=None
[2025-01-27T00:29:41.523+0000] {logging_mixin.py:190} INFO - [2025-01-27T00:29:41.522+0000] {dag.py:4180} INFO - Setting next_dagrun for dataset_s3_bucket_producer to None, run_after=None
[2025-01-27T00:29:41.549+0000] {processor.py:208} INFO - Processing /home/airflow/.local/lib/python3.12/site-packages/airflow/example_dags/example_dataset_alias.py took 0.739 seconds
[2025-01-27T00:30:11.689+0000] {processor.py:186} INFO - Started process (PID=698) to work on /home/airflow/.local/lib/python3.12/site-packages/airflow/example_dags/example_dataset_alias.py
[2025-01-27T00:30:11.691+0000] {processor.py:914} INFO - Processing file /home/airflow/.local/lib/python3.12/site-packages/airflow/example_dags/example_dataset_alias.py for tasks to queue
[2025-01-27T00:30:11.693+0000] {logging_mixin.py:190} INFO - [2025-01-27T00:30:11.693+0000] {dagbag.py:588} INFO - Filling up the DagBag from /home/airflow/.local/lib/python3.12/site-packages/airflow/example_dags/example_dataset_alias.py
[2025-01-27T00:30:12.349+0000] {processor.py:925} INFO - DAG(s) 'dataset_alias_example_alias_producer', 'dataset_s3_bucket_producer', 'dataset_s3_bucket_consumer', 'dataset_alias_example_alias_consumer' retrieved from /home/airflow/.local/lib/python3.12/site-packages/airflow/example_dags/example_dataset_alias.py
[2025-01-27T00:30:12.377+0000] {logging_mixin.py:190} INFO - [2025-01-27T00:30:12.376+0000] {dag.py:3239} INFO - Sync 4 DAGs
[2025-01-27T00:30:12.411+0000] {logging_mixin.py:190} INFO - [2025-01-27T00:30:12.411+0000] {dag.py:4180} INFO - Setting next_dagrun for dataset_alias_example_alias_consumer to None, run_after=None
[2025-01-27T00:30:12.417+0000] {logging_mixin.py:190} INFO - [2025-01-27T00:30:12.416+0000] {dag.py:4180} INFO - Setting next_dagrun for dataset_alias_example_alias_producer to None, run_after=None
[2025-01-27T00:30:12.421+0000] {logging_mixin.py:190} INFO - [2025-01-27T00:30:12.420+0000] {dag.py:4180} INFO - Setting next_dagrun for dataset_s3_bucket_consumer to None, run_after=None
[2025-01-27T00:30:12.426+0000] {logging_mixin.py:190} INFO - [2025-01-27T00:30:12.426+0000] {dag.py:4180} INFO - Setting next_dagrun for dataset_s3_bucket_producer to None, run_after=None
[2025-01-27T00:30:12.470+0000] {processor.py:208} INFO - Processing /home/airflow/.local/lib/python3.12/site-packages/airflow/example_dags/example_dataset_alias.py took 0.789 seconds
[2025-01-27T00:30:43.146+0000] {processor.py:186} INFO - Started process (PID=761) to work on /home/airflow/.local/lib/python3.12/site-packages/airflow/example_dags/example_dataset_alias.py
[2025-01-27T00:30:43.147+0000] {processor.py:914} INFO - Processing file /home/airflow/.local/lib/python3.12/site-packages/airflow/example_dags/example_dataset_alias.py for tasks to queue
[2025-01-27T00:30:43.150+0000] {logging_mixin.py:190} INFO - [2025-01-27T00:30:43.150+0000] {dagbag.py:588} INFO - Filling up the DagBag from /home/airflow/.local/lib/python3.12/site-packages/airflow/example_dags/example_dataset_alias.py
[2025-01-27T00:30:43.795+0000] {processor.py:925} INFO - DAG(s) 'dataset_alias_example_alias_producer', 'dataset_s3_bucket_consumer', 'dataset_alias_example_alias_consumer', 'dataset_s3_bucket_producer' retrieved from /home/airflow/.local/lib/python3.12/site-packages/airflow/example_dags/example_dataset_alias.py
[2025-01-27T00:30:43.817+0000] {logging_mixin.py:190} INFO - [2025-01-27T00:30:43.816+0000] {dag.py:3239} INFO - Sync 4 DAGs
[2025-01-27T00:30:43.846+0000] {logging_mixin.py:190} INFO - [2025-01-27T00:30:43.846+0000] {dag.py:4180} INFO - Setting next_dagrun for dataset_alias_example_alias_consumer to None, run_after=None
[2025-01-27T00:30:43.851+0000] {logging_mixin.py:190} INFO - [2025-01-27T00:30:43.850+0000] {dag.py:4180} INFO - Setting next_dagrun for dataset_alias_example_alias_producer to None, run_after=None
[2025-01-27T00:30:43.854+0000] {logging_mixin.py:190} INFO - [2025-01-27T00:30:43.854+0000] {dag.py:4180} INFO - Setting next_dagrun for dataset_s3_bucket_consumer to None, run_after=None
[2025-01-27T00:30:43.856+0000] {logging_mixin.py:190} INFO - [2025-01-27T00:30:43.856+0000] {dag.py:4180} INFO - Setting next_dagrun for dataset_s3_bucket_producer to None, run_after=None
[2025-01-27T00:30:43.885+0000] {processor.py:208} INFO - Processing /home/airflow/.local/lib/python3.12/site-packages/airflow/example_dags/example_dataset_alias.py took 0.748 seconds
[2025-01-27T00:31:14.810+0000] {processor.py:186} INFO - Started process (PID=824) to work on /home/airflow/.local/lib/python3.12/site-packages/airflow/example_dags/example_dataset_alias.py
[2025-01-27T00:31:14.811+0000] {processor.py:914} INFO - Processing file /home/airflow/.local/lib/python3.12/site-packages/airflow/example_dags/example_dataset_alias.py for tasks to queue
[2025-01-27T00:31:14.813+0000] {logging_mixin.py:190} INFO - [2025-01-27T00:31:14.813+0000] {dagbag.py:588} INFO - Filling up the DagBag from /home/airflow/.local/lib/python3.12/site-packages/airflow/example_dags/example_dataset_alias.py
[2025-01-27T00:31:15.421+0000] {processor.py:925} INFO - DAG(s) 'dataset_alias_example_alias_producer', 'dataset_alias_example_alias_consumer', 'dataset_s3_bucket_consumer', 'dataset_s3_bucket_producer' retrieved from /home/airflow/.local/lib/python3.12/site-packages/airflow/example_dags/example_dataset_alias.py
[2025-01-27T00:31:15.446+0000] {logging_mixin.py:190} INFO - [2025-01-27T00:31:15.446+0000] {dag.py:3239} INFO - Sync 4 DAGs
[2025-01-27T00:31:15.476+0000] {logging_mixin.py:190} INFO - [2025-01-27T00:31:15.476+0000] {dag.py:4180} INFO - Setting next_dagrun for dataset_alias_example_alias_consumer to None, run_after=None
[2025-01-27T00:31:15.479+0000] {logging_mixin.py:190} INFO - [2025-01-27T00:31:15.479+0000] {dag.py:4180} INFO - Setting next_dagrun for dataset_alias_example_alias_producer to None, run_after=None
[2025-01-27T00:31:15.481+0000] {logging_mixin.py:190} INFO - [2025-01-27T00:31:15.481+0000] {dag.py:4180} INFO - Setting next_dagrun for dataset_s3_bucket_consumer to None, run_after=None
[2025-01-27T00:31:15.483+0000] {logging_mixin.py:190} INFO - [2025-01-27T00:31:15.483+0000] {dag.py:4180} INFO - Setting next_dagrun for dataset_s3_bucket_producer to None, run_after=None
[2025-01-27T00:31:15.512+0000] {processor.py:208} INFO - Processing /home/airflow/.local/lib/python3.12/site-packages/airflow/example_dags/example_dataset_alias.py took 0.708 seconds
[2025-01-27T00:31:46.370+0000] {processor.py:186} INFO - Started process (PID=887) to work on /home/airflow/.local/lib/python3.12/site-packages/airflow/example_dags/example_dataset_alias.py
[2025-01-27T00:31:46.371+0000] {processor.py:914} INFO - Processing file /home/airflow/.local/lib/python3.12/site-packages/airflow/example_dags/example_dataset_alias.py for tasks to queue
[2025-01-27T00:31:46.373+0000] {logging_mixin.py:190} INFO - [2025-01-27T00:31:46.373+0000] {dagbag.py:588} INFO - Filling up the DagBag from /home/airflow/.local/lib/python3.12/site-packages/airflow/example_dags/example_dataset_alias.py
[2025-01-27T00:31:47.004+0000] {processor.py:925} INFO - DAG(s) 'dataset_s3_bucket_producer', 'dataset_s3_bucket_consumer', 'dataset_alias_example_alias_consumer', 'dataset_alias_example_alias_producer' retrieved from /home/airflow/.local/lib/python3.12/site-packages/airflow/example_dags/example_dataset_alias.py
[2025-01-27T00:31:47.027+0000] {logging_mixin.py:190} INFO - [2025-01-27T00:31:47.027+0000] {dag.py:3239} INFO - Sync 4 DAGs
[2025-01-27T00:31:47.051+0000] {logging_mixin.py:190} INFO - [2025-01-27T00:31:47.051+0000] {dag.py:4180} INFO - Setting next_dagrun for dataset_alias_example_alias_consumer to None, run_after=None
[2025-01-27T00:31:47.054+0000] {logging_mixin.py:190} INFO - [2025-01-27T00:31:47.054+0000] {dag.py:4180} INFO - Setting next_dagrun for dataset_alias_example_alias_producer to None, run_after=None
[2025-01-27T00:31:47.055+0000] {logging_mixin.py:190} INFO - [2025-01-27T00:31:47.055+0000] {dag.py:4180} INFO - Setting next_dagrun for dataset_s3_bucket_consumer to None, run_after=None
[2025-01-27T00:31:47.057+0000] {logging_mixin.py:190} INFO - [2025-01-27T00:31:47.056+0000] {dag.py:4180} INFO - Setting next_dagrun for dataset_s3_bucket_producer to None, run_after=None
[2025-01-27T00:31:47.081+0000] {processor.py:208} INFO - Processing /home/airflow/.local/lib/python3.12/site-packages/airflow/example_dags/example_dataset_alias.py took 0.716 seconds
[2025-01-27T00:32:17.349+0000] {processor.py:186} INFO - Started process (PID=950) to work on /home/airflow/.local/lib/python3.12/site-packages/airflow/example_dags/example_dataset_alias.py
[2025-01-27T00:32:17.350+0000] {processor.py:914} INFO - Processing file /home/airflow/.local/lib/python3.12/site-packages/airflow/example_dags/example_dataset_alias.py for tasks to queue
[2025-01-27T00:32:17.352+0000] {logging_mixin.py:190} INFO - [2025-01-27T00:32:17.351+0000] {dagbag.py:588} INFO - Filling up the DagBag from /home/airflow/.local/lib/python3.12/site-packages/airflow/example_dags/example_dataset_alias.py
[2025-01-27T00:32:18.015+0000] {processor.py:925} INFO - DAG(s) 'dataset_s3_bucket_consumer', 'dataset_s3_bucket_producer', 'dataset_alias_example_alias_consumer', 'dataset_alias_example_alias_producer' retrieved from /home/airflow/.local/lib/python3.12/site-packages/airflow/example_dags/example_dataset_alias.py
[2025-01-27T00:32:18.041+0000] {logging_mixin.py:190} INFO - [2025-01-27T00:32:18.041+0000] {dag.py:3239} INFO - Sync 4 DAGs
[2025-01-27T00:32:18.069+0000] {logging_mixin.py:190} INFO - [2025-01-27T00:32:18.069+0000] {dag.py:4180} INFO - Setting next_dagrun for dataset_alias_example_alias_consumer to None, run_after=None
[2025-01-27T00:32:18.072+0000] {logging_mixin.py:190} INFO - [2025-01-27T00:32:18.072+0000] {dag.py:4180} INFO - Setting next_dagrun for dataset_alias_example_alias_producer to None, run_after=None
[2025-01-27T00:32:18.074+0000] {logging_mixin.py:190} INFO - [2025-01-27T00:32:18.074+0000] {dag.py:4180} INFO - Setting next_dagrun for dataset_s3_bucket_consumer to None, run_after=None
[2025-01-27T00:32:18.076+0000] {logging_mixin.py:190} INFO - [2025-01-27T00:32:18.076+0000] {dag.py:4180} INFO - Setting next_dagrun for dataset_s3_bucket_producer to None, run_after=None
[2025-01-27T00:32:18.109+0000] {processor.py:208} INFO - Processing /home/airflow/.local/lib/python3.12/site-packages/airflow/example_dags/example_dataset_alias.py took 0.768 seconds
[2025-01-27T00:32:48.930+0000] {processor.py:186} INFO - Started process (PID=1013) to work on /home/airflow/.local/lib/python3.12/site-packages/airflow/example_dags/example_dataset_alias.py
[2025-01-27T00:32:48.931+0000] {processor.py:914} INFO - Processing file /home/airflow/.local/lib/python3.12/site-packages/airflow/example_dags/example_dataset_alias.py for tasks to queue
[2025-01-27T00:32:48.934+0000] {logging_mixin.py:190} INFO - [2025-01-27T00:32:48.934+0000] {dagbag.py:588} INFO - Filling up the DagBag from /home/airflow/.local/lib/python3.12/site-packages/airflow/example_dags/example_dataset_alias.py
[2025-01-27T00:32:49.536+0000] {processor.py:925} INFO - DAG(s) 'dataset_alias_example_alias_consumer', 'dataset_s3_bucket_producer', 'dataset_s3_bucket_consumer', 'dataset_alias_example_alias_producer' retrieved from /home/airflow/.local/lib/python3.12/site-packages/airflow/example_dags/example_dataset_alias.py
[2025-01-27T00:32:49.561+0000] {logging_mixin.py:190} INFO - [2025-01-27T00:32:49.560+0000] {dag.py:3239} INFO - Sync 4 DAGs
[2025-01-27T00:32:49.587+0000] {logging_mixin.py:190} INFO - [2025-01-27T00:32:49.587+0000] {dag.py:4180} INFO - Setting next_dagrun for dataset_alias_example_alias_consumer to None, run_after=None
[2025-01-27T00:32:49.591+0000] {logging_mixin.py:190} INFO - [2025-01-27T00:32:49.590+0000] {dag.py:4180} INFO - Setting next_dagrun for dataset_alias_example_alias_producer to None, run_after=None
[2025-01-27T00:32:49.593+0000] {logging_mixin.py:190} INFO - [2025-01-27T00:32:49.592+0000] {dag.py:4180} INFO - Setting next_dagrun for dataset_s3_bucket_consumer to None, run_after=None
[2025-01-27T00:32:49.594+0000] {logging_mixin.py:190} INFO - [2025-01-27T00:32:49.594+0000] {dag.py:4180} INFO - Setting next_dagrun for dataset_s3_bucket_producer to None, run_after=None
[2025-01-27T00:32:49.624+0000] {processor.py:208} INFO - Processing /home/airflow/.local/lib/python3.12/site-packages/airflow/example_dags/example_dataset_alias.py took 0.700 seconds
[2025-01-27T00:33:19.714+0000] {processor.py:186} INFO - Started process (PID=1076) to work on /home/airflow/.local/lib/python3.12/site-packages/airflow/example_dags/example_dataset_alias.py
[2025-01-27T00:33:19.715+0000] {processor.py:914} INFO - Processing file /home/airflow/.local/lib/python3.12/site-packages/airflow/example_dags/example_dataset_alias.py for tasks to queue
[2025-01-27T00:33:19.717+0000] {logging_mixin.py:190} INFO - [2025-01-27T00:33:19.717+0000] {dagbag.py:588} INFO - Filling up the DagBag from /home/airflow/.local/lib/python3.12/site-packages/airflow/example_dags/example_dataset_alias.py
[2025-01-27T00:33:20.350+0000] {processor.py:925} INFO - DAG(s) 'dataset_alias_example_alias_consumer', 'dataset_alias_example_alias_producer', 'dataset_s3_bucket_consumer', 'dataset_s3_bucket_producer' retrieved from /home/airflow/.local/lib/python3.12/site-packages/airflow/example_dags/example_dataset_alias.py
[2025-01-27T00:33:20.374+0000] {logging_mixin.py:190} INFO - [2025-01-27T00:33:20.373+0000] {dag.py:3239} INFO - Sync 4 DAGs
[2025-01-27T00:33:20.399+0000] {logging_mixin.py:190} INFO - [2025-01-27T00:33:20.399+0000] {dag.py:4180} INFO - Setting next_dagrun for dataset_alias_example_alias_consumer to None, run_after=None
[2025-01-27T00:33:20.403+0000] {logging_mixin.py:190} INFO - [2025-01-27T00:33:20.403+0000] {dag.py:4180} INFO - Setting next_dagrun for dataset_alias_example_alias_producer to None, run_after=None
[2025-01-27T00:33:20.405+0000] {logging_mixin.py:190} INFO - [2025-01-27T00:33:20.405+0000] {dag.py:4180} INFO - Setting next_dagrun for dataset_s3_bucket_consumer to None, run_after=None
[2025-01-27T00:33:20.406+0000] {logging_mixin.py:190} INFO - [2025-01-27T00:33:20.406+0000] {dag.py:4180} INFO - Setting next_dagrun for dataset_s3_bucket_producer to None, run_after=None
[2025-01-27T00:33:20.439+0000] {processor.py:208} INFO - Processing /home/airflow/.local/lib/python3.12/site-packages/airflow/example_dags/example_dataset_alias.py took 0.732 seconds
[2025-01-27T00:33:50.668+0000] {processor.py:186} INFO - Started process (PID=1139) to work on /home/airflow/.local/lib/python3.12/site-packages/airflow/example_dags/example_dataset_alias.py
[2025-01-27T00:33:50.670+0000] {processor.py:914} INFO - Processing file /home/airflow/.local/lib/python3.12/site-packages/airflow/example_dags/example_dataset_alias.py for tasks to queue
[2025-01-27T00:33:50.676+0000] {logging_mixin.py:190} INFO - [2025-01-27T00:33:50.675+0000] {dagbag.py:588} INFO - Filling up the DagBag from /home/airflow/.local/lib/python3.12/site-packages/airflow/example_dags/example_dataset_alias.py
[2025-01-27T00:33:51.337+0000] {processor.py:925} INFO - DAG(s) 'dataset_s3_bucket_consumer', 'dataset_s3_bucket_producer', 'dataset_alias_example_alias_consumer', 'dataset_alias_example_alias_producer' retrieved from /home/airflow/.local/lib/python3.12/site-packages/airflow/example_dags/example_dataset_alias.py
[2025-01-27T00:33:51.360+0000] {logging_mixin.py:190} INFO - [2025-01-27T00:33:51.360+0000] {dag.py:3239} INFO - Sync 4 DAGs
[2025-01-27T00:33:51.384+0000] {logging_mixin.py:190} INFO - [2025-01-27T00:33:51.384+0000] {dag.py:4180} INFO - Setting next_dagrun for dataset_alias_example_alias_consumer to None, run_after=None
[2025-01-27T00:33:51.387+0000] {logging_mixin.py:190} INFO - [2025-01-27T00:33:51.387+0000] {dag.py:4180} INFO - Setting next_dagrun for dataset_alias_example_alias_producer to None, run_after=None
[2025-01-27T00:33:51.389+0000] {logging_mixin.py:190} INFO - [2025-01-27T00:33:51.389+0000] {dag.py:4180} INFO - Setting next_dagrun for dataset_s3_bucket_consumer to None, run_after=None
[2025-01-27T00:33:51.391+0000] {logging_mixin.py:190} INFO - [2025-01-27T00:33:51.390+0000] {dag.py:4180} INFO - Setting next_dagrun for dataset_s3_bucket_producer to None, run_after=None
[2025-01-27T00:33:51.415+0000] {processor.py:208} INFO - Processing /home/airflow/.local/lib/python3.12/site-packages/airflow/example_dags/example_dataset_alias.py took 0.757 seconds
