[2025-01-27T00:25:24.559+0000] {processor.py:186} INFO - Started process (PID=92) to work on /home/airflow/.local/lib/python3.12/site-packages/airflow/example_dags/example_branch_labels.py
[2025-01-27T00:25:24.560+0000] {processor.py:914} INFO - Processing file /home/airflow/.local/lib/python3.12/site-packages/airflow/example_dags/example_branch_labels.py for tasks to queue
[2025-01-27T00:25:24.563+0000] {logging_mixin.py:190} INFO - [2025-01-27T00:25:24.563+0000] {dagbag.py:588} INFO - Filling up the DagBag from /home/airflow/.local/lib/python3.12/site-packages/airflow/example_dags/example_branch_labels.py
[2025-01-27T00:25:24.574+0000] {processor.py:925} INFO - DAG(s) 'example_branch_labels' retrieved from /home/airflow/.local/lib/python3.12/site-packages/airflow/example_dags/example_branch_labels.py
[2025-01-27T00:25:24.714+0000] {logging_mixin.py:190} INFO - [2025-01-27T00:25:24.713+0000] {override.py:1911} INFO - Created Permission View: can read on DAG:example_branch_labels
[2025-01-27T00:25:24.728+0000] {logging_mixin.py:190} INFO - [2025-01-27T00:25:24.728+0000] {override.py:1911} INFO - Created Permission View: can edit on DAG:example_branch_labels
[2025-01-27T00:25:24.739+0000] {logging_mixin.py:190} INFO - [2025-01-27T00:25:24.738+0000] {override.py:1911} INFO - Created Permission View: can delete on DAG:example_branch_labels
[2025-01-27T00:25:24.752+0000] {logging_mixin.py:190} INFO - [2025-01-27T00:25:24.751+0000] {override.py:1911} INFO - Created Permission View: can delete on DAG Run:example_branch_labels
[2025-01-27T00:25:24.762+0000] {logging_mixin.py:190} INFO - [2025-01-27T00:25:24.761+0000] {override.py:1911} INFO - Created Permission View: menu access on DAG Run:example_branch_labels
[2025-01-27T00:25:24.773+0000] {logging_mixin.py:190} INFO - [2025-01-27T00:25:24.773+0000] {override.py:1911} INFO - Created Permission View: can read on DAG Run:example_branch_labels
[2025-01-27T00:25:24.784+0000] {logging_mixin.py:190} INFO - [2025-01-27T00:25:24.784+0000] {override.py:1911} INFO - Created Permission View: can create on DAG Run:example_branch_labels
[2025-01-27T00:25:24.785+0000] {logging_mixin.py:190} INFO - [2025-01-27T00:25:24.785+0000] {dag.py:3239} INFO - Sync 1 DAGs
[2025-01-27T00:25:24.799+0000] {logging_mixin.py:190} INFO - [2025-01-27T00:25:24.799+0000] {dag.py:3262} INFO - Creating ORM DAG for example_branch_labels
[2025-01-27T00:25:24.810+0000] {logging_mixin.py:190} INFO - [2025-01-27T00:25:24.809+0000] {dag.py:4180} INFO - Setting next_dagrun for example_branch_labels to 2025-01-26 00:00:00+00:00, run_after=2025-01-27 00:00:00+00:00
[2025-01-27T00:25:24.829+0000] {processor.py:208} INFO - Processing /home/airflow/.local/lib/python3.12/site-packages/airflow/example_dags/example_branch_labels.py took 0.276 seconds
[2025-01-27T00:25:55.231+0000] {processor.py:186} INFO - Started process (PID=155) to work on /home/airflow/.local/lib/python3.12/site-packages/airflow/example_dags/example_branch_labels.py
[2025-01-27T00:25:55.233+0000] {processor.py:914} INFO - Processing file /home/airflow/.local/lib/python3.12/site-packages/airflow/example_dags/example_branch_labels.py for tasks to queue
[2025-01-27T00:25:55.235+0000] {logging_mixin.py:190} INFO - [2025-01-27T00:25:55.234+0000] {dagbag.py:588} INFO - Filling up the DagBag from /home/airflow/.local/lib/python3.12/site-packages/airflow/example_dags/example_branch_labels.py
[2025-01-27T00:25:55.248+0000] {processor.py:925} INFO - DAG(s) 'example_branch_labels' retrieved from /home/airflow/.local/lib/python3.12/site-packages/airflow/example_dags/example_branch_labels.py
[2025-01-27T00:25:55.268+0000] {logging_mixin.py:190} INFO - [2025-01-27T00:25:55.268+0000] {dag.py:3239} INFO - Sync 1 DAGs
[2025-01-27T00:25:55.292+0000] {logging_mixin.py:190} INFO - [2025-01-27T00:25:55.292+0000] {dag.py:4180} INFO - Setting next_dagrun for example_branch_labels to 2025-01-26 00:00:00+00:00, run_after=2025-01-27 00:00:00+00:00
[2025-01-27T00:25:55.313+0000] {processor.py:208} INFO - Processing /home/airflow/.local/lib/python3.12/site-packages/airflow/example_dags/example_branch_labels.py took 0.087 seconds
[2025-01-27T00:26:25.794+0000] {processor.py:186} INFO - Started process (PID=217) to work on /home/airflow/.local/lib/python3.12/site-packages/airflow/example_dags/example_branch_labels.py
[2025-01-27T00:26:25.795+0000] {processor.py:914} INFO - Processing file /home/airflow/.local/lib/python3.12/site-packages/airflow/example_dags/example_branch_labels.py for tasks to queue
[2025-01-27T00:26:25.797+0000] {logging_mixin.py:190} INFO - [2025-01-27T00:26:25.797+0000] {dagbag.py:588} INFO - Filling up the DagBag from /home/airflow/.local/lib/python3.12/site-packages/airflow/example_dags/example_branch_labels.py
[2025-01-27T00:26:25.807+0000] {processor.py:925} INFO - DAG(s) 'example_branch_labels' retrieved from /home/airflow/.local/lib/python3.12/site-packages/airflow/example_dags/example_branch_labels.py
[2025-01-27T00:26:25.827+0000] {logging_mixin.py:190} INFO - [2025-01-27T00:26:25.827+0000] {dag.py:3239} INFO - Sync 1 DAGs
[2025-01-27T00:26:25.852+0000] {logging_mixin.py:190} INFO - [2025-01-27T00:26:25.852+0000] {dag.py:4180} INFO - Setting next_dagrun for example_branch_labels to 2025-01-26 00:00:00+00:00, run_after=2025-01-27 00:00:00+00:00
[2025-01-27T00:26:25.872+0000] {processor.py:208} INFO - Processing /home/airflow/.local/lib/python3.12/site-packages/airflow/example_dags/example_branch_labels.py took 0.084 seconds
[2025-01-27T00:26:56.361+0000] {processor.py:186} INFO - Started process (PID=280) to work on /home/airflow/.local/lib/python3.12/site-packages/airflow/example_dags/example_branch_labels.py
[2025-01-27T00:26:56.362+0000] {processor.py:914} INFO - Processing file /home/airflow/.local/lib/python3.12/site-packages/airflow/example_dags/example_branch_labels.py for tasks to queue
[2025-01-27T00:26:56.364+0000] {logging_mixin.py:190} INFO - [2025-01-27T00:26:56.364+0000] {dagbag.py:588} INFO - Filling up the DagBag from /home/airflow/.local/lib/python3.12/site-packages/airflow/example_dags/example_branch_labels.py
[2025-01-27T00:26:56.373+0000] {processor.py:925} INFO - DAG(s) 'example_branch_labels' retrieved from /home/airflow/.local/lib/python3.12/site-packages/airflow/example_dags/example_branch_labels.py
[2025-01-27T00:26:56.397+0000] {logging_mixin.py:190} INFO - [2025-01-27T00:26:56.397+0000] {dag.py:3239} INFO - Sync 1 DAGs
[2025-01-27T00:26:56.425+0000] {logging_mixin.py:190} INFO - [2025-01-27T00:26:56.424+0000] {dag.py:4180} INFO - Setting next_dagrun for example_branch_labels to 2025-01-26 00:00:00+00:00, run_after=2025-01-27 00:00:00+00:00
[2025-01-27T00:26:56.445+0000] {processor.py:208} INFO - Processing /home/airflow/.local/lib/python3.12/site-packages/airflow/example_dags/example_branch_labels.py took 0.090 seconds
[2025-01-27T00:27:28.011+0000] {processor.py:186} INFO - Started process (PID=343) to work on /home/airflow/.local/lib/python3.12/site-packages/airflow/example_dags/example_branch_labels.py
[2025-01-27T00:27:28.012+0000] {processor.py:914} INFO - Processing file /home/airflow/.local/lib/python3.12/site-packages/airflow/example_dags/example_branch_labels.py for tasks to queue
[2025-01-27T00:27:28.015+0000] {logging_mixin.py:190} INFO - [2025-01-27T00:27:28.014+0000] {dagbag.py:588} INFO - Filling up the DagBag from /home/airflow/.local/lib/python3.12/site-packages/airflow/example_dags/example_branch_labels.py
[2025-01-27T00:27:28.026+0000] {processor.py:925} INFO - DAG(s) 'example_branch_labels' retrieved from /home/airflow/.local/lib/python3.12/site-packages/airflow/example_dags/example_branch_labels.py
[2025-01-27T00:27:28.048+0000] {logging_mixin.py:190} INFO - [2025-01-27T00:27:28.048+0000] {dag.py:3239} INFO - Sync 1 DAGs
[2025-01-27T00:27:28.074+0000] {logging_mixin.py:190} INFO - [2025-01-27T00:27:28.074+0000] {dag.py:4180} INFO - Setting next_dagrun for example_branch_labels to 2025-01-26 00:00:00+00:00, run_after=2025-01-27 00:00:00+00:00
[2025-01-27T00:27:28.096+0000] {processor.py:208} INFO - Processing /home/airflow/.local/lib/python3.12/site-packages/airflow/example_dags/example_branch_labels.py took 0.092 seconds
[2025-01-27T00:27:59.547+0000] {processor.py:186} INFO - Started process (PID=406) to work on /home/airflow/.local/lib/python3.12/site-packages/airflow/example_dags/example_branch_labels.py
[2025-01-27T00:27:59.549+0000] {processor.py:914} INFO - Processing file /home/airflow/.local/lib/python3.12/site-packages/airflow/example_dags/example_branch_labels.py for tasks to queue
[2025-01-27T00:27:59.551+0000] {logging_mixin.py:190} INFO - [2025-01-27T00:27:59.551+0000] {dagbag.py:588} INFO - Filling up the DagBag from /home/airflow/.local/lib/python3.12/site-packages/airflow/example_dags/example_branch_labels.py
[2025-01-27T00:27:59.561+0000] {processor.py:925} INFO - DAG(s) 'example_branch_labels' retrieved from /home/airflow/.local/lib/python3.12/site-packages/airflow/example_dags/example_branch_labels.py
[2025-01-27T00:27:59.587+0000] {logging_mixin.py:190} INFO - [2025-01-27T00:27:59.586+0000] {dag.py:3239} INFO - Sync 1 DAGs
[2025-01-27T00:27:59.617+0000] {logging_mixin.py:190} INFO - [2025-01-27T00:27:59.616+0000] {dag.py:4180} INFO - Setting next_dagrun for example_branch_labels to 2025-01-26 00:00:00+00:00, run_after=2025-01-27 00:00:00+00:00
[2025-01-27T00:27:59.638+0000] {processor.py:208} INFO - Processing /home/airflow/.local/lib/python3.12/site-packages/airflow/example_dags/example_branch_labels.py took 0.098 seconds
[2025-01-27T00:28:30.608+0000] {processor.py:186} INFO - Started process (PID=469) to work on /home/airflow/.local/lib/python3.12/site-packages/airflow/example_dags/example_branch_labels.py
[2025-01-27T00:28:30.610+0000] {processor.py:914} INFO - Processing file /home/airflow/.local/lib/python3.12/site-packages/airflow/example_dags/example_branch_labels.py for tasks to queue
[2025-01-27T00:28:30.615+0000] {logging_mixin.py:190} INFO - [2025-01-27T00:28:30.614+0000] {dagbag.py:588} INFO - Filling up the DagBag from /home/airflow/.local/lib/python3.12/site-packages/airflow/example_dags/example_branch_labels.py
[2025-01-27T00:28:30.632+0000] {processor.py:925} INFO - DAG(s) 'example_branch_labels' retrieved from /home/airflow/.local/lib/python3.12/site-packages/airflow/example_dags/example_branch_labels.py
[2025-01-27T00:28:30.672+0000] {logging_mixin.py:190} INFO - [2025-01-27T00:28:30.671+0000] {dag.py:3239} INFO - Sync 1 DAGs
[2025-01-27T00:28:30.726+0000] {logging_mixin.py:190} INFO - [2025-01-27T00:28:30.726+0000] {dag.py:4180} INFO - Setting next_dagrun for example_branch_labels to 2025-01-26 00:00:00+00:00, run_after=2025-01-27 00:00:00+00:00
[2025-01-27T00:28:30.769+0000] {processor.py:208} INFO - Processing /home/airflow/.local/lib/python3.12/site-packages/airflow/example_dags/example_branch_labels.py took 0.170 seconds
[2025-01-27T00:29:01.867+0000] {processor.py:186} INFO - Started process (PID=532) to work on /home/airflow/.local/lib/python3.12/site-packages/airflow/example_dags/example_branch_labels.py
[2025-01-27T00:29:01.869+0000] {processor.py:914} INFO - Processing file /home/airflow/.local/lib/python3.12/site-packages/airflow/example_dags/example_branch_labels.py for tasks to queue
[2025-01-27T00:29:01.871+0000] {logging_mixin.py:190} INFO - [2025-01-27T00:29:01.871+0000] {dagbag.py:588} INFO - Filling up the DagBag from /home/airflow/.local/lib/python3.12/site-packages/airflow/example_dags/example_branch_labels.py
[2025-01-27T00:29:01.886+0000] {processor.py:925} INFO - DAG(s) 'example_branch_labels' retrieved from /home/airflow/.local/lib/python3.12/site-packages/airflow/example_dags/example_branch_labels.py
[2025-01-27T00:29:01.911+0000] {logging_mixin.py:190} INFO - [2025-01-27T00:29:01.910+0000] {dag.py:3239} INFO - Sync 1 DAGs
[2025-01-27T00:29:01.939+0000] {logging_mixin.py:190} INFO - [2025-01-27T00:29:01.939+0000] {dag.py:4180} INFO - Setting next_dagrun for example_branch_labels to 2025-01-26 00:00:00+00:00, run_after=2025-01-27 00:00:00+00:00
[2025-01-27T00:29:01.965+0000] {processor.py:208} INFO - Processing /home/airflow/.local/lib/python3.12/site-packages/airflow/example_dags/example_branch_labels.py took 0.105 seconds
[2025-01-27T00:29:33.164+0000] {processor.py:186} INFO - Started process (PID=595) to work on /home/airflow/.local/lib/python3.12/site-packages/airflow/example_dags/example_branch_labels.py
[2025-01-27T00:29:33.165+0000] {processor.py:914} INFO - Processing file /home/airflow/.local/lib/python3.12/site-packages/airflow/example_dags/example_branch_labels.py for tasks to queue
[2025-01-27T00:29:33.167+0000] {logging_mixin.py:190} INFO - [2025-01-27T00:29:33.167+0000] {dagbag.py:588} INFO - Filling up the DagBag from /home/airflow/.local/lib/python3.12/site-packages/airflow/example_dags/example_branch_labels.py
[2025-01-27T00:29:33.178+0000] {processor.py:925} INFO - DAG(s) 'example_branch_labels' retrieved from /home/airflow/.local/lib/python3.12/site-packages/airflow/example_dags/example_branch_labels.py
[2025-01-27T00:29:33.203+0000] {logging_mixin.py:190} INFO - [2025-01-27T00:29:33.203+0000] {dag.py:3239} INFO - Sync 1 DAGs
[2025-01-27T00:29:33.229+0000] {logging_mixin.py:190} INFO - [2025-01-27T00:29:33.228+0000] {dag.py:4180} INFO - Setting next_dagrun for example_branch_labels to 2025-01-26 00:00:00+00:00, run_after=2025-01-27 00:00:00+00:00
[2025-01-27T00:29:33.252+0000] {processor.py:208} INFO - Processing /home/airflow/.local/lib/python3.12/site-packages/airflow/example_dags/example_branch_labels.py took 0.095 seconds
[2025-01-27T00:30:04.163+0000] {processor.py:186} INFO - Started process (PID=659) to work on /home/airflow/.local/lib/python3.12/site-packages/airflow/example_dags/example_branch_labels.py
[2025-01-27T00:30:04.164+0000] {processor.py:914} INFO - Processing file /home/airflow/.local/lib/python3.12/site-packages/airflow/example_dags/example_branch_labels.py for tasks to queue
[2025-01-27T00:30:04.167+0000] {logging_mixin.py:190} INFO - [2025-01-27T00:30:04.166+0000] {dagbag.py:588} INFO - Filling up the DagBag from /home/airflow/.local/lib/python3.12/site-packages/airflow/example_dags/example_branch_labels.py
[2025-01-27T00:30:04.177+0000] {processor.py:925} INFO - DAG(s) 'example_branch_labels' retrieved from /home/airflow/.local/lib/python3.12/site-packages/airflow/example_dags/example_branch_labels.py
[2025-01-27T00:30:04.198+0000] {logging_mixin.py:190} INFO - [2025-01-27T00:30:04.198+0000] {dag.py:3239} INFO - Sync 1 DAGs
[2025-01-27T00:30:04.224+0000] {logging_mixin.py:190} INFO - [2025-01-27T00:30:04.224+0000] {dag.py:4180} INFO - Setting next_dagrun for example_branch_labels to 2025-01-26 00:00:00+00:00, run_after=2025-01-27 00:00:00+00:00
[2025-01-27T00:30:04.244+0000] {processor.py:208} INFO - Processing /home/airflow/.local/lib/python3.12/site-packages/airflow/example_dags/example_branch_labels.py took 0.086 seconds
[2025-01-27T00:30:35.951+0000] {processor.py:186} INFO - Started process (PID=722) to work on /home/airflow/.local/lib/python3.12/site-packages/airflow/example_dags/example_branch_labels.py
[2025-01-27T00:30:35.952+0000] {processor.py:914} INFO - Processing file /home/airflow/.local/lib/python3.12/site-packages/airflow/example_dags/example_branch_labels.py for tasks to queue
[2025-01-27T00:30:35.955+0000] {logging_mixin.py:190} INFO - [2025-01-27T00:30:35.954+0000] {dagbag.py:588} INFO - Filling up the DagBag from /home/airflow/.local/lib/python3.12/site-packages/airflow/example_dags/example_branch_labels.py
[2025-01-27T00:30:35.965+0000] {processor.py:925} INFO - DAG(s) 'example_branch_labels' retrieved from /home/airflow/.local/lib/python3.12/site-packages/airflow/example_dags/example_branch_labels.py
[2025-01-27T00:30:35.986+0000] {logging_mixin.py:190} INFO - [2025-01-27T00:30:35.985+0000] {dag.py:3239} INFO - Sync 1 DAGs
[2025-01-27T00:30:36.010+0000] {logging_mixin.py:190} INFO - [2025-01-27T00:30:36.010+0000] {dag.py:4180} INFO - Setting next_dagrun for example_branch_labels to 2025-01-26 00:00:00+00:00, run_after=2025-01-27 00:00:00+00:00
[2025-01-27T00:30:36.030+0000] {processor.py:208} INFO - Processing /home/airflow/.local/lib/python3.12/site-packages/airflow/example_dags/example_branch_labels.py took 0.086 seconds
[2025-01-27T00:31:07.392+0000] {processor.py:186} INFO - Started process (PID=785) to work on /home/airflow/.local/lib/python3.12/site-packages/airflow/example_dags/example_branch_labels.py
[2025-01-27T00:31:07.393+0000] {processor.py:914} INFO - Processing file /home/airflow/.local/lib/python3.12/site-packages/airflow/example_dags/example_branch_labels.py for tasks to queue
[2025-01-27T00:31:07.396+0000] {logging_mixin.py:190} INFO - [2025-01-27T00:31:07.395+0000] {dagbag.py:588} INFO - Filling up the DagBag from /home/airflow/.local/lib/python3.12/site-packages/airflow/example_dags/example_branch_labels.py
[2025-01-27T00:31:07.406+0000] {processor.py:925} INFO - DAG(s) 'example_branch_labels' retrieved from /home/airflow/.local/lib/python3.12/site-packages/airflow/example_dags/example_branch_labels.py
[2025-01-27T00:31:07.427+0000] {logging_mixin.py:190} INFO - [2025-01-27T00:31:07.427+0000] {dag.py:3239} INFO - Sync 1 DAGs
[2025-01-27T00:31:07.451+0000] {logging_mixin.py:190} INFO - [2025-01-27T00:31:07.451+0000] {dag.py:4180} INFO - Setting next_dagrun for example_branch_labels to 2025-01-26 00:00:00+00:00, run_after=2025-01-27 00:00:00+00:00
[2025-01-27T00:31:07.475+0000] {processor.py:208} INFO - Processing /home/airflow/.local/lib/python3.12/site-packages/airflow/example_dags/example_branch_labels.py took 0.088 seconds
[2025-01-27T00:31:38.093+0000] {processor.py:186} INFO - Started process (PID=848) to work on /home/airflow/.local/lib/python3.12/site-packages/airflow/example_dags/example_branch_labels.py
[2025-01-27T00:31:38.094+0000] {processor.py:914} INFO - Processing file /home/airflow/.local/lib/python3.12/site-packages/airflow/example_dags/example_branch_labels.py for tasks to queue
[2025-01-27T00:31:38.097+0000] {logging_mixin.py:190} INFO - [2025-01-27T00:31:38.096+0000] {dagbag.py:588} INFO - Filling up the DagBag from /home/airflow/.local/lib/python3.12/site-packages/airflow/example_dags/example_branch_labels.py
[2025-01-27T00:31:38.107+0000] {processor.py:925} INFO - DAG(s) 'example_branch_labels' retrieved from /home/airflow/.local/lib/python3.12/site-packages/airflow/example_dags/example_branch_labels.py
[2025-01-27T00:31:38.128+0000] {logging_mixin.py:190} INFO - [2025-01-27T00:31:38.128+0000] {dag.py:3239} INFO - Sync 1 DAGs
[2025-01-27T00:31:38.153+0000] {logging_mixin.py:190} INFO - [2025-01-27T00:31:38.153+0000] {dag.py:4180} INFO - Setting next_dagrun for example_branch_labels to 2025-01-26 00:00:00+00:00, run_after=2025-01-27 00:00:00+00:00
[2025-01-27T00:31:38.174+0000] {processor.py:208} INFO - Processing /home/airflow/.local/lib/python3.12/site-packages/airflow/example_dags/example_branch_labels.py took 0.086 seconds
[2025-01-27T00:32:09.678+0000] {processor.py:186} INFO - Started process (PID=911) to work on /home/airflow/.local/lib/python3.12/site-packages/airflow/example_dags/example_branch_labels.py
[2025-01-27T00:32:09.679+0000] {processor.py:914} INFO - Processing file /home/airflow/.local/lib/python3.12/site-packages/airflow/example_dags/example_branch_labels.py for tasks to queue
[2025-01-27T00:32:09.681+0000] {logging_mixin.py:190} INFO - [2025-01-27T00:32:09.681+0000] {dagbag.py:588} INFO - Filling up the DagBag from /home/airflow/.local/lib/python3.12/site-packages/airflow/example_dags/example_branch_labels.py
[2025-01-27T00:32:09.691+0000] {processor.py:925} INFO - DAG(s) 'example_branch_labels' retrieved from /home/airflow/.local/lib/python3.12/site-packages/airflow/example_dags/example_branch_labels.py
[2025-01-27T00:32:09.713+0000] {logging_mixin.py:190} INFO - [2025-01-27T00:32:09.713+0000] {dag.py:3239} INFO - Sync 1 DAGs
[2025-01-27T00:32:09.740+0000] {logging_mixin.py:190} INFO - [2025-01-27T00:32:09.740+0000] {dag.py:4180} INFO - Setting next_dagrun for example_branch_labels to 2025-01-26 00:00:00+00:00, run_after=2025-01-27 00:00:00+00:00
[2025-01-27T00:32:09.762+0000] {processor.py:208} INFO - Processing /home/airflow/.local/lib/python3.12/site-packages/airflow/example_dags/example_branch_labels.py took 0.090 seconds
[2025-01-27T00:32:40.608+0000] {processor.py:186} INFO - Started process (PID=974) to work on /home/airflow/.local/lib/python3.12/site-packages/airflow/example_dags/example_branch_labels.py
[2025-01-27T00:32:40.609+0000] {processor.py:914} INFO - Processing file /home/airflow/.local/lib/python3.12/site-packages/airflow/example_dags/example_branch_labels.py for tasks to queue
[2025-01-27T00:32:40.612+0000] {logging_mixin.py:190} INFO - [2025-01-27T00:32:40.611+0000] {dagbag.py:588} INFO - Filling up the DagBag from /home/airflow/.local/lib/python3.12/site-packages/airflow/example_dags/example_branch_labels.py
[2025-01-27T00:32:40.622+0000] {processor.py:925} INFO - DAG(s) 'example_branch_labels' retrieved from /home/airflow/.local/lib/python3.12/site-packages/airflow/example_dags/example_branch_labels.py
[2025-01-27T00:32:40.643+0000] {logging_mixin.py:190} INFO - [2025-01-27T00:32:40.643+0000] {dag.py:3239} INFO - Sync 1 DAGs
[2025-01-27T00:32:40.667+0000] {logging_mixin.py:190} INFO - [2025-01-27T00:32:40.667+0000] {dag.py:4180} INFO - Setting next_dagrun for example_branch_labels to 2025-01-26 00:00:00+00:00, run_after=2025-01-27 00:00:00+00:00
[2025-01-27T00:32:40.687+0000] {processor.py:208} INFO - Processing /home/airflow/.local/lib/python3.12/site-packages/airflow/example_dags/example_branch_labels.py took 0.084 seconds
[2025-01-27T00:33:12.109+0000] {processor.py:186} INFO - Started process (PID=1037) to work on /home/airflow/.local/lib/python3.12/site-packages/airflow/example_dags/example_branch_labels.py
[2025-01-27T00:33:12.110+0000] {processor.py:914} INFO - Processing file /home/airflow/.local/lib/python3.12/site-packages/airflow/example_dags/example_branch_labels.py for tasks to queue
[2025-01-27T00:33:12.113+0000] {logging_mixin.py:190} INFO - [2025-01-27T00:33:12.113+0000] {dagbag.py:588} INFO - Filling up the DagBag from /home/airflow/.local/lib/python3.12/site-packages/airflow/example_dags/example_branch_labels.py
[2025-01-27T00:33:12.126+0000] {processor.py:925} INFO - DAG(s) 'example_branch_labels' retrieved from /home/airflow/.local/lib/python3.12/site-packages/airflow/example_dags/example_branch_labels.py
[2025-01-27T00:33:12.151+0000] {logging_mixin.py:190} INFO - [2025-01-27T00:33:12.151+0000] {dag.py:3239} INFO - Sync 1 DAGs
[2025-01-27T00:33:12.178+0000] {logging_mixin.py:190} INFO - [2025-01-27T00:33:12.177+0000] {dag.py:4180} INFO - Setting next_dagrun for example_branch_labels to 2025-01-26 00:00:00+00:00, run_after=2025-01-27 00:00:00+00:00
[2025-01-27T00:33:12.198+0000] {processor.py:208} INFO - Processing /home/airflow/.local/lib/python3.12/site-packages/airflow/example_dags/example_branch_labels.py took 0.097 seconds
[2025-01-27T00:33:43.094+0000] {processor.py:186} INFO - Started process (PID=1100) to work on /home/airflow/.local/lib/python3.12/site-packages/airflow/example_dags/example_branch_labels.py
[2025-01-27T00:33:43.096+0000] {processor.py:914} INFO - Processing file /home/airflow/.local/lib/python3.12/site-packages/airflow/example_dags/example_branch_labels.py for tasks to queue
[2025-01-27T00:33:43.099+0000] {logging_mixin.py:190} INFO - [2025-01-27T00:33:43.098+0000] {dagbag.py:588} INFO - Filling up the DagBag from /home/airflow/.local/lib/python3.12/site-packages/airflow/example_dags/example_branch_labels.py
[2025-01-27T00:33:43.109+0000] {processor.py:925} INFO - DAG(s) 'example_branch_labels' retrieved from /home/airflow/.local/lib/python3.12/site-packages/airflow/example_dags/example_branch_labels.py
[2025-01-27T00:33:43.140+0000] {logging_mixin.py:190} INFO - [2025-01-27T00:33:43.139+0000] {dag.py:3239} INFO - Sync 1 DAGs
[2025-01-27T00:33:43.164+0000] {logging_mixin.py:190} INFO - [2025-01-27T00:33:43.164+0000] {dag.py:4180} INFO - Setting next_dagrun for example_branch_labels to 2025-01-26 00:00:00+00:00, run_after=2025-01-27 00:00:00+00:00
[2025-01-27T00:33:43.185+0000] {processor.py:208} INFO - Processing /home/airflow/.local/lib/python3.12/site-packages/airflow/example_dags/example_branch_labels.py took 0.097 seconds
[2025-01-27T00:34:14.931+0000] {processor.py:186} INFO - Started process (PID=1163) to work on /home/airflow/.local/lib/python3.12/site-packages/airflow/example_dags/example_branch_labels.py
[2025-01-27T00:34:14.932+0000] {processor.py:914} INFO - Processing file /home/airflow/.local/lib/python3.12/site-packages/airflow/example_dags/example_branch_labels.py for tasks to queue
[2025-01-27T00:34:14.934+0000] {logging_mixin.py:190} INFO - [2025-01-27T00:34:14.934+0000] {dagbag.py:588} INFO - Filling up the DagBag from /home/airflow/.local/lib/python3.12/site-packages/airflow/example_dags/example_branch_labels.py
[2025-01-27T00:34:14.944+0000] {processor.py:925} INFO - DAG(s) 'example_branch_labels' retrieved from /home/airflow/.local/lib/python3.12/site-packages/airflow/example_dags/example_branch_labels.py
[2025-01-27T00:34:14.964+0000] {logging_mixin.py:190} INFO - [2025-01-27T00:34:14.964+0000] {dag.py:3239} INFO - Sync 1 DAGs
[2025-01-27T00:34:14.988+0000] {logging_mixin.py:190} INFO - [2025-01-27T00:34:14.988+0000] {dag.py:4180} INFO - Setting next_dagrun for example_branch_labels to 2025-01-26 00:00:00+00:00, run_after=2025-01-27 00:00:00+00:00
[2025-01-27T00:34:15.007+0000] {processor.py:208} INFO - Processing /home/airflow/.local/lib/python3.12/site-packages/airflow/example_dags/example_branch_labels.py took 0.082 seconds
