[2025-01-27T00:25:32.330+0000] {processor.py:186} INFO - Started process (PID=121) to work on /home/airflow/.local/lib/python3.12/site-packages/airflow/example_dags/example_complex.py
[2025-01-27T00:25:32.332+0000] {processor.py:914} INFO - Processing file /home/airflow/.local/lib/python3.12/site-packages/airflow/example_dags/example_complex.py for tasks to queue
[2025-01-27T00:25:32.334+0000] {logging_mixin.py:190} INFO - [2025-01-27T00:25:32.334+0000] {dagbag.py:588} INFO - Filling up the DagBag from /home/airflow/.local/lib/python3.12/site-packages/airflow/example_dags/example_complex.py
[2025-01-27T00:25:32.354+0000] {processor.py:925} INFO - DAG(s) 'example_complex' retrieved from /home/airflow/.local/lib/python3.12/site-packages/airflow/example_dags/example_complex.py
[2025-01-27T00:25:32.520+0000] {logging_mixin.py:190} INFO - [2025-01-27T00:25:32.519+0000] {override.py:1911} INFO - Created Permission View: can read on DAG:example_complex
[2025-01-27T00:25:32.539+0000] {logging_mixin.py:190} INFO - [2025-01-27T00:25:32.539+0000] {override.py:1911} INFO - Created Permission View: can edit on DAG:example_complex
[2025-01-27T00:25:32.552+0000] {logging_mixin.py:190} INFO - [2025-01-27T00:25:32.552+0000] {override.py:1911} INFO - Created Permission View: can delete on DAG:example_complex
[2025-01-27T00:25:32.569+0000] {logging_mixin.py:190} INFO - [2025-01-27T00:25:32.569+0000] {override.py:1911} INFO - Created Permission View: can delete on DAG Run:example_complex
[2025-01-27T00:25:32.582+0000] {logging_mixin.py:190} INFO - [2025-01-27T00:25:32.581+0000] {override.py:1911} INFO - Created Permission View: menu access on DAG Run:example_complex
[2025-01-27T00:25:32.597+0000] {logging_mixin.py:190} INFO - [2025-01-27T00:25:32.597+0000] {override.py:1911} INFO - Created Permission View: can read on DAG Run:example_complex
[2025-01-27T00:25:32.610+0000] {logging_mixin.py:190} INFO - [2025-01-27T00:25:32.610+0000] {override.py:1911} INFO - Created Permission View: can create on DAG Run:example_complex
[2025-01-27T00:25:32.611+0000] {logging_mixin.py:190} INFO - [2025-01-27T00:25:32.611+0000] {dag.py:3239} INFO - Sync 1 DAGs
[2025-01-27T00:25:32.629+0000] {logging_mixin.py:190} INFO - [2025-01-27T00:25:32.629+0000] {dag.py:3262} INFO - Creating ORM DAG for example_complex
[2025-01-27T00:25:32.631+0000] {logging_mixin.py:190} INFO - [2025-01-27T00:25:32.630+0000] {dag.py:4180} INFO - Setting next_dagrun for example_complex to None, run_after=None
[2025-01-27T00:25:32.660+0000] {processor.py:208} INFO - Processing /home/airflow/.local/lib/python3.12/site-packages/airflow/example_dags/example_complex.py took 0.336 seconds
[2025-01-27T00:26:02.779+0000] {processor.py:186} INFO - Started process (PID=184) to work on /home/airflow/.local/lib/python3.12/site-packages/airflow/example_dags/example_complex.py
[2025-01-27T00:26:02.780+0000] {processor.py:914} INFO - Processing file /home/airflow/.local/lib/python3.12/site-packages/airflow/example_dags/example_complex.py for tasks to queue
[2025-01-27T00:26:02.782+0000] {logging_mixin.py:190} INFO - [2025-01-27T00:26:02.782+0000] {dagbag.py:588} INFO - Filling up the DagBag from /home/airflow/.local/lib/python3.12/site-packages/airflow/example_dags/example_complex.py
[2025-01-27T00:26:02.794+0000] {processor.py:925} INFO - DAG(s) 'example_complex' retrieved from /home/airflow/.local/lib/python3.12/site-packages/airflow/example_dags/example_complex.py
[2025-01-27T00:26:02.826+0000] {logging_mixin.py:190} INFO - [2025-01-27T00:26:02.826+0000] {dag.py:3239} INFO - Sync 1 DAGs
[2025-01-27T00:26:02.842+0000] {logging_mixin.py:190} INFO - [2025-01-27T00:26:02.841+0000] {dag.py:4180} INFO - Setting next_dagrun for example_complex to None, run_after=None
[2025-01-27T00:26:02.862+0000] {processor.py:208} INFO - Processing /home/airflow/.local/lib/python3.12/site-packages/airflow/example_dags/example_complex.py took 0.089 seconds
[2025-01-27T00:26:33.517+0000] {processor.py:186} INFO - Started process (PID=246) to work on /home/airflow/.local/lib/python3.12/site-packages/airflow/example_dags/example_complex.py
[2025-01-27T00:26:33.519+0000] {processor.py:914} INFO - Processing file /home/airflow/.local/lib/python3.12/site-packages/airflow/example_dags/example_complex.py for tasks to queue
[2025-01-27T00:26:33.521+0000] {logging_mixin.py:190} INFO - [2025-01-27T00:26:33.521+0000] {dagbag.py:588} INFO - Filling up the DagBag from /home/airflow/.local/lib/python3.12/site-packages/airflow/example_dags/example_complex.py
[2025-01-27T00:26:33.533+0000] {processor.py:925} INFO - DAG(s) 'example_complex' retrieved from /home/airflow/.local/lib/python3.12/site-packages/airflow/example_dags/example_complex.py
[2025-01-27T00:26:33.565+0000] {logging_mixin.py:190} INFO - [2025-01-27T00:26:33.565+0000] {dag.py:3239} INFO - Sync 1 DAGs
[2025-01-27T00:26:33.579+0000] {logging_mixin.py:190} INFO - [2025-01-27T00:26:33.579+0000] {dag.py:4180} INFO - Setting next_dagrun for example_complex to None, run_after=None
[2025-01-27T00:26:33.609+0000] {processor.py:208} INFO - Processing /home/airflow/.local/lib/python3.12/site-packages/airflow/example_dags/example_complex.py took 0.097 seconds
[2025-01-27T00:27:03.679+0000] {processor.py:186} INFO - Started process (PID=308) to work on /home/airflow/.local/lib/python3.12/site-packages/airflow/example_dags/example_complex.py
[2025-01-27T00:27:03.680+0000] {processor.py:914} INFO - Processing file /home/airflow/.local/lib/python3.12/site-packages/airflow/example_dags/example_complex.py for tasks to queue
[2025-01-27T00:27:03.682+0000] {logging_mixin.py:190} INFO - [2025-01-27T00:27:03.682+0000] {dagbag.py:588} INFO - Filling up the DagBag from /home/airflow/.local/lib/python3.12/site-packages/airflow/example_dags/example_complex.py
[2025-01-27T00:27:03.694+0000] {processor.py:925} INFO - DAG(s) 'example_complex' retrieved from /home/airflow/.local/lib/python3.12/site-packages/airflow/example_dags/example_complex.py
[2025-01-27T00:27:03.727+0000] {logging_mixin.py:190} INFO - [2025-01-27T00:27:03.727+0000] {dag.py:3239} INFO - Sync 1 DAGs
[2025-01-27T00:27:03.742+0000] {logging_mixin.py:190} INFO - [2025-01-27T00:27:03.742+0000] {dag.py:4180} INFO - Setting next_dagrun for example_complex to None, run_after=None
[2025-01-27T00:27:03.763+0000] {processor.py:208} INFO - Processing /home/airflow/.local/lib/python3.12/site-packages/airflow/example_dags/example_complex.py took 0.090 seconds
[2025-01-27T00:27:34.173+0000] {processor.py:186} INFO - Started process (PID=371) to work on /home/airflow/.local/lib/python3.12/site-packages/airflow/example_dags/example_complex.py
[2025-01-27T00:27:34.174+0000] {processor.py:914} INFO - Processing file /home/airflow/.local/lib/python3.12/site-packages/airflow/example_dags/example_complex.py for tasks to queue
[2025-01-27T00:27:34.177+0000] {logging_mixin.py:190} INFO - [2025-01-27T00:27:34.176+0000] {dagbag.py:588} INFO - Filling up the DagBag from /home/airflow/.local/lib/python3.12/site-packages/airflow/example_dags/example_complex.py
[2025-01-27T00:27:34.190+0000] {processor.py:925} INFO - DAG(s) 'example_complex' retrieved from /home/airflow/.local/lib/python3.12/site-packages/airflow/example_dags/example_complex.py
[2025-01-27T00:27:34.230+0000] {logging_mixin.py:190} INFO - [2025-01-27T00:27:34.229+0000] {dag.py:3239} INFO - Sync 1 DAGs
[2025-01-27T00:27:34.245+0000] {logging_mixin.py:190} INFO - [2025-01-27T00:27:34.245+0000] {dag.py:4180} INFO - Setting next_dagrun for example_complex to None, run_after=None
[2025-01-27T00:27:34.267+0000] {processor.py:208} INFO - Processing /home/airflow/.local/lib/python3.12/site-packages/airflow/example_dags/example_complex.py took 0.100 seconds
[2025-01-27T00:28:05.032+0000] {processor.py:186} INFO - Started process (PID=434) to work on /home/airflow/.local/lib/python3.12/site-packages/airflow/example_dags/example_complex.py
[2025-01-27T00:28:05.033+0000] {processor.py:914} INFO - Processing file /home/airflow/.local/lib/python3.12/site-packages/airflow/example_dags/example_complex.py for tasks to queue
[2025-01-27T00:28:05.035+0000] {logging_mixin.py:190} INFO - [2025-01-27T00:28:05.035+0000] {dagbag.py:588} INFO - Filling up the DagBag from /home/airflow/.local/lib/python3.12/site-packages/airflow/example_dags/example_complex.py
[2025-01-27T00:28:05.048+0000] {processor.py:925} INFO - DAG(s) 'example_complex' retrieved from /home/airflow/.local/lib/python3.12/site-packages/airflow/example_dags/example_complex.py
[2025-01-27T00:28:05.081+0000] {logging_mixin.py:190} INFO - [2025-01-27T00:28:05.081+0000] {dag.py:3239} INFO - Sync 1 DAGs
[2025-01-27T00:28:05.096+0000] {logging_mixin.py:190} INFO - [2025-01-27T00:28:05.095+0000] {dag.py:4180} INFO - Setting next_dagrun for example_complex to None, run_after=None
[2025-01-27T00:28:05.114+0000] {processor.py:208} INFO - Processing /home/airflow/.local/lib/python3.12/site-packages/airflow/example_dags/example_complex.py took 0.089 seconds
[2025-01-27T00:28:35.515+0000] {processor.py:186} INFO - Started process (PID=497) to work on /home/airflow/.local/lib/python3.12/site-packages/airflow/example_dags/example_complex.py
[2025-01-27T00:28:35.516+0000] {processor.py:914} INFO - Processing file /home/airflow/.local/lib/python3.12/site-packages/airflow/example_dags/example_complex.py for tasks to queue
[2025-01-27T00:28:35.519+0000] {logging_mixin.py:190} INFO - [2025-01-27T00:28:35.518+0000] {dagbag.py:588} INFO - Filling up the DagBag from /home/airflow/.local/lib/python3.12/site-packages/airflow/example_dags/example_complex.py
[2025-01-27T00:28:35.531+0000] {processor.py:925} INFO - DAG(s) 'example_complex' retrieved from /home/airflow/.local/lib/python3.12/site-packages/airflow/example_dags/example_complex.py
[2025-01-27T00:28:35.563+0000] {logging_mixin.py:190} INFO - [2025-01-27T00:28:35.563+0000] {dag.py:3239} INFO - Sync 1 DAGs
[2025-01-27T00:28:35.577+0000] {logging_mixin.py:190} INFO - [2025-01-27T00:28:35.577+0000] {dag.py:4180} INFO - Setting next_dagrun for example_complex to None, run_after=None
[2025-01-27T00:28:35.596+0000] {processor.py:208} INFO - Processing /home/airflow/.local/lib/python3.12/site-packages/airflow/example_dags/example_complex.py took 0.086 seconds
[2025-01-27T00:29:06.048+0000] {processor.py:186} INFO - Started process (PID=560) to work on /home/airflow/.local/lib/python3.12/site-packages/airflow/example_dags/example_complex.py
[2025-01-27T00:29:06.049+0000] {processor.py:914} INFO - Processing file /home/airflow/.local/lib/python3.12/site-packages/airflow/example_dags/example_complex.py for tasks to queue
[2025-01-27T00:29:06.052+0000] {logging_mixin.py:190} INFO - [2025-01-27T00:29:06.052+0000] {dagbag.py:588} INFO - Filling up the DagBag from /home/airflow/.local/lib/python3.12/site-packages/airflow/example_dags/example_complex.py
[2025-01-27T00:29:06.066+0000] {processor.py:925} INFO - DAG(s) 'example_complex' retrieved from /home/airflow/.local/lib/python3.12/site-packages/airflow/example_dags/example_complex.py
[2025-01-27T00:29:06.103+0000] {logging_mixin.py:190} INFO - [2025-01-27T00:29:06.103+0000] {dag.py:3239} INFO - Sync 1 DAGs
[2025-01-27T00:29:06.119+0000] {logging_mixin.py:190} INFO - [2025-01-27T00:29:06.118+0000] {dag.py:4180} INFO - Setting next_dagrun for example_complex to None, run_after=None
[2025-01-27T00:29:06.140+0000] {processor.py:208} INFO - Processing /home/airflow/.local/lib/python3.12/site-packages/airflow/example_dags/example_complex.py took 0.100 seconds
[2025-01-27T00:29:37.182+0000] {processor.py:186} INFO - Started process (PID=623) to work on /home/airflow/.local/lib/python3.12/site-packages/airflow/example_dags/example_complex.py
[2025-01-27T00:29:37.183+0000] {processor.py:914} INFO - Processing file /home/airflow/.local/lib/python3.12/site-packages/airflow/example_dags/example_complex.py for tasks to queue
[2025-01-27T00:29:37.186+0000] {logging_mixin.py:190} INFO - [2025-01-27T00:29:37.185+0000] {dagbag.py:588} INFO - Filling up the DagBag from /home/airflow/.local/lib/python3.12/site-packages/airflow/example_dags/example_complex.py
[2025-01-27T00:29:37.199+0000] {processor.py:925} INFO - DAG(s) 'example_complex' retrieved from /home/airflow/.local/lib/python3.12/site-packages/airflow/example_dags/example_complex.py
[2025-01-27T00:29:37.234+0000] {logging_mixin.py:190} INFO - [2025-01-27T00:29:37.234+0000] {dag.py:3239} INFO - Sync 1 DAGs
[2025-01-27T00:29:37.251+0000] {logging_mixin.py:190} INFO - [2025-01-27T00:29:37.251+0000] {dag.py:4180} INFO - Setting next_dagrun for example_complex to None, run_after=None
[2025-01-27T00:29:37.273+0000] {processor.py:208} INFO - Processing /home/airflow/.local/lib/python3.12/site-packages/airflow/example_dags/example_complex.py took 0.097 seconds
[2025-01-27T00:30:08.071+0000] {processor.py:186} INFO - Started process (PID=687) to work on /home/airflow/.local/lib/python3.12/site-packages/airflow/example_dags/example_complex.py
[2025-01-27T00:30:08.072+0000] {processor.py:914} INFO - Processing file /home/airflow/.local/lib/python3.12/site-packages/airflow/example_dags/example_complex.py for tasks to queue
[2025-01-27T00:30:08.074+0000] {logging_mixin.py:190} INFO - [2025-01-27T00:30:08.074+0000] {dagbag.py:588} INFO - Filling up the DagBag from /home/airflow/.local/lib/python3.12/site-packages/airflow/example_dags/example_complex.py
[2025-01-27T00:30:08.087+0000] {processor.py:925} INFO - DAG(s) 'example_complex' retrieved from /home/airflow/.local/lib/python3.12/site-packages/airflow/example_dags/example_complex.py
[2025-01-27T00:30:08.122+0000] {logging_mixin.py:190} INFO - [2025-01-27T00:30:08.122+0000] {dag.py:3239} INFO - Sync 1 DAGs
[2025-01-27T00:30:08.139+0000] {logging_mixin.py:190} INFO - [2025-01-27T00:30:08.139+0000] {dag.py:4180} INFO - Setting next_dagrun for example_complex to None, run_after=None
[2025-01-27T00:30:08.162+0000] {processor.py:208} INFO - Processing /home/airflow/.local/lib/python3.12/site-packages/airflow/example_dags/example_complex.py took 0.096 seconds
[2025-01-27T00:30:39.616+0000] {processor.py:186} INFO - Started process (PID=750) to work on /home/airflow/.local/lib/python3.12/site-packages/airflow/example_dags/example_complex.py
[2025-01-27T00:30:39.617+0000] {processor.py:914} INFO - Processing file /home/airflow/.local/lib/python3.12/site-packages/airflow/example_dags/example_complex.py for tasks to queue
[2025-01-27T00:30:39.619+0000] {logging_mixin.py:190} INFO - [2025-01-27T00:30:39.619+0000] {dagbag.py:588} INFO - Filling up the DagBag from /home/airflow/.local/lib/python3.12/site-packages/airflow/example_dags/example_complex.py
[2025-01-27T00:30:39.632+0000] {processor.py:925} INFO - DAG(s) 'example_complex' retrieved from /home/airflow/.local/lib/python3.12/site-packages/airflow/example_dags/example_complex.py
[2025-01-27T00:30:39.666+0000] {logging_mixin.py:190} INFO - [2025-01-27T00:30:39.666+0000] {dag.py:3239} INFO - Sync 1 DAGs
[2025-01-27T00:30:39.683+0000] {logging_mixin.py:190} INFO - [2025-01-27T00:30:39.683+0000] {dag.py:4180} INFO - Setting next_dagrun for example_complex to None, run_after=None
[2025-01-27T00:30:39.705+0000] {processor.py:208} INFO - Processing /home/airflow/.local/lib/python3.12/site-packages/airflow/example_dags/example_complex.py took 0.095 seconds
[2025-01-27T00:31:11.254+0000] {processor.py:186} INFO - Started process (PID=813) to work on /home/airflow/.local/lib/python3.12/site-packages/airflow/example_dags/example_complex.py
[2025-01-27T00:31:11.255+0000] {processor.py:914} INFO - Processing file /home/airflow/.local/lib/python3.12/site-packages/airflow/example_dags/example_complex.py for tasks to queue
[2025-01-27T00:31:11.258+0000] {logging_mixin.py:190} INFO - [2025-01-27T00:31:11.258+0000] {dagbag.py:588} INFO - Filling up the DagBag from /home/airflow/.local/lib/python3.12/site-packages/airflow/example_dags/example_complex.py
[2025-01-27T00:31:11.271+0000] {processor.py:925} INFO - DAG(s) 'example_complex' retrieved from /home/airflow/.local/lib/python3.12/site-packages/airflow/example_dags/example_complex.py
[2025-01-27T00:31:11.304+0000] {logging_mixin.py:190} INFO - [2025-01-27T00:31:11.304+0000] {dag.py:3239} INFO - Sync 1 DAGs
[2025-01-27T00:31:11.324+0000] {logging_mixin.py:190} INFO - [2025-01-27T00:31:11.323+0000] {dag.py:4180} INFO - Setting next_dagrun for example_complex to None, run_after=None
[2025-01-27T00:31:11.345+0000] {processor.py:208} INFO - Processing /home/airflow/.local/lib/python3.12/site-packages/airflow/example_dags/example_complex.py took 0.096 seconds
[2025-01-27T00:31:42.772+0000] {processor.py:186} INFO - Started process (PID=876) to work on /home/airflow/.local/lib/python3.12/site-packages/airflow/example_dags/example_complex.py
[2025-01-27T00:31:42.773+0000] {processor.py:914} INFO - Processing file /home/airflow/.local/lib/python3.12/site-packages/airflow/example_dags/example_complex.py for tasks to queue
[2025-01-27T00:31:42.775+0000] {logging_mixin.py:190} INFO - [2025-01-27T00:31:42.775+0000] {dagbag.py:588} INFO - Filling up the DagBag from /home/airflow/.local/lib/python3.12/site-packages/airflow/example_dags/example_complex.py
[2025-01-27T00:31:42.788+0000] {processor.py:925} INFO - DAG(s) 'example_complex' retrieved from /home/airflow/.local/lib/python3.12/site-packages/airflow/example_dags/example_complex.py
[2025-01-27T00:31:42.831+0000] {logging_mixin.py:190} INFO - [2025-01-27T00:31:42.831+0000] {dag.py:3239} INFO - Sync 1 DAGs
[2025-01-27T00:31:42.848+0000] {logging_mixin.py:190} INFO - [2025-01-27T00:31:42.848+0000] {dag.py:4180} INFO - Setting next_dagrun for example_complex to None, run_after=None
[2025-01-27T00:31:42.869+0000] {processor.py:208} INFO - Processing /home/airflow/.local/lib/python3.12/site-packages/airflow/example_dags/example_complex.py took 0.103 seconds
[2025-01-27T00:32:13.780+0000] {processor.py:186} INFO - Started process (PID=939) to work on /home/airflow/.local/lib/python3.12/site-packages/airflow/example_dags/example_complex.py
[2025-01-27T00:32:13.782+0000] {processor.py:914} INFO - Processing file /home/airflow/.local/lib/python3.12/site-packages/airflow/example_dags/example_complex.py for tasks to queue
[2025-01-27T00:32:13.784+0000] {logging_mixin.py:190} INFO - [2025-01-27T00:32:13.784+0000] {dagbag.py:588} INFO - Filling up the DagBag from /home/airflow/.local/lib/python3.12/site-packages/airflow/example_dags/example_complex.py
[2025-01-27T00:32:13.797+0000] {processor.py:925} INFO - DAG(s) 'example_complex' retrieved from /home/airflow/.local/lib/python3.12/site-packages/airflow/example_dags/example_complex.py
[2025-01-27T00:32:13.831+0000] {logging_mixin.py:190} INFO - [2025-01-27T00:32:13.831+0000] {dag.py:3239} INFO - Sync 1 DAGs
[2025-01-27T00:32:13.848+0000] {logging_mixin.py:190} INFO - [2025-01-27T00:32:13.848+0000] {dag.py:4180} INFO - Setting next_dagrun for example_complex to None, run_after=None
[2025-01-27T00:32:13.870+0000] {processor.py:208} INFO - Processing /home/airflow/.local/lib/python3.12/site-packages/airflow/example_dags/example_complex.py took 0.096 seconds
[2025-01-27T00:32:45.384+0000] {processor.py:186} INFO - Started process (PID=1002) to work on /home/airflow/.local/lib/python3.12/site-packages/airflow/example_dags/example_complex.py
[2025-01-27T00:32:45.385+0000] {processor.py:914} INFO - Processing file /home/airflow/.local/lib/python3.12/site-packages/airflow/example_dags/example_complex.py for tasks to queue
[2025-01-27T00:32:45.387+0000] {logging_mixin.py:190} INFO - [2025-01-27T00:32:45.387+0000] {dagbag.py:588} INFO - Filling up the DagBag from /home/airflow/.local/lib/python3.12/site-packages/airflow/example_dags/example_complex.py
[2025-01-27T00:32:45.399+0000] {processor.py:925} INFO - DAG(s) 'example_complex' retrieved from /home/airflow/.local/lib/python3.12/site-packages/airflow/example_dags/example_complex.py
[2025-01-27T00:32:45.431+0000] {logging_mixin.py:190} INFO - [2025-01-27T00:32:45.431+0000] {dag.py:3239} INFO - Sync 1 DAGs
[2025-01-27T00:32:45.447+0000] {logging_mixin.py:190} INFO - [2025-01-27T00:32:45.447+0000] {dag.py:4180} INFO - Setting next_dagrun for example_complex to None, run_after=None
[2025-01-27T00:32:45.468+0000] {processor.py:208} INFO - Processing /home/airflow/.local/lib/python3.12/site-packages/airflow/example_dags/example_complex.py took 0.091 seconds
[2025-01-27T00:33:17.050+0000] {processor.py:186} INFO - Started process (PID=1065) to work on /home/airflow/.local/lib/python3.12/site-packages/airflow/example_dags/example_complex.py
[2025-01-27T00:33:17.052+0000] {processor.py:914} INFO - Processing file /home/airflow/.local/lib/python3.12/site-packages/airflow/example_dags/example_complex.py for tasks to queue
[2025-01-27T00:33:17.054+0000] {logging_mixin.py:190} INFO - [2025-01-27T00:33:17.054+0000] {dagbag.py:588} INFO - Filling up the DagBag from /home/airflow/.local/lib/python3.12/site-packages/airflow/example_dags/example_complex.py
[2025-01-27T00:33:17.068+0000] {processor.py:925} INFO - DAG(s) 'example_complex' retrieved from /home/airflow/.local/lib/python3.12/site-packages/airflow/example_dags/example_complex.py
[2025-01-27T00:33:17.103+0000] {logging_mixin.py:190} INFO - [2025-01-27T00:33:17.103+0000] {dag.py:3239} INFO - Sync 1 DAGs
[2025-01-27T00:33:17.120+0000] {logging_mixin.py:190} INFO - [2025-01-27T00:33:17.120+0000] {dag.py:4180} INFO - Setting next_dagrun for example_complex to None, run_after=None
[2025-01-27T00:33:17.142+0000] {processor.py:208} INFO - Processing /home/airflow/.local/lib/python3.12/site-packages/airflow/example_dags/example_complex.py took 0.098 seconds
[2025-01-27T00:33:48.120+0000] {processor.py:186} INFO - Started process (PID=1128) to work on /home/airflow/.local/lib/python3.12/site-packages/airflow/example_dags/example_complex.py
[2025-01-27T00:33:48.122+0000] {processor.py:914} INFO - Processing file /home/airflow/.local/lib/python3.12/site-packages/airflow/example_dags/example_complex.py for tasks to queue
[2025-01-27T00:33:48.125+0000] {logging_mixin.py:190} INFO - [2025-01-27T00:33:48.124+0000] {dagbag.py:588} INFO - Filling up the DagBag from /home/airflow/.local/lib/python3.12/site-packages/airflow/example_dags/example_complex.py
[2025-01-27T00:33:48.140+0000] {processor.py:925} INFO - DAG(s) 'example_complex' retrieved from /home/airflow/.local/lib/python3.12/site-packages/airflow/example_dags/example_complex.py
[2025-01-27T00:33:48.181+0000] {logging_mixin.py:190} INFO - [2025-01-27T00:33:48.180+0000] {dag.py:3239} INFO - Sync 1 DAGs
[2025-01-27T00:33:48.196+0000] {logging_mixin.py:190} INFO - [2025-01-27T00:33:48.196+0000] {dag.py:4180} INFO - Setting next_dagrun for example_complex to None, run_after=None
[2025-01-27T00:33:48.218+0000] {processor.py:208} INFO - Processing /home/airflow/.local/lib/python3.12/site-packages/airflow/example_dags/example_complex.py took 0.104 seconds
