[2025-01-27T00:25:21.933+0000] {processor.py:186} INFO - Started process (PID=83) to work on /home/airflow/.local/lib/python3.12/site-packages/airflow/example_dags/example_inlet_event_extra.py
[2025-01-27T00:25:21.934+0000] {processor.py:914} INFO - Processing file /home/airflow/.local/lib/python3.12/site-packages/airflow/example_dags/example_inlet_event_extra.py for tasks to queue
[2025-01-27T00:25:21.938+0000] {logging_mixin.py:190} INFO - [2025-01-27T00:25:21.937+0000] {dagbag.py:588} INFO - Filling up the DagBag from /home/airflow/.local/lib/python3.12/site-packages/airflow/example_dags/example_inlet_event_extra.py
[2025-01-27T00:25:23.899+0000] {processor.py:925} INFO - DAG(s) 'read_dataset_event_from_classic', 'read_dataset_event' retrieved from /home/airflow/.local/lib/python3.12/site-packages/airflow/example_dags/example_inlet_event_extra.py
[2025-01-27T00:25:24.015+0000] {logging_mixin.py:190} INFO - [2025-01-27T00:25:24.013+0000] {override.py:1911} INFO - Created Permission View: can read on DAG:read_dataset_event_from_classic
[2025-01-27T00:25:24.029+0000] {logging_mixin.py:190} INFO - [2025-01-27T00:25:24.029+0000] {override.py:1911} INFO - Created Permission View: can edit on DAG:read_dataset_event_from_classic
[2025-01-27T00:25:24.039+0000] {logging_mixin.py:190} INFO - [2025-01-27T00:25:24.038+0000] {override.py:1911} INFO - Created Permission View: can delete on DAG:read_dataset_event_from_classic
[2025-01-27T00:25:24.050+0000] {logging_mixin.py:190} INFO - [2025-01-27T00:25:24.050+0000] {override.py:1911} INFO - Created Permission View: can delete on DAG Run:read_dataset_event_from_classic
[2025-01-27T00:25:24.059+0000] {logging_mixin.py:190} INFO - [2025-01-27T00:25:24.059+0000] {override.py:1911} INFO - Created Permission View: menu access on DAG Run:read_dataset_event_from_classic
[2025-01-27T00:25:24.068+0000] {logging_mixin.py:190} INFO - [2025-01-27T00:25:24.068+0000] {override.py:1911} INFO - Created Permission View: can read on DAG Run:read_dataset_event_from_classic
[2025-01-27T00:25:24.077+0000] {logging_mixin.py:190} INFO - [2025-01-27T00:25:24.077+0000] {override.py:1911} INFO - Created Permission View: can create on DAG Run:read_dataset_event_from_classic
[2025-01-27T00:25:24.095+0000] {logging_mixin.py:190} INFO - [2025-01-27T00:25:24.095+0000] {override.py:1911} INFO - Created Permission View: can read on DAG:read_dataset_event
[2025-01-27T00:25:24.103+0000] {logging_mixin.py:190} INFO - [2025-01-27T00:25:24.103+0000] {override.py:1911} INFO - Created Permission View: can edit on DAG:read_dataset_event
[2025-01-27T00:25:24.112+0000] {logging_mixin.py:190} INFO - [2025-01-27T00:25:24.111+0000] {override.py:1911} INFO - Created Permission View: can delete on DAG:read_dataset_event
[2025-01-27T00:25:24.127+0000] {logging_mixin.py:190} INFO - [2025-01-27T00:25:24.127+0000] {override.py:1911} INFO - Created Permission View: can delete on DAG Run:read_dataset_event
[2025-01-27T00:25:24.136+0000] {logging_mixin.py:190} INFO - [2025-01-27T00:25:24.136+0000] {override.py:1911} INFO - Created Permission View: menu access on DAG Run:read_dataset_event
[2025-01-27T00:25:24.145+0000] {logging_mixin.py:190} INFO - [2025-01-27T00:25:24.145+0000] {override.py:1911} INFO - Created Permission View: can read on DAG Run:read_dataset_event
[2025-01-27T00:25:24.156+0000] {logging_mixin.py:190} INFO - [2025-01-27T00:25:24.156+0000] {override.py:1911} INFO - Created Permission View: can create on DAG Run:read_dataset_event
[2025-01-27T00:25:24.157+0000] {logging_mixin.py:190} INFO - [2025-01-27T00:25:24.156+0000] {dag.py:3239} INFO - Sync 2 DAGs
[2025-01-27T00:25:24.171+0000] {logging_mixin.py:190} INFO - [2025-01-27T00:25:24.171+0000] {dag.py:3262} INFO - Creating ORM DAG for read_dataset_event_from_classic
[2025-01-27T00:25:24.172+0000] {logging_mixin.py:190} INFO - [2025-01-27T00:25:24.172+0000] {dag.py:3262} INFO - Creating ORM DAG for read_dataset_event
[2025-01-27T00:25:24.184+0000] {logging_mixin.py:190} INFO - [2025-01-27T00:25:24.184+0000] {dag.py:4180} INFO - Setting next_dagrun for read_dataset_event to 2025-01-26 00:00:00+00:00, run_after=2025-01-27 00:00:00+00:00
[2025-01-27T00:25:24.186+0000] {logging_mixin.py:190} INFO - [2025-01-27T00:25:24.186+0000] {dag.py:4180} INFO - Setting next_dagrun for read_dataset_event_from_classic to 2025-01-26 00:00:00+00:00, run_after=2025-01-27 00:00:00+00:00
[2025-01-27T00:25:24.206+0000] {processor.py:208} INFO - Processing /home/airflow/.local/lib/python3.12/site-packages/airflow/example_dags/example_inlet_event_extra.py took 2.282 seconds
[2025-01-27T00:25:54.908+0000] {processor.py:186} INFO - Started process (PID=151) to work on /home/airflow/.local/lib/python3.12/site-packages/airflow/example_dags/example_inlet_event_extra.py
[2025-01-27T00:25:54.909+0000] {processor.py:914} INFO - Processing file /home/airflow/.local/lib/python3.12/site-packages/airflow/example_dags/example_inlet_event_extra.py for tasks to queue
[2025-01-27T00:25:54.911+0000] {logging_mixin.py:190} INFO - [2025-01-27T00:25:54.911+0000] {dagbag.py:588} INFO - Filling up the DagBag from /home/airflow/.local/lib/python3.12/site-packages/airflow/example_dags/example_inlet_event_extra.py
[2025-01-27T00:25:55.519+0000] {processor.py:925} INFO - DAG(s) 'read_dataset_event', 'read_dataset_event_from_classic' retrieved from /home/airflow/.local/lib/python3.12/site-packages/airflow/example_dags/example_inlet_event_extra.py
[2025-01-27T00:25:55.538+0000] {logging_mixin.py:190} INFO - [2025-01-27T00:25:55.538+0000] {dag.py:3239} INFO - Sync 2 DAGs
[2025-01-27T00:25:55.563+0000] {logging_mixin.py:190} INFO - [2025-01-27T00:25:55.563+0000] {dag.py:4180} INFO - Setting next_dagrun for read_dataset_event to 2025-01-26 00:00:00+00:00, run_after=2025-01-27 00:00:00+00:00
[2025-01-27T00:25:55.570+0000] {logging_mixin.py:190} INFO - [2025-01-27T00:25:55.569+0000] {dag.py:4180} INFO - Setting next_dagrun for read_dataset_event_from_classic to 2025-01-26 00:00:00+00:00, run_after=2025-01-27 00:00:00+00:00
[2025-01-27T00:25:55.587+0000] {processor.py:208} INFO - Processing /home/airflow/.local/lib/python3.12/site-packages/airflow/example_dags/example_inlet_event_extra.py took 0.684 seconds
[2025-01-27T00:26:25.913+0000] {processor.py:186} INFO - Started process (PID=219) to work on /home/airflow/.local/lib/python3.12/site-packages/airflow/example_dags/example_inlet_event_extra.py
[2025-01-27T00:26:25.914+0000] {processor.py:914} INFO - Processing file /home/airflow/.local/lib/python3.12/site-packages/airflow/example_dags/example_inlet_event_extra.py for tasks to queue
[2025-01-27T00:26:25.916+0000] {logging_mixin.py:190} INFO - [2025-01-27T00:26:25.916+0000] {dagbag.py:588} INFO - Filling up the DagBag from /home/airflow/.local/lib/python3.12/site-packages/airflow/example_dags/example_inlet_event_extra.py
[2025-01-27T00:26:26.462+0000] {processor.py:925} INFO - DAG(s) 'read_dataset_event_from_classic', 'read_dataset_event' retrieved from /home/airflow/.local/lib/python3.12/site-packages/airflow/example_dags/example_inlet_event_extra.py
[2025-01-27T00:26:26.485+0000] {logging_mixin.py:190} INFO - [2025-01-27T00:26:26.485+0000] {dag.py:3239} INFO - Sync 2 DAGs
[2025-01-27T00:26:26.509+0000] {logging_mixin.py:190} INFO - [2025-01-27T00:26:26.509+0000] {dag.py:4180} INFO - Setting next_dagrun for read_dataset_event to 2025-01-26 00:00:00+00:00, run_after=2025-01-27 00:00:00+00:00
[2025-01-27T00:26:26.514+0000] {logging_mixin.py:190} INFO - [2025-01-27T00:26:26.514+0000] {dag.py:4180} INFO - Setting next_dagrun for read_dataset_event_from_classic to 2025-01-26 00:00:00+00:00, run_after=2025-01-27 00:00:00+00:00
[2025-01-27T00:26:26.530+0000] {processor.py:208} INFO - Processing /home/airflow/.local/lib/python3.12/site-packages/airflow/example_dags/example_inlet_event_extra.py took 0.622 seconds
[2025-01-27T00:26:56.605+0000] {processor.py:186} INFO - Started process (PID=282) to work on /home/airflow/.local/lib/python3.12/site-packages/airflow/example_dags/example_inlet_event_extra.py
[2025-01-27T00:26:56.606+0000] {processor.py:914} INFO - Processing file /home/airflow/.local/lib/python3.12/site-packages/airflow/example_dags/example_inlet_event_extra.py for tasks to queue
[2025-01-27T00:26:56.609+0000] {logging_mixin.py:190} INFO - [2025-01-27T00:26:56.609+0000] {dagbag.py:588} INFO - Filling up the DagBag from /home/airflow/.local/lib/python3.12/site-packages/airflow/example_dags/example_inlet_event_extra.py
[2025-01-27T00:26:57.191+0000] {processor.py:925} INFO - DAG(s) 'read_dataset_event', 'read_dataset_event_from_classic' retrieved from /home/airflow/.local/lib/python3.12/site-packages/airflow/example_dags/example_inlet_event_extra.py
[2025-01-27T00:26:57.212+0000] {logging_mixin.py:190} INFO - [2025-01-27T00:26:57.212+0000] {dag.py:3239} INFO - Sync 2 DAGs
[2025-01-27T00:26:57.236+0000] {logging_mixin.py:190} INFO - [2025-01-27T00:26:57.236+0000] {dag.py:4180} INFO - Setting next_dagrun for read_dataset_event to 2025-01-26 00:00:00+00:00, run_after=2025-01-27 00:00:00+00:00
[2025-01-27T00:26:57.242+0000] {logging_mixin.py:190} INFO - [2025-01-27T00:26:57.241+0000] {dag.py:4180} INFO - Setting next_dagrun for read_dataset_event_from_classic to 2025-01-26 00:00:00+00:00, run_after=2025-01-27 00:00:00+00:00
[2025-01-27T00:26:57.259+0000] {processor.py:208} INFO - Processing /home/airflow/.local/lib/python3.12/site-packages/airflow/example_dags/example_inlet_event_extra.py took 0.660 seconds
[2025-01-27T00:27:28.138+0000] {processor.py:186} INFO - Started process (PID=345) to work on /home/airflow/.local/lib/python3.12/site-packages/airflow/example_dags/example_inlet_event_extra.py
[2025-01-27T00:27:28.139+0000] {processor.py:914} INFO - Processing file /home/airflow/.local/lib/python3.12/site-packages/airflow/example_dags/example_inlet_event_extra.py for tasks to queue
[2025-01-27T00:27:28.142+0000] {logging_mixin.py:190} INFO - [2025-01-27T00:27:28.141+0000] {dagbag.py:588} INFO - Filling up the DagBag from /home/airflow/.local/lib/python3.12/site-packages/airflow/example_dags/example_inlet_event_extra.py
[2025-01-27T00:27:28.784+0000] {processor.py:925} INFO - DAG(s) 'read_dataset_event_from_classic', 'read_dataset_event' retrieved from /home/airflow/.local/lib/python3.12/site-packages/airflow/example_dags/example_inlet_event_extra.py
[2025-01-27T00:27:28.804+0000] {logging_mixin.py:190} INFO - [2025-01-27T00:27:28.804+0000] {dag.py:3239} INFO - Sync 2 DAGs
[2025-01-27T00:27:28.830+0000] {logging_mixin.py:190} INFO - [2025-01-27T00:27:28.830+0000] {dag.py:4180} INFO - Setting next_dagrun for read_dataset_event to 2025-01-26 00:00:00+00:00, run_after=2025-01-27 00:00:00+00:00
[2025-01-27T00:27:28.836+0000] {logging_mixin.py:190} INFO - [2025-01-27T00:27:28.835+0000] {dag.py:4180} INFO - Setting next_dagrun for read_dataset_event_from_classic to 2025-01-26 00:00:00+00:00, run_after=2025-01-27 00:00:00+00:00
[2025-01-27T00:27:28.852+0000] {processor.py:208} INFO - Processing /home/airflow/.local/lib/python3.12/site-packages/airflow/example_dags/example_inlet_event_extra.py took 0.720 seconds
[2025-01-27T00:27:59.893+0000] {processor.py:186} INFO - Started process (PID=411) to work on /home/airflow/.local/lib/python3.12/site-packages/airflow/example_dags/example_inlet_event_extra.py
[2025-01-27T00:27:59.894+0000] {processor.py:914} INFO - Processing file /home/airflow/.local/lib/python3.12/site-packages/airflow/example_dags/example_inlet_event_extra.py for tasks to queue
[2025-01-27T00:27:59.896+0000] {logging_mixin.py:190} INFO - [2025-01-27T00:27:59.896+0000] {dagbag.py:588} INFO - Filling up the DagBag from /home/airflow/.local/lib/python3.12/site-packages/airflow/example_dags/example_inlet_event_extra.py
[2025-01-27T00:28:00.803+0000] {processor.py:925} INFO - DAG(s) 'read_dataset_event_from_classic', 'read_dataset_event' retrieved from /home/airflow/.local/lib/python3.12/site-packages/airflow/example_dags/example_inlet_event_extra.py
[2025-01-27T00:28:00.836+0000] {logging_mixin.py:190} INFO - [2025-01-27T00:28:00.835+0000] {dag.py:3239} INFO - Sync 2 DAGs
[2025-01-27T00:28:00.878+0000] {logging_mixin.py:190} INFO - [2025-01-27T00:28:00.877+0000] {dag.py:4180} INFO - Setting next_dagrun for read_dataset_event to 2025-01-26 00:00:00+00:00, run_after=2025-01-27 00:00:00+00:00
[2025-01-27T00:28:00.886+0000] {logging_mixin.py:190} INFO - [2025-01-27T00:28:00.886+0000] {dag.py:4180} INFO - Setting next_dagrun for read_dataset_event_from_classic to 2025-01-26 00:00:00+00:00, run_after=2025-01-27 00:00:00+00:00
[2025-01-27T00:28:00.907+0000] {processor.py:208} INFO - Processing /home/airflow/.local/lib/python3.12/site-packages/airflow/example_dags/example_inlet_event_extra.py took 1.020 seconds
[2025-01-27T00:28:31.475+0000] {processor.py:186} INFO - Started process (PID=478) to work on /home/airflow/.local/lib/python3.12/site-packages/airflow/example_dags/example_inlet_event_extra.py
[2025-01-27T00:28:31.476+0000] {processor.py:914} INFO - Processing file /home/airflow/.local/lib/python3.12/site-packages/airflow/example_dags/example_inlet_event_extra.py for tasks to queue
[2025-01-27T00:28:31.479+0000] {logging_mixin.py:190} INFO - [2025-01-27T00:28:31.479+0000] {dagbag.py:588} INFO - Filling up the DagBag from /home/airflow/.local/lib/python3.12/site-packages/airflow/example_dags/example_inlet_event_extra.py
[2025-01-27T00:28:32.329+0000] {processor.py:925} INFO - DAG(s) 'read_dataset_event', 'read_dataset_event_from_classic' retrieved from /home/airflow/.local/lib/python3.12/site-packages/airflow/example_dags/example_inlet_event_extra.py
[2025-01-27T00:28:32.351+0000] {logging_mixin.py:190} INFO - [2025-01-27T00:28:32.351+0000] {dag.py:3239} INFO - Sync 2 DAGs
[2025-01-27T00:28:32.384+0000] {logging_mixin.py:190} INFO - [2025-01-27T00:28:32.384+0000] {dag.py:4180} INFO - Setting next_dagrun for read_dataset_event to 2025-01-26 00:00:00+00:00, run_after=2025-01-27 00:00:00+00:00
[2025-01-27T00:28:32.392+0000] {logging_mixin.py:190} INFO - [2025-01-27T00:28:32.392+0000] {dag.py:4180} INFO - Setting next_dagrun for read_dataset_event_from_classic to 2025-01-26 00:00:00+00:00, run_after=2025-01-27 00:00:00+00:00
[2025-01-27T00:28:32.416+0000] {processor.py:208} INFO - Processing /home/airflow/.local/lib/python3.12/site-packages/airflow/example_dags/example_inlet_event_extra.py took 0.948 seconds
[2025-01-27T00:29:02.813+0000] {processor.py:186} INFO - Started process (PID=544) to work on /home/airflow/.local/lib/python3.12/site-packages/airflow/example_dags/example_inlet_event_extra.py
[2025-01-27T00:29:02.815+0000] {processor.py:914} INFO - Processing file /home/airflow/.local/lib/python3.12/site-packages/airflow/example_dags/example_inlet_event_extra.py for tasks to queue
[2025-01-27T00:29:02.819+0000] {logging_mixin.py:190} INFO - [2025-01-27T00:29:02.818+0000] {dagbag.py:588} INFO - Filling up the DagBag from /home/airflow/.local/lib/python3.12/site-packages/airflow/example_dags/example_inlet_event_extra.py
[2025-01-27T00:29:03.643+0000] {processor.py:925} INFO - DAG(s) 'read_dataset_event', 'read_dataset_event_from_classic' retrieved from /home/airflow/.local/lib/python3.12/site-packages/airflow/example_dags/example_inlet_event_extra.py
[2025-01-27T00:29:03.668+0000] {logging_mixin.py:190} INFO - [2025-01-27T00:29:03.668+0000] {dag.py:3239} INFO - Sync 2 DAGs
[2025-01-27T00:29:03.697+0000] {logging_mixin.py:190} INFO - [2025-01-27T00:29:03.697+0000] {dag.py:4180} INFO - Setting next_dagrun for read_dataset_event to 2025-01-26 00:00:00+00:00, run_after=2025-01-27 00:00:00+00:00
[2025-01-27T00:29:03.704+0000] {logging_mixin.py:190} INFO - [2025-01-27T00:29:03.704+0000] {dag.py:4180} INFO - Setting next_dagrun for read_dataset_event_from_classic to 2025-01-26 00:00:00+00:00, run_after=2025-01-27 00:00:00+00:00
[2025-01-27T00:29:03.725+0000] {processor.py:208} INFO - Processing /home/airflow/.local/lib/python3.12/site-packages/airflow/example_dags/example_inlet_event_extra.py took 0.918 seconds
[2025-01-27T00:29:34.283+0000] {processor.py:186} INFO - Started process (PID=609) to work on /home/airflow/.local/lib/python3.12/site-packages/airflow/example_dags/example_inlet_event_extra.py
[2025-01-27T00:29:34.284+0000] {processor.py:914} INFO - Processing file /home/airflow/.local/lib/python3.12/site-packages/airflow/example_dags/example_inlet_event_extra.py for tasks to queue
[2025-01-27T00:29:34.287+0000] {logging_mixin.py:190} INFO - [2025-01-27T00:29:34.286+0000] {dagbag.py:588} INFO - Filling up the DagBag from /home/airflow/.local/lib/python3.12/site-packages/airflow/example_dags/example_inlet_event_extra.py
[2025-01-27T00:29:34.912+0000] {processor.py:925} INFO - DAG(s) 'read_dataset_event_from_classic', 'read_dataset_event' retrieved from /home/airflow/.local/lib/python3.12/site-packages/airflow/example_dags/example_inlet_event_extra.py
[2025-01-27T00:29:34.934+0000] {logging_mixin.py:190} INFO - [2025-01-27T00:29:34.933+0000] {dag.py:3239} INFO - Sync 2 DAGs
[2025-01-27T00:29:34.959+0000] {logging_mixin.py:190} INFO - [2025-01-27T00:29:34.959+0000] {dag.py:4180} INFO - Setting next_dagrun for read_dataset_event to 2025-01-26 00:00:00+00:00, run_after=2025-01-27 00:00:00+00:00
[2025-01-27T00:29:34.965+0000] {logging_mixin.py:190} INFO - [2025-01-27T00:29:34.965+0000] {dag.py:4180} INFO - Setting next_dagrun for read_dataset_event_from_classic to 2025-01-26 00:00:00+00:00, run_after=2025-01-27 00:00:00+00:00
[2025-01-27T00:29:34.984+0000] {processor.py:208} INFO - Processing /home/airflow/.local/lib/python3.12/site-packages/airflow/example_dags/example_inlet_event_extra.py took 0.707 seconds
[2025-01-27T00:30:05.198+0000] {processor.py:186} INFO - Started process (PID=672) to work on /home/airflow/.local/lib/python3.12/site-packages/airflow/example_dags/example_inlet_event_extra.py
[2025-01-27T00:30:05.199+0000] {processor.py:914} INFO - Processing file /home/airflow/.local/lib/python3.12/site-packages/airflow/example_dags/example_inlet_event_extra.py for tasks to queue
[2025-01-27T00:30:05.202+0000] {logging_mixin.py:190} INFO - [2025-01-27T00:30:05.202+0000] {dagbag.py:588} INFO - Filling up the DagBag from /home/airflow/.local/lib/python3.12/site-packages/airflow/example_dags/example_inlet_event_extra.py
[2025-01-27T00:30:05.795+0000] {processor.py:925} INFO - DAG(s) 'read_dataset_event_from_classic', 'read_dataset_event' retrieved from /home/airflow/.local/lib/python3.12/site-packages/airflow/example_dags/example_inlet_event_extra.py
[2025-01-27T00:30:05.818+0000] {logging_mixin.py:190} INFO - [2025-01-27T00:30:05.818+0000] {dag.py:3239} INFO - Sync 2 DAGs
[2025-01-27T00:30:05.844+0000] {logging_mixin.py:190} INFO - [2025-01-27T00:30:05.844+0000] {dag.py:4180} INFO - Setting next_dagrun for read_dataset_event to 2025-01-26 00:00:00+00:00, run_after=2025-01-27 00:00:00+00:00
[2025-01-27T00:30:05.850+0000] {logging_mixin.py:190} INFO - [2025-01-27T00:30:05.850+0000] {dag.py:4180} INFO - Setting next_dagrun for read_dataset_event_from_classic to 2025-01-26 00:00:00+00:00, run_after=2025-01-27 00:00:00+00:00
[2025-01-27T00:30:05.869+0000] {processor.py:208} INFO - Processing /home/airflow/.local/lib/python3.12/site-packages/airflow/example_dags/example_inlet_event_extra.py took 0.677 seconds
[2025-01-27T00:30:36.629+0000] {processor.py:186} INFO - Started process (PID=733) to work on /home/airflow/.local/lib/python3.12/site-packages/airflow/example_dags/example_inlet_event_extra.py
[2025-01-27T00:30:36.630+0000] {processor.py:914} INFO - Processing file /home/airflow/.local/lib/python3.12/site-packages/airflow/example_dags/example_inlet_event_extra.py for tasks to queue
[2025-01-27T00:30:36.634+0000] {logging_mixin.py:190} INFO - [2025-01-27T00:30:36.633+0000] {dagbag.py:588} INFO - Filling up the DagBag from /home/airflow/.local/lib/python3.12/site-packages/airflow/example_dags/example_inlet_event_extra.py
[2025-01-27T00:30:37.252+0000] {processor.py:925} INFO - DAG(s) 'read_dataset_event_from_classic', 'read_dataset_event' retrieved from /home/airflow/.local/lib/python3.12/site-packages/airflow/example_dags/example_inlet_event_extra.py
[2025-01-27T00:30:37.273+0000] {logging_mixin.py:190} INFO - [2025-01-27T00:30:37.273+0000] {dag.py:3239} INFO - Sync 2 DAGs
[2025-01-27T00:30:37.299+0000] {logging_mixin.py:190} INFO - [2025-01-27T00:30:37.298+0000] {dag.py:4180} INFO - Setting next_dagrun for read_dataset_event to 2025-01-26 00:00:00+00:00, run_after=2025-01-27 00:00:00+00:00
[2025-01-27T00:30:37.304+0000] {logging_mixin.py:190} INFO - [2025-01-27T00:30:37.304+0000] {dag.py:4180} INFO - Setting next_dagrun for read_dataset_event_from_classic to 2025-01-26 00:00:00+00:00, run_after=2025-01-27 00:00:00+00:00
[2025-01-27T00:30:37.322+0000] {processor.py:208} INFO - Processing /home/airflow/.local/lib/python3.12/site-packages/airflow/example_dags/example_inlet_event_extra.py took 0.699 seconds
[2025-01-27T00:31:07.964+0000] {processor.py:186} INFO - Started process (PID=793) to work on /home/airflow/.local/lib/python3.12/site-packages/airflow/example_dags/example_inlet_event_extra.py
[2025-01-27T00:31:07.965+0000] {processor.py:914} INFO - Processing file /home/airflow/.local/lib/python3.12/site-packages/airflow/example_dags/example_inlet_event_extra.py for tasks to queue
[2025-01-27T00:31:07.968+0000] {logging_mixin.py:190} INFO - [2025-01-27T00:31:07.968+0000] {dagbag.py:588} INFO - Filling up the DagBag from /home/airflow/.local/lib/python3.12/site-packages/airflow/example_dags/example_inlet_event_extra.py
[2025-01-27T00:31:08.573+0000] {processor.py:925} INFO - DAG(s) 'read_dataset_event_from_classic', 'read_dataset_event' retrieved from /home/airflow/.local/lib/python3.12/site-packages/airflow/example_dags/example_inlet_event_extra.py
[2025-01-27T00:31:08.595+0000] {logging_mixin.py:190} INFO - [2025-01-27T00:31:08.594+0000] {dag.py:3239} INFO - Sync 2 DAGs
[2025-01-27T00:31:08.621+0000] {logging_mixin.py:190} INFO - [2025-01-27T00:31:08.620+0000] {dag.py:4180} INFO - Setting next_dagrun for read_dataset_event to 2025-01-26 00:00:00+00:00, run_after=2025-01-27 00:00:00+00:00
[2025-01-27T00:31:08.627+0000] {logging_mixin.py:190} INFO - [2025-01-27T00:31:08.627+0000] {dag.py:4180} INFO - Setting next_dagrun for read_dataset_event_from_classic to 2025-01-26 00:00:00+00:00, run_after=2025-01-27 00:00:00+00:00
[2025-01-27T00:31:08.645+0000] {processor.py:208} INFO - Processing /home/airflow/.local/lib/python3.12/site-packages/airflow/example_dags/example_inlet_event_extra.py took 0.686 seconds
[2025-01-27T00:31:38.891+0000] {processor.py:186} INFO - Started process (PID=860) to work on /home/airflow/.local/lib/python3.12/site-packages/airflow/example_dags/example_inlet_event_extra.py
[2025-01-27T00:31:38.892+0000] {processor.py:914} INFO - Processing file /home/airflow/.local/lib/python3.12/site-packages/airflow/example_dags/example_inlet_event_extra.py for tasks to queue
[2025-01-27T00:31:38.894+0000] {logging_mixin.py:190} INFO - [2025-01-27T00:31:38.894+0000] {dagbag.py:588} INFO - Filling up the DagBag from /home/airflow/.local/lib/python3.12/site-packages/airflow/example_dags/example_inlet_event_extra.py
[2025-01-27T00:31:39.471+0000] {processor.py:925} INFO - DAG(s) 'read_dataset_event_from_classic', 'read_dataset_event' retrieved from /home/airflow/.local/lib/python3.12/site-packages/airflow/example_dags/example_inlet_event_extra.py
[2025-01-27T00:31:39.493+0000] {logging_mixin.py:190} INFO - [2025-01-27T00:31:39.493+0000] {dag.py:3239} INFO - Sync 2 DAGs
[2025-01-27T00:31:39.520+0000] {logging_mixin.py:190} INFO - [2025-01-27T00:31:39.520+0000] {dag.py:4180} INFO - Setting next_dagrun for read_dataset_event to 2025-01-26 00:00:00+00:00, run_after=2025-01-27 00:00:00+00:00
[2025-01-27T00:31:39.526+0000] {logging_mixin.py:190} INFO - [2025-01-27T00:31:39.526+0000] {dag.py:4180} INFO - Setting next_dagrun for read_dataset_event_from_classic to 2025-01-26 00:00:00+00:00, run_after=2025-01-27 00:00:00+00:00
[2025-01-27T00:31:39.543+0000] {processor.py:208} INFO - Processing /home/airflow/.local/lib/python3.12/site-packages/airflow/example_dags/example_inlet_event_extra.py took 0.658 seconds
[2025-01-27T00:32:10.657+0000] {processor.py:186} INFO - Started process (PID=922) to work on /home/airflow/.local/lib/python3.12/site-packages/airflow/example_dags/example_inlet_event_extra.py
[2025-01-27T00:32:10.658+0000] {processor.py:914} INFO - Processing file /home/airflow/.local/lib/python3.12/site-packages/airflow/example_dags/example_inlet_event_extra.py for tasks to queue
[2025-01-27T00:32:10.661+0000] {logging_mixin.py:190} INFO - [2025-01-27T00:32:10.661+0000] {dagbag.py:588} INFO - Filling up the DagBag from /home/airflow/.local/lib/python3.12/site-packages/airflow/example_dags/example_inlet_event_extra.py
[2025-01-27T00:32:11.372+0000] {processor.py:925} INFO - DAG(s) 'read_dataset_event', 'read_dataset_event_from_classic' retrieved from /home/airflow/.local/lib/python3.12/site-packages/airflow/example_dags/example_inlet_event_extra.py
[2025-01-27T00:32:11.393+0000] {logging_mixin.py:190} INFO - [2025-01-27T00:32:11.392+0000] {dag.py:3239} INFO - Sync 2 DAGs
[2025-01-27T00:32:11.419+0000] {logging_mixin.py:190} INFO - [2025-01-27T00:32:11.419+0000] {dag.py:4180} INFO - Setting next_dagrun for read_dataset_event to 2025-01-26 00:00:00+00:00, run_after=2025-01-27 00:00:00+00:00
[2025-01-27T00:32:11.425+0000] {logging_mixin.py:190} INFO - [2025-01-27T00:32:11.425+0000] {dag.py:4180} INFO - Setting next_dagrun for read_dataset_event_from_classic to 2025-01-26 00:00:00+00:00, run_after=2025-01-27 00:00:00+00:00
[2025-01-27T00:32:11.444+0000] {processor.py:208} INFO - Processing /home/airflow/.local/lib/python3.12/site-packages/airflow/example_dags/example_inlet_event_extra.py took 0.793 seconds
[2025-01-27T00:32:41.797+0000] {processor.py:186} INFO - Started process (PID=990) to work on /home/airflow/.local/lib/python3.12/site-packages/airflow/example_dags/example_inlet_event_extra.py
[2025-01-27T00:32:41.799+0000] {processor.py:914} INFO - Processing file /home/airflow/.local/lib/python3.12/site-packages/airflow/example_dags/example_inlet_event_extra.py for tasks to queue
[2025-01-27T00:32:41.802+0000] {logging_mixin.py:190} INFO - [2025-01-27T00:32:41.802+0000] {dagbag.py:588} INFO - Filling up the DagBag from /home/airflow/.local/lib/python3.12/site-packages/airflow/example_dags/example_inlet_event_extra.py
[2025-01-27T00:32:42.388+0000] {processor.py:925} INFO - DAG(s) 'read_dataset_event', 'read_dataset_event_from_classic' retrieved from /home/airflow/.local/lib/python3.12/site-packages/airflow/example_dags/example_inlet_event_extra.py
[2025-01-27T00:32:42.410+0000] {logging_mixin.py:190} INFO - [2025-01-27T00:32:42.410+0000] {dag.py:3239} INFO - Sync 2 DAGs
[2025-01-27T00:32:42.439+0000] {logging_mixin.py:190} INFO - [2025-01-27T00:32:42.439+0000] {dag.py:4180} INFO - Setting next_dagrun for read_dataset_event to 2025-01-26 00:00:00+00:00, run_after=2025-01-27 00:00:00+00:00
[2025-01-27T00:32:42.444+0000] {logging_mixin.py:190} INFO - [2025-01-27T00:32:42.444+0000] {dag.py:4180} INFO - Setting next_dagrun for read_dataset_event_from_classic to 2025-01-26 00:00:00+00:00, run_after=2025-01-27 00:00:00+00:00
[2025-01-27T00:32:42.463+0000] {processor.py:208} INFO - Processing /home/airflow/.local/lib/python3.12/site-packages/airflow/example_dags/example_inlet_event_extra.py took 0.672 seconds
[2025-01-27T00:33:12.649+0000] {processor.py:186} INFO - Started process (PID=1044) to work on /home/airflow/.local/lib/python3.12/site-packages/airflow/example_dags/example_inlet_event_extra.py
[2025-01-27T00:33:12.651+0000] {processor.py:914} INFO - Processing file /home/airflow/.local/lib/python3.12/site-packages/airflow/example_dags/example_inlet_event_extra.py for tasks to queue
[2025-01-27T00:33:12.654+0000] {logging_mixin.py:190} INFO - [2025-01-27T00:33:12.653+0000] {dagbag.py:588} INFO - Filling up the DagBag from /home/airflow/.local/lib/python3.12/site-packages/airflow/example_dags/example_inlet_event_extra.py
[2025-01-27T00:33:13.284+0000] {processor.py:925} INFO - DAG(s) 'read_dataset_event', 'read_dataset_event_from_classic' retrieved from /home/airflow/.local/lib/python3.12/site-packages/airflow/example_dags/example_inlet_event_extra.py
[2025-01-27T00:33:13.321+0000] {logging_mixin.py:190} INFO - [2025-01-27T00:33:13.321+0000] {dag.py:3239} INFO - Sync 2 DAGs
[2025-01-27T00:33:13.353+0000] {logging_mixin.py:190} INFO - [2025-01-27T00:33:13.353+0000] {dag.py:4180} INFO - Setting next_dagrun for read_dataset_event to 2025-01-26 00:00:00+00:00, run_after=2025-01-27 00:00:00+00:00
[2025-01-27T00:33:13.359+0000] {logging_mixin.py:190} INFO - [2025-01-27T00:33:13.359+0000] {dag.py:4180} INFO - Setting next_dagrun for read_dataset_event_from_classic to 2025-01-26 00:00:00+00:00, run_after=2025-01-27 00:00:00+00:00
[2025-01-27T00:33:13.384+0000] {processor.py:208} INFO - Processing /home/airflow/.local/lib/python3.12/site-packages/airflow/example_dags/example_inlet_event_extra.py took 0.743 seconds
[2025-01-27T00:33:43.994+0000] {processor.py:186} INFO - Started process (PID=1112) to work on /home/airflow/.local/lib/python3.12/site-packages/airflow/example_dags/example_inlet_event_extra.py
[2025-01-27T00:33:43.996+0000] {processor.py:914} INFO - Processing file /home/airflow/.local/lib/python3.12/site-packages/airflow/example_dags/example_inlet_event_extra.py for tasks to queue
[2025-01-27T00:33:43.999+0000] {logging_mixin.py:190} INFO - [2025-01-27T00:33:43.999+0000] {dagbag.py:588} INFO - Filling up the DagBag from /home/airflow/.local/lib/python3.12/site-packages/airflow/example_dags/example_inlet_event_extra.py
[2025-01-27T00:33:44.641+0000] {processor.py:925} INFO - DAG(s) 'read_dataset_event_from_classic', 'read_dataset_event' retrieved from /home/airflow/.local/lib/python3.12/site-packages/airflow/example_dags/example_inlet_event_extra.py
[2025-01-27T00:33:44.663+0000] {logging_mixin.py:190} INFO - [2025-01-27T00:33:44.662+0000] {dag.py:3239} INFO - Sync 2 DAGs
[2025-01-27T00:33:44.690+0000] {logging_mixin.py:190} INFO - [2025-01-27T00:33:44.690+0000] {dag.py:4180} INFO - Setting next_dagrun for read_dataset_event to 2025-01-26 00:00:00+00:00, run_after=2025-01-27 00:00:00+00:00
[2025-01-27T00:33:44.696+0000] {logging_mixin.py:190} INFO - [2025-01-27T00:33:44.696+0000] {dag.py:4180} INFO - Setting next_dagrun for read_dataset_event_from_classic to 2025-01-26 00:00:00+00:00, run_after=2025-01-27 00:00:00+00:00
[2025-01-27T00:33:44.720+0000] {processor.py:208} INFO - Processing /home/airflow/.local/lib/python3.12/site-packages/airflow/example_dags/example_inlet_event_extra.py took 0.732 seconds
[2025-01-27T00:34:15.695+0000] {processor.py:186} INFO - Started process (PID=1175) to work on /home/airflow/.local/lib/python3.12/site-packages/airflow/example_dags/example_inlet_event_extra.py
[2025-01-27T00:34:15.696+0000] {processor.py:914} INFO - Processing file /home/airflow/.local/lib/python3.12/site-packages/airflow/example_dags/example_inlet_event_extra.py for tasks to queue
[2025-01-27T00:34:15.698+0000] {logging_mixin.py:190} INFO - [2025-01-27T00:34:15.698+0000] {dagbag.py:588} INFO - Filling up the DagBag from /home/airflow/.local/lib/python3.12/site-packages/airflow/example_dags/example_inlet_event_extra.py
[2025-01-27T00:34:16.447+0000] {processor.py:925} INFO - DAG(s) 'read_dataset_event_from_classic', 'read_dataset_event' retrieved from /home/airflow/.local/lib/python3.12/site-packages/airflow/example_dags/example_inlet_event_extra.py
[2025-01-27T00:34:16.472+0000] {logging_mixin.py:190} INFO - [2025-01-27T00:34:16.471+0000] {dag.py:3239} INFO - Sync 2 DAGs
[2025-01-27T00:34:16.506+0000] {logging_mixin.py:190} INFO - [2025-01-27T00:34:16.505+0000] {dag.py:4180} INFO - Setting next_dagrun for read_dataset_event to 2025-01-26 00:00:00+00:00, run_after=2025-01-27 00:00:00+00:00
[2025-01-27T00:34:16.513+0000] {logging_mixin.py:190} INFO - [2025-01-27T00:34:16.512+0000] {dag.py:4180} INFO - Setting next_dagrun for read_dataset_event_from_classic to 2025-01-26 00:00:00+00:00, run_after=2025-01-27 00:00:00+00:00
[2025-01-27T00:34:16.535+0000] {processor.py:208} INFO - Processing /home/airflow/.local/lib/python3.12/site-packages/airflow/example_dags/example_inlet_event_extra.py took 0.846 seconds
