[2025-01-27T00:25:27.830+0000] {processor.py:186} INFO - Started process (PID=105) to work on /home/airflow/.local/lib/python3.12/site-packages/airflow/example_dags/example_dag_decorator.py
[2025-01-27T00:25:27.831+0000] {processor.py:914} INFO - Processing file /home/airflow/.local/lib/python3.12/site-packages/airflow/example_dags/example_dag_decorator.py for tasks to queue
[2025-01-27T00:25:27.838+0000] {logging_mixin.py:190} INFO - [2025-01-27T00:25:27.837+0000] {dagbag.py:588} INFO - Filling up the DagBag from /home/airflow/.local/lib/python3.12/site-packages/airflow/example_dags/example_dag_decorator.py
[2025-01-27T00:25:27.853+0000] {processor.py:925} INFO - DAG(s) 'example_dag_decorator' retrieved from /home/airflow/.local/lib/python3.12/site-packages/airflow/example_dags/example_dag_decorator.py
[2025-01-27T00:25:27.987+0000] {logging_mixin.py:190} INFO - [2025-01-27T00:25:27.986+0000] {override.py:1911} INFO - Created Permission View: can read on DAG:example_dag_decorator
[2025-01-27T00:25:28.002+0000] {logging_mixin.py:190} INFO - [2025-01-27T00:25:28.002+0000] {override.py:1911} INFO - Created Permission View: can edit on DAG:example_dag_decorator
[2025-01-27T00:25:28.014+0000] {logging_mixin.py:190} INFO - [2025-01-27T00:25:28.014+0000] {override.py:1911} INFO - Created Permission View: can delete on DAG:example_dag_decorator
[2025-01-27T00:25:28.028+0000] {logging_mixin.py:190} INFO - [2025-01-27T00:25:28.027+0000] {override.py:1911} INFO - Created Permission View: can delete on DAG Run:example_dag_decorator
[2025-01-27T00:25:28.038+0000] {logging_mixin.py:190} INFO - [2025-01-27T00:25:28.037+0000] {override.py:1911} INFO - Created Permission View: menu access on DAG Run:example_dag_decorator
[2025-01-27T00:25:28.049+0000] {logging_mixin.py:190} INFO - [2025-01-27T00:25:28.049+0000] {override.py:1911} INFO - Created Permission View: can read on DAG Run:example_dag_decorator
[2025-01-27T00:25:28.065+0000] {logging_mixin.py:190} INFO - [2025-01-27T00:25:28.064+0000] {override.py:1911} INFO - Created Permission View: can create on DAG Run:example_dag_decorator
[2025-01-27T00:25:28.066+0000] {logging_mixin.py:190} INFO - [2025-01-27T00:25:28.066+0000] {dag.py:3239} INFO - Sync 1 DAGs
[2025-01-27T00:25:28.094+0000] {logging_mixin.py:190} INFO - [2025-01-27T00:25:28.093+0000] {dag.py:3262} INFO - Creating ORM DAG for example_dag_decorator
[2025-01-27T00:25:28.095+0000] {logging_mixin.py:190} INFO - [2025-01-27T00:25:28.095+0000] {dag.py:4180} INFO - Setting next_dagrun for example_dag_decorator to None, run_after=None
[2025-01-27T00:25:28.117+0000] {processor.py:208} INFO - Processing /home/airflow/.local/lib/python3.12/site-packages/airflow/example_dags/example_dag_decorator.py took 0.293 seconds
[2025-01-27T00:25:58.844+0000] {processor.py:186} INFO - Started process (PID=168) to work on /home/airflow/.local/lib/python3.12/site-packages/airflow/example_dags/example_dag_decorator.py
[2025-01-27T00:25:58.845+0000] {processor.py:914} INFO - Processing file /home/airflow/.local/lib/python3.12/site-packages/airflow/example_dags/example_dag_decorator.py for tasks to queue
[2025-01-27T00:25:58.848+0000] {logging_mixin.py:190} INFO - [2025-01-27T00:25:58.847+0000] {dagbag.py:588} INFO - Filling up the DagBag from /home/airflow/.local/lib/python3.12/site-packages/airflow/example_dags/example_dag_decorator.py
[2025-01-27T00:25:58.859+0000] {processor.py:925} INFO - DAG(s) 'example_dag_decorator' retrieved from /home/airflow/.local/lib/python3.12/site-packages/airflow/example_dags/example_dag_decorator.py
[2025-01-27T00:25:58.884+0000] {logging_mixin.py:190} INFO - [2025-01-27T00:25:58.883+0000] {dag.py:3239} INFO - Sync 1 DAGs
[2025-01-27T00:25:58.899+0000] {logging_mixin.py:190} INFO - [2025-01-27T00:25:58.899+0000] {dag.py:4180} INFO - Setting next_dagrun for example_dag_decorator to None, run_after=None
[2025-01-27T00:25:58.918+0000] {processor.py:208} INFO - Processing /home/airflow/.local/lib/python3.12/site-packages/airflow/example_dags/example_dag_decorator.py took 0.080 seconds
[2025-01-27T00:26:29.121+0000] {processor.py:186} INFO - Started process (PID=231) to work on /home/airflow/.local/lib/python3.12/site-packages/airflow/example_dags/example_dag_decorator.py
[2025-01-27T00:26:29.121+0000] {processor.py:914} INFO - Processing file /home/airflow/.local/lib/python3.12/site-packages/airflow/example_dags/example_dag_decorator.py for tasks to queue
[2025-01-27T00:26:29.124+0000] {logging_mixin.py:190} INFO - [2025-01-27T00:26:29.124+0000] {dagbag.py:588} INFO - Filling up the DagBag from /home/airflow/.local/lib/python3.12/site-packages/airflow/example_dags/example_dag_decorator.py
[2025-01-27T00:26:29.135+0000] {processor.py:925} INFO - DAG(s) 'example_dag_decorator' retrieved from /home/airflow/.local/lib/python3.12/site-packages/airflow/example_dags/example_dag_decorator.py
[2025-01-27T00:26:29.259+0000] {logging_mixin.py:190} INFO - [2025-01-27T00:26:29.259+0000] {dag.py:3239} INFO - Sync 1 DAGs
[2025-01-27T00:26:29.273+0000] {logging_mixin.py:190} INFO - [2025-01-27T00:26:29.272+0000] {dag.py:4180} INFO - Setting next_dagrun for example_dag_decorator to None, run_after=None
[2025-01-27T00:26:29.293+0000] {processor.py:208} INFO - Processing /home/airflow/.local/lib/python3.12/site-packages/airflow/example_dags/example_dag_decorator.py took 0.178 seconds
[2025-01-27T00:27:00.288+0000] {processor.py:186} INFO - Started process (PID=294) to work on /home/airflow/.local/lib/python3.12/site-packages/airflow/example_dags/example_dag_decorator.py
[2025-01-27T00:27:00.289+0000] {processor.py:914} INFO - Processing file /home/airflow/.local/lib/python3.12/site-packages/airflow/example_dags/example_dag_decorator.py for tasks to queue
[2025-01-27T00:27:00.292+0000] {logging_mixin.py:190} INFO - [2025-01-27T00:27:00.291+0000] {dagbag.py:588} INFO - Filling up the DagBag from /home/airflow/.local/lib/python3.12/site-packages/airflow/example_dags/example_dag_decorator.py
[2025-01-27T00:27:00.312+0000] {processor.py:925} INFO - DAG(s) 'example_dag_decorator' retrieved from /home/airflow/.local/lib/python3.12/site-packages/airflow/example_dags/example_dag_decorator.py
[2025-01-27T00:27:00.565+0000] {logging_mixin.py:190} INFO - [2025-01-27T00:27:00.565+0000] {dag.py:3239} INFO - Sync 1 DAGs
[2025-01-27T00:27:00.587+0000] {logging_mixin.py:190} INFO - [2025-01-27T00:27:00.587+0000] {dag.py:4180} INFO - Setting next_dagrun for example_dag_decorator to None, run_after=None
[2025-01-27T00:27:00.624+0000] {processor.py:208} INFO - Processing /home/airflow/.local/lib/python3.12/site-packages/airflow/example_dags/example_dag_decorator.py took 0.344 seconds
[2025-01-27T00:27:31.396+0000] {processor.py:186} INFO - Started process (PID=357) to work on /home/airflow/.local/lib/python3.12/site-packages/airflow/example_dags/example_dag_decorator.py
[2025-01-27T00:27:31.398+0000] {processor.py:914} INFO - Processing file /home/airflow/.local/lib/python3.12/site-packages/airflow/example_dags/example_dag_decorator.py for tasks to queue
[2025-01-27T00:27:31.400+0000] {logging_mixin.py:190} INFO - [2025-01-27T00:27:31.400+0000] {dagbag.py:588} INFO - Filling up the DagBag from /home/airflow/.local/lib/python3.12/site-packages/airflow/example_dags/example_dag_decorator.py
[2025-01-27T00:27:31.412+0000] {processor.py:925} INFO - DAG(s) 'example_dag_decorator' retrieved from /home/airflow/.local/lib/python3.12/site-packages/airflow/example_dags/example_dag_decorator.py
[2025-01-27T00:27:31.534+0000] {logging_mixin.py:190} INFO - [2025-01-27T00:27:31.534+0000] {dag.py:3239} INFO - Sync 1 DAGs
[2025-01-27T00:27:31.548+0000] {logging_mixin.py:190} INFO - [2025-01-27T00:27:31.548+0000] {dag.py:4180} INFO - Setting next_dagrun for example_dag_decorator to None, run_after=None
[2025-01-27T00:27:31.571+0000] {processor.py:208} INFO - Processing /home/airflow/.local/lib/python3.12/site-packages/airflow/example_dags/example_dag_decorator.py took 0.182 seconds
[2025-01-27T00:28:01.972+0000] {processor.py:186} INFO - Started process (PID=419) to work on /home/airflow/.local/lib/python3.12/site-packages/airflow/example_dags/example_dag_decorator.py
[2025-01-27T00:28:01.973+0000] {processor.py:914} INFO - Processing file /home/airflow/.local/lib/python3.12/site-packages/airflow/example_dags/example_dag_decorator.py for tasks to queue
[2025-01-27T00:28:01.976+0000] {logging_mixin.py:190} INFO - [2025-01-27T00:28:01.976+0000] {dagbag.py:588} INFO - Filling up the DagBag from /home/airflow/.local/lib/python3.12/site-packages/airflow/example_dags/example_dag_decorator.py
[2025-01-27T00:28:01.990+0000] {processor.py:925} INFO - DAG(s) 'example_dag_decorator' retrieved from /home/airflow/.local/lib/python3.12/site-packages/airflow/example_dags/example_dag_decorator.py
[2025-01-27T00:28:02.107+0000] {logging_mixin.py:190} INFO - [2025-01-27T00:28:02.107+0000] {dag.py:3239} INFO - Sync 1 DAGs
[2025-01-27T00:28:02.121+0000] {logging_mixin.py:190} INFO - [2025-01-27T00:28:02.120+0000] {dag.py:4180} INFO - Setting next_dagrun for example_dag_decorator to None, run_after=None
[2025-01-27T00:28:02.142+0000] {processor.py:208} INFO - Processing /home/airflow/.local/lib/python3.12/site-packages/airflow/example_dags/example_dag_decorator.py took 0.177 seconds
[2025-01-27T00:28:32.475+0000] {processor.py:186} INFO - Started process (PID=482) to work on /home/airflow/.local/lib/python3.12/site-packages/airflow/example_dags/example_dag_decorator.py
[2025-01-27T00:28:32.476+0000] {processor.py:914} INFO - Processing file /home/airflow/.local/lib/python3.12/site-packages/airflow/example_dags/example_dag_decorator.py for tasks to queue
[2025-01-27T00:28:32.479+0000] {logging_mixin.py:190} INFO - [2025-01-27T00:28:32.479+0000] {dagbag.py:588} INFO - Filling up the DagBag from /home/airflow/.local/lib/python3.12/site-packages/airflow/example_dags/example_dag_decorator.py
[2025-01-27T00:28:32.494+0000] {processor.py:925} INFO - DAG(s) 'example_dag_decorator' retrieved from /home/airflow/.local/lib/python3.12/site-packages/airflow/example_dags/example_dag_decorator.py
[2025-01-27T00:28:32.641+0000] {logging_mixin.py:190} INFO - [2025-01-27T00:28:32.641+0000] {dag.py:3239} INFO - Sync 1 DAGs
[2025-01-27T00:28:32.657+0000] {logging_mixin.py:190} INFO - [2025-01-27T00:28:32.656+0000] {dag.py:4180} INFO - Setting next_dagrun for example_dag_decorator to None, run_after=None
[2025-01-27T00:28:32.681+0000] {processor.py:208} INFO - Processing /home/airflow/.local/lib/python3.12/site-packages/airflow/example_dags/example_dag_decorator.py took 0.213 seconds
[2025-01-27T00:29:02.935+0000] {processor.py:186} INFO - Started process (PID=545) to work on /home/airflow/.local/lib/python3.12/site-packages/airflow/example_dags/example_dag_decorator.py
[2025-01-27T00:29:02.936+0000] {processor.py:914} INFO - Processing file /home/airflow/.local/lib/python3.12/site-packages/airflow/example_dags/example_dag_decorator.py for tasks to queue
[2025-01-27T00:29:02.939+0000] {logging_mixin.py:190} INFO - [2025-01-27T00:29:02.939+0000] {dagbag.py:588} INFO - Filling up the DagBag from /home/airflow/.local/lib/python3.12/site-packages/airflow/example_dags/example_dag_decorator.py
[2025-01-27T00:29:02.956+0000] {processor.py:925} INFO - DAG(s) 'example_dag_decorator' retrieved from /home/airflow/.local/lib/python3.12/site-packages/airflow/example_dags/example_dag_decorator.py
[2025-01-27T00:29:03.119+0000] {logging_mixin.py:190} INFO - [2025-01-27T00:29:03.119+0000] {dag.py:3239} INFO - Sync 1 DAGs
[2025-01-27T00:29:03.143+0000] {logging_mixin.py:190} INFO - [2025-01-27T00:29:03.143+0000] {dag.py:4180} INFO - Setting next_dagrun for example_dag_decorator to None, run_after=None
[2025-01-27T00:29:03.174+0000] {processor.py:208} INFO - Processing /home/airflow/.local/lib/python3.12/site-packages/airflow/example_dags/example_dag_decorator.py took 0.246 seconds
[2025-01-27T00:29:34.127+0000] {processor.py:186} INFO - Started process (PID=607) to work on /home/airflow/.local/lib/python3.12/site-packages/airflow/example_dags/example_dag_decorator.py
[2025-01-27T00:29:34.128+0000] {processor.py:914} INFO - Processing file /home/airflow/.local/lib/python3.12/site-packages/airflow/example_dags/example_dag_decorator.py for tasks to queue
[2025-01-27T00:29:34.130+0000] {logging_mixin.py:190} INFO - [2025-01-27T00:29:34.130+0000] {dagbag.py:588} INFO - Filling up the DagBag from /home/airflow/.local/lib/python3.12/site-packages/airflow/example_dags/example_dag_decorator.py
[2025-01-27T00:29:34.146+0000] {processor.py:925} INFO - DAG(s) 'example_dag_decorator' retrieved from /home/airflow/.local/lib/python3.12/site-packages/airflow/example_dags/example_dag_decorator.py
[2025-01-27T00:29:34.287+0000] {logging_mixin.py:190} INFO - [2025-01-27T00:29:34.287+0000] {dag.py:3239} INFO - Sync 1 DAGs
[2025-01-27T00:29:34.301+0000] {logging_mixin.py:190} INFO - [2025-01-27T00:29:34.301+0000] {dag.py:4180} INFO - Setting next_dagrun for example_dag_decorator to None, run_after=None
[2025-01-27T00:29:34.326+0000] {processor.py:208} INFO - Processing /home/airflow/.local/lib/python3.12/site-packages/airflow/example_dags/example_dag_decorator.py took 0.206 seconds
[2025-01-27T00:30:05.245+0000] {processor.py:186} INFO - Started process (PID=673) to work on /home/airflow/.local/lib/python3.12/site-packages/airflow/example_dags/example_dag_decorator.py
[2025-01-27T00:30:05.246+0000] {processor.py:914} INFO - Processing file /home/airflow/.local/lib/python3.12/site-packages/airflow/example_dags/example_dag_decorator.py for tasks to queue
[2025-01-27T00:30:05.249+0000] {logging_mixin.py:190} INFO - [2025-01-27T00:30:05.248+0000] {dagbag.py:588} INFO - Filling up the DagBag from /home/airflow/.local/lib/python3.12/site-packages/airflow/example_dags/example_dag_decorator.py
[2025-01-27T00:30:05.260+0000] {processor.py:925} INFO - DAG(s) 'example_dag_decorator' retrieved from /home/airflow/.local/lib/python3.12/site-packages/airflow/example_dags/example_dag_decorator.py
[2025-01-27T00:30:05.379+0000] {logging_mixin.py:190} INFO - [2025-01-27T00:30:05.379+0000] {dag.py:3239} INFO - Sync 1 DAGs
[2025-01-27T00:30:05.393+0000] {logging_mixin.py:190} INFO - [2025-01-27T00:30:05.393+0000] {dag.py:4180} INFO - Setting next_dagrun for example_dag_decorator to None, run_after=None
[2025-01-27T00:30:05.417+0000] {processor.py:208} INFO - Processing /home/airflow/.local/lib/python3.12/site-packages/airflow/example_dags/example_dag_decorator.py took 0.177 seconds
[2025-01-27T00:30:36.780+0000] {processor.py:186} INFO - Started process (PID=735) to work on /home/airflow/.local/lib/python3.12/site-packages/airflow/example_dags/example_dag_decorator.py
[2025-01-27T00:30:36.782+0000] {processor.py:914} INFO - Processing file /home/airflow/.local/lib/python3.12/site-packages/airflow/example_dags/example_dag_decorator.py for tasks to queue
[2025-01-27T00:30:36.784+0000] {logging_mixin.py:190} INFO - [2025-01-27T00:30:36.784+0000] {dagbag.py:588} INFO - Filling up the DagBag from /home/airflow/.local/lib/python3.12/site-packages/airflow/example_dags/example_dag_decorator.py
[2025-01-27T00:30:36.797+0000] {processor.py:925} INFO - DAG(s) 'example_dag_decorator' retrieved from /home/airflow/.local/lib/python3.12/site-packages/airflow/example_dags/example_dag_decorator.py
[2025-01-27T00:30:36.937+0000] {logging_mixin.py:190} INFO - [2025-01-27T00:30:36.937+0000] {dag.py:3239} INFO - Sync 1 DAGs
[2025-01-27T00:30:36.952+0000] {logging_mixin.py:190} INFO - [2025-01-27T00:30:36.952+0000] {dag.py:4180} INFO - Setting next_dagrun for example_dag_decorator to None, run_after=None
[2025-01-27T00:30:36.975+0000] {processor.py:208} INFO - Processing /home/airflow/.local/lib/python3.12/site-packages/airflow/example_dags/example_dag_decorator.py took 0.200 seconds
[2025-01-27T00:31:08.440+0000] {processor.py:186} INFO - Started process (PID=798) to work on /home/airflow/.local/lib/python3.12/site-packages/airflow/example_dags/example_dag_decorator.py
[2025-01-27T00:31:08.441+0000] {processor.py:914} INFO - Processing file /home/airflow/.local/lib/python3.12/site-packages/airflow/example_dags/example_dag_decorator.py for tasks to queue
[2025-01-27T00:31:08.444+0000] {logging_mixin.py:190} INFO - [2025-01-27T00:31:08.443+0000] {dagbag.py:588} INFO - Filling up the DagBag from /home/airflow/.local/lib/python3.12/site-packages/airflow/example_dags/example_dag_decorator.py
[2025-01-27T00:31:08.455+0000] {processor.py:925} INFO - DAG(s) 'example_dag_decorator' retrieved from /home/airflow/.local/lib/python3.12/site-packages/airflow/example_dags/example_dag_decorator.py
[2025-01-27T00:31:08.578+0000] {logging_mixin.py:190} INFO - [2025-01-27T00:31:08.577+0000] {dag.py:3239} INFO - Sync 1 DAGs
[2025-01-27T00:31:08.590+0000] {logging_mixin.py:190} INFO - [2025-01-27T00:31:08.590+0000] {dag.py:4180} INFO - Setting next_dagrun for example_dag_decorator to None, run_after=None
[2025-01-27T00:31:08.610+0000] {processor.py:208} INFO - Processing /home/airflow/.local/lib/python3.12/site-packages/airflow/example_dags/example_dag_decorator.py took 0.176 seconds
[2025-01-27T00:31:38.966+0000] {processor.py:186} INFO - Started process (PID=861) to work on /home/airflow/.local/lib/python3.12/site-packages/airflow/example_dags/example_dag_decorator.py
[2025-01-27T00:31:38.967+0000] {processor.py:914} INFO - Processing file /home/airflow/.local/lib/python3.12/site-packages/airflow/example_dags/example_dag_decorator.py for tasks to queue
[2025-01-27T00:31:38.969+0000] {logging_mixin.py:190} INFO - [2025-01-27T00:31:38.969+0000] {dagbag.py:588} INFO - Filling up the DagBag from /home/airflow/.local/lib/python3.12/site-packages/airflow/example_dags/example_dag_decorator.py
[2025-01-27T00:31:38.982+0000] {processor.py:925} INFO - DAG(s) 'example_dag_decorator' retrieved from /home/airflow/.local/lib/python3.12/site-packages/airflow/example_dags/example_dag_decorator.py
[2025-01-27T00:31:39.109+0000] {logging_mixin.py:190} INFO - [2025-01-27T00:31:39.109+0000] {dag.py:3239} INFO - Sync 1 DAGs
[2025-01-27T00:31:39.123+0000] {logging_mixin.py:190} INFO - [2025-01-27T00:31:39.122+0000] {dag.py:4180} INFO - Setting next_dagrun for example_dag_decorator to None, run_after=None
[2025-01-27T00:31:39.144+0000] {processor.py:208} INFO - Processing /home/airflow/.local/lib/python3.12/site-packages/airflow/example_dags/example_dag_decorator.py took 0.183 seconds
[2025-01-27T00:32:10.810+0000] {processor.py:186} INFO - Started process (PID=924) to work on /home/airflow/.local/lib/python3.12/site-packages/airflow/example_dags/example_dag_decorator.py
[2025-01-27T00:32:10.811+0000] {processor.py:914} INFO - Processing file /home/airflow/.local/lib/python3.12/site-packages/airflow/example_dags/example_dag_decorator.py for tasks to queue
[2025-01-27T00:32:10.815+0000] {logging_mixin.py:190} INFO - [2025-01-27T00:32:10.814+0000] {dagbag.py:588} INFO - Filling up the DagBag from /home/airflow/.local/lib/python3.12/site-packages/airflow/example_dags/example_dag_decorator.py
[2025-01-27T00:32:10.835+0000] {processor.py:925} INFO - DAG(s) 'example_dag_decorator' retrieved from /home/airflow/.local/lib/python3.12/site-packages/airflow/example_dags/example_dag_decorator.py
[2025-01-27T00:32:11.012+0000] {logging_mixin.py:190} INFO - [2025-01-27T00:32:11.011+0000] {dag.py:3239} INFO - Sync 1 DAGs
[2025-01-27T00:32:11.034+0000] {logging_mixin.py:190} INFO - [2025-01-27T00:32:11.033+0000] {dag.py:4180} INFO - Setting next_dagrun for example_dag_decorator to None, run_after=None
[2025-01-27T00:32:11.064+0000] {processor.py:208} INFO - Processing /home/airflow/.local/lib/python3.12/site-packages/airflow/example_dags/example_dag_decorator.py took 0.262 seconds
[2025-01-27T00:32:41.537+0000] {processor.py:186} INFO - Started process (PID=986) to work on /home/airflow/.local/lib/python3.12/site-packages/airflow/example_dags/example_dag_decorator.py
[2025-01-27T00:32:41.538+0000] {processor.py:914} INFO - Processing file /home/airflow/.local/lib/python3.12/site-packages/airflow/example_dags/example_dag_decorator.py for tasks to queue
[2025-01-27T00:32:41.541+0000] {logging_mixin.py:190} INFO - [2025-01-27T00:32:41.540+0000] {dagbag.py:588} INFO - Filling up the DagBag from /home/airflow/.local/lib/python3.12/site-packages/airflow/example_dags/example_dag_decorator.py
[2025-01-27T00:32:41.553+0000] {processor.py:925} INFO - DAG(s) 'example_dag_decorator' retrieved from /home/airflow/.local/lib/python3.12/site-packages/airflow/example_dags/example_dag_decorator.py
[2025-01-27T00:32:41.687+0000] {logging_mixin.py:190} INFO - [2025-01-27T00:32:41.686+0000] {dag.py:3239} INFO - Sync 1 DAGs
[2025-01-27T00:32:41.701+0000] {logging_mixin.py:190} INFO - [2025-01-27T00:32:41.700+0000] {dag.py:4180} INFO - Setting next_dagrun for example_dag_decorator to None, run_after=None
[2025-01-27T00:32:41.723+0000] {processor.py:208} INFO - Processing /home/airflow/.local/lib/python3.12/site-packages/airflow/example_dags/example_dag_decorator.py took 0.192 seconds
[2025-01-27T00:33:13.251+0000] {processor.py:186} INFO - Started process (PID=1050) to work on /home/airflow/.local/lib/python3.12/site-packages/airflow/example_dags/example_dag_decorator.py
[2025-01-27T00:33:13.252+0000] {processor.py:914} INFO - Processing file /home/airflow/.local/lib/python3.12/site-packages/airflow/example_dags/example_dag_decorator.py for tasks to queue
[2025-01-27T00:33:13.254+0000] {logging_mixin.py:190} INFO - [2025-01-27T00:33:13.253+0000] {dagbag.py:588} INFO - Filling up the DagBag from /home/airflow/.local/lib/python3.12/site-packages/airflow/example_dags/example_dag_decorator.py
[2025-01-27T00:33:13.266+0000] {processor.py:925} INFO - DAG(s) 'example_dag_decorator' retrieved from /home/airflow/.local/lib/python3.12/site-packages/airflow/example_dags/example_dag_decorator.py
[2025-01-27T00:33:13.423+0000] {logging_mixin.py:190} INFO - [2025-01-27T00:33:13.423+0000] {dag.py:3239} INFO - Sync 1 DAGs
[2025-01-27T00:33:13.440+0000] {logging_mixin.py:190} INFO - [2025-01-27T00:33:13.439+0000] {dag.py:4180} INFO - Setting next_dagrun for example_dag_decorator to None, run_after=None
[2025-01-27T00:33:13.465+0000] {processor.py:208} INFO - Processing /home/airflow/.local/lib/python3.12/site-packages/airflow/example_dags/example_dag_decorator.py took 0.221 seconds
[2025-01-27T00:33:44.040+0000] {processor.py:186} INFO - Started process (PID=1113) to work on /home/airflow/.local/lib/python3.12/site-packages/airflow/example_dags/example_dag_decorator.py
[2025-01-27T00:33:44.041+0000] {processor.py:914} INFO - Processing file /home/airflow/.local/lib/python3.12/site-packages/airflow/example_dags/example_dag_decorator.py for tasks to queue
[2025-01-27T00:33:44.043+0000] {logging_mixin.py:190} INFO - [2025-01-27T00:33:44.043+0000] {dagbag.py:588} INFO - Filling up the DagBag from /home/airflow/.local/lib/python3.12/site-packages/airflow/example_dags/example_dag_decorator.py
[2025-01-27T00:33:44.054+0000] {processor.py:925} INFO - DAG(s) 'example_dag_decorator' retrieved from /home/airflow/.local/lib/python3.12/site-packages/airflow/example_dags/example_dag_decorator.py
[2025-01-27T00:33:44.189+0000] {logging_mixin.py:190} INFO - [2025-01-27T00:33:44.189+0000] {dag.py:3239} INFO - Sync 1 DAGs
[2025-01-27T00:33:44.204+0000] {logging_mixin.py:190} INFO - [2025-01-27T00:33:44.204+0000] {dag.py:4180} INFO - Setting next_dagrun for example_dag_decorator to None, run_after=None
[2025-01-27T00:33:44.233+0000] {processor.py:208} INFO - Processing /home/airflow/.local/lib/python3.12/site-packages/airflow/example_dags/example_dag_decorator.py took 0.199 seconds
[2025-01-27T00:34:15.775+0000] {processor.py:186} INFO - Started process (PID=1176) to work on /home/airflow/.local/lib/python3.12/site-packages/airflow/example_dags/example_dag_decorator.py
[2025-01-27T00:34:15.777+0000] {processor.py:914} INFO - Processing file /home/airflow/.local/lib/python3.12/site-packages/airflow/example_dags/example_dag_decorator.py for tasks to queue
[2025-01-27T00:34:15.779+0000] {logging_mixin.py:190} INFO - [2025-01-27T00:34:15.779+0000] {dagbag.py:588} INFO - Filling up the DagBag from /home/airflow/.local/lib/python3.12/site-packages/airflow/example_dags/example_dag_decorator.py
[2025-01-27T00:34:15.794+0000] {processor.py:925} INFO - DAG(s) 'example_dag_decorator' retrieved from /home/airflow/.local/lib/python3.12/site-packages/airflow/example_dags/example_dag_decorator.py
[2025-01-27T00:34:15.941+0000] {logging_mixin.py:190} INFO - [2025-01-27T00:34:15.940+0000] {dag.py:3239} INFO - Sync 1 DAGs
[2025-01-27T00:34:15.959+0000] {logging_mixin.py:190} INFO - [2025-01-27T00:34:15.959+0000] {dag.py:4180} INFO - Setting next_dagrun for example_dag_decorator to None, run_after=None
[2025-01-27T00:34:15.985+0000] {processor.py:208} INFO - Processing /home/airflow/.local/lib/python3.12/site-packages/airflow/example_dags/example_dag_decorator.py took 0.216 seconds
