[2025-01-27T00:25:27.251+0000] {processor.py:186} INFO - Started process (PID=101) to work on /home/airflow/.local/lib/python3.12/site-packages/airflow/example_dags/example_sla_dag.py
[2025-01-27T00:25:27.252+0000] {processor.py:914} INFO - Processing file /home/airflow/.local/lib/python3.12/site-packages/airflow/example_dags/example_sla_dag.py for tasks to queue
[2025-01-27T00:25:27.255+0000] {logging_mixin.py:190} INFO - [2025-01-27T00:25:27.255+0000] {dagbag.py:588} INFO - Filling up the DagBag from /home/airflow/.local/lib/python3.12/site-packages/airflow/example_dags/example_sla_dag.py
[2025-01-27T00:25:27.267+0000] {processor.py:925} INFO - DAG(s) 'example_sla_dag' retrieved from /home/airflow/.local/lib/python3.12/site-packages/airflow/example_dags/example_sla_dag.py
[2025-01-27T00:25:27.401+0000] {logging_mixin.py:190} INFO - [2025-01-27T00:25:27.400+0000] {override.py:1911} INFO - Created Permission View: can read on DAG:example_sla_dag
[2025-01-27T00:25:27.414+0000] {logging_mixin.py:190} INFO - [2025-01-27T00:25:27.414+0000] {override.py:1911} INFO - Created Permission View: can edit on DAG:example_sla_dag
[2025-01-27T00:25:27.425+0000] {logging_mixin.py:190} INFO - [2025-01-27T00:25:27.424+0000] {override.py:1911} INFO - Created Permission View: can delete on DAG:example_sla_dag
[2025-01-27T00:25:27.437+0000] {logging_mixin.py:190} INFO - [2025-01-27T00:25:27.437+0000] {override.py:1911} INFO - Created Permission View: can delete on DAG Run:example_sla_dag
[2025-01-27T00:25:27.450+0000] {logging_mixin.py:190} INFO - [2025-01-27T00:25:27.450+0000] {override.py:1911} INFO - Created Permission View: menu access on DAG Run:example_sla_dag
[2025-01-27T00:25:27.459+0000] {logging_mixin.py:190} INFO - [2025-01-27T00:25:27.458+0000] {override.py:1911} INFO - Created Permission View: can read on DAG Run:example_sla_dag
[2025-01-27T00:25:27.467+0000] {logging_mixin.py:190} INFO - [2025-01-27T00:25:27.467+0000] {override.py:1911} INFO - Created Permission View: can create on DAG Run:example_sla_dag
[2025-01-27T00:25:27.468+0000] {logging_mixin.py:190} INFO - [2025-01-27T00:25:27.468+0000] {dag.py:3239} INFO - Sync 1 DAGs
[2025-01-27T00:25:27.482+0000] {logging_mixin.py:190} INFO - [2025-01-27T00:25:27.482+0000] {dag.py:3262} INFO - Creating ORM DAG for example_sla_dag
[2025-01-27T00:25:27.496+0000] {logging_mixin.py:190} INFO - [2025-01-27T00:25:27.496+0000] {dag.py:4180} INFO - Setting next_dagrun for example_sla_dag to 2025-01-27 00:22:00+00:00, run_after=2025-01-27 00:24:00+00:00
[2025-01-27T00:25:27.515+0000] {processor.py:208} INFO - Processing /home/airflow/.local/lib/python3.12/site-packages/airflow/example_dags/example_sla_dag.py took 0.269 seconds
[2025-01-27T00:25:57.601+0000] {processor.py:186} INFO - Started process (PID=164) to work on /home/airflow/.local/lib/python3.12/site-packages/airflow/example_dags/example_sla_dag.py
[2025-01-27T00:25:57.602+0000] {processor.py:914} INFO - Processing file /home/airflow/.local/lib/python3.12/site-packages/airflow/example_dags/example_sla_dag.py for tasks to queue
[2025-01-27T00:25:57.605+0000] {logging_mixin.py:190} INFO - [2025-01-27T00:25:57.604+0000] {dagbag.py:588} INFO - Filling up the DagBag from /home/airflow/.local/lib/python3.12/site-packages/airflow/example_dags/example_sla_dag.py
[2025-01-27T00:25:57.615+0000] {processor.py:925} INFO - DAG(s) 'example_sla_dag' retrieved from /home/airflow/.local/lib/python3.12/site-packages/airflow/example_dags/example_sla_dag.py
[2025-01-27T00:25:57.633+0000] {logging_mixin.py:190} INFO - [2025-01-27T00:25:57.633+0000] {dag.py:3239} INFO - Sync 1 DAGs
[2025-01-27T00:25:57.662+0000] {logging_mixin.py:190} INFO - [2025-01-27T00:25:57.661+0000] {dag.py:4180} INFO - Setting next_dagrun for example_sla_dag to 2025-01-27 00:22:00+00:00, run_after=2025-01-27 00:24:00+00:00
[2025-01-27T00:25:57.681+0000] {processor.py:208} INFO - Processing /home/airflow/.local/lib/python3.12/site-packages/airflow/example_dags/example_sla_dag.py took 0.086 seconds
[2025-01-27T00:26:28.894+0000] {processor.py:186} INFO - Started process (PID=227) to work on /home/airflow/.local/lib/python3.12/site-packages/airflow/example_dags/example_sla_dag.py
[2025-01-27T00:26:28.895+0000] {processor.py:914} INFO - Processing file /home/airflow/.local/lib/python3.12/site-packages/airflow/example_dags/example_sla_dag.py for tasks to queue
[2025-01-27T00:26:28.897+0000] {logging_mixin.py:190} INFO - [2025-01-27T00:26:28.897+0000] {dagbag.py:588} INFO - Filling up the DagBag from /home/airflow/.local/lib/python3.12/site-packages/airflow/example_dags/example_sla_dag.py
[2025-01-27T00:26:28.907+0000] {processor.py:925} INFO - DAG(s) 'example_sla_dag' retrieved from /home/airflow/.local/lib/python3.12/site-packages/airflow/example_dags/example_sla_dag.py
[2025-01-27T00:26:28.926+0000] {logging_mixin.py:190} INFO - [2025-01-27T00:26:28.926+0000] {dag.py:3239} INFO - Sync 1 DAGs
[2025-01-27T00:26:28.952+0000] {logging_mixin.py:190} INFO - [2025-01-27T00:26:28.952+0000] {dag.py:4180} INFO - Setting next_dagrun for example_sla_dag to 2025-01-27 00:24:00+00:00, run_after=2025-01-27 00:26:00+00:00
[2025-01-27T00:26:28.971+0000] {processor.py:208} INFO - Processing /home/airflow/.local/lib/python3.12/site-packages/airflow/example_dags/example_sla_dag.py took 0.084 seconds
[2025-01-27T00:26:59.830+0000] {processor.py:186} INFO - Started process (PID=290) to work on /home/airflow/.local/lib/python3.12/site-packages/airflow/example_dags/example_sla_dag.py
[2025-01-27T00:26:59.831+0000] {processor.py:914} INFO - Processing file /home/airflow/.local/lib/python3.12/site-packages/airflow/example_dags/example_sla_dag.py for tasks to queue
[2025-01-27T00:26:59.833+0000] {logging_mixin.py:190} INFO - [2025-01-27T00:26:59.832+0000] {dagbag.py:588} INFO - Filling up the DagBag from /home/airflow/.local/lib/python3.12/site-packages/airflow/example_dags/example_sla_dag.py
[2025-01-27T00:26:59.843+0000] {processor.py:925} INFO - DAG(s) 'example_sla_dag' retrieved from /home/airflow/.local/lib/python3.12/site-packages/airflow/example_dags/example_sla_dag.py
[2025-01-27T00:26:59.863+0000] {logging_mixin.py:190} INFO - [2025-01-27T00:26:59.863+0000] {dag.py:3239} INFO - Sync 1 DAGs
[2025-01-27T00:26:59.891+0000] {logging_mixin.py:190} INFO - [2025-01-27T00:26:59.891+0000] {dag.py:4180} INFO - Setting next_dagrun for example_sla_dag to 2025-01-27 00:24:00+00:00, run_after=2025-01-27 00:26:00+00:00
[2025-01-27T00:26:59.911+0000] {processor.py:208} INFO - Processing /home/airflow/.local/lib/python3.12/site-packages/airflow/example_dags/example_sla_dag.py took 0.087 seconds
[2025-01-27T00:27:30.030+0000] {processor.py:186} INFO - Started process (PID=352) to work on /home/airflow/.local/lib/python3.12/site-packages/airflow/example_dags/example_sla_dag.py
[2025-01-27T00:27:30.031+0000] {processor.py:914} INFO - Processing file /home/airflow/.local/lib/python3.12/site-packages/airflow/example_dags/example_sla_dag.py for tasks to queue
[2025-01-27T00:27:30.033+0000] {logging_mixin.py:190} INFO - [2025-01-27T00:27:30.033+0000] {dagbag.py:588} INFO - Filling up the DagBag from /home/airflow/.local/lib/python3.12/site-packages/airflow/example_dags/example_sla_dag.py
[2025-01-27T00:27:30.043+0000] {processor.py:925} INFO - DAG(s) 'example_sla_dag' retrieved from /home/airflow/.local/lib/python3.12/site-packages/airflow/example_dags/example_sla_dag.py
[2025-01-27T00:27:30.062+0000] {logging_mixin.py:190} INFO - [2025-01-27T00:27:30.062+0000] {dag.py:3239} INFO - Sync 1 DAGs
[2025-01-27T00:27:30.092+0000] {logging_mixin.py:190} INFO - [2025-01-27T00:27:30.091+0000] {dag.py:4180} INFO - Setting next_dagrun for example_sla_dag to 2025-01-27 00:24:00+00:00, run_after=2025-01-27 00:26:00+00:00
[2025-01-27T00:27:30.111+0000] {processor.py:208} INFO - Processing /home/airflow/.local/lib/python3.12/site-packages/airflow/example_dags/example_sla_dag.py took 0.087 seconds
[2025-01-27T00:28:00.440+0000] {processor.py:186} INFO - Started process (PID=415) to work on /home/airflow/.local/lib/python3.12/site-packages/airflow/example_dags/example_sla_dag.py
[2025-01-27T00:28:00.441+0000] {processor.py:914} INFO - Processing file /home/airflow/.local/lib/python3.12/site-packages/airflow/example_dags/example_sla_dag.py for tasks to queue
[2025-01-27T00:28:00.444+0000] {logging_mixin.py:190} INFO - [2025-01-27T00:28:00.444+0000] {dagbag.py:588} INFO - Filling up the DagBag from /home/airflow/.local/lib/python3.12/site-packages/airflow/example_dags/example_sla_dag.py
[2025-01-27T00:28:00.461+0000] {processor.py:925} INFO - DAG(s) 'example_sla_dag' retrieved from /home/airflow/.local/lib/python3.12/site-packages/airflow/example_dags/example_sla_dag.py
[2025-01-27T00:28:00.487+0000] {logging_mixin.py:190} INFO - [2025-01-27T00:28:00.487+0000] {dag.py:3239} INFO - Sync 1 DAGs
[2025-01-27T00:28:00.521+0000] {logging_mixin.py:190} INFO - [2025-01-27T00:28:00.521+0000] {dag.py:4180} INFO - Setting next_dagrun for example_sla_dag to 2025-01-27 00:26:00+00:00, run_after=2025-01-27 00:28:00+00:00
[2025-01-27T00:28:00.554+0000] {processor.py:208} INFO - Processing /home/airflow/.local/lib/python3.12/site-packages/airflow/example_dags/example_sla_dag.py took 0.121 seconds
[2025-01-27T00:28:31.391+0000] {processor.py:186} INFO - Started process (PID=477) to work on /home/airflow/.local/lib/python3.12/site-packages/airflow/example_dags/example_sla_dag.py
[2025-01-27T00:28:31.393+0000] {processor.py:914} INFO - Processing file /home/airflow/.local/lib/python3.12/site-packages/airflow/example_dags/example_sla_dag.py for tasks to queue
[2025-01-27T00:28:31.396+0000] {logging_mixin.py:190} INFO - [2025-01-27T00:28:31.395+0000] {dagbag.py:588} INFO - Filling up the DagBag from /home/airflow/.local/lib/python3.12/site-packages/airflow/example_dags/example_sla_dag.py
[2025-01-27T00:28:31.409+0000] {processor.py:925} INFO - DAG(s) 'example_sla_dag' retrieved from /home/airflow/.local/lib/python3.12/site-packages/airflow/example_dags/example_sla_dag.py
[2025-01-27T00:28:31.433+0000] {logging_mixin.py:190} INFO - [2025-01-27T00:28:31.432+0000] {dag.py:3239} INFO - Sync 1 DAGs
[2025-01-27T00:28:31.468+0000] {logging_mixin.py:190} INFO - [2025-01-27T00:28:31.468+0000] {dag.py:4180} INFO - Setting next_dagrun for example_sla_dag to 2025-01-27 00:26:00+00:00, run_after=2025-01-27 00:28:00+00:00
[2025-01-27T00:28:31.496+0000] {processor.py:208} INFO - Processing /home/airflow/.local/lib/python3.12/site-packages/airflow/example_dags/example_sla_dag.py took 0.110 seconds
[2025-01-27T00:29:02.587+0000] {processor.py:186} INFO - Started process (PID=540) to work on /home/airflow/.local/lib/python3.12/site-packages/airflow/example_dags/example_sla_dag.py
[2025-01-27T00:29:02.588+0000] {processor.py:914} INFO - Processing file /home/airflow/.local/lib/python3.12/site-packages/airflow/example_dags/example_sla_dag.py for tasks to queue
[2025-01-27T00:29:02.590+0000] {logging_mixin.py:190} INFO - [2025-01-27T00:29:02.590+0000] {dagbag.py:588} INFO - Filling up the DagBag from /home/airflow/.local/lib/python3.12/site-packages/airflow/example_dags/example_sla_dag.py
[2025-01-27T00:29:02.601+0000] {processor.py:925} INFO - DAG(s) 'example_sla_dag' retrieved from /home/airflow/.local/lib/python3.12/site-packages/airflow/example_dags/example_sla_dag.py
[2025-01-27T00:29:02.621+0000] {logging_mixin.py:190} INFO - [2025-01-27T00:29:02.621+0000] {dag.py:3239} INFO - Sync 1 DAGs
[2025-01-27T00:29:02.648+0000] {logging_mixin.py:190} INFO - [2025-01-27T00:29:02.648+0000] {dag.py:4180} INFO - Setting next_dagrun for example_sla_dag to 2025-01-27 00:26:00+00:00, run_after=2025-01-27 00:28:00+00:00
[2025-01-27T00:29:02.667+0000] {processor.py:208} INFO - Processing /home/airflow/.local/lib/python3.12/site-packages/airflow/example_dags/example_sla_dag.py took 0.086 seconds
[2025-01-27T00:29:33.880+0000] {processor.py:186} INFO - Started process (PID=603) to work on /home/airflow/.local/lib/python3.12/site-packages/airflow/example_dags/example_sla_dag.py
[2025-01-27T00:29:33.881+0000] {processor.py:914} INFO - Processing file /home/airflow/.local/lib/python3.12/site-packages/airflow/example_dags/example_sla_dag.py for tasks to queue
[2025-01-27T00:29:33.884+0000] {logging_mixin.py:190} INFO - [2025-01-27T00:29:33.883+0000] {dagbag.py:588} INFO - Filling up the DagBag from /home/airflow/.local/lib/python3.12/site-packages/airflow/example_dags/example_sla_dag.py
[2025-01-27T00:29:33.897+0000] {processor.py:925} INFO - DAG(s) 'example_sla_dag' retrieved from /home/airflow/.local/lib/python3.12/site-packages/airflow/example_dags/example_sla_dag.py
[2025-01-27T00:29:33.916+0000] {logging_mixin.py:190} INFO - [2025-01-27T00:29:33.916+0000] {dag.py:3239} INFO - Sync 1 DAGs
[2025-01-27T00:29:33.945+0000] {logging_mixin.py:190} INFO - [2025-01-27T00:29:33.945+0000] {dag.py:4180} INFO - Setting next_dagrun for example_sla_dag to 2025-01-27 00:26:00+00:00, run_after=2025-01-27 00:28:00+00:00
[2025-01-27T00:29:33.968+0000] {processor.py:208} INFO - Processing /home/airflow/.local/lib/python3.12/site-packages/airflow/example_dags/example_sla_dag.py took 0.095 seconds
[2025-01-27T00:30:04.848+0000] {processor.py:186} INFO - Started process (PID=667) to work on /home/airflow/.local/lib/python3.12/site-packages/airflow/example_dags/example_sla_dag.py
[2025-01-27T00:30:04.849+0000] {processor.py:914} INFO - Processing file /home/airflow/.local/lib/python3.12/site-packages/airflow/example_dags/example_sla_dag.py for tasks to queue
[2025-01-27T00:30:04.852+0000] {logging_mixin.py:190} INFO - [2025-01-27T00:30:04.851+0000] {dagbag.py:588} INFO - Filling up the DagBag from /home/airflow/.local/lib/python3.12/site-packages/airflow/example_dags/example_sla_dag.py
[2025-01-27T00:30:04.862+0000] {processor.py:925} INFO - DAG(s) 'example_sla_dag' retrieved from /home/airflow/.local/lib/python3.12/site-packages/airflow/example_dags/example_sla_dag.py
[2025-01-27T00:30:04.883+0000] {logging_mixin.py:190} INFO - [2025-01-27T00:30:04.883+0000] {dag.py:3239} INFO - Sync 1 DAGs
[2025-01-27T00:30:04.910+0000] {logging_mixin.py:190} INFO - [2025-01-27T00:30:04.910+0000] {dag.py:4180} INFO - Setting next_dagrun for example_sla_dag to 2025-01-27 00:28:00+00:00, run_after=2025-01-27 00:30:00+00:00
[2025-01-27T00:30:04.931+0000] {processor.py:208} INFO - Processing /home/airflow/.local/lib/python3.12/site-packages/airflow/example_dags/example_sla_dag.py took 0.089 seconds
[2025-01-27T00:30:36.436+0000] {processor.py:186} INFO - Started process (PID=730) to work on /home/airflow/.local/lib/python3.12/site-packages/airflow/example_dags/example_sla_dag.py
[2025-01-27T00:30:36.437+0000] {processor.py:914} INFO - Processing file /home/airflow/.local/lib/python3.12/site-packages/airflow/example_dags/example_sla_dag.py for tasks to queue
[2025-01-27T00:30:36.440+0000] {logging_mixin.py:190} INFO - [2025-01-27T00:30:36.439+0000] {dagbag.py:588} INFO - Filling up the DagBag from /home/airflow/.local/lib/python3.12/site-packages/airflow/example_dags/example_sla_dag.py
[2025-01-27T00:30:36.450+0000] {processor.py:925} INFO - DAG(s) 'example_sla_dag' retrieved from /home/airflow/.local/lib/python3.12/site-packages/airflow/example_dags/example_sla_dag.py
[2025-01-27T00:30:36.470+0000] {logging_mixin.py:190} INFO - [2025-01-27T00:30:36.469+0000] {dag.py:3239} INFO - Sync 1 DAGs
[2025-01-27T00:30:36.498+0000] {logging_mixin.py:190} INFO - [2025-01-27T00:30:36.498+0000] {dag.py:4180} INFO - Setting next_dagrun for example_sla_dag to 2025-01-27 00:28:00+00:00, run_after=2025-01-27 00:30:00+00:00
[2025-01-27T00:30:36.518+0000] {processor.py:208} INFO - Processing /home/airflow/.local/lib/python3.12/site-packages/airflow/example_dags/example_sla_dag.py took 0.088 seconds
[2025-01-27T00:31:07.998+0000] {processor.py:186} INFO - Started process (PID=794) to work on /home/airflow/.local/lib/python3.12/site-packages/airflow/example_dags/example_sla_dag.py
[2025-01-27T00:31:07.999+0000] {processor.py:914} INFO - Processing file /home/airflow/.local/lib/python3.12/site-packages/airflow/example_dags/example_sla_dag.py for tasks to queue
[2025-01-27T00:31:08.001+0000] {logging_mixin.py:190} INFO - [2025-01-27T00:31:08.001+0000] {dagbag.py:588} INFO - Filling up the DagBag from /home/airflow/.local/lib/python3.12/site-packages/airflow/example_dags/example_sla_dag.py
[2025-01-27T00:31:08.011+0000] {processor.py:925} INFO - DAG(s) 'example_sla_dag' retrieved from /home/airflow/.local/lib/python3.12/site-packages/airflow/example_dags/example_sla_dag.py
[2025-01-27T00:31:08.031+0000] {logging_mixin.py:190} INFO - [2025-01-27T00:31:08.031+0000] {dag.py:3239} INFO - Sync 1 DAGs
[2025-01-27T00:31:08.058+0000] {logging_mixin.py:190} INFO - [2025-01-27T00:31:08.057+0000] {dag.py:4180} INFO - Setting next_dagrun for example_sla_dag to 2025-01-27 00:28:00+00:00, run_after=2025-01-27 00:30:00+00:00
[2025-01-27T00:31:08.077+0000] {processor.py:208} INFO - Processing /home/airflow/.local/lib/python3.12/site-packages/airflow/example_dags/example_sla_dag.py took 0.084 seconds
[2025-01-27T00:31:38.649+0000] {processor.py:186} INFO - Started process (PID=856) to work on /home/airflow/.local/lib/python3.12/site-packages/airflow/example_dags/example_sla_dag.py
[2025-01-27T00:31:38.650+0000] {processor.py:914} INFO - Processing file /home/airflow/.local/lib/python3.12/site-packages/airflow/example_dags/example_sla_dag.py for tasks to queue
[2025-01-27T00:31:38.653+0000] {logging_mixin.py:190} INFO - [2025-01-27T00:31:38.652+0000] {dagbag.py:588} INFO - Filling up the DagBag from /home/airflow/.local/lib/python3.12/site-packages/airflow/example_dags/example_sla_dag.py
[2025-01-27T00:31:38.663+0000] {processor.py:925} INFO - DAG(s) 'example_sla_dag' retrieved from /home/airflow/.local/lib/python3.12/site-packages/airflow/example_dags/example_sla_dag.py
[2025-01-27T00:31:38.684+0000] {logging_mixin.py:190} INFO - [2025-01-27T00:31:38.684+0000] {dag.py:3239} INFO - Sync 1 DAGs
[2025-01-27T00:31:38.714+0000] {logging_mixin.py:190} INFO - [2025-01-27T00:31:38.713+0000] {dag.py:4180} INFO - Setting next_dagrun for example_sla_dag to 2025-01-27 00:28:00+00:00, run_after=2025-01-27 00:30:00+00:00
[2025-01-27T00:31:38.740+0000] {processor.py:208} INFO - Processing /home/airflow/.local/lib/python3.12/site-packages/airflow/example_dags/example_sla_dag.py took 0.097 seconds
[2025-01-27T00:32:10.307+0000] {processor.py:186} INFO - Started process (PID=919) to work on /home/airflow/.local/lib/python3.12/site-packages/airflow/example_dags/example_sla_dag.py
[2025-01-27T00:32:10.308+0000] {processor.py:914} INFO - Processing file /home/airflow/.local/lib/python3.12/site-packages/airflow/example_dags/example_sla_dag.py for tasks to queue
[2025-01-27T00:32:10.311+0000] {logging_mixin.py:190} INFO - [2025-01-27T00:32:10.311+0000] {dagbag.py:588} INFO - Filling up the DagBag from /home/airflow/.local/lib/python3.12/site-packages/airflow/example_dags/example_sla_dag.py
[2025-01-27T00:32:10.321+0000] {processor.py:925} INFO - DAG(s) 'example_sla_dag' retrieved from /home/airflow/.local/lib/python3.12/site-packages/airflow/example_dags/example_sla_dag.py
[2025-01-27T00:32:10.341+0000] {logging_mixin.py:190} INFO - [2025-01-27T00:32:10.341+0000] {dag.py:3239} INFO - Sync 1 DAGs
[2025-01-27T00:32:10.374+0000] {logging_mixin.py:190} INFO - [2025-01-27T00:32:10.374+0000] {dag.py:4180} INFO - Setting next_dagrun for example_sla_dag to 2025-01-27 00:30:00+00:00, run_after=2025-01-27 00:32:00+00:00
[2025-01-27T00:32:10.397+0000] {processor.py:208} INFO - Processing /home/airflow/.local/lib/python3.12/site-packages/airflow/example_dags/example_sla_dag.py took 0.096 seconds
[2025-01-27T00:32:41.314+0000] {processor.py:186} INFO - Started process (PID=982) to work on /home/airflow/.local/lib/python3.12/site-packages/airflow/example_dags/example_sla_dag.py
[2025-01-27T00:32:41.315+0000] {processor.py:914} INFO - Processing file /home/airflow/.local/lib/python3.12/site-packages/airflow/example_dags/example_sla_dag.py for tasks to queue
[2025-01-27T00:32:41.317+0000] {logging_mixin.py:190} INFO - [2025-01-27T00:32:41.317+0000] {dagbag.py:588} INFO - Filling up the DagBag from /home/airflow/.local/lib/python3.12/site-packages/airflow/example_dags/example_sla_dag.py
[2025-01-27T00:32:41.328+0000] {processor.py:925} INFO - DAG(s) 'example_sla_dag' retrieved from /home/airflow/.local/lib/python3.12/site-packages/airflow/example_dags/example_sla_dag.py
[2025-01-27T00:32:41.348+0000] {logging_mixin.py:190} INFO - [2025-01-27T00:32:41.348+0000] {dag.py:3239} INFO - Sync 1 DAGs
[2025-01-27T00:32:41.373+0000] {logging_mixin.py:190} INFO - [2025-01-27T00:32:41.373+0000] {dag.py:4180} INFO - Setting next_dagrun for example_sla_dag to 2025-01-27 00:30:00+00:00, run_after=2025-01-27 00:32:00+00:00
[2025-01-27T00:32:41.393+0000] {processor.py:208} INFO - Processing /home/airflow/.local/lib/python3.12/site-packages/airflow/example_dags/example_sla_dag.py took 0.085 seconds
[2025-01-27T00:33:12.776+0000] {processor.py:186} INFO - Started process (PID=1046) to work on /home/airflow/.local/lib/python3.12/site-packages/airflow/example_dags/example_sla_dag.py
[2025-01-27T00:33:12.777+0000] {processor.py:914} INFO - Processing file /home/airflow/.local/lib/python3.12/site-packages/airflow/example_dags/example_sla_dag.py for tasks to queue
[2025-01-27T00:33:12.780+0000] {logging_mixin.py:190} INFO - [2025-01-27T00:33:12.779+0000] {dagbag.py:588} INFO - Filling up the DagBag from /home/airflow/.local/lib/python3.12/site-packages/airflow/example_dags/example_sla_dag.py
[2025-01-27T00:33:12.790+0000] {processor.py:925} INFO - DAG(s) 'example_sla_dag' retrieved from /home/airflow/.local/lib/python3.12/site-packages/airflow/example_dags/example_sla_dag.py
[2025-01-27T00:33:12.810+0000] {logging_mixin.py:190} INFO - [2025-01-27T00:33:12.810+0000] {dag.py:3239} INFO - Sync 1 DAGs
[2025-01-27T00:33:12.836+0000] {logging_mixin.py:190} INFO - [2025-01-27T00:33:12.836+0000] {dag.py:4180} INFO - Setting next_dagrun for example_sla_dag to 2025-01-27 00:30:00+00:00, run_after=2025-01-27 00:32:00+00:00
[2025-01-27T00:33:12.856+0000] {processor.py:208} INFO - Processing /home/airflow/.local/lib/python3.12/site-packages/airflow/example_dags/example_sla_dag.py took 0.086 seconds
[2025-01-27T00:33:43.739+0000] {processor.py:186} INFO - Started process (PID=1108) to work on /home/airflow/.local/lib/python3.12/site-packages/airflow/example_dags/example_sla_dag.py
[2025-01-27T00:33:43.740+0000] {processor.py:914} INFO - Processing file /home/airflow/.local/lib/python3.12/site-packages/airflow/example_dags/example_sla_dag.py for tasks to queue
[2025-01-27T00:33:43.743+0000] {logging_mixin.py:190} INFO - [2025-01-27T00:33:43.743+0000] {dagbag.py:588} INFO - Filling up the DagBag from /home/airflow/.local/lib/python3.12/site-packages/airflow/example_dags/example_sla_dag.py
[2025-01-27T00:33:43.754+0000] {processor.py:925} INFO - DAG(s) 'example_sla_dag' retrieved from /home/airflow/.local/lib/python3.12/site-packages/airflow/example_dags/example_sla_dag.py
[2025-01-27T00:33:43.777+0000] {logging_mixin.py:190} INFO - [2025-01-27T00:33:43.776+0000] {dag.py:3239} INFO - Sync 1 DAGs
[2025-01-27T00:33:43.808+0000] {logging_mixin.py:190} INFO - [2025-01-27T00:33:43.807+0000] {dag.py:4180} INFO - Setting next_dagrun for example_sla_dag to 2025-01-27 00:30:00+00:00, run_after=2025-01-27 00:32:00+00:00
[2025-01-27T00:33:43.832+0000] {processor.py:208} INFO - Processing /home/airflow/.local/lib/python3.12/site-packages/airflow/example_dags/example_sla_dag.py took 0.099 seconds
[2025-01-27T00:34:15.428+0000] {processor.py:186} INFO - Started process (PID=1171) to work on /home/airflow/.local/lib/python3.12/site-packages/airflow/example_dags/example_sla_dag.py
[2025-01-27T00:34:15.429+0000] {processor.py:914} INFO - Processing file /home/airflow/.local/lib/python3.12/site-packages/airflow/example_dags/example_sla_dag.py for tasks to queue
[2025-01-27T00:34:15.441+0000] {logging_mixin.py:190} INFO - [2025-01-27T00:34:15.441+0000] {dagbag.py:588} INFO - Filling up the DagBag from /home/airflow/.local/lib/python3.12/site-packages/airflow/example_dags/example_sla_dag.py
[2025-01-27T00:34:15.466+0000] {processor.py:925} INFO - DAG(s) 'example_sla_dag' retrieved from /home/airflow/.local/lib/python3.12/site-packages/airflow/example_dags/example_sla_dag.py
[2025-01-27T00:34:15.503+0000] {logging_mixin.py:190} INFO - [2025-01-27T00:34:15.502+0000] {dag.py:3239} INFO - Sync 1 DAGs
[2025-01-27T00:34:15.534+0000] {logging_mixin.py:190} INFO - [2025-01-27T00:34:15.534+0000] {dag.py:4180} INFO - Setting next_dagrun for example_sla_dag to 2025-01-27 00:32:00+00:00, run_after=2025-01-27 00:34:00+00:00
[2025-01-27T00:34:15.555+0000] {processor.py:208} INFO - Processing /home/airflow/.local/lib/python3.12/site-packages/airflow/example_dags/example_sla_dag.py took 0.136 seconds
