[2025-01-27T00:25:29.923+0000] {processor.py:186} INFO - Started process (PID=115) to work on /home/airflow/.local/lib/python3.12/site-packages/airflow/example_dags/example_params_trigger_ui.py
[2025-01-27T00:25:29.924+0000] {processor.py:914} INFO - Processing file /home/airflow/.local/lib/python3.12/site-packages/airflow/example_dags/example_params_trigger_ui.py for tasks to queue
[2025-01-27T00:25:29.927+0000] {logging_mixin.py:190} INFO - [2025-01-27T00:25:29.927+0000] {dagbag.py:588} INFO - Filling up the DagBag from /home/airflow/.local/lib/python3.12/site-packages/airflow/example_dags/example_params_trigger_ui.py
[2025-01-27T00:25:29.944+0000] {processor.py:925} INFO - DAG(s) 'example_params_trigger_ui' retrieved from /home/airflow/.local/lib/python3.12/site-packages/airflow/example_dags/example_params_trigger_ui.py
[2025-01-27T00:25:30.171+0000] {logging_mixin.py:190} INFO - [2025-01-27T00:25:30.169+0000] {override.py:1911} INFO - Created Permission View: can read on DAG:example_params_trigger_ui
[2025-01-27T00:25:30.190+0000] {logging_mixin.py:190} INFO - [2025-01-27T00:25:30.189+0000] {override.py:1911} INFO - Created Permission View: can edit on DAG:example_params_trigger_ui
[2025-01-27T00:25:30.204+0000] {logging_mixin.py:190} INFO - [2025-01-27T00:25:30.203+0000] {override.py:1911} INFO - Created Permission View: can delete on DAG:example_params_trigger_ui
[2025-01-27T00:25:30.225+0000] {logging_mixin.py:190} INFO - [2025-01-27T00:25:30.225+0000] {override.py:1911} INFO - Created Permission View: can delete on DAG Run:example_params_trigger_ui
[2025-01-27T00:25:30.241+0000] {logging_mixin.py:190} INFO - [2025-01-27T00:25:30.240+0000] {override.py:1911} INFO - Created Permission View: menu access on DAG Run:example_params_trigger_ui
[2025-01-27T00:25:30.255+0000] {logging_mixin.py:190} INFO - [2025-01-27T00:25:30.255+0000] {override.py:1911} INFO - Created Permission View: can read on DAG Run:example_params_trigger_ui
[2025-01-27T00:25:30.273+0000] {logging_mixin.py:190} INFO - [2025-01-27T00:25:30.272+0000] {override.py:1911} INFO - Created Permission View: can create on DAG Run:example_params_trigger_ui
[2025-01-27T00:25:30.274+0000] {logging_mixin.py:190} INFO - [2025-01-27T00:25:30.273+0000] {dag.py:3239} INFO - Sync 1 DAGs
[2025-01-27T00:25:30.298+0000] {logging_mixin.py:190} INFO - [2025-01-27T00:25:30.297+0000] {dag.py:3262} INFO - Creating ORM DAG for example_params_trigger_ui
[2025-01-27T00:25:30.299+0000] {logging_mixin.py:190} INFO - [2025-01-27T00:25:30.299+0000] {dag.py:4180} INFO - Setting next_dagrun for example_params_trigger_ui to None, run_after=None
[2025-01-27T00:25:30.329+0000] {processor.py:208} INFO - Processing /home/airflow/.local/lib/python3.12/site-packages/airflow/example_dags/example_params_trigger_ui.py took 0.413 seconds
[2025-01-27T00:26:00.507+0000] {processor.py:186} INFO - Started process (PID=178) to work on /home/airflow/.local/lib/python3.12/site-packages/airflow/example_dags/example_params_trigger_ui.py
[2025-01-27T00:26:00.508+0000] {processor.py:914} INFO - Processing file /home/airflow/.local/lib/python3.12/site-packages/airflow/example_dags/example_params_trigger_ui.py for tasks to queue
[2025-01-27T00:26:00.512+0000] {logging_mixin.py:190} INFO - [2025-01-27T00:26:00.511+0000] {dagbag.py:588} INFO - Filling up the DagBag from /home/airflow/.local/lib/python3.12/site-packages/airflow/example_dags/example_params_trigger_ui.py
[2025-01-27T00:26:00.527+0000] {processor.py:925} INFO - DAG(s) 'example_params_trigger_ui' retrieved from /home/airflow/.local/lib/python3.12/site-packages/airflow/example_dags/example_params_trigger_ui.py
[2025-01-27T00:26:00.588+0000] {logging_mixin.py:190} INFO - [2025-01-27T00:26:00.587+0000] {dag.py:3239} INFO - Sync 1 DAGs
[2025-01-27T00:26:00.604+0000] {logging_mixin.py:190} INFO - [2025-01-27T00:26:00.603+0000] {dag.py:4180} INFO - Setting next_dagrun for example_params_trigger_ui to None, run_after=None
[2025-01-27T00:26:00.628+0000] {processor.py:208} INFO - Processing /home/airflow/.local/lib/python3.12/site-packages/airflow/example_dags/example_params_trigger_ui.py took 0.132 seconds
[2025-01-27T00:26:31.078+0000] {processor.py:186} INFO - Started process (PID=241) to work on /home/airflow/.local/lib/python3.12/site-packages/airflow/example_dags/example_params_trigger_ui.py
[2025-01-27T00:26:31.079+0000] {processor.py:914} INFO - Processing file /home/airflow/.local/lib/python3.12/site-packages/airflow/example_dags/example_params_trigger_ui.py for tasks to queue
[2025-01-27T00:26:31.082+0000] {logging_mixin.py:190} INFO - [2025-01-27T00:26:31.081+0000] {dagbag.py:588} INFO - Filling up the DagBag from /home/airflow/.local/lib/python3.12/site-packages/airflow/example_dags/example_params_trigger_ui.py
[2025-01-27T00:26:31.092+0000] {processor.py:925} INFO - DAG(s) 'example_params_trigger_ui' retrieved from /home/airflow/.local/lib/python3.12/site-packages/airflow/example_dags/example_params_trigger_ui.py
[2025-01-27T00:26:31.140+0000] {logging_mixin.py:190} INFO - [2025-01-27T00:26:31.140+0000] {dag.py:3239} INFO - Sync 1 DAGs
[2025-01-27T00:26:31.155+0000] {logging_mixin.py:190} INFO - [2025-01-27T00:26:31.155+0000] {dag.py:4180} INFO - Setting next_dagrun for example_params_trigger_ui to None, run_after=None
[2025-01-27T00:26:31.175+0000] {processor.py:208} INFO - Processing /home/airflow/.local/lib/python3.12/site-packages/airflow/example_dags/example_params_trigger_ui.py took 0.102 seconds
[2025-01-27T00:27:01.227+0000] {processor.py:186} INFO - Started process (PID=303) to work on /home/airflow/.local/lib/python3.12/site-packages/airflow/example_dags/example_params_trigger_ui.py
[2025-01-27T00:27:01.228+0000] {processor.py:914} INFO - Processing file /home/airflow/.local/lib/python3.12/site-packages/airflow/example_dags/example_params_trigger_ui.py for tasks to queue
[2025-01-27T00:27:01.231+0000] {logging_mixin.py:190} INFO - [2025-01-27T00:27:01.231+0000] {dagbag.py:588} INFO - Filling up the DagBag from /home/airflow/.local/lib/python3.12/site-packages/airflow/example_dags/example_params_trigger_ui.py
[2025-01-27T00:27:01.244+0000] {processor.py:925} INFO - DAG(s) 'example_params_trigger_ui' retrieved from /home/airflow/.local/lib/python3.12/site-packages/airflow/example_dags/example_params_trigger_ui.py
[2025-01-27T00:27:01.294+0000] {logging_mixin.py:190} INFO - [2025-01-27T00:27:01.293+0000] {dag.py:3239} INFO - Sync 1 DAGs
[2025-01-27T00:27:01.321+0000] {logging_mixin.py:190} INFO - [2025-01-27T00:27:01.319+0000] {dag.py:4180} INFO - Setting next_dagrun for example_params_trigger_ui to None, run_after=None
[2025-01-27T00:27:01.357+0000] {processor.py:208} INFO - Processing /home/airflow/.local/lib/python3.12/site-packages/airflow/example_dags/example_params_trigger_ui.py took 0.137 seconds
[2025-01-27T00:27:32.403+0000] {processor.py:186} INFO - Started process (PID=367) to work on /home/airflow/.local/lib/python3.12/site-packages/airflow/example_dags/example_params_trigger_ui.py
[2025-01-27T00:27:32.404+0000] {processor.py:914} INFO - Processing file /home/airflow/.local/lib/python3.12/site-packages/airflow/example_dags/example_params_trigger_ui.py for tasks to queue
[2025-01-27T00:27:32.407+0000] {logging_mixin.py:190} INFO - [2025-01-27T00:27:32.406+0000] {dagbag.py:588} INFO - Filling up the DagBag from /home/airflow/.local/lib/python3.12/site-packages/airflow/example_dags/example_params_trigger_ui.py
[2025-01-27T00:27:32.417+0000] {processor.py:925} INFO - DAG(s) 'example_params_trigger_ui' retrieved from /home/airflow/.local/lib/python3.12/site-packages/airflow/example_dags/example_params_trigger_ui.py
[2025-01-27T00:27:32.466+0000] {logging_mixin.py:190} INFO - [2025-01-27T00:27:32.466+0000] {dag.py:3239} INFO - Sync 1 DAGs
[2025-01-27T00:27:32.483+0000] {logging_mixin.py:190} INFO - [2025-01-27T00:27:32.482+0000] {dag.py:4180} INFO - Setting next_dagrun for example_params_trigger_ui to None, run_after=None
[2025-01-27T00:27:32.503+0000] {processor.py:208} INFO - Processing /home/airflow/.local/lib/python3.12/site-packages/airflow/example_dags/example_params_trigger_ui.py took 0.105 seconds
[2025-01-27T00:28:02.767+0000] {processor.py:186} INFO - Started process (PID=429) to work on /home/airflow/.local/lib/python3.12/site-packages/airflow/example_dags/example_params_trigger_ui.py
[2025-01-27T00:28:02.769+0000] {processor.py:914} INFO - Processing file /home/airflow/.local/lib/python3.12/site-packages/airflow/example_dags/example_params_trigger_ui.py for tasks to queue
[2025-01-27T00:28:02.773+0000] {logging_mixin.py:190} INFO - [2025-01-27T00:28:02.772+0000] {dagbag.py:588} INFO - Filling up the DagBag from /home/airflow/.local/lib/python3.12/site-packages/airflow/example_dags/example_params_trigger_ui.py
[2025-01-27T00:28:02.800+0000] {processor.py:925} INFO - DAG(s) 'example_params_trigger_ui' retrieved from /home/airflow/.local/lib/python3.12/site-packages/airflow/example_dags/example_params_trigger_ui.py
[2025-01-27T00:28:02.868+0000] {logging_mixin.py:190} INFO - [2025-01-27T00:28:02.868+0000] {dag.py:3239} INFO - Sync 1 DAGs
[2025-01-27T00:28:02.886+0000] {logging_mixin.py:190} INFO - [2025-01-27T00:28:02.886+0000] {dag.py:4180} INFO - Setting next_dagrun for example_params_trigger_ui to None, run_after=None
[2025-01-27T00:28:02.908+0000] {processor.py:208} INFO - Processing /home/airflow/.local/lib/python3.12/site-packages/airflow/example_dags/example_params_trigger_ui.py took 0.149 seconds
[2025-01-27T00:28:33.267+0000] {processor.py:186} INFO - Started process (PID=491) to work on /home/airflow/.local/lib/python3.12/site-packages/airflow/example_dags/example_params_trigger_ui.py
[2025-01-27T00:28:33.268+0000] {processor.py:914} INFO - Processing file /home/airflow/.local/lib/python3.12/site-packages/airflow/example_dags/example_params_trigger_ui.py for tasks to queue
[2025-01-27T00:28:33.271+0000] {logging_mixin.py:190} INFO - [2025-01-27T00:28:33.270+0000] {dagbag.py:588} INFO - Filling up the DagBag from /home/airflow/.local/lib/python3.12/site-packages/airflow/example_dags/example_params_trigger_ui.py
[2025-01-27T00:28:33.283+0000] {processor.py:925} INFO - DAG(s) 'example_params_trigger_ui' retrieved from /home/airflow/.local/lib/python3.12/site-packages/airflow/example_dags/example_params_trigger_ui.py
[2025-01-27T00:28:33.332+0000] {logging_mixin.py:190} INFO - [2025-01-27T00:28:33.331+0000] {dag.py:3239} INFO - Sync 1 DAGs
[2025-01-27T00:28:33.348+0000] {logging_mixin.py:190} INFO - [2025-01-27T00:28:33.347+0000] {dag.py:4180} INFO - Setting next_dagrun for example_params_trigger_ui to None, run_after=None
[2025-01-27T00:28:33.375+0000] {processor.py:208} INFO - Processing /home/airflow/.local/lib/python3.12/site-packages/airflow/example_dags/example_params_trigger_ui.py took 0.114 seconds
[2025-01-27T00:29:04.009+0000] {processor.py:186} INFO - Started process (PID=554) to work on /home/airflow/.local/lib/python3.12/site-packages/airflow/example_dags/example_params_trigger_ui.py
[2025-01-27T00:29:04.010+0000] {processor.py:914} INFO - Processing file /home/airflow/.local/lib/python3.12/site-packages/airflow/example_dags/example_params_trigger_ui.py for tasks to queue
[2025-01-27T00:29:04.013+0000] {logging_mixin.py:190} INFO - [2025-01-27T00:29:04.012+0000] {dagbag.py:588} INFO - Filling up the DagBag from /home/airflow/.local/lib/python3.12/site-packages/airflow/example_dags/example_params_trigger_ui.py
[2025-01-27T00:29:04.025+0000] {processor.py:925} INFO - DAG(s) 'example_params_trigger_ui' retrieved from /home/airflow/.local/lib/python3.12/site-packages/airflow/example_dags/example_params_trigger_ui.py
[2025-01-27T00:29:04.075+0000] {logging_mixin.py:190} INFO - [2025-01-27T00:29:04.075+0000] {dag.py:3239} INFO - Sync 1 DAGs
[2025-01-27T00:29:04.091+0000] {logging_mixin.py:190} INFO - [2025-01-27T00:29:04.091+0000] {dag.py:4180} INFO - Setting next_dagrun for example_params_trigger_ui to None, run_after=None
[2025-01-27T00:29:04.114+0000] {processor.py:208} INFO - Processing /home/airflow/.local/lib/python3.12/site-packages/airflow/example_dags/example_params_trigger_ui.py took 0.111 seconds
[2025-01-27T00:29:35.089+0000] {processor.py:186} INFO - Started process (PID=617) to work on /home/airflow/.local/lib/python3.12/site-packages/airflow/example_dags/example_params_trigger_ui.py
[2025-01-27T00:29:35.090+0000] {processor.py:914} INFO - Processing file /home/airflow/.local/lib/python3.12/site-packages/airflow/example_dags/example_params_trigger_ui.py for tasks to queue
[2025-01-27T00:29:35.092+0000] {logging_mixin.py:190} INFO - [2025-01-27T00:29:35.092+0000] {dagbag.py:588} INFO - Filling up the DagBag from /home/airflow/.local/lib/python3.12/site-packages/airflow/example_dags/example_params_trigger_ui.py
[2025-01-27T00:29:35.106+0000] {processor.py:925} INFO - DAG(s) 'example_params_trigger_ui' retrieved from /home/airflow/.local/lib/python3.12/site-packages/airflow/example_dags/example_params_trigger_ui.py
[2025-01-27T00:29:35.162+0000] {logging_mixin.py:190} INFO - [2025-01-27T00:29:35.162+0000] {dag.py:3239} INFO - Sync 1 DAGs
[2025-01-27T00:29:35.179+0000] {logging_mixin.py:190} INFO - [2025-01-27T00:29:35.179+0000] {dag.py:4180} INFO - Setting next_dagrun for example_params_trigger_ui to None, run_after=None
[2025-01-27T00:29:35.201+0000] {processor.py:208} INFO - Processing /home/airflow/.local/lib/python3.12/site-packages/airflow/example_dags/example_params_trigger_ui.py took 0.118 seconds
[2025-01-27T00:30:06.163+0000] {processor.py:186} INFO - Started process (PID=681) to work on /home/airflow/.local/lib/python3.12/site-packages/airflow/example_dags/example_params_trigger_ui.py
[2025-01-27T00:30:06.164+0000] {processor.py:914} INFO - Processing file /home/airflow/.local/lib/python3.12/site-packages/airflow/example_dags/example_params_trigger_ui.py for tasks to queue
[2025-01-27T00:30:06.166+0000] {logging_mixin.py:190} INFO - [2025-01-27T00:30:06.166+0000] {dagbag.py:588} INFO - Filling up the DagBag from /home/airflow/.local/lib/python3.12/site-packages/airflow/example_dags/example_params_trigger_ui.py
[2025-01-27T00:30:06.178+0000] {processor.py:925} INFO - DAG(s) 'example_params_trigger_ui' retrieved from /home/airflow/.local/lib/python3.12/site-packages/airflow/example_dags/example_params_trigger_ui.py
[2025-01-27T00:30:06.227+0000] {logging_mixin.py:190} INFO - [2025-01-27T00:30:06.227+0000] {dag.py:3239} INFO - Sync 1 DAGs
[2025-01-27T00:30:06.243+0000] {logging_mixin.py:190} INFO - [2025-01-27T00:30:06.243+0000] {dag.py:4180} INFO - Setting next_dagrun for example_params_trigger_ui to None, run_after=None
[2025-01-27T00:30:06.265+0000] {processor.py:208} INFO - Processing /home/airflow/.local/lib/python3.12/site-packages/airflow/example_dags/example_params_trigger_ui.py took 0.108 seconds
[2025-01-27T00:30:37.581+0000] {processor.py:186} INFO - Started process (PID=744) to work on /home/airflow/.local/lib/python3.12/site-packages/airflow/example_dags/example_params_trigger_ui.py
[2025-01-27T00:30:37.582+0000] {processor.py:914} INFO - Processing file /home/airflow/.local/lib/python3.12/site-packages/airflow/example_dags/example_params_trigger_ui.py for tasks to queue
[2025-01-27T00:30:37.585+0000] {logging_mixin.py:190} INFO - [2025-01-27T00:30:37.584+0000] {dagbag.py:588} INFO - Filling up the DagBag from /home/airflow/.local/lib/python3.12/site-packages/airflow/example_dags/example_params_trigger_ui.py
[2025-01-27T00:30:37.596+0000] {processor.py:925} INFO - DAG(s) 'example_params_trigger_ui' retrieved from /home/airflow/.local/lib/python3.12/site-packages/airflow/example_dags/example_params_trigger_ui.py
[2025-01-27T00:30:37.643+0000] {logging_mixin.py:190} INFO - [2025-01-27T00:30:37.643+0000] {dag.py:3239} INFO - Sync 1 DAGs
[2025-01-27T00:30:37.658+0000] {logging_mixin.py:190} INFO - [2025-01-27T00:30:37.658+0000] {dag.py:4180} INFO - Setting next_dagrun for example_params_trigger_ui to None, run_after=None
[2025-01-27T00:30:37.677+0000] {processor.py:208} INFO - Processing /home/airflow/.local/lib/python3.12/site-packages/airflow/example_dags/example_params_trigger_ui.py took 0.101 seconds
[2025-01-27T00:31:09.090+0000] {processor.py:186} INFO - Started process (PID=807) to work on /home/airflow/.local/lib/python3.12/site-packages/airflow/example_dags/example_params_trigger_ui.py
[2025-01-27T00:31:09.091+0000] {processor.py:914} INFO - Processing file /home/airflow/.local/lib/python3.12/site-packages/airflow/example_dags/example_params_trigger_ui.py for tasks to queue
[2025-01-27T00:31:09.093+0000] {logging_mixin.py:190} INFO - [2025-01-27T00:31:09.093+0000] {dagbag.py:588} INFO - Filling up the DagBag from /home/airflow/.local/lib/python3.12/site-packages/airflow/example_dags/example_params_trigger_ui.py
[2025-01-27T00:31:09.104+0000] {processor.py:925} INFO - DAG(s) 'example_params_trigger_ui' retrieved from /home/airflow/.local/lib/python3.12/site-packages/airflow/example_dags/example_params_trigger_ui.py
[2025-01-27T00:31:09.161+0000] {logging_mixin.py:190} INFO - [2025-01-27T00:31:09.161+0000] {dag.py:3239} INFO - Sync 1 DAGs
[2025-01-27T00:31:09.176+0000] {logging_mixin.py:190} INFO - [2025-01-27T00:31:09.176+0000] {dag.py:4180} INFO - Setting next_dagrun for example_params_trigger_ui to None, run_after=None
[2025-01-27T00:31:09.195+0000] {processor.py:208} INFO - Processing /home/airflow/.local/lib/python3.12/site-packages/airflow/example_dags/example_params_trigger_ui.py took 0.112 seconds
[2025-01-27T00:31:39.806+0000] {processor.py:186} INFO - Started process (PID=870) to work on /home/airflow/.local/lib/python3.12/site-packages/airflow/example_dags/example_params_trigger_ui.py
[2025-01-27T00:31:39.806+0000] {processor.py:914} INFO - Processing file /home/airflow/.local/lib/python3.12/site-packages/airflow/example_dags/example_params_trigger_ui.py for tasks to queue
[2025-01-27T00:31:39.808+0000] {logging_mixin.py:190} INFO - [2025-01-27T00:31:39.808+0000] {dagbag.py:588} INFO - Filling up the DagBag from /home/airflow/.local/lib/python3.12/site-packages/airflow/example_dags/example_params_trigger_ui.py
[2025-01-27T00:31:39.819+0000] {processor.py:925} INFO - DAG(s) 'example_params_trigger_ui' retrieved from /home/airflow/.local/lib/python3.12/site-packages/airflow/example_dags/example_params_trigger_ui.py
[2025-01-27T00:31:39.868+0000] {logging_mixin.py:190} INFO - [2025-01-27T00:31:39.867+0000] {dag.py:3239} INFO - Sync 1 DAGs
[2025-01-27T00:31:39.886+0000] {logging_mixin.py:190} INFO - [2025-01-27T00:31:39.886+0000] {dag.py:4180} INFO - Setting next_dagrun for example_params_trigger_ui to None, run_after=None
[2025-01-27T00:31:39.906+0000] {processor.py:208} INFO - Processing /home/airflow/.local/lib/python3.12/site-packages/airflow/example_dags/example_params_trigger_ui.py took 0.106 seconds
[2025-01-27T00:32:11.708+0000] {processor.py:186} INFO - Started process (PID=933) to work on /home/airflow/.local/lib/python3.12/site-packages/airflow/example_dags/example_params_trigger_ui.py
[2025-01-27T00:32:11.710+0000] {processor.py:914} INFO - Processing file /home/airflow/.local/lib/python3.12/site-packages/airflow/example_dags/example_params_trigger_ui.py for tasks to queue
[2025-01-27T00:32:11.712+0000] {logging_mixin.py:190} INFO - [2025-01-27T00:32:11.712+0000] {dagbag.py:588} INFO - Filling up the DagBag from /home/airflow/.local/lib/python3.12/site-packages/airflow/example_dags/example_params_trigger_ui.py
[2025-01-27T00:32:11.723+0000] {processor.py:925} INFO - DAG(s) 'example_params_trigger_ui' retrieved from /home/airflow/.local/lib/python3.12/site-packages/airflow/example_dags/example_params_trigger_ui.py
[2025-01-27T00:32:11.778+0000] {logging_mixin.py:190} INFO - [2025-01-27T00:32:11.778+0000] {dag.py:3239} INFO - Sync 1 DAGs
[2025-01-27T00:32:11.796+0000] {logging_mixin.py:190} INFO - [2025-01-27T00:32:11.795+0000] {dag.py:4180} INFO - Setting next_dagrun for example_params_trigger_ui to None, run_after=None
[2025-01-27T00:32:11.820+0000] {processor.py:208} INFO - Processing /home/airflow/.local/lib/python3.12/site-packages/airflow/example_dags/example_params_trigger_ui.py took 0.118 seconds
[2025-01-27T00:32:42.430+0000] {processor.py:186} INFO - Started process (PID=996) to work on /home/airflow/.local/lib/python3.12/site-packages/airflow/example_dags/example_params_trigger_ui.py
[2025-01-27T00:32:42.431+0000] {processor.py:914} INFO - Processing file /home/airflow/.local/lib/python3.12/site-packages/airflow/example_dags/example_params_trigger_ui.py for tasks to queue
[2025-01-27T00:32:42.434+0000] {logging_mixin.py:190} INFO - [2025-01-27T00:32:42.433+0000] {dagbag.py:588} INFO - Filling up the DagBag from /home/airflow/.local/lib/python3.12/site-packages/airflow/example_dags/example_params_trigger_ui.py
[2025-01-27T00:32:42.444+0000] {processor.py:925} INFO - DAG(s) 'example_params_trigger_ui' retrieved from /home/airflow/.local/lib/python3.12/site-packages/airflow/example_dags/example_params_trigger_ui.py
[2025-01-27T00:32:42.491+0000] {logging_mixin.py:190} INFO - [2025-01-27T00:32:42.490+0000] {dag.py:3239} INFO - Sync 1 DAGs
[2025-01-27T00:32:42.505+0000] {logging_mixin.py:190} INFO - [2025-01-27T00:32:42.505+0000] {dag.py:4180} INFO - Setting next_dagrun for example_params_trigger_ui to None, run_after=None
[2025-01-27T00:32:42.524+0000] {processor.py:208} INFO - Processing /home/airflow/.local/lib/python3.12/site-packages/airflow/example_dags/example_params_trigger_ui.py took 0.099 seconds
[2025-01-27T00:33:13.920+0000] {processor.py:186} INFO - Started process (PID=1059) to work on /home/airflow/.local/lib/python3.12/site-packages/airflow/example_dags/example_params_trigger_ui.py
[2025-01-27T00:33:13.921+0000] {processor.py:914} INFO - Processing file /home/airflow/.local/lib/python3.12/site-packages/airflow/example_dags/example_params_trigger_ui.py for tasks to queue
[2025-01-27T00:33:13.923+0000] {logging_mixin.py:190} INFO - [2025-01-27T00:33:13.923+0000] {dagbag.py:588} INFO - Filling up the DagBag from /home/airflow/.local/lib/python3.12/site-packages/airflow/example_dags/example_params_trigger_ui.py
[2025-01-27T00:33:13.934+0000] {processor.py:925} INFO - DAG(s) 'example_params_trigger_ui' retrieved from /home/airflow/.local/lib/python3.12/site-packages/airflow/example_dags/example_params_trigger_ui.py
[2025-01-27T00:33:13.985+0000] {logging_mixin.py:190} INFO - [2025-01-27T00:33:13.984+0000] {dag.py:3239} INFO - Sync 1 DAGs
[2025-01-27T00:33:14.000+0000] {logging_mixin.py:190} INFO - [2025-01-27T00:33:14.000+0000] {dag.py:4180} INFO - Setting next_dagrun for example_params_trigger_ui to None, run_after=None
[2025-01-27T00:33:14.020+0000] {processor.py:208} INFO - Processing /home/airflow/.local/lib/python3.12/site-packages/airflow/example_dags/example_params_trigger_ui.py took 0.107 seconds
[2025-01-27T00:33:44.990+0000] {processor.py:186} INFO - Started process (PID=1122) to work on /home/airflow/.local/lib/python3.12/site-packages/airflow/example_dags/example_params_trigger_ui.py
[2025-01-27T00:33:44.991+0000] {processor.py:914} INFO - Processing file /home/airflow/.local/lib/python3.12/site-packages/airflow/example_dags/example_params_trigger_ui.py for tasks to queue
[2025-01-27T00:33:44.994+0000] {logging_mixin.py:190} INFO - [2025-01-27T00:33:44.993+0000] {dagbag.py:588} INFO - Filling up the DagBag from /home/airflow/.local/lib/python3.12/site-packages/airflow/example_dags/example_params_trigger_ui.py
[2025-01-27T00:33:45.007+0000] {processor.py:925} INFO - DAG(s) 'example_params_trigger_ui' retrieved from /home/airflow/.local/lib/python3.12/site-packages/airflow/example_dags/example_params_trigger_ui.py
[2025-01-27T00:33:45.059+0000] {logging_mixin.py:190} INFO - [2025-01-27T00:33:45.058+0000] {dag.py:3239} INFO - Sync 1 DAGs
[2025-01-27T00:33:45.078+0000] {logging_mixin.py:190} INFO - [2025-01-27T00:33:45.077+0000] {dag.py:4180} INFO - Setting next_dagrun for example_params_trigger_ui to None, run_after=None
[2025-01-27T00:33:45.103+0000] {processor.py:208} INFO - Processing /home/airflow/.local/lib/python3.12/site-packages/airflow/example_dags/example_params_trigger_ui.py took 0.119 seconds
[2025-01-27T00:34:16.840+0000] {processor.py:186} INFO - Started process (PID=1185) to work on /home/airflow/.local/lib/python3.12/site-packages/airflow/example_dags/example_params_trigger_ui.py
[2025-01-27T00:34:16.841+0000] {processor.py:914} INFO - Processing file /home/airflow/.local/lib/python3.12/site-packages/airflow/example_dags/example_params_trigger_ui.py for tasks to queue
[2025-01-27T00:34:16.844+0000] {logging_mixin.py:190} INFO - [2025-01-27T00:34:16.843+0000] {dagbag.py:588} INFO - Filling up the DagBag from /home/airflow/.local/lib/python3.12/site-packages/airflow/example_dags/example_params_trigger_ui.py
[2025-01-27T00:34:16.856+0000] {processor.py:925} INFO - DAG(s) 'example_params_trigger_ui' retrieved from /home/airflow/.local/lib/python3.12/site-packages/airflow/example_dags/example_params_trigger_ui.py
[2025-01-27T00:34:16.930+0000] {logging_mixin.py:190} INFO - [2025-01-27T00:34:16.929+0000] {dag.py:3239} INFO - Sync 1 DAGs
[2025-01-27T00:34:16.947+0000] {logging_mixin.py:190} INFO - [2025-01-27T00:34:16.946+0000] {dag.py:4180} INFO - Setting next_dagrun for example_params_trigger_ui to None, run_after=None
[2025-01-27T00:34:16.972+0000] {processor.py:208} INFO - Processing /home/airflow/.local/lib/python3.12/site-packages/airflow/example_dags/example_params_trigger_ui.py took 0.138 seconds
