[2025-01-27T00:25:30.908+0000] {processor.py:186} INFO - Started process (PID=118) to work on /home/airflow/.local/lib/python3.12/site-packages/airflow/example_dags/example_dataset_alias_with_no_taskflow.py
[2025-01-27T00:25:30.911+0000] {processor.py:914} INFO - Processing file /home/airflow/.local/lib/python3.12/site-packages/airflow/example_dags/example_dataset_alias_with_no_taskflow.py for tasks to queue
[2025-01-27T00:25:30.915+0000] {logging_mixin.py:190} INFO - [2025-01-27T00:25:30.915+0000] {dagbag.py:588} INFO - Filling up the DagBag from /home/airflow/.local/lib/python3.12/site-packages/airflow/example_dags/example_dataset_alias_with_no_taskflow.py
[2025-01-27T00:25:31.713+0000] {processor.py:925} INFO - DAG(s) 'dataset_s3_bucket_consumer_with_no_taskflow', 'dataset_alias_example_alias_producer_with_no_taskflow', 'dataset_alias_example_alias_consumer_with_no_taskflow', 'dataset_s3_bucket_producer_with_no_taskflow' retrieved from /home/airflow/.local/lib/python3.12/site-packages/airflow/example_dags/example_dataset_alias_with_no_taskflow.py
[2025-01-27T00:25:31.844+0000] {logging_mixin.py:190} INFO - [2025-01-27T00:25:31.843+0000] {override.py:1911} INFO - Created Permission View: can read on DAG:dataset_s3_bucket_consumer_with_no_taskflow
[2025-01-27T00:25:31.860+0000] {logging_mixin.py:190} INFO - [2025-01-27T00:25:31.860+0000] {override.py:1911} INFO - Created Permission View: can edit on DAG:dataset_s3_bucket_consumer_with_no_taskflow
[2025-01-27T00:25:31.871+0000] {logging_mixin.py:190} INFO - [2025-01-27T00:25:31.871+0000] {override.py:1911} INFO - Created Permission View: can delete on DAG:dataset_s3_bucket_consumer_with_no_taskflow
[2025-01-27T00:25:31.884+0000] {logging_mixin.py:190} INFO - [2025-01-27T00:25:31.884+0000] {override.py:1911} INFO - Created Permission View: can delete on DAG Run:dataset_s3_bucket_consumer_with_no_taskflow
[2025-01-27T00:25:31.894+0000] {logging_mixin.py:190} INFO - [2025-01-27T00:25:31.894+0000] {override.py:1911} INFO - Created Permission View: menu access on DAG Run:dataset_s3_bucket_consumer_with_no_taskflow
[2025-01-27T00:25:31.903+0000] {logging_mixin.py:190} INFO - [2025-01-27T00:25:31.903+0000] {override.py:1911} INFO - Created Permission View: can read on DAG Run:dataset_s3_bucket_consumer_with_no_taskflow
[2025-01-27T00:25:31.913+0000] {logging_mixin.py:190} INFO - [2025-01-27T00:25:31.912+0000] {override.py:1911} INFO - Created Permission View: can create on DAG Run:dataset_s3_bucket_consumer_with_no_taskflow
[2025-01-27T00:25:31.936+0000] {logging_mixin.py:190} INFO - [2025-01-27T00:25:31.936+0000] {override.py:1911} INFO - Created Permission View: can read on DAG:dataset_alias_example_alias_producer_with_no_taskflow
[2025-01-27T00:25:31.946+0000] {logging_mixin.py:190} INFO - [2025-01-27T00:25:31.946+0000] {override.py:1911} INFO - Created Permission View: can edit on DAG:dataset_alias_example_alias_producer_with_no_taskflow
[2025-01-27T00:25:31.956+0000] {logging_mixin.py:190} INFO - [2025-01-27T00:25:31.956+0000] {override.py:1911} INFO - Created Permission View: can delete on DAG:dataset_alias_example_alias_producer_with_no_taskflow
[2025-01-27T00:25:31.971+0000] {logging_mixin.py:190} INFO - [2025-01-27T00:25:31.971+0000] {override.py:1911} INFO - Created Permission View: can delete on DAG Run:dataset_alias_example_alias_producer_with_no_taskflow
[2025-01-27T00:25:31.983+0000] {logging_mixin.py:190} INFO - [2025-01-27T00:25:31.982+0000] {override.py:1911} INFO - Created Permission View: menu access on DAG Run:dataset_alias_example_alias_producer_with_no_taskflow
[2025-01-27T00:25:31.993+0000] {logging_mixin.py:190} INFO - [2025-01-27T00:25:31.992+0000] {override.py:1911} INFO - Created Permission View: can read on DAG Run:dataset_alias_example_alias_producer_with_no_taskflow
[2025-01-27T00:25:32.003+0000] {logging_mixin.py:190} INFO - [2025-01-27T00:25:32.003+0000] {override.py:1911} INFO - Created Permission View: can create on DAG Run:dataset_alias_example_alias_producer_with_no_taskflow
[2025-01-27T00:25:32.025+0000] {logging_mixin.py:190} INFO - [2025-01-27T00:25:32.024+0000] {override.py:1911} INFO - Created Permission View: can read on DAG:dataset_alias_example_alias_consumer_with_no_taskflow
[2025-01-27T00:25:32.037+0000] {logging_mixin.py:190} INFO - [2025-01-27T00:25:32.037+0000] {override.py:1911} INFO - Created Permission View: can edit on DAG:dataset_alias_example_alias_consumer_with_no_taskflow
[2025-01-27T00:25:32.049+0000] {logging_mixin.py:190} INFO - [2025-01-27T00:25:32.048+0000] {override.py:1911} INFO - Created Permission View: can delete on DAG:dataset_alias_example_alias_consumer_with_no_taskflow
[2025-01-27T00:25:32.062+0000] {logging_mixin.py:190} INFO - [2025-01-27T00:25:32.062+0000] {override.py:1911} INFO - Created Permission View: can delete on DAG Run:dataset_alias_example_alias_consumer_with_no_taskflow
[2025-01-27T00:25:32.078+0000] {logging_mixin.py:190} INFO - [2025-01-27T00:25:32.078+0000] {override.py:1911} INFO - Created Permission View: menu access on DAG Run:dataset_alias_example_alias_consumer_with_no_taskflow
[2025-01-27T00:25:32.092+0000] {logging_mixin.py:190} INFO - [2025-01-27T00:25:32.091+0000] {override.py:1911} INFO - Created Permission View: can read on DAG Run:dataset_alias_example_alias_consumer_with_no_taskflow
[2025-01-27T00:25:32.104+0000] {logging_mixin.py:190} INFO - [2025-01-27T00:25:32.103+0000] {override.py:1911} INFO - Created Permission View: can create on DAG Run:dataset_alias_example_alias_consumer_with_no_taskflow
[2025-01-27T00:25:32.126+0000] {logging_mixin.py:190} INFO - [2025-01-27T00:25:32.125+0000] {override.py:1911} INFO - Created Permission View: can read on DAG:dataset_s3_bucket_producer_with_no_taskflow
[2025-01-27T00:25:32.135+0000] {logging_mixin.py:190} INFO - [2025-01-27T00:25:32.135+0000] {override.py:1911} INFO - Created Permission View: can edit on DAG:dataset_s3_bucket_producer_with_no_taskflow
[2025-01-27T00:25:32.146+0000] {logging_mixin.py:190} INFO - [2025-01-27T00:25:32.146+0000] {override.py:1911} INFO - Created Permission View: can delete on DAG:dataset_s3_bucket_producer_with_no_taskflow
[2025-01-27T00:25:32.159+0000] {logging_mixin.py:190} INFO - [2025-01-27T00:25:32.158+0000] {override.py:1911} INFO - Created Permission View: can delete on DAG Run:dataset_s3_bucket_producer_with_no_taskflow
[2025-01-27T00:25:32.169+0000] {logging_mixin.py:190} INFO - [2025-01-27T00:25:32.168+0000] {override.py:1911} INFO - Created Permission View: menu access on DAG Run:dataset_s3_bucket_producer_with_no_taskflow
[2025-01-27T00:25:32.179+0000] {logging_mixin.py:190} INFO - [2025-01-27T00:25:32.179+0000] {override.py:1911} INFO - Created Permission View: can read on DAG Run:dataset_s3_bucket_producer_with_no_taskflow
[2025-01-27T00:25:32.189+0000] {logging_mixin.py:190} INFO - [2025-01-27T00:25:32.189+0000] {override.py:1911} INFO - Created Permission View: can create on DAG Run:dataset_s3_bucket_producer_with_no_taskflow
[2025-01-27T00:25:32.191+0000] {logging_mixin.py:190} INFO - [2025-01-27T00:25:32.190+0000] {dag.py:3239} INFO - Sync 4 DAGs
[2025-01-27T00:25:32.209+0000] {logging_mixin.py:190} INFO - [2025-01-27T00:25:32.208+0000] {dag.py:3262} INFO - Creating ORM DAG for dataset_s3_bucket_consumer_with_no_taskflow
[2025-01-27T00:25:32.210+0000] {logging_mixin.py:190} INFO - [2025-01-27T00:25:32.210+0000] {dag.py:3262} INFO - Creating ORM DAG for dataset_alias_example_alias_producer_with_no_taskflow
[2025-01-27T00:25:32.211+0000] {logging_mixin.py:190} INFO - [2025-01-27T00:25:32.210+0000] {dag.py:3262} INFO - Creating ORM DAG for dataset_alias_example_alias_consumer_with_no_taskflow
[2025-01-27T00:25:32.212+0000] {logging_mixin.py:190} INFO - [2025-01-27T00:25:32.211+0000] {dag.py:3262} INFO - Creating ORM DAG for dataset_s3_bucket_producer_with_no_taskflow
[2025-01-27T00:25:32.226+0000] {logging_mixin.py:190} INFO - [2025-01-27T00:25:32.225+0000] {dag.py:4180} INFO - Setting next_dagrun for dataset_alias_example_alias_consumer_with_no_taskflow to None, run_after=None
[2025-01-27T00:25:32.227+0000] {logging_mixin.py:190} INFO - [2025-01-27T00:25:32.227+0000] {dag.py:4180} INFO - Setting next_dagrun for dataset_alias_example_alias_producer_with_no_taskflow to None, run_after=None
[2025-01-27T00:25:32.228+0000] {logging_mixin.py:190} INFO - [2025-01-27T00:25:32.228+0000] {dag.py:4180} INFO - Setting next_dagrun for dataset_s3_bucket_consumer_with_no_taskflow to None, run_after=None
[2025-01-27T00:25:32.229+0000] {logging_mixin.py:190} INFO - [2025-01-27T00:25:32.229+0000] {dag.py:4180} INFO - Setting next_dagrun for dataset_s3_bucket_producer_with_no_taskflow to None, run_after=None
[2025-01-27T00:25:32.271+0000] {processor.py:208} INFO - Processing /home/airflow/.local/lib/python3.12/site-packages/airflow/example_dags/example_dataset_alias_with_no_taskflow.py took 1.374 seconds
[2025-01-27T00:26:02.540+0000] {processor.py:186} INFO - Started process (PID=181) to work on /home/airflow/.local/lib/python3.12/site-packages/airflow/example_dags/example_dataset_alias_with_no_taskflow.py
[2025-01-27T00:26:02.541+0000] {processor.py:914} INFO - Processing file /home/airflow/.local/lib/python3.12/site-packages/airflow/example_dags/example_dataset_alias_with_no_taskflow.py for tasks to queue
[2025-01-27T00:26:02.544+0000] {logging_mixin.py:190} INFO - [2025-01-27T00:26:02.543+0000] {dagbag.py:588} INFO - Filling up the DagBag from /home/airflow/.local/lib/python3.12/site-packages/airflow/example_dags/example_dataset_alias_with_no_taskflow.py
[2025-01-27T00:26:03.200+0000] {processor.py:925} INFO - DAG(s) 'dataset_alias_example_alias_consumer_with_no_taskflow', 'dataset_s3_bucket_consumer_with_no_taskflow', 'dataset_s3_bucket_producer_with_no_taskflow', 'dataset_alias_example_alias_producer_with_no_taskflow' retrieved from /home/airflow/.local/lib/python3.12/site-packages/airflow/example_dags/example_dataset_alias_with_no_taskflow.py
[2025-01-27T00:26:03.225+0000] {logging_mixin.py:190} INFO - [2025-01-27T00:26:03.225+0000] {dag.py:3239} INFO - Sync 4 DAGs
[2025-01-27T00:26:03.249+0000] {logging_mixin.py:190} INFO - [2025-01-27T00:26:03.249+0000] {dag.py:4180} INFO - Setting next_dagrun for dataset_alias_example_alias_consumer_with_no_taskflow to None, run_after=None
[2025-01-27T00:26:03.252+0000] {logging_mixin.py:190} INFO - [2025-01-27T00:26:03.252+0000] {dag.py:4180} INFO - Setting next_dagrun for dataset_alias_example_alias_producer_with_no_taskflow to None, run_after=None
[2025-01-27T00:26:03.254+0000] {logging_mixin.py:190} INFO - [2025-01-27T00:26:03.254+0000] {dag.py:4180} INFO - Setting next_dagrun for dataset_s3_bucket_consumer_with_no_taskflow to None, run_after=None
[2025-01-27T00:26:03.255+0000] {logging_mixin.py:190} INFO - [2025-01-27T00:26:03.255+0000] {dag.py:4180} INFO - Setting next_dagrun for dataset_s3_bucket_producer_with_no_taskflow to None, run_after=None
[2025-01-27T00:26:03.278+0000] {processor.py:208} INFO - Processing /home/airflow/.local/lib/python3.12/site-packages/airflow/example_dags/example_dataset_alias_with_no_taskflow.py took 0.743 seconds
[2025-01-27T00:26:33.967+0000] {processor.py:186} INFO - Started process (PID=250) to work on /home/airflow/.local/lib/python3.12/site-packages/airflow/example_dags/example_dataset_alias_with_no_taskflow.py
[2025-01-27T00:26:33.968+0000] {processor.py:914} INFO - Processing file /home/airflow/.local/lib/python3.12/site-packages/airflow/example_dags/example_dataset_alias_with_no_taskflow.py for tasks to queue
[2025-01-27T00:26:33.970+0000] {logging_mixin.py:190} INFO - [2025-01-27T00:26:33.970+0000] {dagbag.py:588} INFO - Filling up the DagBag from /home/airflow/.local/lib/python3.12/site-packages/airflow/example_dags/example_dataset_alias_with_no_taskflow.py
[2025-01-27T00:26:34.586+0000] {processor.py:925} INFO - DAG(s) 'dataset_s3_bucket_producer_with_no_taskflow', 'dataset_alias_example_alias_producer_with_no_taskflow', 'dataset_alias_example_alias_consumer_with_no_taskflow', 'dataset_s3_bucket_consumer_with_no_taskflow' retrieved from /home/airflow/.local/lib/python3.12/site-packages/airflow/example_dags/example_dataset_alias_with_no_taskflow.py
[2025-01-27T00:26:34.606+0000] {logging_mixin.py:190} INFO - [2025-01-27T00:26:34.606+0000] {dag.py:3239} INFO - Sync 4 DAGs
[2025-01-27T00:26:34.631+0000] {logging_mixin.py:190} INFO - [2025-01-27T00:26:34.631+0000] {dag.py:4180} INFO - Setting next_dagrun for dataset_alias_example_alias_consumer_with_no_taskflow to None, run_after=None
[2025-01-27T00:26:34.634+0000] {logging_mixin.py:190} INFO - [2025-01-27T00:26:34.633+0000] {dag.py:4180} INFO - Setting next_dagrun for dataset_alias_example_alias_producer_with_no_taskflow to None, run_after=None
[2025-01-27T00:26:34.635+0000] {logging_mixin.py:190} INFO - [2025-01-27T00:26:34.635+0000] {dag.py:4180} INFO - Setting next_dagrun for dataset_s3_bucket_consumer_with_no_taskflow to None, run_after=None
[2025-01-27T00:26:34.636+0000] {logging_mixin.py:190} INFO - [2025-01-27T00:26:34.636+0000] {dag.py:4180} INFO - Setting next_dagrun for dataset_s3_bucket_producer_with_no_taskflow to None, run_after=None
[2025-01-27T00:26:34.658+0000] {processor.py:208} INFO - Processing /home/airflow/.local/lib/python3.12/site-packages/airflow/example_dags/example_dataset_alias_with_no_taskflow.py took 0.697 seconds
[2025-01-27T00:27:04.901+0000] {processor.py:186} INFO - Started process (PID=313) to work on /home/airflow/.local/lib/python3.12/site-packages/airflow/example_dags/example_dataset_alias_with_no_taskflow.py
[2025-01-27T00:27:04.902+0000] {processor.py:914} INFO - Processing file /home/airflow/.local/lib/python3.12/site-packages/airflow/example_dags/example_dataset_alias_with_no_taskflow.py for tasks to queue
[2025-01-27T00:27:04.905+0000] {logging_mixin.py:190} INFO - [2025-01-27T00:27:04.905+0000] {dagbag.py:588} INFO - Filling up the DagBag from /home/airflow/.local/lib/python3.12/site-packages/airflow/example_dags/example_dataset_alias_with_no_taskflow.py
[2025-01-27T00:27:05.567+0000] {processor.py:925} INFO - DAG(s) 'dataset_alias_example_alias_producer_with_no_taskflow', 'dataset_alias_example_alias_consumer_with_no_taskflow', 'dataset_s3_bucket_consumer_with_no_taskflow', 'dataset_s3_bucket_producer_with_no_taskflow' retrieved from /home/airflow/.local/lib/python3.12/site-packages/airflow/example_dags/example_dataset_alias_with_no_taskflow.py
[2025-01-27T00:27:05.590+0000] {logging_mixin.py:190} INFO - [2025-01-27T00:27:05.589+0000] {dag.py:3239} INFO - Sync 4 DAGs
[2025-01-27T00:27:05.614+0000] {logging_mixin.py:190} INFO - [2025-01-27T00:27:05.614+0000] {dag.py:4180} INFO - Setting next_dagrun for dataset_alias_example_alias_consumer_with_no_taskflow to None, run_after=None
[2025-01-27T00:27:05.617+0000] {logging_mixin.py:190} INFO - [2025-01-27T00:27:05.617+0000] {dag.py:4180} INFO - Setting next_dagrun for dataset_alias_example_alias_producer_with_no_taskflow to None, run_after=None
[2025-01-27T00:27:05.619+0000] {logging_mixin.py:190} INFO - [2025-01-27T00:27:05.619+0000] {dag.py:4180} INFO - Setting next_dagrun for dataset_s3_bucket_consumer_with_no_taskflow to None, run_after=None
[2025-01-27T00:27:05.621+0000] {logging_mixin.py:190} INFO - [2025-01-27T00:27:05.621+0000] {dag.py:4180} INFO - Setting next_dagrun for dataset_s3_bucket_producer_with_no_taskflow to None, run_after=None
[2025-01-27T00:27:05.653+0000] {processor.py:208} INFO - Processing /home/airflow/.local/lib/python3.12/site-packages/airflow/example_dags/example_dataset_alias_with_no_taskflow.py took 0.758 seconds
[2025-01-27T00:27:35.941+0000] {processor.py:186} INFO - Started process (PID=382) to work on /home/airflow/.local/lib/python3.12/site-packages/airflow/example_dags/example_dataset_alias_with_no_taskflow.py
[2025-01-27T00:27:35.943+0000] {processor.py:914} INFO - Processing file /home/airflow/.local/lib/python3.12/site-packages/airflow/example_dags/example_dataset_alias_with_no_taskflow.py for tasks to queue
[2025-01-27T00:27:35.952+0000] {logging_mixin.py:190} INFO - [2025-01-27T00:27:35.950+0000] {dagbag.py:588} INFO - Filling up the DagBag from /home/airflow/.local/lib/python3.12/site-packages/airflow/example_dags/example_dataset_alias_with_no_taskflow.py
[2025-01-27T00:27:36.659+0000] {processor.py:925} INFO - DAG(s) 'dataset_alias_example_alias_producer_with_no_taskflow', 'dataset_alias_example_alias_consumer_with_no_taskflow', 'dataset_s3_bucket_consumer_with_no_taskflow', 'dataset_s3_bucket_producer_with_no_taskflow' retrieved from /home/airflow/.local/lib/python3.12/site-packages/airflow/example_dags/example_dataset_alias_with_no_taskflow.py
[2025-01-27T00:27:36.696+0000] {logging_mixin.py:190} INFO - [2025-01-27T00:27:36.695+0000] {dag.py:3239} INFO - Sync 4 DAGs
[2025-01-27T00:27:36.730+0000] {logging_mixin.py:190} INFO - [2025-01-27T00:27:36.730+0000] {dag.py:4180} INFO - Setting next_dagrun for dataset_alias_example_alias_consumer_with_no_taskflow to None, run_after=None
[2025-01-27T00:27:36.734+0000] {logging_mixin.py:190} INFO - [2025-01-27T00:27:36.734+0000] {dag.py:4180} INFO - Setting next_dagrun for dataset_alias_example_alias_producer_with_no_taskflow to None, run_after=None
[2025-01-27T00:27:36.737+0000] {logging_mixin.py:190} INFO - [2025-01-27T00:27:36.736+0000] {dag.py:4180} INFO - Setting next_dagrun for dataset_s3_bucket_consumer_with_no_taskflow to None, run_after=None
[2025-01-27T00:27:36.739+0000] {logging_mixin.py:190} INFO - [2025-01-27T00:27:36.739+0000] {dag.py:4180} INFO - Setting next_dagrun for dataset_s3_bucket_producer_with_no_taskflow to None, run_after=None
[2025-01-27T00:27:36.769+0000] {processor.py:208} INFO - Processing /home/airflow/.local/lib/python3.12/site-packages/airflow/example_dags/example_dataset_alias_with_no_taskflow.py took 0.842 seconds
[2025-01-27T00:28:07.364+0000] {processor.py:186} INFO - Started process (PID=446) to work on /home/airflow/.local/lib/python3.12/site-packages/airflow/example_dags/example_dataset_alias_with_no_taskflow.py
[2025-01-27T00:28:07.365+0000] {processor.py:914} INFO - Processing file /home/airflow/.local/lib/python3.12/site-packages/airflow/example_dags/example_dataset_alias_with_no_taskflow.py for tasks to queue
[2025-01-27T00:28:07.368+0000] {logging_mixin.py:190} INFO - [2025-01-27T00:28:07.368+0000] {dagbag.py:588} INFO - Filling up the DagBag from /home/airflow/.local/lib/python3.12/site-packages/airflow/example_dags/example_dataset_alias_with_no_taskflow.py
[2025-01-27T00:28:07.984+0000] {processor.py:925} INFO - DAG(s) 'dataset_alias_example_alias_consumer_with_no_taskflow', 'dataset_alias_example_alias_producer_with_no_taskflow', 'dataset_s3_bucket_consumer_with_no_taskflow', 'dataset_s3_bucket_producer_with_no_taskflow' retrieved from /home/airflow/.local/lib/python3.12/site-packages/airflow/example_dags/example_dataset_alias_with_no_taskflow.py
[2025-01-27T00:28:08.009+0000] {logging_mixin.py:190} INFO - [2025-01-27T00:28:08.009+0000] {dag.py:3239} INFO - Sync 4 DAGs
[2025-01-27T00:28:08.033+0000] {logging_mixin.py:190} INFO - [2025-01-27T00:28:08.033+0000] {dag.py:4180} INFO - Setting next_dagrun for dataset_alias_example_alias_consumer_with_no_taskflow to None, run_after=None
[2025-01-27T00:28:08.035+0000] {logging_mixin.py:190} INFO - [2025-01-27T00:28:08.035+0000] {dag.py:4180} INFO - Setting next_dagrun for dataset_alias_example_alias_producer_with_no_taskflow to None, run_after=None
[2025-01-27T00:28:08.037+0000] {logging_mixin.py:190} INFO - [2025-01-27T00:28:08.037+0000] {dag.py:4180} INFO - Setting next_dagrun for dataset_s3_bucket_consumer_with_no_taskflow to None, run_after=None
[2025-01-27T00:28:08.038+0000] {logging_mixin.py:190} INFO - [2025-01-27T00:28:08.038+0000] {dag.py:4180} INFO - Setting next_dagrun for dataset_s3_bucket_producer_with_no_taskflow to None, run_after=None
[2025-01-27T00:28:08.063+0000] {processor.py:208} INFO - Processing /home/airflow/.local/lib/python3.12/site-packages/airflow/example_dags/example_dataset_alias_with_no_taskflow.py took 0.705 seconds
[2025-01-27T00:28:38.731+0000] {processor.py:186} INFO - Started process (PID=509) to work on /home/airflow/.local/lib/python3.12/site-packages/airflow/example_dags/example_dataset_alias_with_no_taskflow.py
[2025-01-27T00:28:38.732+0000] {processor.py:914} INFO - Processing file /home/airflow/.local/lib/python3.12/site-packages/airflow/example_dags/example_dataset_alias_with_no_taskflow.py for tasks to queue
[2025-01-27T00:28:38.734+0000] {logging_mixin.py:190} INFO - [2025-01-27T00:28:38.734+0000] {dagbag.py:588} INFO - Filling up the DagBag from /home/airflow/.local/lib/python3.12/site-packages/airflow/example_dags/example_dataset_alias_with_no_taskflow.py
[2025-01-27T00:28:39.319+0000] {processor.py:925} INFO - DAG(s) 'dataset_alias_example_alias_consumer_with_no_taskflow', 'dataset_alias_example_alias_producer_with_no_taskflow', 'dataset_s3_bucket_producer_with_no_taskflow', 'dataset_s3_bucket_consumer_with_no_taskflow' retrieved from /home/airflow/.local/lib/python3.12/site-packages/airflow/example_dags/example_dataset_alias_with_no_taskflow.py
[2025-01-27T00:28:39.340+0000] {logging_mixin.py:190} INFO - [2025-01-27T00:28:39.339+0000] {dag.py:3239} INFO - Sync 4 DAGs
[2025-01-27T00:28:39.363+0000] {logging_mixin.py:190} INFO - [2025-01-27T00:28:39.363+0000] {dag.py:4180} INFO - Setting next_dagrun for dataset_alias_example_alias_consumer_with_no_taskflow to None, run_after=None
[2025-01-27T00:28:39.366+0000] {logging_mixin.py:190} INFO - [2025-01-27T00:28:39.366+0000] {dag.py:4180} INFO - Setting next_dagrun for dataset_alias_example_alias_producer_with_no_taskflow to None, run_after=None
[2025-01-27T00:28:39.368+0000] {logging_mixin.py:190} INFO - [2025-01-27T00:28:39.368+0000] {dag.py:4180} INFO - Setting next_dagrun for dataset_s3_bucket_consumer_with_no_taskflow to None, run_after=None
[2025-01-27T00:28:39.369+0000] {logging_mixin.py:190} INFO - [2025-01-27T00:28:39.369+0000] {dag.py:4180} INFO - Setting next_dagrun for dataset_s3_bucket_producer_with_no_taskflow to None, run_after=None
[2025-01-27T00:28:39.393+0000] {processor.py:208} INFO - Processing /home/airflow/.local/lib/python3.12/site-packages/airflow/example_dags/example_dataset_alias_with_no_taskflow.py took 0.668 seconds
[2025-01-27T00:29:09.599+0000] {processor.py:186} INFO - Started process (PID=572) to work on /home/airflow/.local/lib/python3.12/site-packages/airflow/example_dags/example_dataset_alias_with_no_taskflow.py
[2025-01-27T00:29:09.600+0000] {processor.py:914} INFO - Processing file /home/airflow/.local/lib/python3.12/site-packages/airflow/example_dags/example_dataset_alias_with_no_taskflow.py for tasks to queue
[2025-01-27T00:29:09.603+0000] {logging_mixin.py:190} INFO - [2025-01-27T00:29:09.602+0000] {dagbag.py:588} INFO - Filling up the DagBag from /home/airflow/.local/lib/python3.12/site-packages/airflow/example_dags/example_dataset_alias_with_no_taskflow.py
[2025-01-27T00:29:10.322+0000] {processor.py:925} INFO - DAG(s) 'dataset_alias_example_alias_producer_with_no_taskflow', 'dataset_alias_example_alias_consumer_with_no_taskflow', 'dataset_s3_bucket_producer_with_no_taskflow', 'dataset_s3_bucket_consumer_with_no_taskflow' retrieved from /home/airflow/.local/lib/python3.12/site-packages/airflow/example_dags/example_dataset_alias_with_no_taskflow.py
[2025-01-27T00:29:10.372+0000] {logging_mixin.py:190} INFO - [2025-01-27T00:29:10.367+0000] {dag.py:3239} INFO - Sync 4 DAGs
[2025-01-27T00:29:10.418+0000] {logging_mixin.py:190} INFO - [2025-01-27T00:29:10.418+0000] {dag.py:4180} INFO - Setting next_dagrun for dataset_alias_example_alias_consumer_with_no_taskflow to None, run_after=None
[2025-01-27T00:29:10.422+0000] {logging_mixin.py:190} INFO - [2025-01-27T00:29:10.422+0000] {dag.py:4180} INFO - Setting next_dagrun for dataset_alias_example_alias_producer_with_no_taskflow to None, run_after=None
[2025-01-27T00:29:10.425+0000] {logging_mixin.py:190} INFO - [2025-01-27T00:29:10.425+0000] {dag.py:4180} INFO - Setting next_dagrun for dataset_s3_bucket_consumer_with_no_taskflow to None, run_after=None
[2025-01-27T00:29:10.427+0000] {logging_mixin.py:190} INFO - [2025-01-27T00:29:10.427+0000] {dag.py:4180} INFO - Setting next_dagrun for dataset_s3_bucket_producer_with_no_taskflow to None, run_after=None
[2025-01-27T00:29:10.475+0000] {processor.py:208} INFO - Processing /home/airflow/.local/lib/python3.12/site-packages/airflow/example_dags/example_dataset_alias_with_no_taskflow.py took 0.882 seconds
[2025-01-27T00:29:40.816+0000] {processor.py:186} INFO - Started process (PID=635) to work on /home/airflow/.local/lib/python3.12/site-packages/airflow/example_dags/example_dataset_alias_with_no_taskflow.py
[2025-01-27T00:29:40.817+0000] {processor.py:914} INFO - Processing file /home/airflow/.local/lib/python3.12/site-packages/airflow/example_dags/example_dataset_alias_with_no_taskflow.py for tasks to queue
[2025-01-27T00:29:40.820+0000] {logging_mixin.py:190} INFO - [2025-01-27T00:29:40.819+0000] {dagbag.py:588} INFO - Filling up the DagBag from /home/airflow/.local/lib/python3.12/site-packages/airflow/example_dags/example_dataset_alias_with_no_taskflow.py
[2025-01-27T00:29:41.466+0000] {processor.py:925} INFO - DAG(s) 'dataset_s3_bucket_producer_with_no_taskflow', 'dataset_alias_example_alias_consumer_with_no_taskflow', 'dataset_alias_example_alias_producer_with_no_taskflow', 'dataset_s3_bucket_consumer_with_no_taskflow' retrieved from /home/airflow/.local/lib/python3.12/site-packages/airflow/example_dags/example_dataset_alias_with_no_taskflow.py
[2025-01-27T00:29:41.494+0000] {logging_mixin.py:190} INFO - [2025-01-27T00:29:41.494+0000] {dag.py:3239} INFO - Sync 4 DAGs
[2025-01-27T00:29:41.524+0000] {logging_mixin.py:190} INFO - [2025-01-27T00:29:41.524+0000] {dag.py:4180} INFO - Setting next_dagrun for dataset_alias_example_alias_consumer_with_no_taskflow to None, run_after=None
[2025-01-27T00:29:41.528+0000] {logging_mixin.py:190} INFO - [2025-01-27T00:29:41.527+0000] {dag.py:4180} INFO - Setting next_dagrun for dataset_alias_example_alias_producer_with_no_taskflow to None, run_after=None
[2025-01-27T00:29:41.530+0000] {logging_mixin.py:190} INFO - [2025-01-27T00:29:41.529+0000] {dag.py:4180} INFO - Setting next_dagrun for dataset_s3_bucket_consumer_with_no_taskflow to None, run_after=None
[2025-01-27T00:29:41.532+0000] {logging_mixin.py:190} INFO - [2025-01-27T00:29:41.532+0000] {dag.py:4180} INFO - Setting next_dagrun for dataset_s3_bucket_producer_with_no_taskflow to None, run_after=None
[2025-01-27T00:29:41.564+0000] {processor.py:208} INFO - Processing /home/airflow/.local/lib/python3.12/site-packages/airflow/example_dags/example_dataset_alias_with_no_taskflow.py took 0.753 seconds
[2025-01-27T00:30:11.688+0000] {processor.py:186} INFO - Started process (PID=699) to work on /home/airflow/.local/lib/python3.12/site-packages/airflow/example_dags/example_dataset_alias_with_no_taskflow.py
[2025-01-27T00:30:11.689+0000] {processor.py:914} INFO - Processing file /home/airflow/.local/lib/python3.12/site-packages/airflow/example_dags/example_dataset_alias_with_no_taskflow.py for tasks to queue
[2025-01-27T00:30:11.692+0000] {logging_mixin.py:190} INFO - [2025-01-27T00:30:11.691+0000] {dagbag.py:588} INFO - Filling up the DagBag from /home/airflow/.local/lib/python3.12/site-packages/airflow/example_dags/example_dataset_alias_with_no_taskflow.py
[2025-01-27T00:30:12.363+0000] {processor.py:925} INFO - DAG(s) 'dataset_s3_bucket_producer_with_no_taskflow', 'dataset_s3_bucket_consumer_with_no_taskflow', 'dataset_alias_example_alias_consumer_with_no_taskflow', 'dataset_alias_example_alias_producer_with_no_taskflow' retrieved from /home/airflow/.local/lib/python3.12/site-packages/airflow/example_dags/example_dataset_alias_with_no_taskflow.py
[2025-01-27T00:30:12.391+0000] {logging_mixin.py:190} INFO - [2025-01-27T00:30:12.390+0000] {dag.py:3239} INFO - Sync 4 DAGs
[2025-01-27T00:30:12.433+0000] {logging_mixin.py:190} INFO - [2025-01-27T00:30:12.433+0000] {dag.py:4180} INFO - Setting next_dagrun for dataset_alias_example_alias_consumer_with_no_taskflow to None, run_after=None
[2025-01-27T00:30:12.438+0000] {logging_mixin.py:190} INFO - [2025-01-27T00:30:12.438+0000] {dag.py:4180} INFO - Setting next_dagrun for dataset_alias_example_alias_producer_with_no_taskflow to None, run_after=None
[2025-01-27T00:30:12.442+0000] {logging_mixin.py:190} INFO - [2025-01-27T00:30:12.442+0000] {dag.py:4180} INFO - Setting next_dagrun for dataset_s3_bucket_consumer_with_no_taskflow to None, run_after=None
[2025-01-27T00:30:12.445+0000] {logging_mixin.py:190} INFO - [2025-01-27T00:30:12.445+0000] {dag.py:4180} INFO - Setting next_dagrun for dataset_s3_bucket_producer_with_no_taskflow to None, run_after=None
[2025-01-27T00:30:12.482+0000] {processor.py:208} INFO - Processing /home/airflow/.local/lib/python3.12/site-packages/airflow/example_dags/example_dataset_alias_with_no_taskflow.py took 0.800 seconds
[2025-01-27T00:30:43.146+0000] {processor.py:186} INFO - Started process (PID=762) to work on /home/airflow/.local/lib/python3.12/site-packages/airflow/example_dags/example_dataset_alias_with_no_taskflow.py
[2025-01-27T00:30:43.147+0000] {processor.py:914} INFO - Processing file /home/airflow/.local/lib/python3.12/site-packages/airflow/example_dags/example_dataset_alias_with_no_taskflow.py for tasks to queue
[2025-01-27T00:30:43.151+0000] {logging_mixin.py:190} INFO - [2025-01-27T00:30:43.150+0000] {dagbag.py:588} INFO - Filling up the DagBag from /home/airflow/.local/lib/python3.12/site-packages/airflow/example_dags/example_dataset_alias_with_no_taskflow.py
[2025-01-27T00:30:43.790+0000] {processor.py:925} INFO - DAG(s) 'dataset_s3_bucket_consumer_with_no_taskflow', 'dataset_s3_bucket_producer_with_no_taskflow', 'dataset_alias_example_alias_consumer_with_no_taskflow', 'dataset_alias_example_alias_producer_with_no_taskflow' retrieved from /home/airflow/.local/lib/python3.12/site-packages/airflow/example_dags/example_dataset_alias_with_no_taskflow.py
[2025-01-27T00:30:43.812+0000] {logging_mixin.py:190} INFO - [2025-01-27T00:30:43.812+0000] {dag.py:3239} INFO - Sync 4 DAGs
[2025-01-27T00:30:43.840+0000] {logging_mixin.py:190} INFO - [2025-01-27T00:30:43.840+0000] {dag.py:4180} INFO - Setting next_dagrun for dataset_alias_example_alias_consumer_with_no_taskflow to None, run_after=None
[2025-01-27T00:30:43.844+0000] {logging_mixin.py:190} INFO - [2025-01-27T00:30:43.844+0000] {dag.py:4180} INFO - Setting next_dagrun for dataset_alias_example_alias_producer_with_no_taskflow to None, run_after=None
[2025-01-27T00:30:43.848+0000] {logging_mixin.py:190} INFO - [2025-01-27T00:30:43.847+0000] {dag.py:4180} INFO - Setting next_dagrun for dataset_s3_bucket_consumer_with_no_taskflow to None, run_after=None
[2025-01-27T00:30:43.849+0000] {logging_mixin.py:190} INFO - [2025-01-27T00:30:43.849+0000] {dag.py:4180} INFO - Setting next_dagrun for dataset_s3_bucket_producer_with_no_taskflow to None, run_after=None
[2025-01-27T00:30:43.881+0000] {processor.py:208} INFO - Processing /home/airflow/.local/lib/python3.12/site-packages/airflow/example_dags/example_dataset_alias_with_no_taskflow.py took 0.743 seconds
[2025-01-27T00:31:14.813+0000] {processor.py:186} INFO - Started process (PID=825) to work on /home/airflow/.local/lib/python3.12/site-packages/airflow/example_dags/example_dataset_alias_with_no_taskflow.py
[2025-01-27T00:31:14.814+0000] {processor.py:914} INFO - Processing file /home/airflow/.local/lib/python3.12/site-packages/airflow/example_dags/example_dataset_alias_with_no_taskflow.py for tasks to queue
[2025-01-27T00:31:14.817+0000] {logging_mixin.py:190} INFO - [2025-01-27T00:31:14.817+0000] {dagbag.py:588} INFO - Filling up the DagBag from /home/airflow/.local/lib/python3.12/site-packages/airflow/example_dags/example_dataset_alias_with_no_taskflow.py
[2025-01-27T00:31:15.450+0000] {processor.py:925} INFO - DAG(s) 'dataset_alias_example_alias_producer_with_no_taskflow', 'dataset_alias_example_alias_consumer_with_no_taskflow', 'dataset_s3_bucket_producer_with_no_taskflow', 'dataset_s3_bucket_consumer_with_no_taskflow' retrieved from /home/airflow/.local/lib/python3.12/site-packages/airflow/example_dags/example_dataset_alias_with_no_taskflow.py
[2025-01-27T00:31:15.480+0000] {logging_mixin.py:190} INFO - [2025-01-27T00:31:15.480+0000] {dag.py:3239} INFO - Sync 4 DAGs
[2025-01-27T00:31:15.508+0000] {logging_mixin.py:190} INFO - [2025-01-27T00:31:15.508+0000] {dag.py:4180} INFO - Setting next_dagrun for dataset_alias_example_alias_consumer_with_no_taskflow to None, run_after=None
[2025-01-27T00:31:15.512+0000] {logging_mixin.py:190} INFO - [2025-01-27T00:31:15.512+0000] {dag.py:4180} INFO - Setting next_dagrun for dataset_alias_example_alias_producer_with_no_taskflow to None, run_after=None
[2025-01-27T00:31:15.515+0000] {logging_mixin.py:190} INFO - [2025-01-27T00:31:15.514+0000] {dag.py:4180} INFO - Setting next_dagrun for dataset_s3_bucket_consumer_with_no_taskflow to None, run_after=None
[2025-01-27T00:31:15.518+0000] {logging_mixin.py:190} INFO - [2025-01-27T00:31:15.517+0000] {dag.py:4180} INFO - Setting next_dagrun for dataset_s3_bucket_producer_with_no_taskflow to None, run_after=None
[2025-01-27T00:31:15.550+0000] {processor.py:208} INFO - Processing /home/airflow/.local/lib/python3.12/site-packages/airflow/example_dags/example_dataset_alias_with_no_taskflow.py took 0.743 seconds
[2025-01-27T00:31:46.370+0000] {processor.py:186} INFO - Started process (PID=888) to work on /home/airflow/.local/lib/python3.12/site-packages/airflow/example_dags/example_dataset_alias_with_no_taskflow.py
[2025-01-27T00:31:46.371+0000] {processor.py:914} INFO - Processing file /home/airflow/.local/lib/python3.12/site-packages/airflow/example_dags/example_dataset_alias_with_no_taskflow.py for tasks to queue
[2025-01-27T00:31:46.373+0000] {logging_mixin.py:190} INFO - [2025-01-27T00:31:46.373+0000] {dagbag.py:588} INFO - Filling up the DagBag from /home/airflow/.local/lib/python3.12/site-packages/airflow/example_dags/example_dataset_alias_with_no_taskflow.py
[2025-01-27T00:31:47.004+0000] {processor.py:925} INFO - DAG(s) 'dataset_alias_example_alias_consumer_with_no_taskflow', 'dataset_s3_bucket_consumer_with_no_taskflow', 'dataset_s3_bucket_producer_with_no_taskflow', 'dataset_alias_example_alias_producer_with_no_taskflow' retrieved from /home/airflow/.local/lib/python3.12/site-packages/airflow/example_dags/example_dataset_alias_with_no_taskflow.py
[2025-01-27T00:31:47.027+0000] {logging_mixin.py:190} INFO - [2025-01-27T00:31:47.026+0000] {dag.py:3239} INFO - Sync 4 DAGs
[2025-01-27T00:31:47.051+0000] {logging_mixin.py:190} INFO - [2025-01-27T00:31:47.051+0000] {dag.py:4180} INFO - Setting next_dagrun for dataset_alias_example_alias_consumer_with_no_taskflow to None, run_after=None
[2025-01-27T00:31:47.054+0000] {logging_mixin.py:190} INFO - [2025-01-27T00:31:47.054+0000] {dag.py:4180} INFO - Setting next_dagrun for dataset_alias_example_alias_producer_with_no_taskflow to None, run_after=None
[2025-01-27T00:31:47.055+0000] {logging_mixin.py:190} INFO - [2025-01-27T00:31:47.055+0000] {dag.py:4180} INFO - Setting next_dagrun for dataset_s3_bucket_consumer_with_no_taskflow to None, run_after=None
[2025-01-27T00:31:47.057+0000] {logging_mixin.py:190} INFO - [2025-01-27T00:31:47.057+0000] {dag.py:4180} INFO - Setting next_dagrun for dataset_s3_bucket_producer_with_no_taskflow to None, run_after=None
[2025-01-27T00:31:47.084+0000] {processor.py:208} INFO - Processing /home/airflow/.local/lib/python3.12/site-packages/airflow/example_dags/example_dataset_alias_with_no_taskflow.py took 0.719 seconds
[2025-01-27T00:32:17.347+0000] {processor.py:186} INFO - Started process (PID=951) to work on /home/airflow/.local/lib/python3.12/site-packages/airflow/example_dags/example_dataset_alias_with_no_taskflow.py
[2025-01-27T00:32:17.348+0000] {processor.py:914} INFO - Processing file /home/airflow/.local/lib/python3.12/site-packages/airflow/example_dags/example_dataset_alias_with_no_taskflow.py for tasks to queue
[2025-01-27T00:32:17.350+0000] {logging_mixin.py:190} INFO - [2025-01-27T00:32:17.350+0000] {dagbag.py:588} INFO - Filling up the DagBag from /home/airflow/.local/lib/python3.12/site-packages/airflow/example_dags/example_dataset_alias_with_no_taskflow.py
[2025-01-27T00:32:18.046+0000] {processor.py:925} INFO - DAG(s) 'dataset_alias_example_alias_consumer_with_no_taskflow', 'dataset_alias_example_alias_producer_with_no_taskflow', 'dataset_s3_bucket_consumer_with_no_taskflow', 'dataset_s3_bucket_producer_with_no_taskflow' retrieved from /home/airflow/.local/lib/python3.12/site-packages/airflow/example_dags/example_dataset_alias_with_no_taskflow.py
[2025-01-27T00:32:18.074+0000] {logging_mixin.py:190} INFO - [2025-01-27T00:32:18.073+0000] {dag.py:3239} INFO - Sync 4 DAGs
[2025-01-27T00:32:18.101+0000] {logging_mixin.py:190} INFO - [2025-01-27T00:32:18.101+0000] {dag.py:4180} INFO - Setting next_dagrun for dataset_alias_example_alias_consumer_with_no_taskflow to None, run_after=None
[2025-01-27T00:32:18.105+0000] {logging_mixin.py:190} INFO - [2025-01-27T00:32:18.105+0000] {dag.py:4180} INFO - Setting next_dagrun for dataset_alias_example_alias_producer_with_no_taskflow to None, run_after=None
[2025-01-27T00:32:18.107+0000] {logging_mixin.py:190} INFO - [2025-01-27T00:32:18.107+0000] {dag.py:4180} INFO - Setting next_dagrun for dataset_s3_bucket_consumer_with_no_taskflow to None, run_after=None
[2025-01-27T00:32:18.109+0000] {logging_mixin.py:190} INFO - [2025-01-27T00:32:18.108+0000] {dag.py:4180} INFO - Setting next_dagrun for dataset_s3_bucket_producer_with_no_taskflow to None, run_after=None
[2025-01-27T00:32:18.134+0000] {processor.py:208} INFO - Processing /home/airflow/.local/lib/python3.12/site-packages/airflow/example_dags/example_dataset_alias_with_no_taskflow.py took 0.793 seconds
[2025-01-27T00:32:48.931+0000] {processor.py:186} INFO - Started process (PID=1014) to work on /home/airflow/.local/lib/python3.12/site-packages/airflow/example_dags/example_dataset_alias_with_no_taskflow.py
[2025-01-27T00:32:48.932+0000] {processor.py:914} INFO - Processing file /home/airflow/.local/lib/python3.12/site-packages/airflow/example_dags/example_dataset_alias_with_no_taskflow.py for tasks to queue
[2025-01-27T00:32:48.934+0000] {logging_mixin.py:190} INFO - [2025-01-27T00:32:48.934+0000] {dagbag.py:588} INFO - Filling up the DagBag from /home/airflow/.local/lib/python3.12/site-packages/airflow/example_dags/example_dataset_alias_with_no_taskflow.py
[2025-01-27T00:32:49.538+0000] {processor.py:925} INFO - DAG(s) 'dataset_s3_bucket_consumer_with_no_taskflow', 'dataset_alias_example_alias_producer_with_no_taskflow', 'dataset_alias_example_alias_consumer_with_no_taskflow', 'dataset_s3_bucket_producer_with_no_taskflow' retrieved from /home/airflow/.local/lib/python3.12/site-packages/airflow/example_dags/example_dataset_alias_with_no_taskflow.py
[2025-01-27T00:32:49.564+0000] {logging_mixin.py:190} INFO - [2025-01-27T00:32:49.563+0000] {dag.py:3239} INFO - Sync 4 DAGs
[2025-01-27T00:32:49.591+0000] {logging_mixin.py:190} INFO - [2025-01-27T00:32:49.591+0000] {dag.py:4180} INFO - Setting next_dagrun for dataset_alias_example_alias_consumer_with_no_taskflow to None, run_after=None
[2025-01-27T00:32:49.594+0000] {logging_mixin.py:190} INFO - [2025-01-27T00:32:49.594+0000] {dag.py:4180} INFO - Setting next_dagrun for dataset_alias_example_alias_producer_with_no_taskflow to None, run_after=None
[2025-01-27T00:32:49.595+0000] {logging_mixin.py:190} INFO - [2025-01-27T00:32:49.595+0000] {dag.py:4180} INFO - Setting next_dagrun for dataset_s3_bucket_consumer_with_no_taskflow to None, run_after=None
[2025-01-27T00:32:49.597+0000] {logging_mixin.py:190} INFO - [2025-01-27T00:32:49.597+0000] {dag.py:4180} INFO - Setting next_dagrun for dataset_s3_bucket_producer_with_no_taskflow to None, run_after=None
[2025-01-27T00:32:49.629+0000] {processor.py:208} INFO - Processing /home/airflow/.local/lib/python3.12/site-packages/airflow/example_dags/example_dataset_alias_with_no_taskflow.py took 0.703 seconds
[2025-01-27T00:33:19.714+0000] {processor.py:186} INFO - Started process (PID=1077) to work on /home/airflow/.local/lib/python3.12/site-packages/airflow/example_dags/example_dataset_alias_with_no_taskflow.py
[2025-01-27T00:33:19.715+0000] {processor.py:914} INFO - Processing file /home/airflow/.local/lib/python3.12/site-packages/airflow/example_dags/example_dataset_alias_with_no_taskflow.py for tasks to queue
[2025-01-27T00:33:19.718+0000] {logging_mixin.py:190} INFO - [2025-01-27T00:33:19.717+0000] {dagbag.py:588} INFO - Filling up the DagBag from /home/airflow/.local/lib/python3.12/site-packages/airflow/example_dags/example_dataset_alias_with_no_taskflow.py
[2025-01-27T00:33:20.357+0000] {processor.py:925} INFO - DAG(s) 'dataset_alias_example_alias_producer_with_no_taskflow', 'dataset_s3_bucket_consumer_with_no_taskflow', 'dataset_s3_bucket_producer_with_no_taskflow', 'dataset_alias_example_alias_consumer_with_no_taskflow' retrieved from /home/airflow/.local/lib/python3.12/site-packages/airflow/example_dags/example_dataset_alias_with_no_taskflow.py
[2025-01-27T00:33:20.380+0000] {logging_mixin.py:190} INFO - [2025-01-27T00:33:20.379+0000] {dag.py:3239} INFO - Sync 4 DAGs
[2025-01-27T00:33:20.407+0000] {logging_mixin.py:190} INFO - [2025-01-27T00:33:20.406+0000] {dag.py:4180} INFO - Setting next_dagrun for dataset_alias_example_alias_consumer_with_no_taskflow to None, run_after=None
[2025-01-27T00:33:20.410+0000] {logging_mixin.py:190} INFO - [2025-01-27T00:33:20.410+0000] {dag.py:4180} INFO - Setting next_dagrun for dataset_alias_example_alias_producer_with_no_taskflow to None, run_after=None
[2025-01-27T00:33:20.412+0000] {logging_mixin.py:190} INFO - [2025-01-27T00:33:20.412+0000] {dag.py:4180} INFO - Setting next_dagrun for dataset_s3_bucket_consumer_with_no_taskflow to None, run_after=None
[2025-01-27T00:33:20.414+0000] {logging_mixin.py:190} INFO - [2025-01-27T00:33:20.414+0000] {dag.py:4180} INFO - Setting next_dagrun for dataset_s3_bucket_producer_with_no_taskflow to None, run_after=None
[2025-01-27T00:33:20.442+0000] {processor.py:208} INFO - Processing /home/airflow/.local/lib/python3.12/site-packages/airflow/example_dags/example_dataset_alias_with_no_taskflow.py took 0.734 seconds
[2025-01-27T00:33:50.670+0000] {processor.py:186} INFO - Started process (PID=1140) to work on /home/airflow/.local/lib/python3.12/site-packages/airflow/example_dags/example_dataset_alias_with_no_taskflow.py
[2025-01-27T00:33:50.672+0000] {processor.py:914} INFO - Processing file /home/airflow/.local/lib/python3.12/site-packages/airflow/example_dags/example_dataset_alias_with_no_taskflow.py for tasks to queue
[2025-01-27T00:33:50.675+0000] {logging_mixin.py:190} INFO - [2025-01-27T00:33:50.675+0000] {dagbag.py:588} INFO - Filling up the DagBag from /home/airflow/.local/lib/python3.12/site-packages/airflow/example_dags/example_dataset_alias_with_no_taskflow.py
[2025-01-27T00:33:51.339+0000] {processor.py:925} INFO - DAG(s) 'dataset_s3_bucket_consumer_with_no_taskflow', 'dataset_alias_example_alias_producer_with_no_taskflow', 'dataset_alias_example_alias_consumer_with_no_taskflow', 'dataset_s3_bucket_producer_with_no_taskflow' retrieved from /home/airflow/.local/lib/python3.12/site-packages/airflow/example_dags/example_dataset_alias_with_no_taskflow.py
[2025-01-27T00:33:51.361+0000] {logging_mixin.py:190} INFO - [2025-01-27T00:33:51.361+0000] {dag.py:3239} INFO - Sync 4 DAGs
[2025-01-27T00:33:51.384+0000] {logging_mixin.py:190} INFO - [2025-01-27T00:33:51.384+0000] {dag.py:4180} INFO - Setting next_dagrun for dataset_alias_example_alias_consumer_with_no_taskflow to None, run_after=None
[2025-01-27T00:33:51.387+0000] {logging_mixin.py:190} INFO - [2025-01-27T00:33:51.387+0000] {dag.py:4180} INFO - Setting next_dagrun for dataset_alias_example_alias_producer_with_no_taskflow to None, run_after=None
[2025-01-27T00:33:51.389+0000] {logging_mixin.py:190} INFO - [2025-01-27T00:33:51.389+0000] {dag.py:4180} INFO - Setting next_dagrun for dataset_s3_bucket_consumer_with_no_taskflow to None, run_after=None
[2025-01-27T00:33:51.390+0000] {logging_mixin.py:190} INFO - [2025-01-27T00:33:51.390+0000] {dag.py:4180} INFO - Setting next_dagrun for dataset_s3_bucket_producer_with_no_taskflow to None, run_after=None
[2025-01-27T00:33:51.417+0000] {processor.py:208} INFO - Processing /home/airflow/.local/lib/python3.12/site-packages/airflow/example_dags/example_dataset_alias_with_no_taskflow.py took 0.756 seconds
