[2025-01-27T00:25:33.105+0000] {processor.py:186} INFO - Started process (PID=126) to work on /home/airflow/.local/lib/python3.12/site-packages/airflow/example_dags/example_task_group.py
[2025-01-27T00:25:33.106+0000] {processor.py:914} INFO - Processing file /home/airflow/.local/lib/python3.12/site-packages/airflow/example_dags/example_task_group.py for tasks to queue
[2025-01-27T00:25:33.109+0000] {logging_mixin.py:190} INFO - [2025-01-27T00:25:33.109+0000] {dagbag.py:588} INFO - Filling up the DagBag from /home/airflow/.local/lib/python3.12/site-packages/airflow/example_dags/example_task_group.py
[2025-01-27T00:25:33.121+0000] {processor.py:925} INFO - DAG(s) 'example_task_group' retrieved from /home/airflow/.local/lib/python3.12/site-packages/airflow/example_dags/example_task_group.py
[2025-01-27T00:25:33.274+0000] {logging_mixin.py:190} INFO - [2025-01-27T00:25:33.274+0000] {override.py:1911} INFO - Created Permission View: can read on DAG:example_task_group
[2025-01-27T00:25:33.288+0000] {logging_mixin.py:190} INFO - [2025-01-27T00:25:33.288+0000] {override.py:1911} INFO - Created Permission View: can edit on DAG:example_task_group
[2025-01-27T00:25:33.301+0000] {logging_mixin.py:190} INFO - [2025-01-27T00:25:33.300+0000] {override.py:1911} INFO - Created Permission View: can delete on DAG:example_task_group
[2025-01-27T00:25:33.316+0000] {logging_mixin.py:190} INFO - [2025-01-27T00:25:33.315+0000] {override.py:1911} INFO - Created Permission View: can delete on DAG Run:example_task_group
[2025-01-27T00:25:33.328+0000] {logging_mixin.py:190} INFO - [2025-01-27T00:25:33.328+0000] {override.py:1911} INFO - Created Permission View: menu access on DAG Run:example_task_group
[2025-01-27T00:25:33.342+0000] {logging_mixin.py:190} INFO - [2025-01-27T00:25:33.341+0000] {override.py:1911} INFO - Created Permission View: can read on DAG Run:example_task_group
[2025-01-27T00:25:33.357+0000] {logging_mixin.py:190} INFO - [2025-01-27T00:25:33.357+0000] {override.py:1911} INFO - Created Permission View: can create on DAG Run:example_task_group
[2025-01-27T00:25:33.358+0000] {logging_mixin.py:190} INFO - [2025-01-27T00:25:33.358+0000] {dag.py:3239} INFO - Sync 1 DAGs
[2025-01-27T00:25:33.379+0000] {logging_mixin.py:190} INFO - [2025-01-27T00:25:33.379+0000] {dag.py:3262} INFO - Creating ORM DAG for example_task_group
[2025-01-27T00:25:33.381+0000] {logging_mixin.py:190} INFO - [2025-01-27T00:25:33.381+0000] {dag.py:4180} INFO - Setting next_dagrun for example_task_group to None, run_after=None
[2025-01-27T00:25:33.410+0000] {processor.py:208} INFO - Processing /home/airflow/.local/lib/python3.12/site-packages/airflow/example_dags/example_task_group.py took 0.312 seconds
[2025-01-27T00:26:04.264+0000] {processor.py:186} INFO - Started process (PID=189) to work on /home/airflow/.local/lib/python3.12/site-packages/airflow/example_dags/example_task_group.py
[2025-01-27T00:26:04.265+0000] {processor.py:914} INFO - Processing file /home/airflow/.local/lib/python3.12/site-packages/airflow/example_dags/example_task_group.py for tasks to queue
[2025-01-27T00:26:04.268+0000] {logging_mixin.py:190} INFO - [2025-01-27T00:26:04.267+0000] {dagbag.py:588} INFO - Filling up the DagBag from /home/airflow/.local/lib/python3.12/site-packages/airflow/example_dags/example_task_group.py
[2025-01-27T00:26:04.276+0000] {processor.py:925} INFO - DAG(s) 'example_task_group' retrieved from /home/airflow/.local/lib/python3.12/site-packages/airflow/example_dags/example_task_group.py
[2025-01-27T00:26:04.298+0000] {logging_mixin.py:190} INFO - [2025-01-27T00:26:04.298+0000] {dag.py:3239} INFO - Sync 1 DAGs
[2025-01-27T00:26:04.313+0000] {logging_mixin.py:190} INFO - [2025-01-27T00:26:04.313+0000] {dag.py:4180} INFO - Setting next_dagrun for example_task_group to None, run_after=None
[2025-01-27T00:26:04.332+0000] {processor.py:208} INFO - Processing /home/airflow/.local/lib/python3.12/site-packages/airflow/example_dags/example_task_group.py took 0.074 seconds
[2025-01-27T00:26:34.709+0000] {processor.py:186} INFO - Started process (PID=252) to work on /home/airflow/.local/lib/python3.12/site-packages/airflow/example_dags/example_task_group.py
[2025-01-27T00:26:34.711+0000] {processor.py:914} INFO - Processing file /home/airflow/.local/lib/python3.12/site-packages/airflow/example_dags/example_task_group.py for tasks to queue
[2025-01-27T00:26:34.713+0000] {logging_mixin.py:190} INFO - [2025-01-27T00:26:34.712+0000] {dagbag.py:588} INFO - Filling up the DagBag from /home/airflow/.local/lib/python3.12/site-packages/airflow/example_dags/example_task_group.py
[2025-01-27T00:26:34.721+0000] {processor.py:925} INFO - DAG(s) 'example_task_group' retrieved from /home/airflow/.local/lib/python3.12/site-packages/airflow/example_dags/example_task_group.py
[2025-01-27T00:26:34.742+0000] {logging_mixin.py:190} INFO - [2025-01-27T00:26:34.742+0000] {dag.py:3239} INFO - Sync 1 DAGs
[2025-01-27T00:26:34.757+0000] {logging_mixin.py:190} INFO - [2025-01-27T00:26:34.757+0000] {dag.py:4180} INFO - Setting next_dagrun for example_task_group to None, run_after=None
[2025-01-27T00:26:34.779+0000] {processor.py:208} INFO - Processing /home/airflow/.local/lib/python3.12/site-packages/airflow/example_dags/example_task_group.py took 0.075 seconds
[2025-01-27T00:27:05.043+0000] {processor.py:186} INFO - Started process (PID=315) to work on /home/airflow/.local/lib/python3.12/site-packages/airflow/example_dags/example_task_group.py
[2025-01-27T00:27:05.044+0000] {processor.py:914} INFO - Processing file /home/airflow/.local/lib/python3.12/site-packages/airflow/example_dags/example_task_group.py for tasks to queue
[2025-01-27T00:27:05.047+0000] {logging_mixin.py:190} INFO - [2025-01-27T00:27:05.046+0000] {dagbag.py:588} INFO - Filling up the DagBag from /home/airflow/.local/lib/python3.12/site-packages/airflow/example_dags/example_task_group.py
[2025-01-27T00:27:05.055+0000] {processor.py:925} INFO - DAG(s) 'example_task_group' retrieved from /home/airflow/.local/lib/python3.12/site-packages/airflow/example_dags/example_task_group.py
[2025-01-27T00:27:05.078+0000] {logging_mixin.py:190} INFO - [2025-01-27T00:27:05.078+0000] {dag.py:3239} INFO - Sync 1 DAGs
[2025-01-27T00:27:05.094+0000] {logging_mixin.py:190} INFO - [2025-01-27T00:27:05.093+0000] {dag.py:4180} INFO - Setting next_dagrun for example_task_group to None, run_after=None
[2025-01-27T00:27:05.114+0000] {processor.py:208} INFO - Processing /home/airflow/.local/lib/python3.12/site-packages/airflow/example_dags/example_task_group.py took 0.077 seconds
[2025-01-27T00:27:35.554+0000] {processor.py:186} INFO - Started process (PID=377) to work on /home/airflow/.local/lib/python3.12/site-packages/airflow/example_dags/example_task_group.py
[2025-01-27T00:27:35.555+0000] {processor.py:914} INFO - Processing file /home/airflow/.local/lib/python3.12/site-packages/airflow/example_dags/example_task_group.py for tasks to queue
[2025-01-27T00:27:35.557+0000] {logging_mixin.py:190} INFO - [2025-01-27T00:27:35.556+0000] {dagbag.py:588} INFO - Filling up the DagBag from /home/airflow/.local/lib/python3.12/site-packages/airflow/example_dags/example_task_group.py
[2025-01-27T00:27:35.565+0000] {processor.py:925} INFO - DAG(s) 'example_task_group' retrieved from /home/airflow/.local/lib/python3.12/site-packages/airflow/example_dags/example_task_group.py
[2025-01-27T00:27:35.585+0000] {logging_mixin.py:190} INFO - [2025-01-27T00:27:35.585+0000] {dag.py:3239} INFO - Sync 1 DAGs
[2025-01-27T00:27:35.600+0000] {logging_mixin.py:190} INFO - [2025-01-27T00:27:35.599+0000] {dag.py:4180} INFO - Setting next_dagrun for example_task_group to None, run_after=None
[2025-01-27T00:27:35.619+0000] {processor.py:208} INFO - Processing /home/airflow/.local/lib/python3.12/site-packages/airflow/example_dags/example_task_group.py took 0.071 seconds
[2025-01-27T00:28:06.276+0000] {processor.py:186} INFO - Started process (PID=439) to work on /home/airflow/.local/lib/python3.12/site-packages/airflow/example_dags/example_task_group.py
[2025-01-27T00:28:06.277+0000] {processor.py:914} INFO - Processing file /home/airflow/.local/lib/python3.12/site-packages/airflow/example_dags/example_task_group.py for tasks to queue
[2025-01-27T00:28:06.279+0000] {logging_mixin.py:190} INFO - [2025-01-27T00:28:06.279+0000] {dagbag.py:588} INFO - Filling up the DagBag from /home/airflow/.local/lib/python3.12/site-packages/airflow/example_dags/example_task_group.py
[2025-01-27T00:28:06.287+0000] {processor.py:925} INFO - DAG(s) 'example_task_group' retrieved from /home/airflow/.local/lib/python3.12/site-packages/airflow/example_dags/example_task_group.py
[2025-01-27T00:28:06.309+0000] {logging_mixin.py:190} INFO - [2025-01-27T00:28:06.309+0000] {dag.py:3239} INFO - Sync 1 DAGs
[2025-01-27T00:28:06.324+0000] {logging_mixin.py:190} INFO - [2025-01-27T00:28:06.324+0000] {dag.py:4180} INFO - Setting next_dagrun for example_task_group to None, run_after=None
[2025-01-27T00:28:06.348+0000] {processor.py:208} INFO - Processing /home/airflow/.local/lib/python3.12/site-packages/airflow/example_dags/example_task_group.py took 0.078 seconds
[2025-01-27T00:28:36.774+0000] {processor.py:186} INFO - Started process (PID=502) to work on /home/airflow/.local/lib/python3.12/site-packages/airflow/example_dags/example_task_group.py
[2025-01-27T00:28:36.775+0000] {processor.py:914} INFO - Processing file /home/airflow/.local/lib/python3.12/site-packages/airflow/example_dags/example_task_group.py for tasks to queue
[2025-01-27T00:28:36.777+0000] {logging_mixin.py:190} INFO - [2025-01-27T00:28:36.777+0000] {dagbag.py:588} INFO - Filling up the DagBag from /home/airflow/.local/lib/python3.12/site-packages/airflow/example_dags/example_task_group.py
[2025-01-27T00:28:36.785+0000] {processor.py:925} INFO - DAG(s) 'example_task_group' retrieved from /home/airflow/.local/lib/python3.12/site-packages/airflow/example_dags/example_task_group.py
[2025-01-27T00:28:36.807+0000] {logging_mixin.py:190} INFO - [2025-01-27T00:28:36.807+0000] {dag.py:3239} INFO - Sync 1 DAGs
[2025-01-27T00:28:36.822+0000] {logging_mixin.py:190} INFO - [2025-01-27T00:28:36.821+0000] {dag.py:4180} INFO - Setting next_dagrun for example_task_group to None, run_after=None
[2025-01-27T00:28:36.842+0000] {processor.py:208} INFO - Processing /home/airflow/.local/lib/python3.12/site-packages/airflow/example_dags/example_task_group.py took 0.073 seconds
[2025-01-27T00:29:07.305+0000] {processor.py:186} INFO - Started process (PID=565) to work on /home/airflow/.local/lib/python3.12/site-packages/airflow/example_dags/example_task_group.py
[2025-01-27T00:29:07.306+0000] {processor.py:914} INFO - Processing file /home/airflow/.local/lib/python3.12/site-packages/airflow/example_dags/example_task_group.py for tasks to queue
[2025-01-27T00:29:07.309+0000] {logging_mixin.py:190} INFO - [2025-01-27T00:29:07.309+0000] {dagbag.py:588} INFO - Filling up the DagBag from /home/airflow/.local/lib/python3.12/site-packages/airflow/example_dags/example_task_group.py
[2025-01-27T00:29:07.319+0000] {processor.py:925} INFO - DAG(s) 'example_task_group' retrieved from /home/airflow/.local/lib/python3.12/site-packages/airflow/example_dags/example_task_group.py
[2025-01-27T00:29:07.343+0000] {logging_mixin.py:190} INFO - [2025-01-27T00:29:07.343+0000] {dag.py:3239} INFO - Sync 1 DAGs
[2025-01-27T00:29:07.361+0000] {logging_mixin.py:190} INFO - [2025-01-27T00:29:07.360+0000] {dag.py:4180} INFO - Setting next_dagrun for example_task_group to None, run_after=None
[2025-01-27T00:29:07.388+0000] {processor.py:208} INFO - Processing /home/airflow/.local/lib/python3.12/site-packages/airflow/example_dags/example_task_group.py took 0.090 seconds
[2025-01-27T00:29:37.428+0000] {processor.py:186} INFO - Started process (PID=627) to work on /home/airflow/.local/lib/python3.12/site-packages/airflow/example_dags/example_task_group.py
[2025-01-27T00:29:37.429+0000] {processor.py:914} INFO - Processing file /home/airflow/.local/lib/python3.12/site-packages/airflow/example_dags/example_task_group.py for tasks to queue
[2025-01-27T00:29:37.432+0000] {logging_mixin.py:190} INFO - [2025-01-27T00:29:37.431+0000] {dagbag.py:588} INFO - Filling up the DagBag from /home/airflow/.local/lib/python3.12/site-packages/airflow/example_dags/example_task_group.py
[2025-01-27T00:29:37.441+0000] {processor.py:925} INFO - DAG(s) 'example_task_group' retrieved from /home/airflow/.local/lib/python3.12/site-packages/airflow/example_dags/example_task_group.py
[2025-01-27T00:29:37.465+0000] {logging_mixin.py:190} INFO - [2025-01-27T00:29:37.465+0000] {dag.py:3239} INFO - Sync 1 DAGs
[2025-01-27T00:29:37.482+0000] {logging_mixin.py:190} INFO - [2025-01-27T00:29:37.482+0000] {dag.py:4180} INFO - Setting next_dagrun for example_task_group to None, run_after=None
[2025-01-27T00:29:37.504+0000] {processor.py:208} INFO - Processing /home/airflow/.local/lib/python3.12/site-packages/airflow/example_dags/example_task_group.py took 0.083 seconds
[2025-01-27T00:30:08.375+0000] {processor.py:186} INFO - Started process (PID=692) to work on /home/airflow/.local/lib/python3.12/site-packages/airflow/example_dags/example_task_group.py
[2025-01-27T00:30:08.376+0000] {processor.py:914} INFO - Processing file /home/airflow/.local/lib/python3.12/site-packages/airflow/example_dags/example_task_group.py for tasks to queue
[2025-01-27T00:30:08.378+0000] {logging_mixin.py:190} INFO - [2025-01-27T00:30:08.378+0000] {dagbag.py:588} INFO - Filling up the DagBag from /home/airflow/.local/lib/python3.12/site-packages/airflow/example_dags/example_task_group.py
[2025-01-27T00:30:08.387+0000] {processor.py:925} INFO - DAG(s) 'example_task_group' retrieved from /home/airflow/.local/lib/python3.12/site-packages/airflow/example_dags/example_task_group.py
[2025-01-27T00:30:08.411+0000] {logging_mixin.py:190} INFO - [2025-01-27T00:30:08.411+0000] {dag.py:3239} INFO - Sync 1 DAGs
[2025-01-27T00:30:08.429+0000] {logging_mixin.py:190} INFO - [2025-01-27T00:30:08.428+0000] {dag.py:4180} INFO - Setting next_dagrun for example_task_group to None, run_after=None
[2025-01-27T00:30:08.451+0000] {processor.py:208} INFO - Processing /home/airflow/.local/lib/python3.12/site-packages/airflow/example_dags/example_task_group.py took 0.081 seconds
[2025-01-27T00:30:39.898+0000] {processor.py:186} INFO - Started process (PID=755) to work on /home/airflow/.local/lib/python3.12/site-packages/airflow/example_dags/example_task_group.py
[2025-01-27T00:30:39.899+0000] {processor.py:914} INFO - Processing file /home/airflow/.local/lib/python3.12/site-packages/airflow/example_dags/example_task_group.py for tasks to queue
[2025-01-27T00:30:39.901+0000] {logging_mixin.py:190} INFO - [2025-01-27T00:30:39.901+0000] {dagbag.py:588} INFO - Filling up the DagBag from /home/airflow/.local/lib/python3.12/site-packages/airflow/example_dags/example_task_group.py
[2025-01-27T00:30:39.910+0000] {processor.py:925} INFO - DAG(s) 'example_task_group' retrieved from /home/airflow/.local/lib/python3.12/site-packages/airflow/example_dags/example_task_group.py
[2025-01-27T00:30:39.931+0000] {logging_mixin.py:190} INFO - [2025-01-27T00:30:39.931+0000] {dag.py:3239} INFO - Sync 1 DAGs
[2025-01-27T00:30:39.947+0000] {logging_mixin.py:190} INFO - [2025-01-27T00:30:39.947+0000] {dag.py:4180} INFO - Setting next_dagrun for example_task_group to None, run_after=None
[2025-01-27T00:30:39.968+0000] {processor.py:208} INFO - Processing /home/airflow/.local/lib/python3.12/site-packages/airflow/example_dags/example_task_group.py took 0.076 seconds
[2025-01-27T00:31:11.544+0000] {processor.py:186} INFO - Started process (PID=818) to work on /home/airflow/.local/lib/python3.12/site-packages/airflow/example_dags/example_task_group.py
[2025-01-27T00:31:11.545+0000] {processor.py:914} INFO - Processing file /home/airflow/.local/lib/python3.12/site-packages/airflow/example_dags/example_task_group.py for tasks to queue
[2025-01-27T00:31:11.548+0000] {logging_mixin.py:190} INFO - [2025-01-27T00:31:11.547+0000] {dagbag.py:588} INFO - Filling up the DagBag from /home/airflow/.local/lib/python3.12/site-packages/airflow/example_dags/example_task_group.py
[2025-01-27T00:31:11.556+0000] {processor.py:925} INFO - DAG(s) 'example_task_group' retrieved from /home/airflow/.local/lib/python3.12/site-packages/airflow/example_dags/example_task_group.py
[2025-01-27T00:31:11.578+0000] {logging_mixin.py:190} INFO - [2025-01-27T00:31:11.578+0000] {dag.py:3239} INFO - Sync 1 DAGs
[2025-01-27T00:31:11.594+0000] {logging_mixin.py:190} INFO - [2025-01-27T00:31:11.594+0000] {dag.py:4180} INFO - Setting next_dagrun for example_task_group to None, run_after=None
[2025-01-27T00:31:11.614+0000] {processor.py:208} INFO - Processing /home/airflow/.local/lib/python3.12/site-packages/airflow/example_dags/example_task_group.py took 0.076 seconds
[2025-01-27T00:31:43.095+0000] {processor.py:186} INFO - Started process (PID=881) to work on /home/airflow/.local/lib/python3.12/site-packages/airflow/example_dags/example_task_group.py
[2025-01-27T00:31:43.096+0000] {processor.py:914} INFO - Processing file /home/airflow/.local/lib/python3.12/site-packages/airflow/example_dags/example_task_group.py for tasks to queue
[2025-01-27T00:31:43.099+0000] {logging_mixin.py:190} INFO - [2025-01-27T00:31:43.098+0000] {dagbag.py:588} INFO - Filling up the DagBag from /home/airflow/.local/lib/python3.12/site-packages/airflow/example_dags/example_task_group.py
[2025-01-27T00:31:43.108+0000] {processor.py:925} INFO - DAG(s) 'example_task_group' retrieved from /home/airflow/.local/lib/python3.12/site-packages/airflow/example_dags/example_task_group.py
[2025-01-27T00:31:43.133+0000] {logging_mixin.py:190} INFO - [2025-01-27T00:31:43.133+0000] {dag.py:3239} INFO - Sync 1 DAGs
[2025-01-27T00:31:43.149+0000] {logging_mixin.py:190} INFO - [2025-01-27T00:31:43.149+0000] {dag.py:4180} INFO - Setting next_dagrun for example_task_group to None, run_after=None
[2025-01-27T00:31:43.171+0000] {processor.py:208} INFO - Processing /home/airflow/.local/lib/python3.12/site-packages/airflow/example_dags/example_task_group.py took 0.081 seconds
[2025-01-27T00:32:14.078+0000] {processor.py:186} INFO - Started process (PID=944) to work on /home/airflow/.local/lib/python3.12/site-packages/airflow/example_dags/example_task_group.py
[2025-01-27T00:32:14.079+0000] {processor.py:914} INFO - Processing file /home/airflow/.local/lib/python3.12/site-packages/airflow/example_dags/example_task_group.py for tasks to queue
[2025-01-27T00:32:14.081+0000] {logging_mixin.py:190} INFO - [2025-01-27T00:32:14.081+0000] {dagbag.py:588} INFO - Filling up the DagBag from /home/airflow/.local/lib/python3.12/site-packages/airflow/example_dags/example_task_group.py
[2025-01-27T00:32:14.090+0000] {processor.py:925} INFO - DAG(s) 'example_task_group' retrieved from /home/airflow/.local/lib/python3.12/site-packages/airflow/example_dags/example_task_group.py
[2025-01-27T00:32:14.113+0000] {logging_mixin.py:190} INFO - [2025-01-27T00:32:14.112+0000] {dag.py:3239} INFO - Sync 1 DAGs
[2025-01-27T00:32:14.129+0000] {logging_mixin.py:190} INFO - [2025-01-27T00:32:14.128+0000] {dag.py:4180} INFO - Setting next_dagrun for example_task_group to None, run_after=None
[2025-01-27T00:32:14.148+0000] {processor.py:208} INFO - Processing /home/airflow/.local/lib/python3.12/site-packages/airflow/example_dags/example_task_group.py took 0.076 seconds
[2025-01-27T00:32:45.673+0000] {processor.py:186} INFO - Started process (PID=1007) to work on /home/airflow/.local/lib/python3.12/site-packages/airflow/example_dags/example_task_group.py
[2025-01-27T00:32:45.674+0000] {processor.py:914} INFO - Processing file /home/airflow/.local/lib/python3.12/site-packages/airflow/example_dags/example_task_group.py for tasks to queue
[2025-01-27T00:32:45.676+0000] {logging_mixin.py:190} INFO - [2025-01-27T00:32:45.676+0000] {dagbag.py:588} INFO - Filling up the DagBag from /home/airflow/.local/lib/python3.12/site-packages/airflow/example_dags/example_task_group.py
[2025-01-27T00:32:45.685+0000] {processor.py:925} INFO - DAG(s) 'example_task_group' retrieved from /home/airflow/.local/lib/python3.12/site-packages/airflow/example_dags/example_task_group.py
[2025-01-27T00:32:45.707+0000] {logging_mixin.py:190} INFO - [2025-01-27T00:32:45.707+0000] {dag.py:3239} INFO - Sync 1 DAGs
[2025-01-27T00:32:45.723+0000] {logging_mixin.py:190} INFO - [2025-01-27T00:32:45.723+0000] {dag.py:4180} INFO - Setting next_dagrun for example_task_group to None, run_after=None
[2025-01-27T00:32:45.744+0000] {processor.py:208} INFO - Processing /home/airflow/.local/lib/python3.12/site-packages/airflow/example_dags/example_task_group.py took 0.077 seconds
[2025-01-27T00:33:17.323+0000] {processor.py:186} INFO - Started process (PID=1070) to work on /home/airflow/.local/lib/python3.12/site-packages/airflow/example_dags/example_task_group.py
[2025-01-27T00:33:17.324+0000] {processor.py:914} INFO - Processing file /home/airflow/.local/lib/python3.12/site-packages/airflow/example_dags/example_task_group.py for tasks to queue
[2025-01-27T00:33:17.326+0000] {logging_mixin.py:190} INFO - [2025-01-27T00:33:17.326+0000] {dagbag.py:588} INFO - Filling up the DagBag from /home/airflow/.local/lib/python3.12/site-packages/airflow/example_dags/example_task_group.py
[2025-01-27T00:33:17.336+0000] {processor.py:925} INFO - DAG(s) 'example_task_group' retrieved from /home/airflow/.local/lib/python3.12/site-packages/airflow/example_dags/example_task_group.py
[2025-01-27T00:33:17.359+0000] {logging_mixin.py:190} INFO - [2025-01-27T00:33:17.359+0000] {dag.py:3239} INFO - Sync 1 DAGs
[2025-01-27T00:33:17.376+0000] {logging_mixin.py:190} INFO - [2025-01-27T00:33:17.376+0000] {dag.py:4180} INFO - Setting next_dagrun for example_task_group to None, run_after=None
[2025-01-27T00:33:17.398+0000] {processor.py:208} INFO - Processing /home/airflow/.local/lib/python3.12/site-packages/airflow/example_dags/example_task_group.py took 0.081 seconds
[2025-01-27T00:33:48.404+0000] {processor.py:186} INFO - Started process (PID=1133) to work on /home/airflow/.local/lib/python3.12/site-packages/airflow/example_dags/example_task_group.py
[2025-01-27T00:33:48.405+0000] {processor.py:914} INFO - Processing file /home/airflow/.local/lib/python3.12/site-packages/airflow/example_dags/example_task_group.py for tasks to queue
[2025-01-27T00:33:48.407+0000] {logging_mixin.py:190} INFO - [2025-01-27T00:33:48.406+0000] {dagbag.py:588} INFO - Filling up the DagBag from /home/airflow/.local/lib/python3.12/site-packages/airflow/example_dags/example_task_group.py
[2025-01-27T00:33:48.415+0000] {processor.py:925} INFO - DAG(s) 'example_task_group' retrieved from /home/airflow/.local/lib/python3.12/site-packages/airflow/example_dags/example_task_group.py
[2025-01-27T00:33:48.438+0000] {logging_mixin.py:190} INFO - [2025-01-27T00:33:48.438+0000] {dag.py:3239} INFO - Sync 1 DAGs
[2025-01-27T00:33:48.454+0000] {logging_mixin.py:190} INFO - [2025-01-27T00:33:48.454+0000] {dag.py:4180} INFO - Setting next_dagrun for example_task_group to None, run_after=None
[2025-01-27T00:33:48.478+0000] {processor.py:208} INFO - Processing /home/airflow/.local/lib/python3.12/site-packages/airflow/example_dags/example_task_group.py took 0.080 seconds
