[2025-01-27T00:25:23.051+0000] {processor.py:186} INFO - Started process (PID=87) to work on /home/airflow/.local/lib/python3.12/site-packages/airflow/example_dags/example_branch_operator.py
[2025-01-27T00:25:23.052+0000] {processor.py:914} INFO - Processing file /home/airflow/.local/lib/python3.12/site-packages/airflow/example_dags/example_branch_operator.py for tasks to queue
[2025-01-27T00:25:23.055+0000] {logging_mixin.py:190} INFO - [2025-01-27T00:25:23.054+0000] {dagbag.py:588} INFO - Filling up the DagBag from /home/airflow/.local/lib/python3.12/site-packages/airflow/example_dags/example_branch_operator.py
[2025-01-27T00:25:23.091+0000] {processor.py:925} INFO - DAG(s) 'example_branch_operator' retrieved from /home/airflow/.local/lib/python3.12/site-packages/airflow/example_dags/example_branch_operator.py
[2025-01-27T00:25:23.221+0000] {logging_mixin.py:190} INFO - [2025-01-27T00:25:23.221+0000] {override.py:1911} INFO - Created Permission View: can read on DAG:example_branch_operator
[2025-01-27T00:25:23.233+0000] {logging_mixin.py:190} INFO - [2025-01-27T00:25:23.233+0000] {override.py:1911} INFO - Created Permission View: can edit on DAG:example_branch_operator
[2025-01-27T00:25:23.242+0000] {logging_mixin.py:190} INFO - [2025-01-27T00:25:23.242+0000] {override.py:1911} INFO - Created Permission View: can delete on DAG:example_branch_operator
[2025-01-27T00:25:23.253+0000] {logging_mixin.py:190} INFO - [2025-01-27T00:25:23.253+0000] {override.py:1911} INFO - Created Permission View: can delete on DAG Run:example_branch_operator
[2025-01-27T00:25:23.262+0000] {logging_mixin.py:190} INFO - [2025-01-27T00:25:23.261+0000] {override.py:1911} INFO - Created Permission View: menu access on DAG Run:example_branch_operator
[2025-01-27T00:25:23.271+0000] {logging_mixin.py:190} INFO - [2025-01-27T00:25:23.271+0000] {override.py:1911} INFO - Created Permission View: can read on DAG Run:example_branch_operator
[2025-01-27T00:25:23.279+0000] {logging_mixin.py:190} INFO - [2025-01-27T00:25:23.279+0000] {override.py:1911} INFO - Created Permission View: can create on DAG Run:example_branch_operator
[2025-01-27T00:25:23.280+0000] {logging_mixin.py:190} INFO - [2025-01-27T00:25:23.280+0000] {dag.py:3239} INFO - Sync 1 DAGs
[2025-01-27T00:25:23.293+0000] {logging_mixin.py:190} INFO - [2025-01-27T00:25:23.293+0000] {dag.py:3262} INFO - Creating ORM DAG for example_branch_operator
[2025-01-27T00:25:23.305+0000] {logging_mixin.py:190} INFO - [2025-01-27T00:25:23.305+0000] {dag.py:4180} INFO - Setting next_dagrun for example_branch_operator to 2025-01-26 00:00:00+00:00, run_after=2025-01-27 00:00:00+00:00
[2025-01-27T00:25:23.324+0000] {processor.py:208} INFO - Processing /home/airflow/.local/lib/python3.12/site-packages/airflow/example_dags/example_branch_operator.py took 0.278 seconds
[2025-01-27T00:25:53.783+0000] {processor.py:186} INFO - Started process (PID=149) to work on /home/airflow/.local/lib/python3.12/site-packages/airflow/example_dags/example_branch_operator.py
[2025-01-27T00:25:53.784+0000] {processor.py:914} INFO - Processing file /home/airflow/.local/lib/python3.12/site-packages/airflow/example_dags/example_branch_operator.py for tasks to queue
[2025-01-27T00:25:53.786+0000] {logging_mixin.py:190} INFO - [2025-01-27T00:25:53.785+0000] {dagbag.py:588} INFO - Filling up the DagBag from /home/airflow/.local/lib/python3.12/site-packages/airflow/example_dags/example_branch_operator.py
[2025-01-27T00:25:53.804+0000] {processor.py:925} INFO - DAG(s) 'example_branch_operator' retrieved from /home/airflow/.local/lib/python3.12/site-packages/airflow/example_dags/example_branch_operator.py
[2025-01-27T00:25:53.834+0000] {logging_mixin.py:190} INFO - [2025-01-27T00:25:53.833+0000] {dag.py:3239} INFO - Sync 1 DAGs
[2025-01-27T00:25:53.859+0000] {logging_mixin.py:190} INFO - [2025-01-27T00:25:53.859+0000] {dag.py:4180} INFO - Setting next_dagrun for example_branch_operator to 2025-01-26 00:00:00+00:00, run_after=2025-01-27 00:00:00+00:00
[2025-01-27T00:25:53.879+0000] {processor.py:208} INFO - Processing /home/airflow/.local/lib/python3.12/site-packages/airflow/example_dags/example_branch_operator.py took 0.102 seconds
[2025-01-27T00:26:24.426+0000] {processor.py:186} INFO - Started process (PID=212) to work on /home/airflow/.local/lib/python3.12/site-packages/airflow/example_dags/example_branch_operator.py
[2025-01-27T00:26:24.427+0000] {processor.py:914} INFO - Processing file /home/airflow/.local/lib/python3.12/site-packages/airflow/example_dags/example_branch_operator.py for tasks to queue
[2025-01-27T00:26:24.429+0000] {logging_mixin.py:190} INFO - [2025-01-27T00:26:24.429+0000] {dagbag.py:588} INFO - Filling up the DagBag from /home/airflow/.local/lib/python3.12/site-packages/airflow/example_dags/example_branch_operator.py
[2025-01-27T00:26:24.447+0000] {processor.py:925} INFO - DAG(s) 'example_branch_operator' retrieved from /home/airflow/.local/lib/python3.12/site-packages/airflow/example_dags/example_branch_operator.py
[2025-01-27T00:26:24.476+0000] {logging_mixin.py:190} INFO - [2025-01-27T00:26:24.476+0000] {dag.py:3239} INFO - Sync 1 DAGs
[2025-01-27T00:26:24.502+0000] {logging_mixin.py:190} INFO - [2025-01-27T00:26:24.502+0000] {dag.py:4180} INFO - Setting next_dagrun for example_branch_operator to 2025-01-26 00:00:00+00:00, run_after=2025-01-27 00:00:00+00:00
[2025-01-27T00:26:24.520+0000] {processor.py:208} INFO - Processing /home/airflow/.local/lib/python3.12/site-packages/airflow/example_dags/example_branch_operator.py took 0.100 seconds
[2025-01-27T00:26:55.987+0000] {processor.py:186} INFO - Started process (PID=275) to work on /home/airflow/.local/lib/python3.12/site-packages/airflow/example_dags/example_branch_operator.py
[2025-01-27T00:26:55.989+0000] {processor.py:914} INFO - Processing file /home/airflow/.local/lib/python3.12/site-packages/airflow/example_dags/example_branch_operator.py for tasks to queue
[2025-01-27T00:26:55.992+0000] {logging_mixin.py:190} INFO - [2025-01-27T00:26:55.991+0000] {dagbag.py:588} INFO - Filling up the DagBag from /home/airflow/.local/lib/python3.12/site-packages/airflow/example_dags/example_branch_operator.py
[2025-01-27T00:26:56.015+0000] {processor.py:925} INFO - DAG(s) 'example_branch_operator' retrieved from /home/airflow/.local/lib/python3.12/site-packages/airflow/example_dags/example_branch_operator.py
[2025-01-27T00:26:56.047+0000] {logging_mixin.py:190} INFO - [2025-01-27T00:26:56.046+0000] {dag.py:3239} INFO - Sync 1 DAGs
[2025-01-27T00:26:56.073+0000] {logging_mixin.py:190} INFO - [2025-01-27T00:26:56.073+0000] {dag.py:4180} INFO - Setting next_dagrun for example_branch_operator to 2025-01-26 00:00:00+00:00, run_after=2025-01-27 00:00:00+00:00
[2025-01-27T00:26:56.098+0000] {processor.py:208} INFO - Processing /home/airflow/.local/lib/python3.12/site-packages/airflow/example_dags/example_branch_operator.py took 0.117 seconds
[2025-01-27T00:27:27.767+0000] {processor.py:186} INFO - Started process (PID=338) to work on /home/airflow/.local/lib/python3.12/site-packages/airflow/example_dags/example_branch_operator.py
[2025-01-27T00:27:27.768+0000] {processor.py:914} INFO - Processing file /home/airflow/.local/lib/python3.12/site-packages/airflow/example_dags/example_branch_operator.py for tasks to queue
[2025-01-27T00:27:27.770+0000] {logging_mixin.py:190} INFO - [2025-01-27T00:27:27.770+0000] {dagbag.py:588} INFO - Filling up the DagBag from /home/airflow/.local/lib/python3.12/site-packages/airflow/example_dags/example_branch_operator.py
[2025-01-27T00:27:27.788+0000] {processor.py:925} INFO - DAG(s) 'example_branch_operator' retrieved from /home/airflow/.local/lib/python3.12/site-packages/airflow/example_dags/example_branch_operator.py
[2025-01-27T00:27:27.817+0000] {logging_mixin.py:190} INFO - [2025-01-27T00:27:27.817+0000] {dag.py:3239} INFO - Sync 1 DAGs
[2025-01-27T00:27:27.841+0000] {logging_mixin.py:190} INFO - [2025-01-27T00:27:27.841+0000] {dag.py:4180} INFO - Setting next_dagrun for example_branch_operator to 2025-01-26 00:00:00+00:00, run_after=2025-01-27 00:00:00+00:00
[2025-01-27T00:27:27.862+0000] {processor.py:208} INFO - Processing /home/airflow/.local/lib/python3.12/site-packages/airflow/example_dags/example_branch_operator.py took 0.101 seconds
[2025-01-27T00:27:59.250+0000] {processor.py:186} INFO - Started process (PID=401) to work on /home/airflow/.local/lib/python3.12/site-packages/airflow/example_dags/example_branch_operator.py
[2025-01-27T00:27:59.251+0000] {processor.py:914} INFO - Processing file /home/airflow/.local/lib/python3.12/site-packages/airflow/example_dags/example_branch_operator.py for tasks to queue
[2025-01-27T00:27:59.257+0000] {logging_mixin.py:190} INFO - [2025-01-27T00:27:59.257+0000] {dagbag.py:588} INFO - Filling up the DagBag from /home/airflow/.local/lib/python3.12/site-packages/airflow/example_dags/example_branch_operator.py
[2025-01-27T00:27:59.286+0000] {processor.py:925} INFO - DAG(s) 'example_branch_operator' retrieved from /home/airflow/.local/lib/python3.12/site-packages/airflow/example_dags/example_branch_operator.py
[2025-01-27T00:27:59.330+0000] {logging_mixin.py:190} INFO - [2025-01-27T00:27:59.330+0000] {dag.py:3239} INFO - Sync 1 DAGs
[2025-01-27T00:27:59.357+0000] {logging_mixin.py:190} INFO - [2025-01-27T00:27:59.356+0000] {dag.py:4180} INFO - Setting next_dagrun for example_branch_operator to 2025-01-26 00:00:00+00:00, run_after=2025-01-27 00:00:00+00:00
[2025-01-27T00:27:59.382+0000] {processor.py:208} INFO - Processing /home/airflow/.local/lib/python3.12/site-packages/airflow/example_dags/example_branch_operator.py took 0.139 seconds
[2025-01-27T00:28:30.291+0000] {processor.py:186} INFO - Started process (PID=464) to work on /home/airflow/.local/lib/python3.12/site-packages/airflow/example_dags/example_branch_operator.py
[2025-01-27T00:28:30.292+0000] {processor.py:914} INFO - Processing file /home/airflow/.local/lib/python3.12/site-packages/airflow/example_dags/example_branch_operator.py for tasks to queue
[2025-01-27T00:28:30.295+0000] {logging_mixin.py:190} INFO - [2025-01-27T00:28:30.295+0000] {dagbag.py:588} INFO - Filling up the DagBag from /home/airflow/.local/lib/python3.12/site-packages/airflow/example_dags/example_branch_operator.py
[2025-01-27T00:28:30.321+0000] {processor.py:925} INFO - DAG(s) 'example_branch_operator' retrieved from /home/airflow/.local/lib/python3.12/site-packages/airflow/example_dags/example_branch_operator.py
[2025-01-27T00:28:30.354+0000] {logging_mixin.py:190} INFO - [2025-01-27T00:28:30.354+0000] {dag.py:3239} INFO - Sync 1 DAGs
[2025-01-27T00:28:30.383+0000] {logging_mixin.py:190} INFO - [2025-01-27T00:28:30.383+0000] {dag.py:4180} INFO - Setting next_dagrun for example_branch_operator to 2025-01-26 00:00:00+00:00, run_after=2025-01-27 00:00:00+00:00
[2025-01-27T00:28:30.407+0000] {processor.py:208} INFO - Processing /home/airflow/.local/lib/python3.12/site-packages/airflow/example_dags/example_branch_operator.py took 0.122 seconds
[2025-01-27T00:29:01.472+0000] {processor.py:186} INFO - Started process (PID=527) to work on /home/airflow/.local/lib/python3.12/site-packages/airflow/example_dags/example_branch_operator.py
[2025-01-27T00:29:01.473+0000] {processor.py:914} INFO - Processing file /home/airflow/.local/lib/python3.12/site-packages/airflow/example_dags/example_branch_operator.py for tasks to queue
[2025-01-27T00:29:01.475+0000] {logging_mixin.py:190} INFO - [2025-01-27T00:29:01.475+0000] {dagbag.py:588} INFO - Filling up the DagBag from /home/airflow/.local/lib/python3.12/site-packages/airflow/example_dags/example_branch_operator.py
[2025-01-27T00:29:01.493+0000] {processor.py:925} INFO - DAG(s) 'example_branch_operator' retrieved from /home/airflow/.local/lib/python3.12/site-packages/airflow/example_dags/example_branch_operator.py
[2025-01-27T00:29:01.525+0000] {logging_mixin.py:190} INFO - [2025-01-27T00:29:01.525+0000] {dag.py:3239} INFO - Sync 1 DAGs
[2025-01-27T00:29:01.557+0000] {logging_mixin.py:190} INFO - [2025-01-27T00:29:01.556+0000] {dag.py:4180} INFO - Setting next_dagrun for example_branch_operator to 2025-01-26 00:00:00+00:00, run_after=2025-01-27 00:00:00+00:00
[2025-01-27T00:29:01.584+0000] {processor.py:208} INFO - Processing /home/airflow/.local/lib/python3.12/site-packages/airflow/example_dags/example_branch_operator.py took 0.120 seconds
[2025-01-27T00:29:32.896+0000] {processor.py:186} INFO - Started process (PID=590) to work on /home/airflow/.local/lib/python3.12/site-packages/airflow/example_dags/example_branch_operator.py
[2025-01-27T00:29:32.897+0000] {processor.py:914} INFO - Processing file /home/airflow/.local/lib/python3.12/site-packages/airflow/example_dags/example_branch_operator.py for tasks to queue
[2025-01-27T00:29:32.899+0000] {logging_mixin.py:190} INFO - [2025-01-27T00:29:32.899+0000] {dagbag.py:588} INFO - Filling up the DagBag from /home/airflow/.local/lib/python3.12/site-packages/airflow/example_dags/example_branch_operator.py
[2025-01-27T00:29:32.919+0000] {processor.py:925} INFO - DAG(s) 'example_branch_operator' retrieved from /home/airflow/.local/lib/python3.12/site-packages/airflow/example_dags/example_branch_operator.py
[2025-01-27T00:29:32.950+0000] {logging_mixin.py:190} INFO - [2025-01-27T00:29:32.950+0000] {dag.py:3239} INFO - Sync 1 DAGs
[2025-01-27T00:29:32.978+0000] {logging_mixin.py:190} INFO - [2025-01-27T00:29:32.978+0000] {dag.py:4180} INFO - Setting next_dagrun for example_branch_operator to 2025-01-26 00:00:00+00:00, run_after=2025-01-27 00:00:00+00:00
[2025-01-27T00:29:33.002+0000] {processor.py:208} INFO - Processing /home/airflow/.local/lib/python3.12/site-packages/airflow/example_dags/example_branch_operator.py took 0.112 seconds
[2025-01-27T00:30:03.808+0000] {processor.py:186} INFO - Started process (PID=654) to work on /home/airflow/.local/lib/python3.12/site-packages/airflow/example_dags/example_branch_operator.py
[2025-01-27T00:30:03.809+0000] {processor.py:914} INFO - Processing file /home/airflow/.local/lib/python3.12/site-packages/airflow/example_dags/example_branch_operator.py for tasks to queue
[2025-01-27T00:30:03.812+0000] {logging_mixin.py:190} INFO - [2025-01-27T00:30:03.812+0000] {dagbag.py:588} INFO - Filling up the DagBag from /home/airflow/.local/lib/python3.12/site-packages/airflow/example_dags/example_branch_operator.py
[2025-01-27T00:30:03.832+0000] {processor.py:925} INFO - DAG(s) 'example_branch_operator' retrieved from /home/airflow/.local/lib/python3.12/site-packages/airflow/example_dags/example_branch_operator.py
[2025-01-27T00:30:03.862+0000] {logging_mixin.py:190} INFO - [2025-01-27T00:30:03.862+0000] {dag.py:3239} INFO - Sync 1 DAGs
[2025-01-27T00:30:03.887+0000] {logging_mixin.py:190} INFO - [2025-01-27T00:30:03.887+0000] {dag.py:4180} INFO - Setting next_dagrun for example_branch_operator to 2025-01-26 00:00:00+00:00, run_after=2025-01-27 00:00:00+00:00
[2025-01-27T00:30:03.908+0000] {processor.py:208} INFO - Processing /home/airflow/.local/lib/python3.12/site-packages/airflow/example_dags/example_branch_operator.py took 0.106 seconds
[2025-01-27T00:30:35.682+0000] {processor.py:186} INFO - Started process (PID=717) to work on /home/airflow/.local/lib/python3.12/site-packages/airflow/example_dags/example_branch_operator.py
[2025-01-27T00:30:35.683+0000] {processor.py:914} INFO - Processing file /home/airflow/.local/lib/python3.12/site-packages/airflow/example_dags/example_branch_operator.py for tasks to queue
[2025-01-27T00:30:35.686+0000] {logging_mixin.py:190} INFO - [2025-01-27T00:30:35.685+0000] {dagbag.py:588} INFO - Filling up the DagBag from /home/airflow/.local/lib/python3.12/site-packages/airflow/example_dags/example_branch_operator.py
[2025-01-27T00:30:35.705+0000] {processor.py:925} INFO - DAG(s) 'example_branch_operator' retrieved from /home/airflow/.local/lib/python3.12/site-packages/airflow/example_dags/example_branch_operator.py
[2025-01-27T00:30:35.737+0000] {logging_mixin.py:190} INFO - [2025-01-27T00:30:35.737+0000] {dag.py:3239} INFO - Sync 1 DAGs
[2025-01-27T00:30:35.770+0000] {logging_mixin.py:190} INFO - [2025-01-27T00:30:35.769+0000] {dag.py:4180} INFO - Setting next_dagrun for example_branch_operator to 2025-01-26 00:00:00+00:00, run_after=2025-01-27 00:00:00+00:00
[2025-01-27T00:30:35.793+0000] {processor.py:208} INFO - Processing /home/airflow/.local/lib/python3.12/site-packages/airflow/example_dags/example_branch_operator.py took 0.116 seconds
[2025-01-27T00:31:07.130+0000] {processor.py:186} INFO - Started process (PID=780) to work on /home/airflow/.local/lib/python3.12/site-packages/airflow/example_dags/example_branch_operator.py
[2025-01-27T00:31:07.131+0000] {processor.py:914} INFO - Processing file /home/airflow/.local/lib/python3.12/site-packages/airflow/example_dags/example_branch_operator.py for tasks to queue
[2025-01-27T00:31:07.133+0000] {logging_mixin.py:190} INFO - [2025-01-27T00:31:07.133+0000] {dagbag.py:588} INFO - Filling up the DagBag from /home/airflow/.local/lib/python3.12/site-packages/airflow/example_dags/example_branch_operator.py
[2025-01-27T00:31:07.153+0000] {processor.py:925} INFO - DAG(s) 'example_branch_operator' retrieved from /home/airflow/.local/lib/python3.12/site-packages/airflow/example_dags/example_branch_operator.py
[2025-01-27T00:31:07.189+0000] {logging_mixin.py:190} INFO - [2025-01-27T00:31:07.188+0000] {dag.py:3239} INFO - Sync 1 DAGs
[2025-01-27T00:31:07.219+0000] {logging_mixin.py:190} INFO - [2025-01-27T00:31:07.219+0000] {dag.py:4180} INFO - Setting next_dagrun for example_branch_operator to 2025-01-26 00:00:00+00:00, run_after=2025-01-27 00:00:00+00:00
[2025-01-27T00:31:07.241+0000] {processor.py:208} INFO - Processing /home/airflow/.local/lib/python3.12/site-packages/airflow/example_dags/example_branch_operator.py took 0.117 seconds
[2025-01-27T00:31:37.853+0000] {processor.py:186} INFO - Started process (PID=843) to work on /home/airflow/.local/lib/python3.12/site-packages/airflow/example_dags/example_branch_operator.py
[2025-01-27T00:31:37.854+0000] {processor.py:914} INFO - Processing file /home/airflow/.local/lib/python3.12/site-packages/airflow/example_dags/example_branch_operator.py for tasks to queue
[2025-01-27T00:31:37.856+0000] {logging_mixin.py:190} INFO - [2025-01-27T00:31:37.856+0000] {dagbag.py:588} INFO - Filling up the DagBag from /home/airflow/.local/lib/python3.12/site-packages/airflow/example_dags/example_branch_operator.py
[2025-01-27T00:31:37.874+0000] {processor.py:925} INFO - DAG(s) 'example_branch_operator' retrieved from /home/airflow/.local/lib/python3.12/site-packages/airflow/example_dags/example_branch_operator.py
[2025-01-27T00:31:37.904+0000] {logging_mixin.py:190} INFO - [2025-01-27T00:31:37.904+0000] {dag.py:3239} INFO - Sync 1 DAGs
[2025-01-27T00:31:37.928+0000] {logging_mixin.py:190} INFO - [2025-01-27T00:31:37.928+0000] {dag.py:4180} INFO - Setting next_dagrun for example_branch_operator to 2025-01-26 00:00:00+00:00, run_after=2025-01-27 00:00:00+00:00
[2025-01-27T00:31:37.947+0000] {processor.py:208} INFO - Processing /home/airflow/.local/lib/python3.12/site-packages/airflow/example_dags/example_branch_operator.py took 0.099 seconds
[2025-01-27T00:32:09.430+0000] {processor.py:186} INFO - Started process (PID=906) to work on /home/airflow/.local/lib/python3.12/site-packages/airflow/example_dags/example_branch_operator.py
[2025-01-27T00:32:09.431+0000] {processor.py:914} INFO - Processing file /home/airflow/.local/lib/python3.12/site-packages/airflow/example_dags/example_branch_operator.py for tasks to queue
[2025-01-27T00:32:09.433+0000] {logging_mixin.py:190} INFO - [2025-01-27T00:32:09.432+0000] {dagbag.py:588} INFO - Filling up the DagBag from /home/airflow/.local/lib/python3.12/site-packages/airflow/example_dags/example_branch_operator.py
[2025-01-27T00:32:09.451+0000] {processor.py:925} INFO - DAG(s) 'example_branch_operator' retrieved from /home/airflow/.local/lib/python3.12/site-packages/airflow/example_dags/example_branch_operator.py
[2025-01-27T00:32:09.482+0000] {logging_mixin.py:190} INFO - [2025-01-27T00:32:09.482+0000] {dag.py:3239} INFO - Sync 1 DAGs
[2025-01-27T00:32:09.507+0000] {logging_mixin.py:190} INFO - [2025-01-27T00:32:09.507+0000] {dag.py:4180} INFO - Setting next_dagrun for example_branch_operator to 2025-01-26 00:00:00+00:00, run_after=2025-01-27 00:00:00+00:00
[2025-01-27T00:32:09.526+0000] {processor.py:208} INFO - Processing /home/airflow/.local/lib/python3.12/site-packages/airflow/example_dags/example_branch_operator.py took 0.102 seconds
[2025-01-27T00:32:40.356+0000] {processor.py:186} INFO - Started process (PID=969) to work on /home/airflow/.local/lib/python3.12/site-packages/airflow/example_dags/example_branch_operator.py
[2025-01-27T00:32:40.357+0000] {processor.py:914} INFO - Processing file /home/airflow/.local/lib/python3.12/site-packages/airflow/example_dags/example_branch_operator.py for tasks to queue
[2025-01-27T00:32:40.360+0000] {logging_mixin.py:190} INFO - [2025-01-27T00:32:40.359+0000] {dagbag.py:588} INFO - Filling up the DagBag from /home/airflow/.local/lib/python3.12/site-packages/airflow/example_dags/example_branch_operator.py
[2025-01-27T00:32:40.377+0000] {processor.py:925} INFO - DAG(s) 'example_branch_operator' retrieved from /home/airflow/.local/lib/python3.12/site-packages/airflow/example_dags/example_branch_operator.py
[2025-01-27T00:32:40.405+0000] {logging_mixin.py:190} INFO - [2025-01-27T00:32:40.405+0000] {dag.py:3239} INFO - Sync 1 DAGs
[2025-01-27T00:32:40.430+0000] {logging_mixin.py:190} INFO - [2025-01-27T00:32:40.429+0000] {dag.py:4180} INFO - Setting next_dagrun for example_branch_operator to 2025-01-26 00:00:00+00:00, run_after=2025-01-27 00:00:00+00:00
[2025-01-27T00:32:40.449+0000] {processor.py:208} INFO - Processing /home/airflow/.local/lib/python3.12/site-packages/airflow/example_dags/example_branch_operator.py took 0.098 seconds
[2025-01-27T00:33:11.727+0000] {processor.py:186} INFO - Started process (PID=1032) to work on /home/airflow/.local/lib/python3.12/site-packages/airflow/example_dags/example_branch_operator.py
[2025-01-27T00:33:11.728+0000] {processor.py:914} INFO - Processing file /home/airflow/.local/lib/python3.12/site-packages/airflow/example_dags/example_branch_operator.py for tasks to queue
[2025-01-27T00:33:11.731+0000] {logging_mixin.py:190} INFO - [2025-01-27T00:33:11.730+0000] {dagbag.py:588} INFO - Filling up the DagBag from /home/airflow/.local/lib/python3.12/site-packages/airflow/example_dags/example_branch_operator.py
[2025-01-27T00:33:11.755+0000] {processor.py:925} INFO - DAG(s) 'example_branch_operator' retrieved from /home/airflow/.local/lib/python3.12/site-packages/airflow/example_dags/example_branch_operator.py
[2025-01-27T00:33:11.785+0000] {logging_mixin.py:190} INFO - [2025-01-27T00:33:11.785+0000] {dag.py:3239} INFO - Sync 1 DAGs
[2025-01-27T00:33:11.813+0000] {logging_mixin.py:190} INFO - [2025-01-27T00:33:11.813+0000] {dag.py:4180} INFO - Setting next_dagrun for example_branch_operator to 2025-01-26 00:00:00+00:00, run_after=2025-01-27 00:00:00+00:00
[2025-01-27T00:33:11.838+0000] {processor.py:208} INFO - Processing /home/airflow/.local/lib/python3.12/site-packages/airflow/example_dags/example_branch_operator.py took 0.117 seconds
[2025-01-27T00:33:42.855+0000] {processor.py:186} INFO - Started process (PID=1095) to work on /home/airflow/.local/lib/python3.12/site-packages/airflow/example_dags/example_branch_operator.py
[2025-01-27T00:33:42.856+0000] {processor.py:914} INFO - Processing file /home/airflow/.local/lib/python3.12/site-packages/airflow/example_dags/example_branch_operator.py for tasks to queue
[2025-01-27T00:33:42.858+0000] {logging_mixin.py:190} INFO - [2025-01-27T00:33:42.858+0000] {dagbag.py:588} INFO - Filling up the DagBag from /home/airflow/.local/lib/python3.12/site-packages/airflow/example_dags/example_branch_operator.py
[2025-01-27T00:33:42.876+0000] {processor.py:925} INFO - DAG(s) 'example_branch_operator' retrieved from /home/airflow/.local/lib/python3.12/site-packages/airflow/example_dags/example_branch_operator.py
[2025-01-27T00:33:42.905+0000] {logging_mixin.py:190} INFO - [2025-01-27T00:33:42.905+0000] {dag.py:3239} INFO - Sync 1 DAGs
[2025-01-27T00:33:42.929+0000] {logging_mixin.py:190} INFO - [2025-01-27T00:33:42.929+0000] {dag.py:4180} INFO - Setting next_dagrun for example_branch_operator to 2025-01-26 00:00:00+00:00, run_after=2025-01-27 00:00:00+00:00
[2025-01-27T00:33:42.950+0000] {processor.py:208} INFO - Processing /home/airflow/.local/lib/python3.12/site-packages/airflow/example_dags/example_branch_operator.py took 0.101 seconds
[2025-01-27T00:34:14.681+0000] {processor.py:186} INFO - Started process (PID=1158) to work on /home/airflow/.local/lib/python3.12/site-packages/airflow/example_dags/example_branch_operator.py
[2025-01-27T00:34:14.682+0000] {processor.py:914} INFO - Processing file /home/airflow/.local/lib/python3.12/site-packages/airflow/example_dags/example_branch_operator.py for tasks to queue
[2025-01-27T00:34:14.684+0000] {logging_mixin.py:190} INFO - [2025-01-27T00:34:14.684+0000] {dagbag.py:588} INFO - Filling up the DagBag from /home/airflow/.local/lib/python3.12/site-packages/airflow/example_dags/example_branch_operator.py
[2025-01-27T00:34:14.701+0000] {processor.py:925} INFO - DAG(s) 'example_branch_operator' retrieved from /home/airflow/.local/lib/python3.12/site-packages/airflow/example_dags/example_branch_operator.py
[2025-01-27T00:34:14.729+0000] {logging_mixin.py:190} INFO - [2025-01-27T00:34:14.729+0000] {dag.py:3239} INFO - Sync 1 DAGs
[2025-01-27T00:34:14.754+0000] {logging_mixin.py:190} INFO - [2025-01-27T00:34:14.754+0000] {dag.py:4180} INFO - Setting next_dagrun for example_branch_operator to 2025-01-26 00:00:00+00:00, run_after=2025-01-27 00:00:00+00:00
[2025-01-27T00:34:14.775+0000] {processor.py:208} INFO - Processing /home/airflow/.local/lib/python3.12/site-packages/airflow/example_dags/example_branch_operator.py took 0.100 seconds
