[2025-01-27T00:25:22.462+0000] {processor.py:186} INFO - Started process (PID=85) to work on /home/airflow/.local/lib/python3.12/site-packages/airflow/example_dags/example_branch_python_dop_operator_3.py
[2025-01-27T00:25:22.463+0000] {processor.py:914} INFO - Processing file /home/airflow/.local/lib/python3.12/site-packages/airflow/example_dags/example_branch_python_dop_operator_3.py for tasks to queue
[2025-01-27T00:25:22.466+0000] {logging_mixin.py:190} INFO - [2025-01-27T00:25:22.465+0000] {dagbag.py:588} INFO - Filling up the DagBag from /home/airflow/.local/lib/python3.12/site-packages/airflow/example_dags/example_branch_python_dop_operator_3.py
[2025-01-27T00:25:22.479+0000] {processor.py:925} INFO - DAG(s) 'example_branch_dop_operator_v3' retrieved from /home/airflow/.local/lib/python3.12/site-packages/airflow/example_dags/example_branch_python_dop_operator_3.py
[2025-01-27T00:25:22.602+0000] {logging_mixin.py:190} INFO - [2025-01-27T00:25:22.601+0000] {override.py:1911} INFO - Created Permission View: can read on DAG:example_branch_dop_operator_v3
[2025-01-27T00:25:22.618+0000] {logging_mixin.py:190} INFO - [2025-01-27T00:25:22.617+0000] {override.py:1911} INFO - Created Permission View: can edit on DAG:example_branch_dop_operator_v3
[2025-01-27T00:25:22.627+0000] {logging_mixin.py:190} INFO - [2025-01-27T00:25:22.627+0000] {override.py:1911} INFO - Created Permission View: can delete on DAG:example_branch_dop_operator_v3
[2025-01-27T00:25:22.641+0000] {logging_mixin.py:190} INFO - [2025-01-27T00:25:22.640+0000] {override.py:1911} INFO - Created Permission View: can delete on DAG Run:example_branch_dop_operator_v3
[2025-01-27T00:25:22.650+0000] {logging_mixin.py:190} INFO - [2025-01-27T00:25:22.649+0000] {override.py:1911} INFO - Created Permission View: menu access on DAG Run:example_branch_dop_operator_v3
[2025-01-27T00:25:22.659+0000] {logging_mixin.py:190} INFO - [2025-01-27T00:25:22.659+0000] {override.py:1911} INFO - Created Permission View: can read on DAG Run:example_branch_dop_operator_v3
[2025-01-27T00:25:22.669+0000] {logging_mixin.py:190} INFO - [2025-01-27T00:25:22.668+0000] {override.py:1911} INFO - Created Permission View: can create on DAG Run:example_branch_dop_operator_v3
[2025-01-27T00:25:22.670+0000] {logging_mixin.py:190} INFO - [2025-01-27T00:25:22.669+0000] {dag.py:3239} INFO - Sync 1 DAGs
[2025-01-27T00:25:22.683+0000] {logging_mixin.py:190} INFO - [2025-01-27T00:25:22.683+0000] {dag.py:3262} INFO - Creating ORM DAG for example_branch_dop_operator_v3
[2025-01-27T00:25:22.698+0000] {logging_mixin.py:190} INFO - [2025-01-27T00:25:22.697+0000] {dag.py:4180} INFO - Setting next_dagrun for example_branch_dop_operator_v3 to 2025-01-27 00:24:00+00:00, run_after=2025-01-27 00:25:00+00:00
[2025-01-27T00:25:22.717+0000] {processor.py:208} INFO - Processing /home/airflow/.local/lib/python3.12/site-packages/airflow/example_dags/example_branch_python_dop_operator_3.py took 0.262 seconds
[2025-01-27T00:25:53.525+0000] {processor.py:186} INFO - Started process (PID=147) to work on /home/airflow/.local/lib/python3.12/site-packages/airflow/example_dags/example_branch_python_dop_operator_3.py
[2025-01-27T00:25:53.526+0000] {processor.py:914} INFO - Processing file /home/airflow/.local/lib/python3.12/site-packages/airflow/example_dags/example_branch_python_dop_operator_3.py for tasks to queue
[2025-01-27T00:25:53.529+0000] {logging_mixin.py:190} INFO - [2025-01-27T00:25:53.528+0000] {dagbag.py:588} INFO - Filling up the DagBag from /home/airflow/.local/lib/python3.12/site-packages/airflow/example_dags/example_branch_python_dop_operator_3.py
[2025-01-27T00:25:53.539+0000] {processor.py:925} INFO - DAG(s) 'example_branch_dop_operator_v3' retrieved from /home/airflow/.local/lib/python3.12/site-packages/airflow/example_dags/example_branch_python_dop_operator_3.py
[2025-01-27T00:25:53.558+0000] {logging_mixin.py:190} INFO - [2025-01-27T00:25:53.558+0000] {dag.py:3239} INFO - Sync 1 DAGs
[2025-01-27T00:25:53.585+0000] {logging_mixin.py:190} INFO - [2025-01-27T00:25:53.584+0000] {dag.py:4180} INFO - Setting next_dagrun for example_branch_dop_operator_v3 to 2025-01-27 00:24:00+00:00, run_after=2025-01-27 00:25:00+00:00
[2025-01-27T00:25:53.603+0000] {processor.py:208} INFO - Processing /home/airflow/.local/lib/python3.12/site-packages/airflow/example_dags/example_branch_python_dop_operator_3.py took 0.084 seconds
[2025-01-27T00:26:24.311+0000] {processor.py:186} INFO - Started process (PID=210) to work on /home/airflow/.local/lib/python3.12/site-packages/airflow/example_dags/example_branch_python_dop_operator_3.py
[2025-01-27T00:26:24.312+0000] {processor.py:914} INFO - Processing file /home/airflow/.local/lib/python3.12/site-packages/airflow/example_dags/example_branch_python_dop_operator_3.py for tasks to queue
[2025-01-27T00:26:24.314+0000] {logging_mixin.py:190} INFO - [2025-01-27T00:26:24.314+0000] {dagbag.py:588} INFO - Filling up the DagBag from /home/airflow/.local/lib/python3.12/site-packages/airflow/example_dags/example_branch_python_dop_operator_3.py
[2025-01-27T00:26:24.324+0000] {processor.py:925} INFO - DAG(s) 'example_branch_dop_operator_v3' retrieved from /home/airflow/.local/lib/python3.12/site-packages/airflow/example_dags/example_branch_python_dop_operator_3.py
[2025-01-27T00:26:24.343+0000] {logging_mixin.py:190} INFO - [2025-01-27T00:26:24.343+0000] {dag.py:3239} INFO - Sync 1 DAGs
[2025-01-27T00:26:24.370+0000] {logging_mixin.py:190} INFO - [2025-01-27T00:26:24.370+0000] {dag.py:4180} INFO - Setting next_dagrun for example_branch_dop_operator_v3 to 2025-01-27 00:25:00+00:00, run_after=2025-01-27 00:26:00+00:00
[2025-01-27T00:26:24.391+0000] {processor.py:208} INFO - Processing /home/airflow/.local/lib/python3.12/site-packages/airflow/example_dags/example_branch_python_dop_operator_3.py took 0.086 seconds
[2025-01-27T00:26:55.849+0000] {processor.py:186} INFO - Started process (PID=273) to work on /home/airflow/.local/lib/python3.12/site-packages/airflow/example_dags/example_branch_python_dop_operator_3.py
[2025-01-27T00:26:55.850+0000] {processor.py:914} INFO - Processing file /home/airflow/.local/lib/python3.12/site-packages/airflow/example_dags/example_branch_python_dop_operator_3.py for tasks to queue
[2025-01-27T00:26:55.853+0000] {logging_mixin.py:190} INFO - [2025-01-27T00:26:55.852+0000] {dagbag.py:588} INFO - Filling up the DagBag from /home/airflow/.local/lib/python3.12/site-packages/airflow/example_dags/example_branch_python_dop_operator_3.py
[2025-01-27T00:26:55.863+0000] {processor.py:925} INFO - DAG(s) 'example_branch_dop_operator_v3' retrieved from /home/airflow/.local/lib/python3.12/site-packages/airflow/example_dags/example_branch_python_dop_operator_3.py
[2025-01-27T00:26:55.885+0000] {logging_mixin.py:190} INFO - [2025-01-27T00:26:55.885+0000] {dag.py:3239} INFO - Sync 1 DAGs
[2025-01-27T00:26:55.912+0000] {logging_mixin.py:190} INFO - [2025-01-27T00:26:55.912+0000] {dag.py:4180} INFO - Setting next_dagrun for example_branch_dop_operator_v3 to 2025-01-27 00:25:00+00:00, run_after=2025-01-27 00:26:00+00:00
[2025-01-27T00:26:55.932+0000] {processor.py:208} INFO - Processing /home/airflow/.local/lib/python3.12/site-packages/airflow/example_dags/example_branch_python_dop_operator_3.py took 0.090 seconds
[2025-01-27T00:27:27.505+0000] {processor.py:186} INFO - Started process (PID=336) to work on /home/airflow/.local/lib/python3.12/site-packages/airflow/example_dags/example_branch_python_dop_operator_3.py
[2025-01-27T00:27:27.506+0000] {processor.py:914} INFO - Processing file /home/airflow/.local/lib/python3.12/site-packages/airflow/example_dags/example_branch_python_dop_operator_3.py for tasks to queue
[2025-01-27T00:27:27.508+0000] {logging_mixin.py:190} INFO - [2025-01-27T00:27:27.508+0000] {dagbag.py:588} INFO - Filling up the DagBag from /home/airflow/.local/lib/python3.12/site-packages/airflow/example_dags/example_branch_python_dop_operator_3.py
[2025-01-27T00:27:27.518+0000] {processor.py:925} INFO - DAG(s) 'example_branch_dop_operator_v3' retrieved from /home/airflow/.local/lib/python3.12/site-packages/airflow/example_dags/example_branch_python_dop_operator_3.py
[2025-01-27T00:27:27.537+0000] {logging_mixin.py:190} INFO - [2025-01-27T00:27:27.537+0000] {dag.py:3239} INFO - Sync 1 DAGs
[2025-01-27T00:27:27.564+0000] {logging_mixin.py:190} INFO - [2025-01-27T00:27:27.564+0000] {dag.py:4180} INFO - Setting next_dagrun for example_branch_dop_operator_v3 to 2025-01-27 00:26:00+00:00, run_after=2025-01-27 00:27:00+00:00
[2025-01-27T00:27:27.585+0000] {processor.py:208} INFO - Processing /home/airflow/.local/lib/python3.12/site-packages/airflow/example_dags/example_branch_python_dop_operator_3.py took 0.086 seconds
[2025-01-27T00:27:58.954+0000] {processor.py:186} INFO - Started process (PID=399) to work on /home/airflow/.local/lib/python3.12/site-packages/airflow/example_dags/example_branch_python_dop_operator_3.py
[2025-01-27T00:27:58.955+0000] {processor.py:914} INFO - Processing file /home/airflow/.local/lib/python3.12/site-packages/airflow/example_dags/example_branch_python_dop_operator_3.py for tasks to queue
[2025-01-27T00:27:58.958+0000] {logging_mixin.py:190} INFO - [2025-01-27T00:27:58.957+0000] {dagbag.py:588} INFO - Filling up the DagBag from /home/airflow/.local/lib/python3.12/site-packages/airflow/example_dags/example_branch_python_dop_operator_3.py
[2025-01-27T00:27:58.968+0000] {processor.py:925} INFO - DAG(s) 'example_branch_dop_operator_v3' retrieved from /home/airflow/.local/lib/python3.12/site-packages/airflow/example_dags/example_branch_python_dop_operator_3.py
[2025-01-27T00:27:58.991+0000] {logging_mixin.py:190} INFO - [2025-01-27T00:27:58.990+0000] {dag.py:3239} INFO - Sync 1 DAGs
[2025-01-27T00:27:59.020+0000] {logging_mixin.py:190} INFO - [2025-01-27T00:27:59.019+0000] {dag.py:4180} INFO - Setting next_dagrun for example_branch_dop_operator_v3 to 2025-01-27 00:26:00+00:00, run_after=2025-01-27 00:27:00+00:00
[2025-01-27T00:27:59.045+0000] {processor.py:208} INFO - Processing /home/airflow/.local/lib/python3.12/site-packages/airflow/example_dags/example_branch_python_dop_operator_3.py took 0.097 seconds
[2025-01-27T00:28:29.998+0000] {processor.py:186} INFO - Started process (PID=462) to work on /home/airflow/.local/lib/python3.12/site-packages/airflow/example_dags/example_branch_python_dop_operator_3.py
[2025-01-27T00:28:29.999+0000] {processor.py:914} INFO - Processing file /home/airflow/.local/lib/python3.12/site-packages/airflow/example_dags/example_branch_python_dop_operator_3.py for tasks to queue
[2025-01-27T00:28:30.002+0000] {logging_mixin.py:190} INFO - [2025-01-27T00:28:30.002+0000] {dagbag.py:588} INFO - Filling up the DagBag from /home/airflow/.local/lib/python3.12/site-packages/airflow/example_dags/example_branch_python_dop_operator_3.py
[2025-01-27T00:28:30.014+0000] {processor.py:925} INFO - DAG(s) 'example_branch_dop_operator_v3' retrieved from /home/airflow/.local/lib/python3.12/site-packages/airflow/example_dags/example_branch_python_dop_operator_3.py
[2025-01-27T00:28:30.036+0000] {logging_mixin.py:190} INFO - [2025-01-27T00:28:30.035+0000] {dag.py:3239} INFO - Sync 1 DAGs
[2025-01-27T00:28:30.064+0000] {logging_mixin.py:190} INFO - [2025-01-27T00:28:30.064+0000] {dag.py:4180} INFO - Setting next_dagrun for example_branch_dop_operator_v3 to 2025-01-27 00:27:00+00:00, run_after=2025-01-27 00:28:00+00:00
[2025-01-27T00:28:30.087+0000] {processor.py:208} INFO - Processing /home/airflow/.local/lib/python3.12/site-packages/airflow/example_dags/example_branch_python_dop_operator_3.py took 0.095 seconds
[2025-01-27T00:29:01.317+0000] {processor.py:186} INFO - Started process (PID=525) to work on /home/airflow/.local/lib/python3.12/site-packages/airflow/example_dags/example_branch_python_dop_operator_3.py
[2025-01-27T00:29:01.318+0000] {processor.py:914} INFO - Processing file /home/airflow/.local/lib/python3.12/site-packages/airflow/example_dags/example_branch_python_dop_operator_3.py for tasks to queue
[2025-01-27T00:29:01.321+0000] {logging_mixin.py:190} INFO - [2025-01-27T00:29:01.321+0000] {dagbag.py:588} INFO - Filling up the DagBag from /home/airflow/.local/lib/python3.12/site-packages/airflow/example_dags/example_branch_python_dop_operator_3.py
[2025-01-27T00:29:01.332+0000] {processor.py:925} INFO - DAG(s) 'example_branch_dop_operator_v3' retrieved from /home/airflow/.local/lib/python3.12/site-packages/airflow/example_dags/example_branch_python_dop_operator_3.py
[2025-01-27T00:29:01.354+0000] {logging_mixin.py:190} INFO - [2025-01-27T00:29:01.353+0000] {dag.py:3239} INFO - Sync 1 DAGs
[2025-01-27T00:29:01.385+0000] {logging_mixin.py:190} INFO - [2025-01-27T00:29:01.384+0000] {dag.py:4180} INFO - Setting next_dagrun for example_branch_dop_operator_v3 to 2025-01-27 00:28:00+00:00, run_after=2025-01-27 00:29:00+00:00
[2025-01-27T00:29:01.412+0000] {processor.py:208} INFO - Processing /home/airflow/.local/lib/python3.12/site-packages/airflow/example_dags/example_branch_python_dop_operator_3.py took 0.104 seconds
[2025-01-27T00:29:32.565+0000] {processor.py:186} INFO - Started process (PID=588) to work on /home/airflow/.local/lib/python3.12/site-packages/airflow/example_dags/example_branch_python_dop_operator_3.py
[2025-01-27T00:29:32.567+0000] {processor.py:914} INFO - Processing file /home/airflow/.local/lib/python3.12/site-packages/airflow/example_dags/example_branch_python_dop_operator_3.py for tasks to queue
[2025-01-27T00:29:32.570+0000] {logging_mixin.py:190} INFO - [2025-01-27T00:29:32.570+0000] {dagbag.py:588} INFO - Filling up the DagBag from /home/airflow/.local/lib/python3.12/site-packages/airflow/example_dags/example_branch_python_dop_operator_3.py
[2025-01-27T00:29:32.580+0000] {processor.py:925} INFO - DAG(s) 'example_branch_dop_operator_v3' retrieved from /home/airflow/.local/lib/python3.12/site-packages/airflow/example_dags/example_branch_python_dop_operator_3.py
[2025-01-27T00:29:32.602+0000] {logging_mixin.py:190} INFO - [2025-01-27T00:29:32.601+0000] {dag.py:3239} INFO - Sync 1 DAGs
[2025-01-27T00:29:32.645+0000] {logging_mixin.py:190} INFO - [2025-01-27T00:29:32.644+0000] {dag.py:4180} INFO - Setting next_dagrun for example_branch_dop_operator_v3 to 2025-01-27 00:28:00+00:00, run_after=2025-01-27 00:29:00+00:00
[2025-01-27T00:29:32.670+0000] {processor.py:208} INFO - Processing /home/airflow/.local/lib/python3.12/site-packages/airflow/example_dags/example_branch_python_dop_operator_3.py took 0.111 seconds
[2025-01-27T00:30:03.651+0000] {processor.py:186} INFO - Started process (PID=652) to work on /home/airflow/.local/lib/python3.12/site-packages/airflow/example_dags/example_branch_python_dop_operator_3.py
[2025-01-27T00:30:03.652+0000] {processor.py:914} INFO - Processing file /home/airflow/.local/lib/python3.12/site-packages/airflow/example_dags/example_branch_python_dop_operator_3.py for tasks to queue
[2025-01-27T00:30:03.654+0000] {logging_mixin.py:190} INFO - [2025-01-27T00:30:03.654+0000] {dagbag.py:588} INFO - Filling up the DagBag from /home/airflow/.local/lib/python3.12/site-packages/airflow/example_dags/example_branch_python_dop_operator_3.py
[2025-01-27T00:30:03.665+0000] {processor.py:925} INFO - DAG(s) 'example_branch_dop_operator_v3' retrieved from /home/airflow/.local/lib/python3.12/site-packages/airflow/example_dags/example_branch_python_dop_operator_3.py
[2025-01-27T00:30:03.686+0000] {logging_mixin.py:190} INFO - [2025-01-27T00:30:03.686+0000] {dag.py:3239} INFO - Sync 1 DAGs
[2025-01-27T00:30:03.716+0000] {logging_mixin.py:190} INFO - [2025-01-27T00:30:03.716+0000] {dag.py:4180} INFO - Setting next_dagrun for example_branch_dop_operator_v3 to 2025-01-27 00:29:00+00:00, run_after=2025-01-27 00:30:00+00:00
[2025-01-27T00:30:03.739+0000] {processor.py:208} INFO - Processing /home/airflow/.local/lib/python3.12/site-packages/airflow/example_dags/example_branch_python_dop_operator_3.py took 0.094 seconds
[2025-01-27T00:30:35.405+0000] {processor.py:186} INFO - Started process (PID=715) to work on /home/airflow/.local/lib/python3.12/site-packages/airflow/example_dags/example_branch_python_dop_operator_3.py
[2025-01-27T00:30:35.406+0000] {processor.py:914} INFO - Processing file /home/airflow/.local/lib/python3.12/site-packages/airflow/example_dags/example_branch_python_dop_operator_3.py for tasks to queue
[2025-01-27T00:30:35.408+0000] {logging_mixin.py:190} INFO - [2025-01-27T00:30:35.408+0000] {dagbag.py:588} INFO - Filling up the DagBag from /home/airflow/.local/lib/python3.12/site-packages/airflow/example_dags/example_branch_python_dop_operator_3.py
[2025-01-27T00:30:35.418+0000] {processor.py:925} INFO - DAG(s) 'example_branch_dop_operator_v3' retrieved from /home/airflow/.local/lib/python3.12/site-packages/airflow/example_dags/example_branch_python_dop_operator_3.py
[2025-01-27T00:30:35.438+0000] {logging_mixin.py:190} INFO - [2025-01-27T00:30:35.437+0000] {dag.py:3239} INFO - Sync 1 DAGs
[2025-01-27T00:30:35.465+0000] {logging_mixin.py:190} INFO - [2025-01-27T00:30:35.464+0000] {dag.py:4180} INFO - Setting next_dagrun for example_branch_dop_operator_v3 to 2025-01-27 00:29:00+00:00, run_after=2025-01-27 00:30:00+00:00
[2025-01-27T00:30:35.486+0000] {processor.py:208} INFO - Processing /home/airflow/.local/lib/python3.12/site-packages/airflow/example_dags/example_branch_python_dop_operator_3.py took 0.087 seconds
[2025-01-27T00:31:06.849+0000] {processor.py:186} INFO - Started process (PID=778) to work on /home/airflow/.local/lib/python3.12/site-packages/airflow/example_dags/example_branch_python_dop_operator_3.py
[2025-01-27T00:31:06.850+0000] {processor.py:914} INFO - Processing file /home/airflow/.local/lib/python3.12/site-packages/airflow/example_dags/example_branch_python_dop_operator_3.py for tasks to queue
[2025-01-27T00:31:06.852+0000] {logging_mixin.py:190} INFO - [2025-01-27T00:31:06.852+0000] {dagbag.py:588} INFO - Filling up the DagBag from /home/airflow/.local/lib/python3.12/site-packages/airflow/example_dags/example_branch_python_dop_operator_3.py
[2025-01-27T00:31:06.864+0000] {processor.py:925} INFO - DAG(s) 'example_branch_dop_operator_v3' retrieved from /home/airflow/.local/lib/python3.12/site-packages/airflow/example_dags/example_branch_python_dop_operator_3.py
[2025-01-27T00:31:06.888+0000] {logging_mixin.py:190} INFO - [2025-01-27T00:31:06.888+0000] {dag.py:3239} INFO - Sync 1 DAGs
[2025-01-27T00:31:06.916+0000] {logging_mixin.py:190} INFO - [2025-01-27T00:31:06.916+0000] {dag.py:4180} INFO - Setting next_dagrun for example_branch_dop_operator_v3 to 2025-01-27 00:30:00+00:00, run_after=2025-01-27 00:31:00+00:00
[2025-01-27T00:31:06.949+0000] {processor.py:208} INFO - Processing /home/airflow/.local/lib/python3.12/site-packages/airflow/example_dags/example_branch_python_dop_operator_3.py took 0.106 seconds
[2025-01-27T00:31:37.580+0000] {processor.py:186} INFO - Started process (PID=841) to work on /home/airflow/.local/lib/python3.12/site-packages/airflow/example_dags/example_branch_python_dop_operator_3.py
[2025-01-27T00:31:37.581+0000] {processor.py:914} INFO - Processing file /home/airflow/.local/lib/python3.12/site-packages/airflow/example_dags/example_branch_python_dop_operator_3.py for tasks to queue
[2025-01-27T00:31:37.583+0000] {logging_mixin.py:190} INFO - [2025-01-27T00:31:37.583+0000] {dagbag.py:588} INFO - Filling up the DagBag from /home/airflow/.local/lib/python3.12/site-packages/airflow/example_dags/example_branch_python_dop_operator_3.py
[2025-01-27T00:31:37.593+0000] {processor.py:925} INFO - DAG(s) 'example_branch_dop_operator_v3' retrieved from /home/airflow/.local/lib/python3.12/site-packages/airflow/example_dags/example_branch_python_dop_operator_3.py
[2025-01-27T00:31:37.612+0000] {logging_mixin.py:190} INFO - [2025-01-27T00:31:37.612+0000] {dag.py:3239} INFO - Sync 1 DAGs
[2025-01-27T00:31:37.647+0000] {logging_mixin.py:190} INFO - [2025-01-27T00:31:37.646+0000] {dag.py:4180} INFO - Setting next_dagrun for example_branch_dop_operator_v3 to 2025-01-27 00:30:00+00:00, run_after=2025-01-27 00:31:00+00:00
[2025-01-27T00:31:37.671+0000] {processor.py:208} INFO - Processing /home/airflow/.local/lib/python3.12/site-packages/airflow/example_dags/example_branch_python_dop_operator_3.py took 0.096 seconds
[2025-01-27T00:32:09.138+0000] {processor.py:186} INFO - Started process (PID=904) to work on /home/airflow/.local/lib/python3.12/site-packages/airflow/example_dags/example_branch_python_dop_operator_3.py
[2025-01-27T00:32:09.139+0000] {processor.py:914} INFO - Processing file /home/airflow/.local/lib/python3.12/site-packages/airflow/example_dags/example_branch_python_dop_operator_3.py for tasks to queue
[2025-01-27T00:32:09.142+0000] {logging_mixin.py:190} INFO - [2025-01-27T00:32:09.141+0000] {dagbag.py:588} INFO - Filling up the DagBag from /home/airflow/.local/lib/python3.12/site-packages/airflow/example_dags/example_branch_python_dop_operator_3.py
[2025-01-27T00:32:09.158+0000] {processor.py:925} INFO - DAG(s) 'example_branch_dop_operator_v3' retrieved from /home/airflow/.local/lib/python3.12/site-packages/airflow/example_dags/example_branch_python_dop_operator_3.py
[2025-01-27T00:32:09.186+0000] {logging_mixin.py:190} INFO - [2025-01-27T00:32:09.186+0000] {dag.py:3239} INFO - Sync 1 DAGs
[2025-01-27T00:32:09.217+0000] {logging_mixin.py:190} INFO - [2025-01-27T00:32:09.217+0000] {dag.py:4180} INFO - Setting next_dagrun for example_branch_dop_operator_v3 to 2025-01-27 00:31:00+00:00, run_after=2025-01-27 00:32:00+00:00
[2025-01-27T00:32:09.240+0000] {processor.py:208} INFO - Processing /home/airflow/.local/lib/python3.12/site-packages/airflow/example_dags/example_branch_python_dop_operator_3.py took 0.107 seconds
[2025-01-27T00:32:40.103+0000] {processor.py:186} INFO - Started process (PID=967) to work on /home/airflow/.local/lib/python3.12/site-packages/airflow/example_dags/example_branch_python_dop_operator_3.py
[2025-01-27T00:32:40.104+0000] {processor.py:914} INFO - Processing file /home/airflow/.local/lib/python3.12/site-packages/airflow/example_dags/example_branch_python_dop_operator_3.py for tasks to queue
[2025-01-27T00:32:40.106+0000] {logging_mixin.py:190} INFO - [2025-01-27T00:32:40.105+0000] {dagbag.py:588} INFO - Filling up the DagBag from /home/airflow/.local/lib/python3.12/site-packages/airflow/example_dags/example_branch_python_dop_operator_3.py
[2025-01-27T00:32:40.115+0000] {processor.py:925} INFO - DAG(s) 'example_branch_dop_operator_v3' retrieved from /home/airflow/.local/lib/python3.12/site-packages/airflow/example_dags/example_branch_python_dop_operator_3.py
[2025-01-27T00:32:40.134+0000] {logging_mixin.py:190} INFO - [2025-01-27T00:32:40.134+0000] {dag.py:3239} INFO - Sync 1 DAGs
[2025-01-27T00:32:40.160+0000] {logging_mixin.py:190} INFO - [2025-01-27T00:32:40.160+0000] {dag.py:4180} INFO - Setting next_dagrun for example_branch_dop_operator_v3 to 2025-01-27 00:31:00+00:00, run_after=2025-01-27 00:32:00+00:00
[2025-01-27T00:32:40.178+0000] {processor.py:208} INFO - Processing /home/airflow/.local/lib/python3.12/site-packages/airflow/example_dags/example_branch_python_dop_operator_3.py took 0.081 seconds
[2025-01-27T00:33:11.587+0000] {processor.py:186} INFO - Started process (PID=1030) to work on /home/airflow/.local/lib/python3.12/site-packages/airflow/example_dags/example_branch_python_dop_operator_3.py
[2025-01-27T00:33:11.588+0000] {processor.py:914} INFO - Processing file /home/airflow/.local/lib/python3.12/site-packages/airflow/example_dags/example_branch_python_dop_operator_3.py for tasks to queue
[2025-01-27T00:33:11.591+0000] {logging_mixin.py:190} INFO - [2025-01-27T00:33:11.590+0000] {dagbag.py:588} INFO - Filling up the DagBag from /home/airflow/.local/lib/python3.12/site-packages/airflow/example_dags/example_branch_python_dop_operator_3.py
[2025-01-27T00:33:11.601+0000] {processor.py:925} INFO - DAG(s) 'example_branch_dop_operator_v3' retrieved from /home/airflow/.local/lib/python3.12/site-packages/airflow/example_dags/example_branch_python_dop_operator_3.py
[2025-01-27T00:33:11.622+0000] {logging_mixin.py:190} INFO - [2025-01-27T00:33:11.622+0000] {dag.py:3239} INFO - Sync 1 DAGs
[2025-01-27T00:33:11.650+0000] {logging_mixin.py:190} INFO - [2025-01-27T00:33:11.650+0000] {dag.py:4180} INFO - Setting next_dagrun for example_branch_dop_operator_v3 to 2025-01-27 00:32:00+00:00, run_after=2025-01-27 00:33:00+00:00
[2025-01-27T00:33:11.670+0000] {processor.py:208} INFO - Processing /home/airflow/.local/lib/python3.12/site-packages/airflow/example_dags/example_branch_python_dop_operator_3.py took 0.089 seconds
[2025-01-27T00:33:42.597+0000] {processor.py:186} INFO - Started process (PID=1093) to work on /home/airflow/.local/lib/python3.12/site-packages/airflow/example_dags/example_branch_python_dop_operator_3.py
[2025-01-27T00:33:42.598+0000] {processor.py:914} INFO - Processing file /home/airflow/.local/lib/python3.12/site-packages/airflow/example_dags/example_branch_python_dop_operator_3.py for tasks to queue
[2025-01-27T00:33:42.601+0000] {logging_mixin.py:190} INFO - [2025-01-27T00:33:42.600+0000] {dagbag.py:588} INFO - Filling up the DagBag from /home/airflow/.local/lib/python3.12/site-packages/airflow/example_dags/example_branch_python_dop_operator_3.py
[2025-01-27T00:33:42.611+0000] {processor.py:925} INFO - DAG(s) 'example_branch_dop_operator_v3' retrieved from /home/airflow/.local/lib/python3.12/site-packages/airflow/example_dags/example_branch_python_dop_operator_3.py
[2025-01-27T00:33:42.630+0000] {logging_mixin.py:190} INFO - [2025-01-27T00:33:42.630+0000] {dag.py:3239} INFO - Sync 1 DAGs
[2025-01-27T00:33:42.656+0000] {logging_mixin.py:190} INFO - [2025-01-27T00:33:42.656+0000] {dag.py:4180} INFO - Setting next_dagrun for example_branch_dop_operator_v3 to 2025-01-27 00:32:00+00:00, run_after=2025-01-27 00:33:00+00:00
[2025-01-27T00:33:42.676+0000] {processor.py:208} INFO - Processing /home/airflow/.local/lib/python3.12/site-packages/airflow/example_dags/example_branch_python_dop_operator_3.py took 0.084 seconds
[2025-01-27T00:34:14.414+0000] {processor.py:186} INFO - Started process (PID=1156) to work on /home/airflow/.local/lib/python3.12/site-packages/airflow/example_dags/example_branch_python_dop_operator_3.py
[2025-01-27T00:34:14.415+0000] {processor.py:914} INFO - Processing file /home/airflow/.local/lib/python3.12/site-packages/airflow/example_dags/example_branch_python_dop_operator_3.py for tasks to queue
[2025-01-27T00:34:14.417+0000] {logging_mixin.py:190} INFO - [2025-01-27T00:34:14.417+0000] {dagbag.py:588} INFO - Filling up the DagBag from /home/airflow/.local/lib/python3.12/site-packages/airflow/example_dags/example_branch_python_dop_operator_3.py
[2025-01-27T00:34:14.427+0000] {processor.py:925} INFO - DAG(s) 'example_branch_dop_operator_v3' retrieved from /home/airflow/.local/lib/python3.12/site-packages/airflow/example_dags/example_branch_python_dop_operator_3.py
[2025-01-27T00:34:14.447+0000] {logging_mixin.py:190} INFO - [2025-01-27T00:34:14.447+0000] {dag.py:3239} INFO - Sync 1 DAGs
[2025-01-27T00:34:14.473+0000] {logging_mixin.py:190} INFO - [2025-01-27T00:34:14.473+0000] {dag.py:4180} INFO - Setting next_dagrun for example_branch_dop_operator_v3 to 2025-01-27 00:33:00+00:00, run_after=2025-01-27 00:34:00+00:00
[2025-01-27T00:34:14.494+0000] {processor.py:208} INFO - Processing /home/airflow/.local/lib/python3.12/site-packages/airflow/example_dags/example_branch_python_dop_operator_3.py took 0.086 seconds
