[2025-01-27T00:25:29.636+0000] {processor.py:186} INFO - Started process (PID=113) to work on /home/airflow/.local/lib/python3.12/site-packages/airflow/example_dags/example_setup_teardown.py
[2025-01-27T00:25:29.637+0000] {processor.py:914} INFO - Processing file /home/airflow/.local/lib/python3.12/site-packages/airflow/example_dags/example_setup_teardown.py for tasks to queue
[2025-01-27T00:25:29.641+0000] {logging_mixin.py:190} INFO - [2025-01-27T00:25:29.640+0000] {dagbag.py:588} INFO - Filling up the DagBag from /home/airflow/.local/lib/python3.12/site-packages/airflow/example_dags/example_setup_teardown.py
[2025-01-27T00:25:29.650+0000] {processor.py:925} INFO - DAG(s) 'example_setup_teardown' retrieved from /home/airflow/.local/lib/python3.12/site-packages/airflow/example_dags/example_setup_teardown.py
[2025-01-27T00:25:29.781+0000] {logging_mixin.py:190} INFO - [2025-01-27T00:25:29.780+0000] {override.py:1911} INFO - Created Permission View: can read on DAG:example_setup_teardown
[2025-01-27T00:25:29.795+0000] {logging_mixin.py:190} INFO - [2025-01-27T00:25:29.794+0000] {override.py:1911} INFO - Created Permission View: can edit on DAG:example_setup_teardown
[2025-01-27T00:25:29.805+0000] {logging_mixin.py:190} INFO - [2025-01-27T00:25:29.804+0000] {override.py:1911} INFO - Created Permission View: can delete on DAG:example_setup_teardown
[2025-01-27T00:25:29.821+0000] {logging_mixin.py:190} INFO - [2025-01-27T00:25:29.821+0000] {override.py:1911} INFO - Created Permission View: can delete on DAG Run:example_setup_teardown
[2025-01-27T00:25:29.830+0000] {logging_mixin.py:190} INFO - [2025-01-27T00:25:29.829+0000] {override.py:1911} INFO - Created Permission View: menu access on DAG Run:example_setup_teardown
[2025-01-27T00:25:29.839+0000] {logging_mixin.py:190} INFO - [2025-01-27T00:25:29.838+0000] {override.py:1911} INFO - Created Permission View: can read on DAG Run:example_setup_teardown
[2025-01-27T00:25:29.848+0000] {logging_mixin.py:190} INFO - [2025-01-27T00:25:29.848+0000] {override.py:1911} INFO - Created Permission View: can create on DAG Run:example_setup_teardown
[2025-01-27T00:25:29.849+0000] {logging_mixin.py:190} INFO - [2025-01-27T00:25:29.849+0000] {dag.py:3239} INFO - Sync 1 DAGs
[2025-01-27T00:25:29.863+0000] {logging_mixin.py:190} INFO - [2025-01-27T00:25:29.863+0000] {dag.py:3262} INFO - Creating ORM DAG for example_setup_teardown
[2025-01-27T00:25:29.864+0000] {logging_mixin.py:190} INFO - [2025-01-27T00:25:29.864+0000] {dag.py:4180} INFO - Setting next_dagrun for example_setup_teardown to None, run_after=None
[2025-01-27T00:25:29.881+0000] {processor.py:208} INFO - Processing /home/airflow/.local/lib/python3.12/site-packages/airflow/example_dags/example_setup_teardown.py took 0.252 seconds
[2025-01-27T00:26:00.334+0000] {processor.py:186} INFO - Started process (PID=176) to work on /home/airflow/.local/lib/python3.12/site-packages/airflow/example_dags/example_setup_teardown.py
[2025-01-27T00:26:00.336+0000] {processor.py:914} INFO - Processing file /home/airflow/.local/lib/python3.12/site-packages/airflow/example_dags/example_setup_teardown.py for tasks to queue
[2025-01-27T00:26:00.341+0000] {logging_mixin.py:190} INFO - [2025-01-27T00:26:00.340+0000] {dagbag.py:588} INFO - Filling up the DagBag from /home/airflow/.local/lib/python3.12/site-packages/airflow/example_dags/example_setup_teardown.py
[2025-01-27T00:26:00.355+0000] {processor.py:925} INFO - DAG(s) 'example_setup_teardown' retrieved from /home/airflow/.local/lib/python3.12/site-packages/airflow/example_dags/example_setup_teardown.py
[2025-01-27T00:26:00.387+0000] {logging_mixin.py:190} INFO - [2025-01-27T00:26:00.387+0000] {dag.py:3239} INFO - Sync 1 DAGs
[2025-01-27T00:26:00.412+0000] {logging_mixin.py:190} INFO - [2025-01-27T00:26:00.411+0000] {dag.py:4180} INFO - Setting next_dagrun for example_setup_teardown to None, run_after=None
[2025-01-27T00:26:00.442+0000] {processor.py:208} INFO - Processing /home/airflow/.local/lib/python3.12/site-packages/airflow/example_dags/example_setup_teardown.py took 0.118 seconds
[2025-01-27T00:26:30.849+0000] {processor.py:186} INFO - Started process (PID=239) to work on /home/airflow/.local/lib/python3.12/site-packages/airflow/example_dags/example_setup_teardown.py
[2025-01-27T00:26:30.850+0000] {processor.py:914} INFO - Processing file /home/airflow/.local/lib/python3.12/site-packages/airflow/example_dags/example_setup_teardown.py for tasks to queue
[2025-01-27T00:26:30.852+0000] {logging_mixin.py:190} INFO - [2025-01-27T00:26:30.851+0000] {dagbag.py:588} INFO - Filling up the DagBag from /home/airflow/.local/lib/python3.12/site-packages/airflow/example_dags/example_setup_teardown.py
[2025-01-27T00:26:30.859+0000] {processor.py:925} INFO - DAG(s) 'example_setup_teardown' retrieved from /home/airflow/.local/lib/python3.12/site-packages/airflow/example_dags/example_setup_teardown.py
[2025-01-27T00:26:30.880+0000] {logging_mixin.py:190} INFO - [2025-01-27T00:26:30.879+0000] {dag.py:3239} INFO - Sync 1 DAGs
[2025-01-27T00:26:30.894+0000] {logging_mixin.py:190} INFO - [2025-01-27T00:26:30.894+0000] {dag.py:4180} INFO - Setting next_dagrun for example_setup_teardown to None, run_after=None
[2025-01-27T00:26:30.913+0000] {processor.py:208} INFO - Processing /home/airflow/.local/lib/python3.12/site-packages/airflow/example_dags/example_setup_teardown.py took 0.070 seconds
[2025-01-27T00:27:00.982+0000] {processor.py:186} INFO - Started process (PID=301) to work on /home/airflow/.local/lib/python3.12/site-packages/airflow/example_dags/example_setup_teardown.py
[2025-01-27T00:27:00.983+0000] {processor.py:914} INFO - Processing file /home/airflow/.local/lib/python3.12/site-packages/airflow/example_dags/example_setup_teardown.py for tasks to queue
[2025-01-27T00:27:00.986+0000] {logging_mixin.py:190} INFO - [2025-01-27T00:27:00.986+0000] {dagbag.py:588} INFO - Filling up the DagBag from /home/airflow/.local/lib/python3.12/site-packages/airflow/example_dags/example_setup_teardown.py
[2025-01-27T00:27:00.995+0000] {processor.py:925} INFO - DAG(s) 'example_setup_teardown' retrieved from /home/airflow/.local/lib/python3.12/site-packages/airflow/example_dags/example_setup_teardown.py
[2025-01-27T00:27:01.019+0000] {logging_mixin.py:190} INFO - [2025-01-27T00:27:01.018+0000] {dag.py:3239} INFO - Sync 1 DAGs
[2025-01-27T00:27:01.034+0000] {logging_mixin.py:190} INFO - [2025-01-27T00:27:01.034+0000] {dag.py:4180} INFO - Setting next_dagrun for example_setup_teardown to None, run_after=None
[2025-01-27T00:27:01.056+0000] {processor.py:208} INFO - Processing /home/airflow/.local/lib/python3.12/site-packages/airflow/example_dags/example_setup_teardown.py took 0.080 seconds
[2025-01-27T00:27:32.212+0000] {processor.py:186} INFO - Started process (PID=364) to work on /home/airflow/.local/lib/python3.12/site-packages/airflow/example_dags/example_setup_teardown.py
[2025-01-27T00:27:32.213+0000] {processor.py:914} INFO - Processing file /home/airflow/.local/lib/python3.12/site-packages/airflow/example_dags/example_setup_teardown.py for tasks to queue
[2025-01-27T00:27:32.215+0000] {logging_mixin.py:190} INFO - [2025-01-27T00:27:32.215+0000] {dagbag.py:588} INFO - Filling up the DagBag from /home/airflow/.local/lib/python3.12/site-packages/airflow/example_dags/example_setup_teardown.py
[2025-01-27T00:27:32.223+0000] {processor.py:925} INFO - DAG(s) 'example_setup_teardown' retrieved from /home/airflow/.local/lib/python3.12/site-packages/airflow/example_dags/example_setup_teardown.py
[2025-01-27T00:27:32.244+0000] {logging_mixin.py:190} INFO - [2025-01-27T00:27:32.244+0000] {dag.py:3239} INFO - Sync 1 DAGs
[2025-01-27T00:27:32.259+0000] {logging_mixin.py:190} INFO - [2025-01-27T00:27:32.259+0000] {dag.py:4180} INFO - Setting next_dagrun for example_setup_teardown to None, run_after=None
[2025-01-27T00:27:32.280+0000] {processor.py:208} INFO - Processing /home/airflow/.local/lib/python3.12/site-packages/airflow/example_dags/example_setup_teardown.py took 0.074 seconds
[2025-01-27T00:28:02.527+0000] {processor.py:186} INFO - Started process (PID=427) to work on /home/airflow/.local/lib/python3.12/site-packages/airflow/example_dags/example_setup_teardown.py
[2025-01-27T00:28:02.528+0000] {processor.py:914} INFO - Processing file /home/airflow/.local/lib/python3.12/site-packages/airflow/example_dags/example_setup_teardown.py for tasks to queue
[2025-01-27T00:28:02.531+0000] {logging_mixin.py:190} INFO - [2025-01-27T00:28:02.530+0000] {dagbag.py:588} INFO - Filling up the DagBag from /home/airflow/.local/lib/python3.12/site-packages/airflow/example_dags/example_setup_teardown.py
[2025-01-27T00:28:02.539+0000] {processor.py:925} INFO - DAG(s) 'example_setup_teardown' retrieved from /home/airflow/.local/lib/python3.12/site-packages/airflow/example_dags/example_setup_teardown.py
[2025-01-27T00:28:02.561+0000] {logging_mixin.py:190} INFO - [2025-01-27T00:28:02.561+0000] {dag.py:3239} INFO - Sync 1 DAGs
[2025-01-27T00:28:02.577+0000] {logging_mixin.py:190} INFO - [2025-01-27T00:28:02.577+0000] {dag.py:4180} INFO - Setting next_dagrun for example_setup_teardown to None, run_after=None
[2025-01-27T00:28:02.597+0000] {processor.py:208} INFO - Processing /home/airflow/.local/lib/python3.12/site-packages/airflow/example_dags/example_setup_teardown.py took 0.076 seconds
[2025-01-27T00:28:33.150+0000] {processor.py:186} INFO - Started process (PID=489) to work on /home/airflow/.local/lib/python3.12/site-packages/airflow/example_dags/example_setup_teardown.py
[2025-01-27T00:28:33.152+0000] {processor.py:914} INFO - Processing file /home/airflow/.local/lib/python3.12/site-packages/airflow/example_dags/example_setup_teardown.py for tasks to queue
[2025-01-27T00:28:33.154+0000] {logging_mixin.py:190} INFO - [2025-01-27T00:28:33.154+0000] {dagbag.py:588} INFO - Filling up the DagBag from /home/airflow/.local/lib/python3.12/site-packages/airflow/example_dags/example_setup_teardown.py
[2025-01-27T00:28:33.163+0000] {processor.py:925} INFO - DAG(s) 'example_setup_teardown' retrieved from /home/airflow/.local/lib/python3.12/site-packages/airflow/example_dags/example_setup_teardown.py
[2025-01-27T00:28:33.185+0000] {logging_mixin.py:190} INFO - [2025-01-27T00:28:33.185+0000] {dag.py:3239} INFO - Sync 1 DAGs
[2025-01-27T00:28:33.201+0000] {logging_mixin.py:190} INFO - [2025-01-27T00:28:33.201+0000] {dag.py:4180} INFO - Setting next_dagrun for example_setup_teardown to None, run_after=None
[2025-01-27T00:28:33.222+0000] {processor.py:208} INFO - Processing /home/airflow/.local/lib/python3.12/site-packages/airflow/example_dags/example_setup_teardown.py took 0.078 seconds
[2025-01-27T00:29:03.894+0000] {processor.py:186} INFO - Started process (PID=552) to work on /home/airflow/.local/lib/python3.12/site-packages/airflow/example_dags/example_setup_teardown.py
[2025-01-27T00:29:03.895+0000] {processor.py:914} INFO - Processing file /home/airflow/.local/lib/python3.12/site-packages/airflow/example_dags/example_setup_teardown.py for tasks to queue
[2025-01-27T00:29:03.897+0000] {logging_mixin.py:190} INFO - [2025-01-27T00:29:03.897+0000] {dagbag.py:588} INFO - Filling up the DagBag from /home/airflow/.local/lib/python3.12/site-packages/airflow/example_dags/example_setup_teardown.py
[2025-01-27T00:29:03.906+0000] {processor.py:925} INFO - DAG(s) 'example_setup_teardown' retrieved from /home/airflow/.local/lib/python3.12/site-packages/airflow/example_dags/example_setup_teardown.py
[2025-01-27T00:29:03.932+0000] {logging_mixin.py:190} INFO - [2025-01-27T00:29:03.932+0000] {dag.py:3239} INFO - Sync 1 DAGs
[2025-01-27T00:29:03.948+0000] {logging_mixin.py:190} INFO - [2025-01-27T00:29:03.948+0000] {dag.py:4180} INFO - Setting next_dagrun for example_setup_teardown to None, run_after=None
[2025-01-27T00:29:03.971+0000] {processor.py:208} INFO - Processing /home/airflow/.local/lib/python3.12/site-packages/airflow/example_dags/example_setup_teardown.py took 0.084 seconds
[2025-01-27T00:29:34.979+0000] {processor.py:186} INFO - Started process (PID=615) to work on /home/airflow/.local/lib/python3.12/site-packages/airflow/example_dags/example_setup_teardown.py
[2025-01-27T00:29:34.980+0000] {processor.py:914} INFO - Processing file /home/airflow/.local/lib/python3.12/site-packages/airflow/example_dags/example_setup_teardown.py for tasks to queue
[2025-01-27T00:29:34.983+0000] {logging_mixin.py:190} INFO - [2025-01-27T00:29:34.982+0000] {dagbag.py:588} INFO - Filling up the DagBag from /home/airflow/.local/lib/python3.12/site-packages/airflow/example_dags/example_setup_teardown.py
[2025-01-27T00:29:34.991+0000] {processor.py:925} INFO - DAG(s) 'example_setup_teardown' retrieved from /home/airflow/.local/lib/python3.12/site-packages/airflow/example_dags/example_setup_teardown.py
[2025-01-27T00:29:35.014+0000] {logging_mixin.py:190} INFO - [2025-01-27T00:29:35.013+0000] {dag.py:3239} INFO - Sync 1 DAGs
[2025-01-27T00:29:35.028+0000] {logging_mixin.py:190} INFO - [2025-01-27T00:29:35.028+0000] {dag.py:4180} INFO - Setting next_dagrun for example_setup_teardown to None, run_after=None
[2025-01-27T00:29:35.050+0000] {processor.py:208} INFO - Processing /home/airflow/.local/lib/python3.12/site-packages/airflow/example_dags/example_setup_teardown.py took 0.077 seconds
[2025-01-27T00:30:05.934+0000] {processor.py:186} INFO - Started process (PID=679) to work on /home/airflow/.local/lib/python3.12/site-packages/airflow/example_dags/example_setup_teardown.py
[2025-01-27T00:30:05.935+0000] {processor.py:914} INFO - Processing file /home/airflow/.local/lib/python3.12/site-packages/airflow/example_dags/example_setup_teardown.py for tasks to queue
[2025-01-27T00:30:05.938+0000] {logging_mixin.py:190} INFO - [2025-01-27T00:30:05.937+0000] {dagbag.py:588} INFO - Filling up the DagBag from /home/airflow/.local/lib/python3.12/site-packages/airflow/example_dags/example_setup_teardown.py
[2025-01-27T00:30:05.946+0000] {processor.py:925} INFO - DAG(s) 'example_setup_teardown' retrieved from /home/airflow/.local/lib/python3.12/site-packages/airflow/example_dags/example_setup_teardown.py
[2025-01-27T00:30:05.969+0000] {logging_mixin.py:190} INFO - [2025-01-27T00:30:05.968+0000] {dag.py:3239} INFO - Sync 1 DAGs
[2025-01-27T00:30:05.985+0000] {logging_mixin.py:190} INFO - [2025-01-27T00:30:05.985+0000] {dag.py:4180} INFO - Setting next_dagrun for example_setup_teardown to None, run_after=None
[2025-01-27T00:30:06.006+0000] {processor.py:208} INFO - Processing /home/airflow/.local/lib/python3.12/site-packages/airflow/example_dags/example_setup_teardown.py took 0.079 seconds
[2025-01-27T00:30:37.477+0000] {processor.py:186} INFO - Started process (PID=742) to work on /home/airflow/.local/lib/python3.12/site-packages/airflow/example_dags/example_setup_teardown.py
[2025-01-27T00:30:37.478+0000] {processor.py:914} INFO - Processing file /home/airflow/.local/lib/python3.12/site-packages/airflow/example_dags/example_setup_teardown.py for tasks to queue
[2025-01-27T00:30:37.481+0000] {logging_mixin.py:190} INFO - [2025-01-27T00:30:37.480+0000] {dagbag.py:588} INFO - Filling up the DagBag from /home/airflow/.local/lib/python3.12/site-packages/airflow/example_dags/example_setup_teardown.py
[2025-01-27T00:30:37.489+0000] {processor.py:925} INFO - DAG(s) 'example_setup_teardown' retrieved from /home/airflow/.local/lib/python3.12/site-packages/airflow/example_dags/example_setup_teardown.py
[2025-01-27T00:30:37.509+0000] {logging_mixin.py:190} INFO - [2025-01-27T00:30:37.509+0000] {dag.py:3239} INFO - Sync 1 DAGs
[2025-01-27T00:30:37.523+0000] {logging_mixin.py:190} INFO - [2025-01-27T00:30:37.523+0000] {dag.py:4180} INFO - Setting next_dagrun for example_setup_teardown to None, run_after=None
[2025-01-27T00:30:37.544+0000] {processor.py:208} INFO - Processing /home/airflow/.local/lib/python3.12/site-packages/airflow/example_dags/example_setup_teardown.py took 0.072 seconds
[2025-01-27T00:31:08.975+0000] {processor.py:186} INFO - Started process (PID=805) to work on /home/airflow/.local/lib/python3.12/site-packages/airflow/example_dags/example_setup_teardown.py
[2025-01-27T00:31:08.977+0000] {processor.py:914} INFO - Processing file /home/airflow/.local/lib/python3.12/site-packages/airflow/example_dags/example_setup_teardown.py for tasks to queue
[2025-01-27T00:31:08.979+0000] {logging_mixin.py:190} INFO - [2025-01-27T00:31:08.979+0000] {dagbag.py:588} INFO - Filling up the DagBag from /home/airflow/.local/lib/python3.12/site-packages/airflow/example_dags/example_setup_teardown.py
[2025-01-27T00:31:08.988+0000] {processor.py:925} INFO - DAG(s) 'example_setup_teardown' retrieved from /home/airflow/.local/lib/python3.12/site-packages/airflow/example_dags/example_setup_teardown.py
[2025-01-27T00:31:09.011+0000] {logging_mixin.py:190} INFO - [2025-01-27T00:31:09.010+0000] {dag.py:3239} INFO - Sync 1 DAGs
[2025-01-27T00:31:09.028+0000] {logging_mixin.py:190} INFO - [2025-01-27T00:31:09.027+0000] {dag.py:4180} INFO - Setting next_dagrun for example_setup_teardown to None, run_after=None
[2025-01-27T00:31:09.049+0000] {processor.py:208} INFO - Processing /home/airflow/.local/lib/python3.12/site-packages/airflow/example_dags/example_setup_teardown.py took 0.080 seconds
[2025-01-27T00:31:39.702+0000] {processor.py:186} INFO - Started process (PID=868) to work on /home/airflow/.local/lib/python3.12/site-packages/airflow/example_dags/example_setup_teardown.py
[2025-01-27T00:31:39.703+0000] {processor.py:914} INFO - Processing file /home/airflow/.local/lib/python3.12/site-packages/airflow/example_dags/example_setup_teardown.py for tasks to queue
[2025-01-27T00:31:39.705+0000] {logging_mixin.py:190} INFO - [2025-01-27T00:31:39.705+0000] {dagbag.py:588} INFO - Filling up the DagBag from /home/airflow/.local/lib/python3.12/site-packages/airflow/example_dags/example_setup_teardown.py
[2025-01-27T00:31:39.714+0000] {processor.py:925} INFO - DAG(s) 'example_setup_teardown' retrieved from /home/airflow/.local/lib/python3.12/site-packages/airflow/example_dags/example_setup_teardown.py
[2025-01-27T00:31:39.737+0000] {logging_mixin.py:190} INFO - [2025-01-27T00:31:39.736+0000] {dag.py:3239} INFO - Sync 1 DAGs
[2025-01-27T00:31:39.752+0000] {logging_mixin.py:190} INFO - [2025-01-27T00:31:39.751+0000] {dag.py:4180} INFO - Setting next_dagrun for example_setup_teardown to None, run_after=None
[2025-01-27T00:31:39.772+0000] {processor.py:208} INFO - Processing /home/airflow/.local/lib/python3.12/site-packages/airflow/example_dags/example_setup_teardown.py took 0.076 seconds
[2025-01-27T00:32:11.599+0000] {processor.py:186} INFO - Started process (PID=931) to work on /home/airflow/.local/lib/python3.12/site-packages/airflow/example_dags/example_setup_teardown.py
[2025-01-27T00:32:11.600+0000] {processor.py:914} INFO - Processing file /home/airflow/.local/lib/python3.12/site-packages/airflow/example_dags/example_setup_teardown.py for tasks to queue
[2025-01-27T00:32:11.603+0000] {logging_mixin.py:190} INFO - [2025-01-27T00:32:11.602+0000] {dagbag.py:588} INFO - Filling up the DagBag from /home/airflow/.local/lib/python3.12/site-packages/airflow/example_dags/example_setup_teardown.py
[2025-01-27T00:32:11.611+0000] {processor.py:925} INFO - DAG(s) 'example_setup_teardown' retrieved from /home/airflow/.local/lib/python3.12/site-packages/airflow/example_dags/example_setup_teardown.py
[2025-01-27T00:32:11.633+0000] {logging_mixin.py:190} INFO - [2025-01-27T00:32:11.633+0000] {dag.py:3239} INFO - Sync 1 DAGs
[2025-01-27T00:32:11.650+0000] {logging_mixin.py:190} INFO - [2025-01-27T00:32:11.650+0000] {dag.py:4180} INFO - Setting next_dagrun for example_setup_teardown to None, run_after=None
[2025-01-27T00:32:11.671+0000] {processor.py:208} INFO - Processing /home/airflow/.local/lib/python3.12/site-packages/airflow/example_dags/example_setup_teardown.py took 0.077 seconds
[2025-01-27T00:32:42.211+0000] {processor.py:186} INFO - Started process (PID=994) to work on /home/airflow/.local/lib/python3.12/site-packages/airflow/example_dags/example_setup_teardown.py
[2025-01-27T00:32:42.212+0000] {processor.py:914} INFO - Processing file /home/airflow/.local/lib/python3.12/site-packages/airflow/example_dags/example_setup_teardown.py for tasks to queue
[2025-01-27T00:32:42.214+0000] {logging_mixin.py:190} INFO - [2025-01-27T00:32:42.213+0000] {dagbag.py:588} INFO - Filling up the DagBag from /home/airflow/.local/lib/python3.12/site-packages/airflow/example_dags/example_setup_teardown.py
[2025-01-27T00:32:42.221+0000] {processor.py:925} INFO - DAG(s) 'example_setup_teardown' retrieved from /home/airflow/.local/lib/python3.12/site-packages/airflow/example_dags/example_setup_teardown.py
[2025-01-27T00:32:42.243+0000] {logging_mixin.py:190} INFO - [2025-01-27T00:32:42.242+0000] {dag.py:3239} INFO - Sync 1 DAGs
[2025-01-27T00:32:42.258+0000] {logging_mixin.py:190} INFO - [2025-01-27T00:32:42.257+0000] {dag.py:4180} INFO - Setting next_dagrun for example_setup_teardown to None, run_after=None
[2025-01-27T00:32:42.285+0000] {processor.py:208} INFO - Processing /home/airflow/.local/lib/python3.12/site-packages/airflow/example_dags/example_setup_teardown.py took 0.080 seconds
[2025-01-27T00:33:13.808+0000] {processor.py:186} INFO - Started process (PID=1057) to work on /home/airflow/.local/lib/python3.12/site-packages/airflow/example_dags/example_setup_teardown.py
[2025-01-27T00:33:13.809+0000] {processor.py:914} INFO - Processing file /home/airflow/.local/lib/python3.12/site-packages/airflow/example_dags/example_setup_teardown.py for tasks to queue
[2025-01-27T00:33:13.812+0000] {logging_mixin.py:190} INFO - [2025-01-27T00:33:13.811+0000] {dagbag.py:588} INFO - Filling up the DagBag from /home/airflow/.local/lib/python3.12/site-packages/airflow/example_dags/example_setup_teardown.py
[2025-01-27T00:33:13.821+0000] {processor.py:925} INFO - DAG(s) 'example_setup_teardown' retrieved from /home/airflow/.local/lib/python3.12/site-packages/airflow/example_dags/example_setup_teardown.py
[2025-01-27T00:33:13.842+0000] {logging_mixin.py:190} INFO - [2025-01-27T00:33:13.842+0000] {dag.py:3239} INFO - Sync 1 DAGs
[2025-01-27T00:33:13.857+0000] {logging_mixin.py:190} INFO - [2025-01-27T00:33:13.857+0000] {dag.py:4180} INFO - Setting next_dagrun for example_setup_teardown to None, run_after=None
[2025-01-27T00:33:13.881+0000] {processor.py:208} INFO - Processing /home/airflow/.local/lib/python3.12/site-packages/airflow/example_dags/example_setup_teardown.py took 0.079 seconds
[2025-01-27T00:33:44.852+0000] {processor.py:186} INFO - Started process (PID=1120) to work on /home/airflow/.local/lib/python3.12/site-packages/airflow/example_dags/example_setup_teardown.py
[2025-01-27T00:33:44.854+0000] {processor.py:914} INFO - Processing file /home/airflow/.local/lib/python3.12/site-packages/airflow/example_dags/example_setup_teardown.py for tasks to queue
[2025-01-27T00:33:44.858+0000] {logging_mixin.py:190} INFO - [2025-01-27T00:33:44.858+0000] {dagbag.py:588} INFO - Filling up the DagBag from /home/airflow/.local/lib/python3.12/site-packages/airflow/example_dags/example_setup_teardown.py
[2025-01-27T00:33:44.874+0000] {processor.py:925} INFO - DAG(s) 'example_setup_teardown' retrieved from /home/airflow/.local/lib/python3.12/site-packages/airflow/example_dags/example_setup_teardown.py
[2025-01-27T00:33:44.899+0000] {logging_mixin.py:190} INFO - [2025-01-27T00:33:44.899+0000] {dag.py:3239} INFO - Sync 1 DAGs
[2025-01-27T00:33:44.920+0000] {logging_mixin.py:190} INFO - [2025-01-27T00:33:44.920+0000] {dag.py:4180} INFO - Setting next_dagrun for example_setup_teardown to None, run_after=None
[2025-01-27T00:33:44.948+0000] {processor.py:208} INFO - Processing /home/airflow/.local/lib/python3.12/site-packages/airflow/example_dags/example_setup_teardown.py took 0.108 seconds
[2025-01-27T00:34:16.711+0000] {processor.py:186} INFO - Started process (PID=1183) to work on /home/airflow/.local/lib/python3.12/site-packages/airflow/example_dags/example_setup_teardown.py
[2025-01-27T00:34:16.712+0000] {processor.py:914} INFO - Processing file /home/airflow/.local/lib/python3.12/site-packages/airflow/example_dags/example_setup_teardown.py for tasks to queue
[2025-01-27T00:34:16.715+0000] {logging_mixin.py:190} INFO - [2025-01-27T00:34:16.714+0000] {dagbag.py:588} INFO - Filling up the DagBag from /home/airflow/.local/lib/python3.12/site-packages/airflow/example_dags/example_setup_teardown.py
[2025-01-27T00:34:16.724+0000] {processor.py:925} INFO - DAG(s) 'example_setup_teardown' retrieved from /home/airflow/.local/lib/python3.12/site-packages/airflow/example_dags/example_setup_teardown.py
[2025-01-27T00:34:16.746+0000] {logging_mixin.py:190} INFO - [2025-01-27T00:34:16.746+0000] {dag.py:3239} INFO - Sync 1 DAGs
[2025-01-27T00:34:16.768+0000] {logging_mixin.py:190} INFO - [2025-01-27T00:34:16.768+0000] {dag.py:4180} INFO - Setting next_dagrun for example_setup_teardown to None, run_after=None
[2025-01-27T00:34:16.796+0000] {processor.py:208} INFO - Processing /home/airflow/.local/lib/python3.12/site-packages/airflow/example_dags/example_setup_teardown.py took 0.092 seconds
