[2025-01-27T00:25:26.909+0000] {processor.py:186} INFO - Started process (PID=100) to work on /home/airflow/.local/lib/python3.12/site-packages/airflow/example_dags/example_python_decorator.py
[2025-01-27T00:25:26.911+0000] {processor.py:914} INFO - Processing file /home/airflow/.local/lib/python3.12/site-packages/airflow/example_dags/example_python_decorator.py for tasks to queue
[2025-01-27T00:25:26.913+0000] {logging_mixin.py:190} INFO - [2025-01-27T00:25:26.913+0000] {dagbag.py:588} INFO - Filling up the DagBag from /home/airflow/.local/lib/python3.12/site-packages/airflow/example_dags/example_python_decorator.py
[2025-01-27T00:25:26.958+0000] {processor.py:925} INFO - DAG(s) 'example_python_decorator' retrieved from /home/airflow/.local/lib/python3.12/site-packages/airflow/example_dags/example_python_decorator.py
[2025-01-27T00:25:27.088+0000] {logging_mixin.py:190} INFO - [2025-01-27T00:25:27.087+0000] {override.py:1911} INFO - Created Permission View: can read on DAG:example_python_decorator
[2025-01-27T00:25:27.101+0000] {logging_mixin.py:190} INFO - [2025-01-27T00:25:27.101+0000] {override.py:1911} INFO - Created Permission View: can edit on DAG:example_python_decorator
[2025-01-27T00:25:27.116+0000] {logging_mixin.py:190} INFO - [2025-01-27T00:25:27.115+0000] {override.py:1911} INFO - Created Permission View: can delete on DAG:example_python_decorator
[2025-01-27T00:25:27.132+0000] {logging_mixin.py:190} INFO - [2025-01-27T00:25:27.132+0000] {override.py:1911} INFO - Created Permission View: can delete on DAG Run:example_python_decorator
[2025-01-27T00:25:27.143+0000] {logging_mixin.py:190} INFO - [2025-01-27T00:25:27.143+0000] {override.py:1911} INFO - Created Permission View: menu access on DAG Run:example_python_decorator
[2025-01-27T00:25:27.153+0000] {logging_mixin.py:190} INFO - [2025-01-27T00:25:27.153+0000] {override.py:1911} INFO - Created Permission View: can read on DAG Run:example_python_decorator
[2025-01-27T00:25:27.162+0000] {logging_mixin.py:190} INFO - [2025-01-27T00:25:27.162+0000] {override.py:1911} INFO - Created Permission View: can create on DAG Run:example_python_decorator
[2025-01-27T00:25:27.163+0000] {logging_mixin.py:190} INFO - [2025-01-27T00:25:27.163+0000] {dag.py:3239} INFO - Sync 1 DAGs
[2025-01-27T00:25:27.182+0000] {logging_mixin.py:190} INFO - [2025-01-27T00:25:27.181+0000] {dag.py:3262} INFO - Creating ORM DAG for example_python_decorator
[2025-01-27T00:25:27.183+0000] {logging_mixin.py:190} INFO - [2025-01-27T00:25:27.183+0000] {dag.py:4180} INFO - Setting next_dagrun for example_python_decorator to None, run_after=None
[2025-01-27T00:25:27.204+0000] {processor.py:208} INFO - Processing /home/airflow/.local/lib/python3.12/site-packages/airflow/example_dags/example_python_decorator.py took 0.300 seconds
[2025-01-27T00:25:57.558+0000] {processor.py:186} INFO - Started process (PID=163) to work on /home/airflow/.local/lib/python3.12/site-packages/airflow/example_dags/example_python_decorator.py
[2025-01-27T00:25:57.559+0000] {processor.py:914} INFO - Processing file /home/airflow/.local/lib/python3.12/site-packages/airflow/example_dags/example_python_decorator.py for tasks to queue
[2025-01-27T00:25:57.561+0000] {logging_mixin.py:190} INFO - [2025-01-27T00:25:57.561+0000] {dagbag.py:588} INFO - Filling up the DagBag from /home/airflow/.local/lib/python3.12/site-packages/airflow/example_dags/example_python_decorator.py
[2025-01-27T00:25:57.576+0000] {processor.py:925} INFO - DAG(s) 'example_python_decorator' retrieved from /home/airflow/.local/lib/python3.12/site-packages/airflow/example_dags/example_python_decorator.py
[2025-01-27T00:25:57.597+0000] {logging_mixin.py:190} INFO - [2025-01-27T00:25:57.597+0000] {dag.py:3239} INFO - Sync 1 DAGs
[2025-01-27T00:25:57.613+0000] {logging_mixin.py:190} INFO - [2025-01-27T00:25:57.613+0000] {dag.py:4180} INFO - Setting next_dagrun for example_python_decorator to None, run_after=None
[2025-01-27T00:25:57.633+0000] {processor.py:208} INFO - Processing /home/airflow/.local/lib/python3.12/site-packages/airflow/example_dags/example_python_decorator.py took 0.081 seconds
[2025-01-27T00:26:28.795+0000] {processor.py:186} INFO - Started process (PID=226) to work on /home/airflow/.local/lib/python3.12/site-packages/airflow/example_dags/example_python_decorator.py
[2025-01-27T00:26:28.796+0000] {processor.py:914} INFO - Processing file /home/airflow/.local/lib/python3.12/site-packages/airflow/example_dags/example_python_decorator.py for tasks to queue
[2025-01-27T00:26:28.798+0000] {logging_mixin.py:190} INFO - [2025-01-27T00:26:28.798+0000] {dagbag.py:588} INFO - Filling up the DagBag from /home/airflow/.local/lib/python3.12/site-packages/airflow/example_dags/example_python_decorator.py
[2025-01-27T00:26:28.812+0000] {processor.py:925} INFO - DAG(s) 'example_python_decorator' retrieved from /home/airflow/.local/lib/python3.12/site-packages/airflow/example_dags/example_python_decorator.py
[2025-01-27T00:26:28.836+0000] {logging_mixin.py:190} INFO - [2025-01-27T00:26:28.835+0000] {dag.py:3239} INFO - Sync 1 DAGs
[2025-01-27T00:26:28.854+0000] {logging_mixin.py:190} INFO - [2025-01-27T00:26:28.854+0000] {dag.py:4180} INFO - Setting next_dagrun for example_python_decorator to None, run_after=None
[2025-01-27T00:26:28.874+0000] {processor.py:208} INFO - Processing /home/airflow/.local/lib/python3.12/site-packages/airflow/example_dags/example_python_decorator.py took 0.085 seconds
[2025-01-27T00:26:59.715+0000] {processor.py:186} INFO - Started process (PID=289) to work on /home/airflow/.local/lib/python3.12/site-packages/airflow/example_dags/example_python_decorator.py
[2025-01-27T00:26:59.716+0000] {processor.py:914} INFO - Processing file /home/airflow/.local/lib/python3.12/site-packages/airflow/example_dags/example_python_decorator.py for tasks to queue
[2025-01-27T00:26:59.719+0000] {logging_mixin.py:190} INFO - [2025-01-27T00:26:59.718+0000] {dagbag.py:588} INFO - Filling up the DagBag from /home/airflow/.local/lib/python3.12/site-packages/airflow/example_dags/example_python_decorator.py
[2025-01-27T00:26:59.735+0000] {processor.py:925} INFO - DAG(s) 'example_python_decorator' retrieved from /home/airflow/.local/lib/python3.12/site-packages/airflow/example_dags/example_python_decorator.py
[2025-01-27T00:26:59.758+0000] {logging_mixin.py:190} INFO - [2025-01-27T00:26:59.757+0000] {dag.py:3239} INFO - Sync 1 DAGs
[2025-01-27T00:26:59.773+0000] {logging_mixin.py:190} INFO - [2025-01-27T00:26:59.773+0000] {dag.py:4180} INFO - Setting next_dagrun for example_python_decorator to None, run_after=None
[2025-01-27T00:26:59.794+0000] {processor.py:208} INFO - Processing /home/airflow/.local/lib/python3.12/site-packages/airflow/example_dags/example_python_decorator.py took 0.085 seconds
[2025-01-27T00:27:29.918+0000] {processor.py:186} INFO - Started process (PID=351) to work on /home/airflow/.local/lib/python3.12/site-packages/airflow/example_dags/example_python_decorator.py
[2025-01-27T00:27:29.919+0000] {processor.py:914} INFO - Processing file /home/airflow/.local/lib/python3.12/site-packages/airflow/example_dags/example_python_decorator.py for tasks to queue
[2025-01-27T00:27:29.921+0000] {logging_mixin.py:190} INFO - [2025-01-27T00:27:29.921+0000] {dagbag.py:588} INFO - Filling up the DagBag from /home/airflow/.local/lib/python3.12/site-packages/airflow/example_dags/example_python_decorator.py
[2025-01-27T00:27:29.936+0000] {processor.py:925} INFO - DAG(s) 'example_python_decorator' retrieved from /home/airflow/.local/lib/python3.12/site-packages/airflow/example_dags/example_python_decorator.py
[2025-01-27T00:27:29.962+0000] {logging_mixin.py:190} INFO - [2025-01-27T00:27:29.962+0000] {dag.py:3239} INFO - Sync 1 DAGs
[2025-01-27T00:27:29.978+0000] {logging_mixin.py:190} INFO - [2025-01-27T00:27:29.978+0000] {dag.py:4180} INFO - Setting next_dagrun for example_python_decorator to None, run_after=None
[2025-01-27T00:27:30.000+0000] {processor.py:208} INFO - Processing /home/airflow/.local/lib/python3.12/site-packages/airflow/example_dags/example_python_decorator.py took 0.088 seconds
[2025-01-27T00:28:00.306+0000] {processor.py:186} INFO - Started process (PID=414) to work on /home/airflow/.local/lib/python3.12/site-packages/airflow/example_dags/example_python_decorator.py
[2025-01-27T00:28:00.307+0000] {processor.py:914} INFO - Processing file /home/airflow/.local/lib/python3.12/site-packages/airflow/example_dags/example_python_decorator.py for tasks to queue
[2025-01-27T00:28:00.310+0000] {logging_mixin.py:190} INFO - [2025-01-27T00:28:00.309+0000] {dagbag.py:588} INFO - Filling up the DagBag from /home/airflow/.local/lib/python3.12/site-packages/airflow/example_dags/example_python_decorator.py
[2025-01-27T00:28:00.328+0000] {processor.py:925} INFO - DAG(s) 'example_python_decorator' retrieved from /home/airflow/.local/lib/python3.12/site-packages/airflow/example_dags/example_python_decorator.py
[2025-01-27T00:28:00.354+0000] {logging_mixin.py:190} INFO - [2025-01-27T00:28:00.354+0000] {dag.py:3239} INFO - Sync 1 DAGs
[2025-01-27T00:28:00.371+0000] {logging_mixin.py:190} INFO - [2025-01-27T00:28:00.371+0000] {dag.py:4180} INFO - Setting next_dagrun for example_python_decorator to None, run_after=None
[2025-01-27T00:28:00.395+0000] {processor.py:208} INFO - Processing /home/airflow/.local/lib/python3.12/site-packages/airflow/example_dags/example_python_decorator.py took 0.099 seconds
[2025-01-27T00:28:31.337+0000] {processor.py:186} INFO - Started process (PID=476) to work on /home/airflow/.local/lib/python3.12/site-packages/airflow/example_dags/example_python_decorator.py
[2025-01-27T00:28:31.338+0000] {processor.py:914} INFO - Processing file /home/airflow/.local/lib/python3.12/site-packages/airflow/example_dags/example_python_decorator.py for tasks to queue
[2025-01-27T00:28:31.340+0000] {logging_mixin.py:190} INFO - [2025-01-27T00:28:31.340+0000] {dagbag.py:588} INFO - Filling up the DagBag from /home/airflow/.local/lib/python3.12/site-packages/airflow/example_dags/example_python_decorator.py
[2025-01-27T00:28:31.359+0000] {processor.py:925} INFO - DAG(s) 'example_python_decorator' retrieved from /home/airflow/.local/lib/python3.12/site-packages/airflow/example_dags/example_python_decorator.py
[2025-01-27T00:28:31.387+0000] {logging_mixin.py:190} INFO - [2025-01-27T00:28:31.386+0000] {dag.py:3239} INFO - Sync 1 DAGs
[2025-01-27T00:28:31.406+0000] {logging_mixin.py:190} INFO - [2025-01-27T00:28:31.406+0000] {dag.py:4180} INFO - Setting next_dagrun for example_python_decorator to None, run_after=None
[2025-01-27T00:28:31.432+0000] {processor.py:208} INFO - Processing /home/airflow/.local/lib/python3.12/site-packages/airflow/example_dags/example_python_decorator.py took 0.102 seconds
[2025-01-27T00:29:02.570+0000] {processor.py:186} INFO - Started process (PID=539) to work on /home/airflow/.local/lib/python3.12/site-packages/airflow/example_dags/example_python_decorator.py
[2025-01-27T00:29:02.572+0000] {processor.py:914} INFO - Processing file /home/airflow/.local/lib/python3.12/site-packages/airflow/example_dags/example_python_decorator.py for tasks to queue
[2025-01-27T00:29:02.574+0000] {logging_mixin.py:190} INFO - [2025-01-27T00:29:02.573+0000] {dagbag.py:588} INFO - Filling up the DagBag from /home/airflow/.local/lib/python3.12/site-packages/airflow/example_dags/example_python_decorator.py
[2025-01-27T00:29:02.588+0000] {processor.py:925} INFO - DAG(s) 'example_python_decorator' retrieved from /home/airflow/.local/lib/python3.12/site-packages/airflow/example_dags/example_python_decorator.py
[2025-01-27T00:29:02.610+0000] {logging_mixin.py:190} INFO - [2025-01-27T00:29:02.610+0000] {dag.py:3239} INFO - Sync 1 DAGs
[2025-01-27T00:29:02.626+0000] {logging_mixin.py:190} INFO - [2025-01-27T00:29:02.625+0000] {dag.py:4180} INFO - Setting next_dagrun for example_python_decorator to None, run_after=None
[2025-01-27T00:29:02.646+0000] {processor.py:208} INFO - Processing /home/airflow/.local/lib/python3.12/site-packages/airflow/example_dags/example_python_decorator.py took 0.082 seconds
[2025-01-27T00:29:33.783+0000] {processor.py:186} INFO - Started process (PID=602) to work on /home/airflow/.local/lib/python3.12/site-packages/airflow/example_dags/example_python_decorator.py
[2025-01-27T00:29:33.784+0000] {processor.py:914} INFO - Processing file /home/airflow/.local/lib/python3.12/site-packages/airflow/example_dags/example_python_decorator.py for tasks to queue
[2025-01-27T00:29:33.787+0000] {logging_mixin.py:190} INFO - [2025-01-27T00:29:33.786+0000] {dagbag.py:588} INFO - Filling up the DagBag from /home/airflow/.local/lib/python3.12/site-packages/airflow/example_dags/example_python_decorator.py
[2025-01-27T00:29:33.802+0000] {processor.py:925} INFO - DAG(s) 'example_python_decorator' retrieved from /home/airflow/.local/lib/python3.12/site-packages/airflow/example_dags/example_python_decorator.py
[2025-01-27T00:29:33.828+0000] {logging_mixin.py:190} INFO - [2025-01-27T00:29:33.827+0000] {dag.py:3239} INFO - Sync 1 DAGs
[2025-01-27T00:29:33.845+0000] {logging_mixin.py:190} INFO - [2025-01-27T00:29:33.844+0000] {dag.py:4180} INFO - Setting next_dagrun for example_python_decorator to None, run_after=None
[2025-01-27T00:29:33.867+0000] {processor.py:208} INFO - Processing /home/airflow/.local/lib/python3.12/site-packages/airflow/example_dags/example_python_decorator.py took 0.090 seconds
[2025-01-27T00:30:04.810+0000] {processor.py:186} INFO - Started process (PID=666) to work on /home/airflow/.local/lib/python3.12/site-packages/airflow/example_dags/example_python_decorator.py
[2025-01-27T00:30:04.811+0000] {processor.py:914} INFO - Processing file /home/airflow/.local/lib/python3.12/site-packages/airflow/example_dags/example_python_decorator.py for tasks to queue
[2025-01-27T00:30:04.813+0000] {logging_mixin.py:190} INFO - [2025-01-27T00:30:04.813+0000] {dagbag.py:588} INFO - Filling up the DagBag from /home/airflow/.local/lib/python3.12/site-packages/airflow/example_dags/example_python_decorator.py
[2025-01-27T00:30:04.829+0000] {processor.py:925} INFO - DAG(s) 'example_python_decorator' retrieved from /home/airflow/.local/lib/python3.12/site-packages/airflow/example_dags/example_python_decorator.py
[2025-01-27T00:30:04.852+0000] {logging_mixin.py:190} INFO - [2025-01-27T00:30:04.851+0000] {dag.py:3239} INFO - Sync 1 DAGs
[2025-01-27T00:30:04.868+0000] {logging_mixin.py:190} INFO - [2025-01-27T00:30:04.868+0000] {dag.py:4180} INFO - Setting next_dagrun for example_python_decorator to None, run_after=None
[2025-01-27T00:30:04.891+0000] {processor.py:208} INFO - Processing /home/airflow/.local/lib/python3.12/site-packages/airflow/example_dags/example_python_decorator.py took 0.087 seconds
[2025-01-27T00:30:36.394+0000] {processor.py:186} INFO - Started process (PID=729) to work on /home/airflow/.local/lib/python3.12/site-packages/airflow/example_dags/example_python_decorator.py
[2025-01-27T00:30:36.395+0000] {processor.py:914} INFO - Processing file /home/airflow/.local/lib/python3.12/site-packages/airflow/example_dags/example_python_decorator.py for tasks to queue
[2025-01-27T00:30:36.398+0000] {logging_mixin.py:190} INFO - [2025-01-27T00:30:36.397+0000] {dagbag.py:588} INFO - Filling up the DagBag from /home/airflow/.local/lib/python3.12/site-packages/airflow/example_dags/example_python_decorator.py
[2025-01-27T00:30:36.417+0000] {processor.py:925} INFO - DAG(s) 'example_python_decorator' retrieved from /home/airflow/.local/lib/python3.12/site-packages/airflow/example_dags/example_python_decorator.py
[2025-01-27T00:30:36.444+0000] {logging_mixin.py:190} INFO - [2025-01-27T00:30:36.444+0000] {dag.py:3239} INFO - Sync 1 DAGs
[2025-01-27T00:30:36.461+0000] {logging_mixin.py:190} INFO - [2025-01-27T00:30:36.460+0000] {dag.py:4180} INFO - Setting next_dagrun for example_python_decorator to None, run_after=None
[2025-01-27T00:30:36.481+0000] {processor.py:208} INFO - Processing /home/airflow/.local/lib/python3.12/site-packages/airflow/example_dags/example_python_decorator.py took 0.094 seconds
[2025-01-27T00:31:07.885+0000] {processor.py:186} INFO - Started process (PID=792) to work on /home/airflow/.local/lib/python3.12/site-packages/airflow/example_dags/example_python_decorator.py
[2025-01-27T00:31:07.886+0000] {processor.py:914} INFO - Processing file /home/airflow/.local/lib/python3.12/site-packages/airflow/example_dags/example_python_decorator.py for tasks to queue
[2025-01-27T00:31:07.888+0000] {logging_mixin.py:190} INFO - [2025-01-27T00:31:07.888+0000] {dagbag.py:588} INFO - Filling up the DagBag from /home/airflow/.local/lib/python3.12/site-packages/airflow/example_dags/example_python_decorator.py
[2025-01-27T00:31:07.903+0000] {processor.py:925} INFO - DAG(s) 'example_python_decorator' retrieved from /home/airflow/.local/lib/python3.12/site-packages/airflow/example_dags/example_python_decorator.py
[2025-01-27T00:31:07.926+0000] {logging_mixin.py:190} INFO - [2025-01-27T00:31:07.926+0000] {dag.py:3239} INFO - Sync 1 DAGs
[2025-01-27T00:31:07.942+0000] {logging_mixin.py:190} INFO - [2025-01-27T00:31:07.942+0000] {dag.py:4180} INFO - Setting next_dagrun for example_python_decorator to None, run_after=None
[2025-01-27T00:31:07.963+0000] {processor.py:208} INFO - Processing /home/airflow/.local/lib/python3.12/site-packages/airflow/example_dags/example_python_decorator.py took 0.084 seconds
[2025-01-27T00:31:38.605+0000] {processor.py:186} INFO - Started process (PID=855) to work on /home/airflow/.local/lib/python3.12/site-packages/airflow/example_dags/example_python_decorator.py
[2025-01-27T00:31:38.606+0000] {processor.py:914} INFO - Processing file /home/airflow/.local/lib/python3.12/site-packages/airflow/example_dags/example_python_decorator.py for tasks to queue
[2025-01-27T00:31:38.609+0000] {logging_mixin.py:190} INFO - [2025-01-27T00:31:38.608+0000] {dagbag.py:588} INFO - Filling up the DagBag from /home/airflow/.local/lib/python3.12/site-packages/airflow/example_dags/example_python_decorator.py
[2025-01-27T00:31:38.626+0000] {processor.py:925} INFO - DAG(s) 'example_python_decorator' retrieved from /home/airflow/.local/lib/python3.12/site-packages/airflow/example_dags/example_python_decorator.py
[2025-01-27T00:31:38.651+0000] {logging_mixin.py:190} INFO - [2025-01-27T00:31:38.651+0000] {dag.py:3239} INFO - Sync 1 DAGs
[2025-01-27T00:31:38.668+0000] {logging_mixin.py:190} INFO - [2025-01-27T00:31:38.667+0000] {dag.py:4180} INFO - Setting next_dagrun for example_python_decorator to None, run_after=None
[2025-01-27T00:31:38.688+0000] {processor.py:208} INFO - Processing /home/airflow/.local/lib/python3.12/site-packages/airflow/example_dags/example_python_decorator.py took 0.090 seconds
[2025-01-27T00:32:10.306+0000] {processor.py:186} INFO - Started process (PID=918) to work on /home/airflow/.local/lib/python3.12/site-packages/airflow/example_dags/example_python_decorator.py
[2025-01-27T00:32:10.307+0000] {processor.py:914} INFO - Processing file /home/airflow/.local/lib/python3.12/site-packages/airflow/example_dags/example_python_decorator.py for tasks to queue
[2025-01-27T00:32:10.310+0000] {logging_mixin.py:190} INFO - [2025-01-27T00:32:10.310+0000] {dagbag.py:588} INFO - Filling up the DagBag from /home/airflow/.local/lib/python3.12/site-packages/airflow/example_dags/example_python_decorator.py
[2025-01-27T00:32:10.325+0000] {processor.py:925} INFO - DAG(s) 'example_python_decorator' retrieved from /home/airflow/.local/lib/python3.12/site-packages/airflow/example_dags/example_python_decorator.py
[2025-01-27T00:32:10.349+0000] {logging_mixin.py:190} INFO - [2025-01-27T00:32:10.349+0000] {dag.py:3239} INFO - Sync 1 DAGs
[2025-01-27T00:32:10.371+0000] {logging_mixin.py:190} INFO - [2025-01-27T00:32:10.370+0000] {dag.py:4180} INFO - Setting next_dagrun for example_python_decorator to None, run_after=None
[2025-01-27T00:32:10.394+0000] {processor.py:208} INFO - Processing /home/airflow/.local/lib/python3.12/site-packages/airflow/example_dags/example_python_decorator.py took 0.094 seconds
[2025-01-27T00:32:41.233+0000] {processor.py:186} INFO - Started process (PID=981) to work on /home/airflow/.local/lib/python3.12/site-packages/airflow/example_dags/example_python_decorator.py
[2025-01-27T00:32:41.234+0000] {processor.py:914} INFO - Processing file /home/airflow/.local/lib/python3.12/site-packages/airflow/example_dags/example_python_decorator.py for tasks to queue
[2025-01-27T00:32:41.236+0000] {logging_mixin.py:190} INFO - [2025-01-27T00:32:41.236+0000] {dagbag.py:588} INFO - Filling up the DagBag from /home/airflow/.local/lib/python3.12/site-packages/airflow/example_dags/example_python_decorator.py
[2025-01-27T00:32:41.252+0000] {processor.py:925} INFO - DAG(s) 'example_python_decorator' retrieved from /home/airflow/.local/lib/python3.12/site-packages/airflow/example_dags/example_python_decorator.py
[2025-01-27T00:32:41.277+0000] {logging_mixin.py:190} INFO - [2025-01-27T00:32:41.276+0000] {dag.py:3239} INFO - Sync 1 DAGs
[2025-01-27T00:32:41.292+0000] {logging_mixin.py:190} INFO - [2025-01-27T00:32:41.291+0000] {dag.py:4180} INFO - Setting next_dagrun for example_python_decorator to None, run_after=None
[2025-01-27T00:32:41.312+0000] {processor.py:208} INFO - Processing /home/airflow/.local/lib/python3.12/site-packages/airflow/example_dags/example_python_decorator.py took 0.086 seconds
[2025-01-27T00:33:12.655+0000] {processor.py:186} INFO - Started process (PID=1045) to work on /home/airflow/.local/lib/python3.12/site-packages/airflow/example_dags/example_python_decorator.py
[2025-01-27T00:33:12.656+0000] {processor.py:914} INFO - Processing file /home/airflow/.local/lib/python3.12/site-packages/airflow/example_dags/example_python_decorator.py for tasks to queue
[2025-01-27T00:33:12.659+0000] {logging_mixin.py:190} INFO - [2025-01-27T00:33:12.658+0000] {dagbag.py:588} INFO - Filling up the DagBag from /home/airflow/.local/lib/python3.12/site-packages/airflow/example_dags/example_python_decorator.py
[2025-01-27T00:33:12.675+0000] {processor.py:925} INFO - DAG(s) 'example_python_decorator' retrieved from /home/airflow/.local/lib/python3.12/site-packages/airflow/example_dags/example_python_decorator.py
[2025-01-27T00:33:12.700+0000] {logging_mixin.py:190} INFO - [2025-01-27T00:33:12.700+0000] {dag.py:3239} INFO - Sync 1 DAGs
[2025-01-27T00:33:12.715+0000] {logging_mixin.py:190} INFO - [2025-01-27T00:33:12.715+0000] {dag.py:4180} INFO - Setting next_dagrun for example_python_decorator to None, run_after=None
[2025-01-27T00:33:12.736+0000] {processor.py:208} INFO - Processing /home/airflow/.local/lib/python3.12/site-packages/airflow/example_dags/example_python_decorator.py took 0.091 seconds
[2025-01-27T00:33:43.642+0000] {processor.py:186} INFO - Started process (PID=1107) to work on /home/airflow/.local/lib/python3.12/site-packages/airflow/example_dags/example_python_decorator.py
[2025-01-27T00:33:43.644+0000] {processor.py:914} INFO - Processing file /home/airflow/.local/lib/python3.12/site-packages/airflow/example_dags/example_python_decorator.py for tasks to queue
[2025-01-27T00:33:43.646+0000] {logging_mixin.py:190} INFO - [2025-01-27T00:33:43.646+0000] {dagbag.py:588} INFO - Filling up the DagBag from /home/airflow/.local/lib/python3.12/site-packages/airflow/example_dags/example_python_decorator.py
[2025-01-27T00:33:43.665+0000] {processor.py:925} INFO - DAG(s) 'example_python_decorator' retrieved from /home/airflow/.local/lib/python3.12/site-packages/airflow/example_dags/example_python_decorator.py
[2025-01-27T00:33:43.693+0000] {logging_mixin.py:190} INFO - [2025-01-27T00:33:43.692+0000] {dag.py:3239} INFO - Sync 1 DAGs
[2025-01-27T00:33:43.721+0000] {logging_mixin.py:190} INFO - [2025-01-27T00:33:43.720+0000] {dag.py:4180} INFO - Setting next_dagrun for example_python_decorator to None, run_after=None
[2025-01-27T00:33:43.747+0000] {processor.py:208} INFO - Processing /home/airflow/.local/lib/python3.12/site-packages/airflow/example_dags/example_python_decorator.py took 0.113 seconds
[2025-01-27T00:34:15.389+0000] {processor.py:186} INFO - Started process (PID=1170) to work on /home/airflow/.local/lib/python3.12/site-packages/airflow/example_dags/example_python_decorator.py
[2025-01-27T00:34:15.390+0000] {processor.py:914} INFO - Processing file /home/airflow/.local/lib/python3.12/site-packages/airflow/example_dags/example_python_decorator.py for tasks to queue
[2025-01-27T00:34:15.393+0000] {logging_mixin.py:190} INFO - [2025-01-27T00:34:15.392+0000] {dagbag.py:588} INFO - Filling up the DagBag from /home/airflow/.local/lib/python3.12/site-packages/airflow/example_dags/example_python_decorator.py
[2025-01-27T00:34:15.415+0000] {processor.py:925} INFO - DAG(s) 'example_python_decorator' retrieved from /home/airflow/.local/lib/python3.12/site-packages/airflow/example_dags/example_python_decorator.py
[2025-01-27T00:34:15.450+0000] {logging_mixin.py:190} INFO - [2025-01-27T00:34:15.449+0000] {dag.py:3239} INFO - Sync 1 DAGs
[2025-01-27T00:34:15.488+0000] {logging_mixin.py:190} INFO - [2025-01-27T00:34:15.488+0000] {dag.py:4180} INFO - Setting next_dagrun for example_python_decorator to None, run_after=None
[2025-01-27T00:34:15.514+0000] {processor.py:208} INFO - Processing /home/airflow/.local/lib/python3.12/site-packages/airflow/example_dags/example_python_decorator.py took 0.136 seconds
