[2025-01-27T00:25:24.562+0000] {processor.py:186} INFO - Started process (PID=93) to work on /home/airflow/.local/lib/python3.12/site-packages/airflow/example_dags/example_branch_day_of_week_operator.py
[2025-01-27T00:25:24.563+0000] {processor.py:914} INFO - Processing file /home/airflow/.local/lib/python3.12/site-packages/airflow/example_dags/example_branch_day_of_week_operator.py for tasks to queue
[2025-01-27T00:25:24.565+0000] {logging_mixin.py:190} INFO - [2025-01-27T00:25:24.565+0000] {dagbag.py:588} INFO - Filling up the DagBag from /home/airflow/.local/lib/python3.12/site-packages/airflow/example_dags/example_branch_day_of_week_operator.py
[2025-01-27T00:25:24.576+0000] {processor.py:925} INFO - DAG(s) 'example_weekday_branch_operator' retrieved from /home/airflow/.local/lib/python3.12/site-packages/airflow/example_dags/example_branch_day_of_week_operator.py
[2025-01-27T00:25:24.718+0000] {logging_mixin.py:190} INFO - [2025-01-27T00:25:24.718+0000] {override.py:1911} INFO - Created Permission View: can read on DAG:example_weekday_branch_operator
[2025-01-27T00:25:24.732+0000] {logging_mixin.py:190} INFO - [2025-01-27T00:25:24.732+0000] {override.py:1911} INFO - Created Permission View: can edit on DAG:example_weekday_branch_operator
[2025-01-27T00:25:24.741+0000] {logging_mixin.py:190} INFO - [2025-01-27T00:25:24.741+0000] {override.py:1911} INFO - Created Permission View: can delete on DAG:example_weekday_branch_operator
[2025-01-27T00:25:24.754+0000] {logging_mixin.py:190} INFO - [2025-01-27T00:25:24.753+0000] {override.py:1911} INFO - Created Permission View: can delete on DAG Run:example_weekday_branch_operator
[2025-01-27T00:25:24.765+0000] {logging_mixin.py:190} INFO - [2025-01-27T00:25:24.765+0000] {override.py:1911} INFO - Created Permission View: menu access on DAG Run:example_weekday_branch_operator
[2025-01-27T00:25:24.777+0000] {logging_mixin.py:190} INFO - [2025-01-27T00:25:24.776+0000] {override.py:1911} INFO - Created Permission View: can read on DAG Run:example_weekday_branch_operator
[2025-01-27T00:25:24.788+0000] {logging_mixin.py:190} INFO - [2025-01-27T00:25:24.788+0000] {override.py:1911} INFO - Created Permission View: can create on DAG Run:example_weekday_branch_operator
[2025-01-27T00:25:24.789+0000] {logging_mixin.py:190} INFO - [2025-01-27T00:25:24.788+0000] {dag.py:3239} INFO - Sync 1 DAGs
[2025-01-27T00:25:24.804+0000] {logging_mixin.py:190} INFO - [2025-01-27T00:25:24.803+0000] {dag.py:3262} INFO - Creating ORM DAG for example_weekday_branch_operator
[2025-01-27T00:25:24.816+0000] {logging_mixin.py:190} INFO - [2025-01-27T00:25:24.816+0000] {dag.py:4180} INFO - Setting next_dagrun for example_weekday_branch_operator to 2025-01-26 00:00:00+00:00, run_after=2025-01-27 00:00:00+00:00
[2025-01-27T00:25:24.838+0000] {processor.py:208} INFO - Processing /home/airflow/.local/lib/python3.12/site-packages/airflow/example_dags/example_branch_day_of_week_operator.py took 0.282 seconds
[2025-01-27T00:25:55.347+0000] {processor.py:186} INFO - Started process (PID=156) to work on /home/airflow/.local/lib/python3.12/site-packages/airflow/example_dags/example_branch_day_of_week_operator.py
[2025-01-27T00:25:55.348+0000] {processor.py:914} INFO - Processing file /home/airflow/.local/lib/python3.12/site-packages/airflow/example_dags/example_branch_day_of_week_operator.py for tasks to queue
[2025-01-27T00:25:55.351+0000] {logging_mixin.py:190} INFO - [2025-01-27T00:25:55.350+0000] {dagbag.py:588} INFO - Filling up the DagBag from /home/airflow/.local/lib/python3.12/site-packages/airflow/example_dags/example_branch_day_of_week_operator.py
[2025-01-27T00:25:55.360+0000] {processor.py:925} INFO - DAG(s) 'example_weekday_branch_operator' retrieved from /home/airflow/.local/lib/python3.12/site-packages/airflow/example_dags/example_branch_day_of_week_operator.py
[2025-01-27T00:25:55.382+0000] {logging_mixin.py:190} INFO - [2025-01-27T00:25:55.382+0000] {dag.py:3239} INFO - Sync 1 DAGs
[2025-01-27T00:25:55.408+0000] {logging_mixin.py:190} INFO - [2025-01-27T00:25:55.408+0000] {dag.py:4180} INFO - Setting next_dagrun for example_weekday_branch_operator to 2025-01-26 00:00:00+00:00, run_after=2025-01-27 00:00:00+00:00
[2025-01-27T00:25:55.433+0000] {processor.py:208} INFO - Processing /home/airflow/.local/lib/python3.12/site-packages/airflow/example_dags/example_branch_day_of_week_operator.py took 0.091 seconds
[2025-01-27T00:26:25.796+0000] {processor.py:186} INFO - Started process (PID=218) to work on /home/airflow/.local/lib/python3.12/site-packages/airflow/example_dags/example_branch_day_of_week_operator.py
[2025-01-27T00:26:25.797+0000] {processor.py:914} INFO - Processing file /home/airflow/.local/lib/python3.12/site-packages/airflow/example_dags/example_branch_day_of_week_operator.py for tasks to queue
[2025-01-27T00:26:25.799+0000] {logging_mixin.py:190} INFO - [2025-01-27T00:26:25.799+0000] {dagbag.py:588} INFO - Filling up the DagBag from /home/airflow/.local/lib/python3.12/site-packages/airflow/example_dags/example_branch_day_of_week_operator.py
[2025-01-27T00:26:25.809+0000] {processor.py:925} INFO - DAG(s) 'example_weekday_branch_operator' retrieved from /home/airflow/.local/lib/python3.12/site-packages/airflow/example_dags/example_branch_day_of_week_operator.py
[2025-01-27T00:26:25.830+0000] {logging_mixin.py:190} INFO - [2025-01-27T00:26:25.830+0000] {dag.py:3239} INFO - Sync 1 DAGs
[2025-01-27T00:26:25.856+0000] {logging_mixin.py:190} INFO - [2025-01-27T00:26:25.856+0000] {dag.py:4180} INFO - Setting next_dagrun for example_weekday_branch_operator to 2025-01-26 00:00:00+00:00, run_after=2025-01-27 00:00:00+00:00
[2025-01-27T00:26:25.878+0000] {processor.py:208} INFO - Processing /home/airflow/.local/lib/python3.12/site-packages/airflow/example_dags/example_branch_day_of_week_operator.py took 0.087 seconds
[2025-01-27T00:26:56.486+0000] {processor.py:186} INFO - Started process (PID=281) to work on /home/airflow/.local/lib/python3.12/site-packages/airflow/example_dags/example_branch_day_of_week_operator.py
[2025-01-27T00:26:56.487+0000] {processor.py:914} INFO - Processing file /home/airflow/.local/lib/python3.12/site-packages/airflow/example_dags/example_branch_day_of_week_operator.py for tasks to queue
[2025-01-27T00:26:56.489+0000] {logging_mixin.py:190} INFO - [2025-01-27T00:26:56.489+0000] {dagbag.py:588} INFO - Filling up the DagBag from /home/airflow/.local/lib/python3.12/site-packages/airflow/example_dags/example_branch_day_of_week_operator.py
[2025-01-27T00:26:56.499+0000] {processor.py:925} INFO - DAG(s) 'example_weekday_branch_operator' retrieved from /home/airflow/.local/lib/python3.12/site-packages/airflow/example_dags/example_branch_day_of_week_operator.py
[2025-01-27T00:26:56.521+0000] {logging_mixin.py:190} INFO - [2025-01-27T00:26:56.520+0000] {dag.py:3239} INFO - Sync 1 DAGs
[2025-01-27T00:26:56.545+0000] {logging_mixin.py:190} INFO - [2025-01-27T00:26:56.544+0000] {dag.py:4180} INFO - Setting next_dagrun for example_weekday_branch_operator to 2025-01-26 00:00:00+00:00, run_after=2025-01-27 00:00:00+00:00
[2025-01-27T00:26:56.564+0000] {processor.py:208} INFO - Processing /home/airflow/.local/lib/python3.12/site-packages/airflow/example_dags/example_branch_day_of_week_operator.py took 0.084 seconds
[2025-01-27T00:27:28.119+0000] {processor.py:186} INFO - Started process (PID=344) to work on /home/airflow/.local/lib/python3.12/site-packages/airflow/example_dags/example_branch_day_of_week_operator.py
[2025-01-27T00:27:28.120+0000] {processor.py:914} INFO - Processing file /home/airflow/.local/lib/python3.12/site-packages/airflow/example_dags/example_branch_day_of_week_operator.py for tasks to queue
[2025-01-27T00:27:28.122+0000] {logging_mixin.py:190} INFO - [2025-01-27T00:27:28.122+0000] {dagbag.py:588} INFO - Filling up the DagBag from /home/airflow/.local/lib/python3.12/site-packages/airflow/example_dags/example_branch_day_of_week_operator.py
[2025-01-27T00:27:28.132+0000] {processor.py:925} INFO - DAG(s) 'example_weekday_branch_operator' retrieved from /home/airflow/.local/lib/python3.12/site-packages/airflow/example_dags/example_branch_day_of_week_operator.py
[2025-01-27T00:27:28.153+0000] {logging_mixin.py:190} INFO - [2025-01-27T00:27:28.153+0000] {dag.py:3239} INFO - Sync 1 DAGs
[2025-01-27T00:27:28.181+0000] {logging_mixin.py:190} INFO - [2025-01-27T00:27:28.181+0000] {dag.py:4180} INFO - Setting next_dagrun for example_weekday_branch_operator to 2025-01-26 00:00:00+00:00, run_after=2025-01-27 00:00:00+00:00
[2025-01-27T00:27:28.203+0000] {processor.py:208} INFO - Processing /home/airflow/.local/lib/python3.12/site-packages/airflow/example_dags/example_branch_day_of_week_operator.py took 0.089 seconds
[2025-01-27T00:27:59.645+0000] {processor.py:186} INFO - Started process (PID=407) to work on /home/airflow/.local/lib/python3.12/site-packages/airflow/example_dags/example_branch_day_of_week_operator.py
[2025-01-27T00:27:59.646+0000] {processor.py:914} INFO - Processing file /home/airflow/.local/lib/python3.12/site-packages/airflow/example_dags/example_branch_day_of_week_operator.py for tasks to queue
[2025-01-27T00:27:59.648+0000] {logging_mixin.py:190} INFO - [2025-01-27T00:27:59.648+0000] {dagbag.py:588} INFO - Filling up the DagBag from /home/airflow/.local/lib/python3.12/site-packages/airflow/example_dags/example_branch_day_of_week_operator.py
[2025-01-27T00:27:59.660+0000] {processor.py:925} INFO - DAG(s) 'example_weekday_branch_operator' retrieved from /home/airflow/.local/lib/python3.12/site-packages/airflow/example_dags/example_branch_day_of_week_operator.py
[2025-01-27T00:27:59.683+0000] {logging_mixin.py:190} INFO - [2025-01-27T00:27:59.682+0000] {dag.py:3239} INFO - Sync 1 DAGs
[2025-01-27T00:27:59.717+0000] {logging_mixin.py:190} INFO - [2025-01-27T00:27:59.717+0000] {dag.py:4180} INFO - Setting next_dagrun for example_weekday_branch_operator to 2025-01-26 00:00:00+00:00, run_after=2025-01-27 00:00:00+00:00
[2025-01-27T00:27:59.742+0000] {processor.py:208} INFO - Processing /home/airflow/.local/lib/python3.12/site-packages/airflow/example_dags/example_branch_day_of_week_operator.py took 0.103 seconds
[2025-01-27T00:28:30.773+0000] {processor.py:186} INFO - Started process (PID=470) to work on /home/airflow/.local/lib/python3.12/site-packages/airflow/example_dags/example_branch_day_of_week_operator.py
[2025-01-27T00:28:30.774+0000] {processor.py:914} INFO - Processing file /home/airflow/.local/lib/python3.12/site-packages/airflow/example_dags/example_branch_day_of_week_operator.py for tasks to queue
[2025-01-27T00:28:30.779+0000] {logging_mixin.py:190} INFO - [2025-01-27T00:28:30.778+0000] {dagbag.py:588} INFO - Filling up the DagBag from /home/airflow/.local/lib/python3.12/site-packages/airflow/example_dags/example_branch_day_of_week_operator.py
[2025-01-27T00:28:30.807+0000] {processor.py:925} INFO - DAG(s) 'example_weekday_branch_operator' retrieved from /home/airflow/.local/lib/python3.12/site-packages/airflow/example_dags/example_branch_day_of_week_operator.py
[2025-01-27T00:28:30.849+0000] {logging_mixin.py:190} INFO - [2025-01-27T00:28:30.849+0000] {dag.py:3239} INFO - Sync 1 DAGs
[2025-01-27T00:28:30.898+0000] {logging_mixin.py:190} INFO - [2025-01-27T00:28:30.898+0000] {dag.py:4180} INFO - Setting next_dagrun for example_weekday_branch_operator to 2025-01-26 00:00:00+00:00, run_after=2025-01-27 00:00:00+00:00
[2025-01-27T00:28:30.936+0000] {processor.py:208} INFO - Processing /home/airflow/.local/lib/python3.12/site-packages/airflow/example_dags/example_branch_day_of_week_operator.py took 0.176 seconds
[2025-01-27T00:29:02.009+0000] {processor.py:186} INFO - Started process (PID=533) to work on /home/airflow/.local/lib/python3.12/site-packages/airflow/example_dags/example_branch_day_of_week_operator.py
[2025-01-27T00:29:02.010+0000] {processor.py:914} INFO - Processing file /home/airflow/.local/lib/python3.12/site-packages/airflow/example_dags/example_branch_day_of_week_operator.py for tasks to queue
[2025-01-27T00:29:02.012+0000] {logging_mixin.py:190} INFO - [2025-01-27T00:29:02.012+0000] {dagbag.py:588} INFO - Filling up the DagBag from /home/airflow/.local/lib/python3.12/site-packages/airflow/example_dags/example_branch_day_of_week_operator.py
[2025-01-27T00:29:02.023+0000] {processor.py:925} INFO - DAG(s) 'example_weekday_branch_operator' retrieved from /home/airflow/.local/lib/python3.12/site-packages/airflow/example_dags/example_branch_day_of_week_operator.py
[2025-01-27T00:29:02.046+0000] {logging_mixin.py:190} INFO - [2025-01-27T00:29:02.046+0000] {dag.py:3239} INFO - Sync 1 DAGs
[2025-01-27T00:29:02.081+0000] {logging_mixin.py:190} INFO - [2025-01-27T00:29:02.081+0000] {dag.py:4180} INFO - Setting next_dagrun for example_weekday_branch_operator to 2025-01-26 00:00:00+00:00, run_after=2025-01-27 00:00:00+00:00
[2025-01-27T00:29:02.101+0000] {processor.py:208} INFO - Processing /home/airflow/.local/lib/python3.12/site-packages/airflow/example_dags/example_branch_day_of_week_operator.py took 0.099 seconds
[2025-01-27T00:29:33.269+0000] {processor.py:186} INFO - Started process (PID=596) to work on /home/airflow/.local/lib/python3.12/site-packages/airflow/example_dags/example_branch_day_of_week_operator.py
[2025-01-27T00:29:33.270+0000] {processor.py:914} INFO - Processing file /home/airflow/.local/lib/python3.12/site-packages/airflow/example_dags/example_branch_day_of_week_operator.py for tasks to queue
[2025-01-27T00:29:33.273+0000] {logging_mixin.py:190} INFO - [2025-01-27T00:29:33.273+0000] {dagbag.py:588} INFO - Filling up the DagBag from /home/airflow/.local/lib/python3.12/site-packages/airflow/example_dags/example_branch_day_of_week_operator.py
[2025-01-27T00:29:33.284+0000] {processor.py:925} INFO - DAG(s) 'example_weekday_branch_operator' retrieved from /home/airflow/.local/lib/python3.12/site-packages/airflow/example_dags/example_branch_day_of_week_operator.py
[2025-01-27T00:29:33.309+0000] {logging_mixin.py:190} INFO - [2025-01-27T00:29:33.309+0000] {dag.py:3239} INFO - Sync 1 DAGs
[2025-01-27T00:29:33.339+0000] {logging_mixin.py:190} INFO - [2025-01-27T00:29:33.339+0000] {dag.py:4180} INFO - Setting next_dagrun for example_weekday_branch_operator to 2025-01-26 00:00:00+00:00, run_after=2025-01-27 00:00:00+00:00
[2025-01-27T00:29:33.372+0000] {processor.py:208} INFO - Processing /home/airflow/.local/lib/python3.12/site-packages/airflow/example_dags/example_branch_day_of_week_operator.py took 0.109 seconds
[2025-01-27T00:30:04.286+0000] {processor.py:186} INFO - Started process (PID=660) to work on /home/airflow/.local/lib/python3.12/site-packages/airflow/example_dags/example_branch_day_of_week_operator.py
[2025-01-27T00:30:04.287+0000] {processor.py:914} INFO - Processing file /home/airflow/.local/lib/python3.12/site-packages/airflow/example_dags/example_branch_day_of_week_operator.py for tasks to queue
[2025-01-27T00:30:04.290+0000] {logging_mixin.py:190} INFO - [2025-01-27T00:30:04.289+0000] {dagbag.py:588} INFO - Filling up the DagBag from /home/airflow/.local/lib/python3.12/site-packages/airflow/example_dags/example_branch_day_of_week_operator.py
[2025-01-27T00:30:04.299+0000] {processor.py:925} INFO - DAG(s) 'example_weekday_branch_operator' retrieved from /home/airflow/.local/lib/python3.12/site-packages/airflow/example_dags/example_branch_day_of_week_operator.py
[2025-01-27T00:30:04.323+0000] {logging_mixin.py:190} INFO - [2025-01-27T00:30:04.323+0000] {dag.py:3239} INFO - Sync 1 DAGs
[2025-01-27T00:30:04.354+0000] {logging_mixin.py:190} INFO - [2025-01-27T00:30:04.354+0000] {dag.py:4180} INFO - Setting next_dagrun for example_weekday_branch_operator to 2025-01-26 00:00:00+00:00, run_after=2025-01-27 00:00:00+00:00
[2025-01-27T00:30:04.374+0000] {processor.py:208} INFO - Processing /home/airflow/.local/lib/python3.12/site-packages/airflow/example_dags/example_branch_day_of_week_operator.py took 0.093 seconds
[2025-01-27T00:30:36.038+0000] {processor.py:186} INFO - Started process (PID=723) to work on /home/airflow/.local/lib/python3.12/site-packages/airflow/example_dags/example_branch_day_of_week_operator.py
[2025-01-27T00:30:36.039+0000] {processor.py:914} INFO - Processing file /home/airflow/.local/lib/python3.12/site-packages/airflow/example_dags/example_branch_day_of_week_operator.py for tasks to queue
[2025-01-27T00:30:36.041+0000] {logging_mixin.py:190} INFO - [2025-01-27T00:30:36.041+0000] {dagbag.py:588} INFO - Filling up the DagBag from /home/airflow/.local/lib/python3.12/site-packages/airflow/example_dags/example_branch_day_of_week_operator.py
[2025-01-27T00:30:36.052+0000] {processor.py:925} INFO - DAG(s) 'example_weekday_branch_operator' retrieved from /home/airflow/.local/lib/python3.12/site-packages/airflow/example_dags/example_branch_day_of_week_operator.py
[2025-01-27T00:30:36.073+0000] {logging_mixin.py:190} INFO - [2025-01-27T00:30:36.072+0000] {dag.py:3239} INFO - Sync 1 DAGs
[2025-01-27T00:30:36.097+0000] {logging_mixin.py:190} INFO - [2025-01-27T00:30:36.097+0000] {dag.py:4180} INFO - Setting next_dagrun for example_weekday_branch_operator to 2025-01-26 00:00:00+00:00, run_after=2025-01-27 00:00:00+00:00
[2025-01-27T00:30:36.116+0000] {processor.py:208} INFO - Processing /home/airflow/.local/lib/python3.12/site-packages/airflow/example_dags/example_branch_day_of_week_operator.py took 0.084 seconds
[2025-01-27T00:31:07.487+0000] {processor.py:186} INFO - Started process (PID=786) to work on /home/airflow/.local/lib/python3.12/site-packages/airflow/example_dags/example_branch_day_of_week_operator.py
[2025-01-27T00:31:07.488+0000] {processor.py:914} INFO - Processing file /home/airflow/.local/lib/python3.12/site-packages/airflow/example_dags/example_branch_day_of_week_operator.py for tasks to queue
[2025-01-27T00:31:07.491+0000] {logging_mixin.py:190} INFO - [2025-01-27T00:31:07.490+0000] {dagbag.py:588} INFO - Filling up the DagBag from /home/airflow/.local/lib/python3.12/site-packages/airflow/example_dags/example_branch_day_of_week_operator.py
[2025-01-27T00:31:07.502+0000] {processor.py:925} INFO - DAG(s) 'example_weekday_branch_operator' retrieved from /home/airflow/.local/lib/python3.12/site-packages/airflow/example_dags/example_branch_day_of_week_operator.py
[2025-01-27T00:31:07.521+0000] {logging_mixin.py:190} INFO - [2025-01-27T00:31:07.521+0000] {dag.py:3239} INFO - Sync 1 DAGs
[2025-01-27T00:31:07.546+0000] {logging_mixin.py:190} INFO - [2025-01-27T00:31:07.546+0000] {dag.py:4180} INFO - Setting next_dagrun for example_weekday_branch_operator to 2025-01-26 00:00:00+00:00, run_after=2025-01-27 00:00:00+00:00
[2025-01-27T00:31:07.566+0000] {processor.py:208} INFO - Processing /home/airflow/.local/lib/python3.12/site-packages/airflow/example_dags/example_branch_day_of_week_operator.py took 0.086 seconds
[2025-01-27T00:31:38.182+0000] {processor.py:186} INFO - Started process (PID=849) to work on /home/airflow/.local/lib/python3.12/site-packages/airflow/example_dags/example_branch_day_of_week_operator.py
[2025-01-27T00:31:38.184+0000] {processor.py:914} INFO - Processing file /home/airflow/.local/lib/python3.12/site-packages/airflow/example_dags/example_branch_day_of_week_operator.py for tasks to queue
[2025-01-27T00:31:38.186+0000] {logging_mixin.py:190} INFO - [2025-01-27T00:31:38.186+0000] {dagbag.py:588} INFO - Filling up the DagBag from /home/airflow/.local/lib/python3.12/site-packages/airflow/example_dags/example_branch_day_of_week_operator.py
[2025-01-27T00:31:38.211+0000] {processor.py:925} INFO - DAG(s) 'example_weekday_branch_operator' retrieved from /home/airflow/.local/lib/python3.12/site-packages/airflow/example_dags/example_branch_day_of_week_operator.py
[2025-01-27T00:31:38.250+0000] {logging_mixin.py:190} INFO - [2025-01-27T00:31:38.249+0000] {dag.py:3239} INFO - Sync 1 DAGs
[2025-01-27T00:31:38.287+0000] {logging_mixin.py:190} INFO - [2025-01-27T00:31:38.287+0000] {dag.py:4180} INFO - Setting next_dagrun for example_weekday_branch_operator to 2025-01-26 00:00:00+00:00, run_after=2025-01-27 00:00:00+00:00
[2025-01-27T00:31:38.309+0000] {processor.py:208} INFO - Processing /home/airflow/.local/lib/python3.12/site-packages/airflow/example_dags/example_branch_day_of_week_operator.py took 0.134 seconds
[2025-01-27T00:32:09.780+0000] {processor.py:186} INFO - Started process (PID=912) to work on /home/airflow/.local/lib/python3.12/site-packages/airflow/example_dags/example_branch_day_of_week_operator.py
[2025-01-27T00:32:09.781+0000] {processor.py:914} INFO - Processing file /home/airflow/.local/lib/python3.12/site-packages/airflow/example_dags/example_branch_day_of_week_operator.py for tasks to queue
[2025-01-27T00:32:09.784+0000] {logging_mixin.py:190} INFO - [2025-01-27T00:32:09.783+0000] {dagbag.py:588} INFO - Filling up the DagBag from /home/airflow/.local/lib/python3.12/site-packages/airflow/example_dags/example_branch_day_of_week_operator.py
[2025-01-27T00:32:09.796+0000] {processor.py:925} INFO - DAG(s) 'example_weekday_branch_operator' retrieved from /home/airflow/.local/lib/python3.12/site-packages/airflow/example_dags/example_branch_day_of_week_operator.py
[2025-01-27T00:32:09.816+0000] {logging_mixin.py:190} INFO - [2025-01-27T00:32:09.816+0000] {dag.py:3239} INFO - Sync 1 DAGs
[2025-01-27T00:32:09.841+0000] {logging_mixin.py:190} INFO - [2025-01-27T00:32:09.841+0000] {dag.py:4180} INFO - Setting next_dagrun for example_weekday_branch_operator to 2025-01-26 00:00:00+00:00, run_after=2025-01-27 00:00:00+00:00
[2025-01-27T00:32:09.861+0000] {processor.py:208} INFO - Processing /home/airflow/.local/lib/python3.12/site-packages/airflow/example_dags/example_branch_day_of_week_operator.py took 0.087 seconds
[2025-01-27T00:32:40.701+0000] {processor.py:186} INFO - Started process (PID=975) to work on /home/airflow/.local/lib/python3.12/site-packages/airflow/example_dags/example_branch_day_of_week_operator.py
[2025-01-27T00:32:40.702+0000] {processor.py:914} INFO - Processing file /home/airflow/.local/lib/python3.12/site-packages/airflow/example_dags/example_branch_day_of_week_operator.py for tasks to queue
[2025-01-27T00:32:40.706+0000] {logging_mixin.py:190} INFO - [2025-01-27T00:32:40.705+0000] {dagbag.py:588} INFO - Filling up the DagBag from /home/airflow/.local/lib/python3.12/site-packages/airflow/example_dags/example_branch_day_of_week_operator.py
[2025-01-27T00:32:40.718+0000] {processor.py:925} INFO - DAG(s) 'example_weekday_branch_operator' retrieved from /home/airflow/.local/lib/python3.12/site-packages/airflow/example_dags/example_branch_day_of_week_operator.py
[2025-01-27T00:32:40.741+0000] {logging_mixin.py:190} INFO - [2025-01-27T00:32:40.741+0000] {dag.py:3239} INFO - Sync 1 DAGs
[2025-01-27T00:32:40.772+0000] {logging_mixin.py:190} INFO - [2025-01-27T00:32:40.772+0000] {dag.py:4180} INFO - Setting next_dagrun for example_weekday_branch_operator to 2025-01-26 00:00:00+00:00, run_after=2025-01-27 00:00:00+00:00
[2025-01-27T00:32:40.800+0000] {processor.py:208} INFO - Processing /home/airflow/.local/lib/python3.12/site-packages/airflow/example_dags/example_branch_day_of_week_operator.py took 0.107 seconds
[2025-01-27T00:33:12.138+0000] {processor.py:186} INFO - Started process (PID=1038) to work on /home/airflow/.local/lib/python3.12/site-packages/airflow/example_dags/example_branch_day_of_week_operator.py
[2025-01-27T00:33:12.139+0000] {processor.py:914} INFO - Processing file /home/airflow/.local/lib/python3.12/site-packages/airflow/example_dags/example_branch_day_of_week_operator.py for tasks to queue
[2025-01-27T00:33:12.141+0000] {logging_mixin.py:190} INFO - [2025-01-27T00:33:12.141+0000] {dagbag.py:588} INFO - Filling up the DagBag from /home/airflow/.local/lib/python3.12/site-packages/airflow/example_dags/example_branch_day_of_week_operator.py
[2025-01-27T00:33:12.151+0000] {processor.py:925} INFO - DAG(s) 'example_weekday_branch_operator' retrieved from /home/airflow/.local/lib/python3.12/site-packages/airflow/example_dags/example_branch_day_of_week_operator.py
[2025-01-27T00:33:12.173+0000] {logging_mixin.py:190} INFO - [2025-01-27T00:33:12.173+0000] {dag.py:3239} INFO - Sync 1 DAGs
[2025-01-27T00:33:12.199+0000] {logging_mixin.py:190} INFO - [2025-01-27T00:33:12.199+0000] {dag.py:4180} INFO - Setting next_dagrun for example_weekday_branch_operator to 2025-01-26 00:00:00+00:00, run_after=2025-01-27 00:00:00+00:00
[2025-01-27T00:33:12.220+0000] {processor.py:208} INFO - Processing /home/airflow/.local/lib/python3.12/site-packages/airflow/example_dags/example_branch_day_of_week_operator.py took 0.087 seconds
[2025-01-27T00:33:43.199+0000] {processor.py:186} INFO - Started process (PID=1101) to work on /home/airflow/.local/lib/python3.12/site-packages/airflow/example_dags/example_branch_day_of_week_operator.py
[2025-01-27T00:33:43.200+0000] {processor.py:914} INFO - Processing file /home/airflow/.local/lib/python3.12/site-packages/airflow/example_dags/example_branch_day_of_week_operator.py for tasks to queue
[2025-01-27T00:33:43.203+0000] {logging_mixin.py:190} INFO - [2025-01-27T00:33:43.203+0000] {dagbag.py:588} INFO - Filling up the DagBag from /home/airflow/.local/lib/python3.12/site-packages/airflow/example_dags/example_branch_day_of_week_operator.py
[2025-01-27T00:33:43.215+0000] {processor.py:925} INFO - DAG(s) 'example_weekday_branch_operator' retrieved from /home/airflow/.local/lib/python3.12/site-packages/airflow/example_dags/example_branch_day_of_week_operator.py
[2025-01-27T00:33:43.236+0000] {logging_mixin.py:190} INFO - [2025-01-27T00:33:43.235+0000] {dag.py:3239} INFO - Sync 1 DAGs
[2025-01-27T00:33:43.260+0000] {logging_mixin.py:190} INFO - [2025-01-27T00:33:43.259+0000] {dag.py:4180} INFO - Setting next_dagrun for example_weekday_branch_operator to 2025-01-26 00:00:00+00:00, run_after=2025-01-27 00:00:00+00:00
[2025-01-27T00:33:43.280+0000] {processor.py:208} INFO - Processing /home/airflow/.local/lib/python3.12/site-packages/airflow/example_dags/example_branch_day_of_week_operator.py took 0.089 seconds
[2025-01-27T00:34:15.017+0000] {processor.py:186} INFO - Started process (PID=1164) to work on /home/airflow/.local/lib/python3.12/site-packages/airflow/example_dags/example_branch_day_of_week_operator.py
[2025-01-27T00:34:15.018+0000] {processor.py:914} INFO - Processing file /home/airflow/.local/lib/python3.12/site-packages/airflow/example_dags/example_branch_day_of_week_operator.py for tasks to queue
[2025-01-27T00:34:15.020+0000] {logging_mixin.py:190} INFO - [2025-01-27T00:34:15.020+0000] {dagbag.py:588} INFO - Filling up the DagBag from /home/airflow/.local/lib/python3.12/site-packages/airflow/example_dags/example_branch_day_of_week_operator.py
[2025-01-27T00:34:15.030+0000] {processor.py:925} INFO - DAG(s) 'example_weekday_branch_operator' retrieved from /home/airflow/.local/lib/python3.12/site-packages/airflow/example_dags/example_branch_day_of_week_operator.py
[2025-01-27T00:34:15.050+0000] {logging_mixin.py:190} INFO - [2025-01-27T00:34:15.049+0000] {dag.py:3239} INFO - Sync 1 DAGs
[2025-01-27T00:34:15.074+0000] {logging_mixin.py:190} INFO - [2025-01-27T00:34:15.074+0000] {dag.py:4180} INFO - Setting next_dagrun for example_weekday_branch_operator to 2025-01-26 00:00:00+00:00, run_after=2025-01-27 00:00:00+00:00
[2025-01-27T00:34:15.094+0000] {processor.py:208} INFO - Processing /home/airflow/.local/lib/python3.12/site-packages/airflow/example_dags/example_branch_day_of_week_operator.py took 0.083 seconds
