[2025-01-27T00:25:23.362+0000] {processor.py:186} INFO - Started process (PID=88) to work on /home/airflow/.local/lib/python3.12/site-packages/airflow/example_dags/example_skip_dag.py
[2025-01-27T00:25:23.363+0000] {processor.py:914} INFO - Processing file /home/airflow/.local/lib/python3.12/site-packages/airflow/example_dags/example_skip_dag.py for tasks to queue
[2025-01-27T00:25:23.366+0000] {logging_mixin.py:190} INFO - [2025-01-27T00:25:23.365+0000] {dagbag.py:588} INFO - Filling up the DagBag from /home/airflow/.local/lib/python3.12/site-packages/airflow/example_dags/example_skip_dag.py
[2025-01-27T00:25:23.378+0000] {processor.py:925} INFO - DAG(s) 'example_skip_dag' retrieved from /home/airflow/.local/lib/python3.12/site-packages/airflow/example_dags/example_skip_dag.py
[2025-01-27T00:25:23.527+0000] {logging_mixin.py:190} INFO - [2025-01-27T00:25:23.526+0000] {override.py:1911} INFO - Created Permission View: can read on DAG:example_skip_dag
[2025-01-27T00:25:23.543+0000] {logging_mixin.py:190} INFO - [2025-01-27T00:25:23.542+0000] {override.py:1911} INFO - Created Permission View: can edit on DAG:example_skip_dag
[2025-01-27T00:25:23.553+0000] {logging_mixin.py:190} INFO - [2025-01-27T00:25:23.552+0000] {override.py:1911} INFO - Created Permission View: can delete on DAG:example_skip_dag
[2025-01-27T00:25:23.570+0000] {logging_mixin.py:190} INFO - [2025-01-27T00:25:23.569+0000] {override.py:1911} INFO - Created Permission View: can delete on DAG Run:example_skip_dag
[2025-01-27T00:25:23.591+0000] {logging_mixin.py:190} INFO - [2025-01-27T00:25:23.590+0000] {override.py:1911} INFO - Created Permission View: menu access on DAG Run:example_skip_dag
[2025-01-27T00:25:23.607+0000] {logging_mixin.py:190} INFO - [2025-01-27T00:25:23.607+0000] {override.py:1911} INFO - Created Permission View: can read on DAG Run:example_skip_dag
[2025-01-27T00:25:23.621+0000] {logging_mixin.py:190} INFO - [2025-01-27T00:25:23.620+0000] {override.py:1911} INFO - Created Permission View: can create on DAG Run:example_skip_dag
[2025-01-27T00:25:23.622+0000] {logging_mixin.py:190} INFO - [2025-01-27T00:25:23.621+0000] {dag.py:3239} INFO - Sync 1 DAGs
[2025-01-27T00:25:23.639+0000] {logging_mixin.py:190} INFO - [2025-01-27T00:25:23.638+0000] {dag.py:3262} INFO - Creating ORM DAG for example_skip_dag
[2025-01-27T00:25:23.651+0000] {logging_mixin.py:190} INFO - [2025-01-27T00:25:23.651+0000] {dag.py:4180} INFO - Setting next_dagrun for example_skip_dag to 2025-01-26 00:00:00+00:00, run_after=2025-01-27 00:00:00+00:00
[2025-01-27T00:25:23.682+0000] {processor.py:208} INFO - Processing /home/airflow/.local/lib/python3.12/site-packages/airflow/example_dags/example_skip_dag.py took 0.326 seconds
[2025-01-27T00:25:53.784+0000] {processor.py:186} INFO - Started process (PID=150) to work on /home/airflow/.local/lib/python3.12/site-packages/airflow/example_dags/example_skip_dag.py
[2025-01-27T00:25:53.785+0000] {processor.py:914} INFO - Processing file /home/airflow/.local/lib/python3.12/site-packages/airflow/example_dags/example_skip_dag.py for tasks to queue
[2025-01-27T00:25:53.787+0000] {logging_mixin.py:190} INFO - [2025-01-27T00:25:53.787+0000] {dagbag.py:588} INFO - Filling up the DagBag from /home/airflow/.local/lib/python3.12/site-packages/airflow/example_dags/example_skip_dag.py
[2025-01-27T00:25:53.795+0000] {processor.py:925} INFO - DAG(s) 'example_skip_dag' retrieved from /home/airflow/.local/lib/python3.12/site-packages/airflow/example_dags/example_skip_dag.py
[2025-01-27T00:25:53.816+0000] {logging_mixin.py:190} INFO - [2025-01-27T00:25:53.816+0000] {dag.py:3239} INFO - Sync 1 DAGs
[2025-01-27T00:25:53.842+0000] {logging_mixin.py:190} INFO - [2025-01-27T00:25:53.842+0000] {dag.py:4180} INFO - Setting next_dagrun for example_skip_dag to 2025-01-26 00:00:00+00:00, run_after=2025-01-27 00:00:00+00:00
[2025-01-27T00:25:53.861+0000] {processor.py:208} INFO - Processing /home/airflow/.local/lib/python3.12/site-packages/airflow/example_dags/example_skip_dag.py took 0.083 seconds
[2025-01-27T00:26:24.466+0000] {processor.py:186} INFO - Started process (PID=213) to work on /home/airflow/.local/lib/python3.12/site-packages/airflow/example_dags/example_skip_dag.py
[2025-01-27T00:26:24.468+0000] {processor.py:914} INFO - Processing file /home/airflow/.local/lib/python3.12/site-packages/airflow/example_dags/example_skip_dag.py for tasks to queue
[2025-01-27T00:26:24.470+0000] {logging_mixin.py:190} INFO - [2025-01-27T00:26:24.470+0000] {dagbag.py:588} INFO - Filling up the DagBag from /home/airflow/.local/lib/python3.12/site-packages/airflow/example_dags/example_skip_dag.py
[2025-01-27T00:26:24.478+0000] {processor.py:925} INFO - DAG(s) 'example_skip_dag' retrieved from /home/airflow/.local/lib/python3.12/site-packages/airflow/example_dags/example_skip_dag.py
[2025-01-27T00:26:24.500+0000] {logging_mixin.py:190} INFO - [2025-01-27T00:26:24.500+0000] {dag.py:3239} INFO - Sync 1 DAGs
[2025-01-27T00:26:24.524+0000] {logging_mixin.py:190} INFO - [2025-01-27T00:26:24.523+0000] {dag.py:4180} INFO - Setting next_dagrun for example_skip_dag to 2025-01-26 00:00:00+00:00, run_after=2025-01-27 00:00:00+00:00
[2025-01-27T00:26:24.543+0000] {processor.py:208} INFO - Processing /home/airflow/.local/lib/python3.12/site-packages/airflow/example_dags/example_skip_dag.py took 0.082 seconds
[2025-01-27T00:26:56.130+0000] {processor.py:186} INFO - Started process (PID=276) to work on /home/airflow/.local/lib/python3.12/site-packages/airflow/example_dags/example_skip_dag.py
[2025-01-27T00:26:56.131+0000] {processor.py:914} INFO - Processing file /home/airflow/.local/lib/python3.12/site-packages/airflow/example_dags/example_skip_dag.py for tasks to queue
[2025-01-27T00:26:56.134+0000] {logging_mixin.py:190} INFO - [2025-01-27T00:26:56.133+0000] {dagbag.py:588} INFO - Filling up the DagBag from /home/airflow/.local/lib/python3.12/site-packages/airflow/example_dags/example_skip_dag.py
[2025-01-27T00:26:56.142+0000] {processor.py:925} INFO - DAG(s) 'example_skip_dag' retrieved from /home/airflow/.local/lib/python3.12/site-packages/airflow/example_dags/example_skip_dag.py
[2025-01-27T00:26:56.164+0000] {logging_mixin.py:190} INFO - [2025-01-27T00:26:56.164+0000] {dag.py:3239} INFO - Sync 1 DAGs
[2025-01-27T00:26:56.188+0000] {logging_mixin.py:190} INFO - [2025-01-27T00:26:56.188+0000] {dag.py:4180} INFO - Setting next_dagrun for example_skip_dag to 2025-01-26 00:00:00+00:00, run_after=2025-01-27 00:00:00+00:00
[2025-01-27T00:26:56.209+0000] {processor.py:208} INFO - Processing /home/airflow/.local/lib/python3.12/site-packages/airflow/example_dags/example_skip_dag.py took 0.085 seconds
[2025-01-27T00:27:27.767+0000] {processor.py:186} INFO - Started process (PID=339) to work on /home/airflow/.local/lib/python3.12/site-packages/airflow/example_dags/example_skip_dag.py
[2025-01-27T00:27:27.768+0000] {processor.py:914} INFO - Processing file /home/airflow/.local/lib/python3.12/site-packages/airflow/example_dags/example_skip_dag.py for tasks to queue
[2025-01-27T00:27:27.771+0000] {logging_mixin.py:190} INFO - [2025-01-27T00:27:27.770+0000] {dagbag.py:588} INFO - Filling up the DagBag from /home/airflow/.local/lib/python3.12/site-packages/airflow/example_dags/example_skip_dag.py
[2025-01-27T00:27:27.780+0000] {processor.py:925} INFO - DAG(s) 'example_skip_dag' retrieved from /home/airflow/.local/lib/python3.12/site-packages/airflow/example_dags/example_skip_dag.py
[2025-01-27T00:27:27.802+0000] {logging_mixin.py:190} INFO - [2025-01-27T00:27:27.802+0000] {dag.py:3239} INFO - Sync 1 DAGs
[2025-01-27T00:27:27.826+0000] {logging_mixin.py:190} INFO - [2025-01-27T00:27:27.826+0000] {dag.py:4180} INFO - Setting next_dagrun for example_skip_dag to 2025-01-26 00:00:00+00:00, run_after=2025-01-27 00:00:00+00:00
[2025-01-27T00:27:27.847+0000] {processor.py:208} INFO - Processing /home/airflow/.local/lib/python3.12/site-packages/airflow/example_dags/example_skip_dag.py took 0.085 seconds
[2025-01-27T00:27:59.252+0000] {processor.py:186} INFO - Started process (PID=402) to work on /home/airflow/.local/lib/python3.12/site-packages/airflow/example_dags/example_skip_dag.py
[2025-01-27T00:27:59.253+0000] {processor.py:914} INFO - Processing file /home/airflow/.local/lib/python3.12/site-packages/airflow/example_dags/example_skip_dag.py for tasks to queue
[2025-01-27T00:27:59.256+0000] {logging_mixin.py:190} INFO - [2025-01-27T00:27:59.256+0000] {dagbag.py:588} INFO - Filling up the DagBag from /home/airflow/.local/lib/python3.12/site-packages/airflow/example_dags/example_skip_dag.py
[2025-01-27T00:27:59.269+0000] {processor.py:925} INFO - DAG(s) 'example_skip_dag' retrieved from /home/airflow/.local/lib/python3.12/site-packages/airflow/example_dags/example_skip_dag.py
[2025-01-27T00:27:59.299+0000] {logging_mixin.py:190} INFO - [2025-01-27T00:27:59.299+0000] {dag.py:3239} INFO - Sync 1 DAGs
[2025-01-27T00:27:59.332+0000] {logging_mixin.py:190} INFO - [2025-01-27T00:27:59.332+0000] {dag.py:4180} INFO - Setting next_dagrun for example_skip_dag to 2025-01-26 00:00:00+00:00, run_after=2025-01-27 00:00:00+00:00
[2025-01-27T00:27:59.353+0000] {processor.py:208} INFO - Processing /home/airflow/.local/lib/python3.12/site-packages/airflow/example_dags/example_skip_dag.py took 0.109 seconds
[2025-01-27T00:28:30.291+0000] {processor.py:186} INFO - Started process (PID=465) to work on /home/airflow/.local/lib/python3.12/site-packages/airflow/example_dags/example_skip_dag.py
[2025-01-27T00:28:30.292+0000] {processor.py:914} INFO - Processing file /home/airflow/.local/lib/python3.12/site-packages/airflow/example_dags/example_skip_dag.py for tasks to queue
[2025-01-27T00:28:30.295+0000] {logging_mixin.py:190} INFO - [2025-01-27T00:28:30.295+0000] {dagbag.py:588} INFO - Filling up the DagBag from /home/airflow/.local/lib/python3.12/site-packages/airflow/example_dags/example_skip_dag.py
[2025-01-27T00:28:30.304+0000] {processor.py:925} INFO - DAG(s) 'example_skip_dag' retrieved from /home/airflow/.local/lib/python3.12/site-packages/airflow/example_dags/example_skip_dag.py
[2025-01-27T00:28:30.327+0000] {logging_mixin.py:190} INFO - [2025-01-27T00:28:30.326+0000] {dag.py:3239} INFO - Sync 1 DAGs
[2025-01-27T00:28:30.353+0000] {logging_mixin.py:190} INFO - [2025-01-27T00:28:30.353+0000] {dag.py:4180} INFO - Setting next_dagrun for example_skip_dag to 2025-01-26 00:00:00+00:00, run_after=2025-01-27 00:00:00+00:00
[2025-01-27T00:28:30.376+0000] {processor.py:208} INFO - Processing /home/airflow/.local/lib/python3.12/site-packages/airflow/example_dags/example_skip_dag.py took 0.091 seconds
[2025-01-27T00:29:01.604+0000] {processor.py:186} INFO - Started process (PID=528) to work on /home/airflow/.local/lib/python3.12/site-packages/airflow/example_dags/example_skip_dag.py
[2025-01-27T00:29:01.605+0000] {processor.py:914} INFO - Processing file /home/airflow/.local/lib/python3.12/site-packages/airflow/example_dags/example_skip_dag.py for tasks to queue
[2025-01-27T00:29:01.608+0000] {logging_mixin.py:190} INFO - [2025-01-27T00:29:01.607+0000] {dagbag.py:588} INFO - Filling up the DagBag from /home/airflow/.local/lib/python3.12/site-packages/airflow/example_dags/example_skip_dag.py
[2025-01-27T00:29:01.618+0000] {processor.py:925} INFO - DAG(s) 'example_skip_dag' retrieved from /home/airflow/.local/lib/python3.12/site-packages/airflow/example_dags/example_skip_dag.py
[2025-01-27T00:29:01.639+0000] {logging_mixin.py:190} INFO - [2025-01-27T00:29:01.639+0000] {dag.py:3239} INFO - Sync 1 DAGs
[2025-01-27T00:29:01.667+0000] {logging_mixin.py:190} INFO - [2025-01-27T00:29:01.666+0000] {dag.py:4180} INFO - Setting next_dagrun for example_skip_dag to 2025-01-26 00:00:00+00:00, run_after=2025-01-27 00:00:00+00:00
[2025-01-27T00:29:01.688+0000] {processor.py:208} INFO - Processing /home/airflow/.local/lib/python3.12/site-packages/airflow/example_dags/example_skip_dag.py took 0.093 seconds
[2025-01-27T00:29:32.898+0000] {processor.py:186} INFO - Started process (PID=591) to work on /home/airflow/.local/lib/python3.12/site-packages/airflow/example_dags/example_skip_dag.py
[2025-01-27T00:29:32.899+0000] {processor.py:914} INFO - Processing file /home/airflow/.local/lib/python3.12/site-packages/airflow/example_dags/example_skip_dag.py for tasks to queue
[2025-01-27T00:29:32.903+0000] {logging_mixin.py:190} INFO - [2025-01-27T00:29:32.902+0000] {dagbag.py:588} INFO - Filling up the DagBag from /home/airflow/.local/lib/python3.12/site-packages/airflow/example_dags/example_skip_dag.py
[2025-01-27T00:29:32.912+0000] {processor.py:925} INFO - DAG(s) 'example_skip_dag' retrieved from /home/airflow/.local/lib/python3.12/site-packages/airflow/example_dags/example_skip_dag.py
[2025-01-27T00:29:32.938+0000] {logging_mixin.py:190} INFO - [2025-01-27T00:29:32.938+0000] {dag.py:3239} INFO - Sync 1 DAGs
[2025-01-27T00:29:32.965+0000] {logging_mixin.py:190} INFO - [2025-01-27T00:29:32.965+0000] {dag.py:4180} INFO - Setting next_dagrun for example_skip_dag to 2025-01-26 00:00:00+00:00, run_after=2025-01-27 00:00:00+00:00
[2025-01-27T00:29:32.987+0000] {processor.py:208} INFO - Processing /home/airflow/.local/lib/python3.12/site-packages/airflow/example_dags/example_skip_dag.py took 0.096 seconds
[2025-01-27T00:30:03.924+0000] {processor.py:186} INFO - Started process (PID=655) to work on /home/airflow/.local/lib/python3.12/site-packages/airflow/example_dags/example_skip_dag.py
[2025-01-27T00:30:03.926+0000] {processor.py:914} INFO - Processing file /home/airflow/.local/lib/python3.12/site-packages/airflow/example_dags/example_skip_dag.py for tasks to queue
[2025-01-27T00:30:03.928+0000] {logging_mixin.py:190} INFO - [2025-01-27T00:30:03.928+0000] {dagbag.py:588} INFO - Filling up the DagBag from /home/airflow/.local/lib/python3.12/site-packages/airflow/example_dags/example_skip_dag.py
[2025-01-27T00:30:03.939+0000] {processor.py:925} INFO - DAG(s) 'example_skip_dag' retrieved from /home/airflow/.local/lib/python3.12/site-packages/airflow/example_dags/example_skip_dag.py
[2025-01-27T00:30:03.962+0000] {logging_mixin.py:190} INFO - [2025-01-27T00:30:03.962+0000] {dag.py:3239} INFO - Sync 1 DAGs
[2025-01-27T00:30:03.986+0000] {logging_mixin.py:190} INFO - [2025-01-27T00:30:03.986+0000] {dag.py:4180} INFO - Setting next_dagrun for example_skip_dag to 2025-01-26 00:00:00+00:00, run_after=2025-01-27 00:00:00+00:00
[2025-01-27T00:30:04.005+0000] {processor.py:208} INFO - Processing /home/airflow/.local/lib/python3.12/site-packages/airflow/example_dags/example_skip_dag.py took 0.087 seconds
[2025-01-27T00:30:35.683+0000] {processor.py:186} INFO - Started process (PID=718) to work on /home/airflow/.local/lib/python3.12/site-packages/airflow/example_dags/example_skip_dag.py
[2025-01-27T00:30:35.685+0000] {processor.py:914} INFO - Processing file /home/airflow/.local/lib/python3.12/site-packages/airflow/example_dags/example_skip_dag.py for tasks to queue
[2025-01-27T00:30:35.687+0000] {logging_mixin.py:190} INFO - [2025-01-27T00:30:35.687+0000] {dagbag.py:588} INFO - Filling up the DagBag from /home/airflow/.local/lib/python3.12/site-packages/airflow/example_dags/example_skip_dag.py
[2025-01-27T00:30:35.696+0000] {processor.py:925} INFO - DAG(s) 'example_skip_dag' retrieved from /home/airflow/.local/lib/python3.12/site-packages/airflow/example_dags/example_skip_dag.py
[2025-01-27T00:30:35.721+0000] {logging_mixin.py:190} INFO - [2025-01-27T00:30:35.721+0000] {dag.py:3239} INFO - Sync 1 DAGs
[2025-01-27T00:30:35.746+0000] {logging_mixin.py:190} INFO - [2025-01-27T00:30:35.746+0000] {dag.py:4180} INFO - Setting next_dagrun for example_skip_dag to 2025-01-26 00:00:00+00:00, run_after=2025-01-27 00:00:00+00:00
[2025-01-27T00:30:35.776+0000] {processor.py:208} INFO - Processing /home/airflow/.local/lib/python3.12/site-packages/airflow/example_dags/example_skip_dag.py took 0.098 seconds
[2025-01-27T00:31:07.131+0000] {processor.py:186} INFO - Started process (PID=781) to work on /home/airflow/.local/lib/python3.12/site-packages/airflow/example_dags/example_skip_dag.py
[2025-01-27T00:31:07.132+0000] {processor.py:914} INFO - Processing file /home/airflow/.local/lib/python3.12/site-packages/airflow/example_dags/example_skip_dag.py for tasks to queue
[2025-01-27T00:31:07.134+0000] {logging_mixin.py:190} INFO - [2025-01-27T00:31:07.134+0000] {dagbag.py:588} INFO - Filling up the DagBag from /home/airflow/.local/lib/python3.12/site-packages/airflow/example_dags/example_skip_dag.py
[2025-01-27T00:31:07.142+0000] {processor.py:925} INFO - DAG(s) 'example_skip_dag' retrieved from /home/airflow/.local/lib/python3.12/site-packages/airflow/example_dags/example_skip_dag.py
[2025-01-27T00:31:07.164+0000] {logging_mixin.py:190} INFO - [2025-01-27T00:31:07.164+0000] {dag.py:3239} INFO - Sync 1 DAGs
[2025-01-27T00:31:07.197+0000] {logging_mixin.py:190} INFO - [2025-01-27T00:31:07.197+0000] {dag.py:4180} INFO - Setting next_dagrun for example_skip_dag to 2025-01-26 00:00:00+00:00, run_after=2025-01-27 00:00:00+00:00
[2025-01-27T00:31:07.220+0000] {processor.py:208} INFO - Processing /home/airflow/.local/lib/python3.12/site-packages/airflow/example_dags/example_skip_dag.py took 0.094 seconds
[2025-01-27T00:31:37.854+0000] {processor.py:186} INFO - Started process (PID=844) to work on /home/airflow/.local/lib/python3.12/site-packages/airflow/example_dags/example_skip_dag.py
[2025-01-27T00:31:37.855+0000] {processor.py:914} INFO - Processing file /home/airflow/.local/lib/python3.12/site-packages/airflow/example_dags/example_skip_dag.py for tasks to queue
[2025-01-27T00:31:37.857+0000] {logging_mixin.py:190} INFO - [2025-01-27T00:31:37.857+0000] {dagbag.py:588} INFO - Filling up the DagBag from /home/airflow/.local/lib/python3.12/site-packages/airflow/example_dags/example_skip_dag.py
[2025-01-27T00:31:37.865+0000] {processor.py:925} INFO - DAG(s) 'example_skip_dag' retrieved from /home/airflow/.local/lib/python3.12/site-packages/airflow/example_dags/example_skip_dag.py
[2025-01-27T00:31:37.886+0000] {logging_mixin.py:190} INFO - [2025-01-27T00:31:37.886+0000] {dag.py:3239} INFO - Sync 1 DAGs
[2025-01-27T00:31:37.910+0000] {logging_mixin.py:190} INFO - [2025-01-27T00:31:37.910+0000] {dag.py:4180} INFO - Setting next_dagrun for example_skip_dag to 2025-01-26 00:00:00+00:00, run_after=2025-01-27 00:00:00+00:00
[2025-01-27T00:31:37.928+0000] {processor.py:208} INFO - Processing /home/airflow/.local/lib/python3.12/site-packages/airflow/example_dags/example_skip_dag.py took 0.079 seconds
[2025-01-27T00:32:09.434+0000] {processor.py:186} INFO - Started process (PID=907) to work on /home/airflow/.local/lib/python3.12/site-packages/airflow/example_dags/example_skip_dag.py
[2025-01-27T00:32:09.435+0000] {processor.py:914} INFO - Processing file /home/airflow/.local/lib/python3.12/site-packages/airflow/example_dags/example_skip_dag.py for tasks to queue
[2025-01-27T00:32:09.438+0000] {logging_mixin.py:190} INFO - [2025-01-27T00:32:09.437+0000] {dagbag.py:588} INFO - Filling up the DagBag from /home/airflow/.local/lib/python3.12/site-packages/airflow/example_dags/example_skip_dag.py
[2025-01-27T00:32:09.448+0000] {processor.py:925} INFO - DAG(s) 'example_skip_dag' retrieved from /home/airflow/.local/lib/python3.12/site-packages/airflow/example_dags/example_skip_dag.py
[2025-01-27T00:32:09.471+0000] {logging_mixin.py:190} INFO - [2025-01-27T00:32:09.471+0000] {dag.py:3239} INFO - Sync 1 DAGs
[2025-01-27T00:32:09.496+0000] {logging_mixin.py:190} INFO - [2025-01-27T00:32:09.495+0000] {dag.py:4180} INFO - Setting next_dagrun for example_skip_dag to 2025-01-26 00:00:00+00:00, run_after=2025-01-27 00:00:00+00:00
[2025-01-27T00:32:09.516+0000] {processor.py:208} INFO - Processing /home/airflow/.local/lib/python3.12/site-packages/airflow/example_dags/example_skip_dag.py took 0.090 seconds
[2025-01-27T00:32:40.357+0000] {processor.py:186} INFO - Started process (PID=970) to work on /home/airflow/.local/lib/python3.12/site-packages/airflow/example_dags/example_skip_dag.py
[2025-01-27T00:32:40.357+0000] {processor.py:914} INFO - Processing file /home/airflow/.local/lib/python3.12/site-packages/airflow/example_dags/example_skip_dag.py for tasks to queue
[2025-01-27T00:32:40.360+0000] {logging_mixin.py:190} INFO - [2025-01-27T00:32:40.359+0000] {dagbag.py:588} INFO - Filling up the DagBag from /home/airflow/.local/lib/python3.12/site-packages/airflow/example_dags/example_skip_dag.py
[2025-01-27T00:32:40.367+0000] {processor.py:925} INFO - DAG(s) 'example_skip_dag' retrieved from /home/airflow/.local/lib/python3.12/site-packages/airflow/example_dags/example_skip_dag.py
[2025-01-27T00:32:40.389+0000] {logging_mixin.py:190} INFO - [2025-01-27T00:32:40.388+0000] {dag.py:3239} INFO - Sync 1 DAGs
[2025-01-27T00:32:40.412+0000] {logging_mixin.py:190} INFO - [2025-01-27T00:32:40.412+0000] {dag.py:4180} INFO - Setting next_dagrun for example_skip_dag to 2025-01-26 00:00:00+00:00, run_after=2025-01-27 00:00:00+00:00
[2025-01-27T00:32:40.433+0000] {processor.py:208} INFO - Processing /home/airflow/.local/lib/python3.12/site-packages/airflow/example_dags/example_skip_dag.py took 0.082 seconds
[2025-01-27T00:33:11.850+0000] {processor.py:186} INFO - Started process (PID=1033) to work on /home/airflow/.local/lib/python3.12/site-packages/airflow/example_dags/example_skip_dag.py
[2025-01-27T00:33:11.851+0000] {processor.py:914} INFO - Processing file /home/airflow/.local/lib/python3.12/site-packages/airflow/example_dags/example_skip_dag.py for tasks to queue
[2025-01-27T00:33:11.854+0000] {logging_mixin.py:190} INFO - [2025-01-27T00:33:11.853+0000] {dagbag.py:588} INFO - Filling up the DagBag from /home/airflow/.local/lib/python3.12/site-packages/airflow/example_dags/example_skip_dag.py
[2025-01-27T00:33:11.862+0000] {processor.py:925} INFO - DAG(s) 'example_skip_dag' retrieved from /home/airflow/.local/lib/python3.12/site-packages/airflow/example_dags/example_skip_dag.py
[2025-01-27T00:33:11.890+0000] {logging_mixin.py:190} INFO - [2025-01-27T00:33:11.890+0000] {dag.py:3239} INFO - Sync 1 DAGs
[2025-01-27T00:33:11.924+0000] {logging_mixin.py:190} INFO - [2025-01-27T00:33:11.924+0000] {dag.py:4180} INFO - Setting next_dagrun for example_skip_dag to 2025-01-26 00:00:00+00:00, run_after=2025-01-27 00:00:00+00:00
[2025-01-27T00:33:11.946+0000] {processor.py:208} INFO - Processing /home/airflow/.local/lib/python3.12/site-packages/airflow/example_dags/example_skip_dag.py took 0.103 seconds
[2025-01-27T00:33:42.855+0000] {processor.py:186} INFO - Started process (PID=1096) to work on /home/airflow/.local/lib/python3.12/site-packages/airflow/example_dags/example_skip_dag.py
[2025-01-27T00:33:42.856+0000] {processor.py:914} INFO - Processing file /home/airflow/.local/lib/python3.12/site-packages/airflow/example_dags/example_skip_dag.py for tasks to queue
[2025-01-27T00:33:42.858+0000] {logging_mixin.py:190} INFO - [2025-01-27T00:33:42.858+0000] {dagbag.py:588} INFO - Filling up the DagBag from /home/airflow/.local/lib/python3.12/site-packages/airflow/example_dags/example_skip_dag.py
[2025-01-27T00:33:42.866+0000] {processor.py:925} INFO - DAG(s) 'example_skip_dag' retrieved from /home/airflow/.local/lib/python3.12/site-packages/airflow/example_dags/example_skip_dag.py
[2025-01-27T00:33:42.887+0000] {logging_mixin.py:190} INFO - [2025-01-27T00:33:42.886+0000] {dag.py:3239} INFO - Sync 1 DAGs
[2025-01-27T00:33:42.910+0000] {logging_mixin.py:190} INFO - [2025-01-27T00:33:42.910+0000] {dag.py:4180} INFO - Setting next_dagrun for example_skip_dag to 2025-01-26 00:00:00+00:00, run_after=2025-01-27 00:00:00+00:00
[2025-01-27T00:33:42.929+0000] {processor.py:208} INFO - Processing /home/airflow/.local/lib/python3.12/site-packages/airflow/example_dags/example_skip_dag.py took 0.079 seconds
[2025-01-27T00:34:14.681+0000] {processor.py:186} INFO - Started process (PID=1159) to work on /home/airflow/.local/lib/python3.12/site-packages/airflow/example_dags/example_skip_dag.py
[2025-01-27T00:34:14.682+0000] {processor.py:914} INFO - Processing file /home/airflow/.local/lib/python3.12/site-packages/airflow/example_dags/example_skip_dag.py for tasks to queue
[2025-01-27T00:34:14.685+0000] {logging_mixin.py:190} INFO - [2025-01-27T00:34:14.684+0000] {dagbag.py:588} INFO - Filling up the DagBag from /home/airflow/.local/lib/python3.12/site-packages/airflow/example_dags/example_skip_dag.py
[2025-01-27T00:34:14.692+0000] {processor.py:925} INFO - DAG(s) 'example_skip_dag' retrieved from /home/airflow/.local/lib/python3.12/site-packages/airflow/example_dags/example_skip_dag.py
[2025-01-27T00:34:14.714+0000] {logging_mixin.py:190} INFO - [2025-01-27T00:34:14.714+0000] {dag.py:3239} INFO - Sync 1 DAGs
[2025-01-27T00:34:14.736+0000] {logging_mixin.py:190} INFO - [2025-01-27T00:34:14.736+0000] {dag.py:4180} INFO - Setting next_dagrun for example_skip_dag to 2025-01-26 00:00:00+00:00, run_after=2025-01-27 00:00:00+00:00
[2025-01-27T00:34:14.757+0000] {processor.py:208} INFO - Processing /home/airflow/.local/lib/python3.12/site-packages/airflow/example_dags/example_skip_dag.py took 0.080 seconds
