[2025-01-27T00:25:24.882+0000] {processor.py:186} INFO - Started process (PID=94) to work on /home/airflow/.local/lib/python3.12/site-packages/airflow/example_dags/example_datasets.py
[2025-01-27T00:25:24.883+0000] {processor.py:914} INFO - Processing file /home/airflow/.local/lib/python3.12/site-packages/airflow/example_dags/example_datasets.py for tasks to queue
[2025-01-27T00:25:24.885+0000] {logging_mixin.py:190} INFO - [2025-01-27T00:25:24.885+0000] {dagbag.py:588} INFO - Filling up the DagBag from /home/airflow/.local/lib/python3.12/site-packages/airflow/example_dags/example_datasets.py
[2025-01-27T00:25:25.546+0000] {processor.py:925} INFO - DAG(s) 'dataset_consumes_1', 'dataset_consumes_unknown_never_scheduled', 'dataset_produces_1', 'dataset_produces_2', 'conditional_dataset_and_time_based_timetable', 'dataset_consumes_1_and_2', 'dataset_consumes_1_never_scheduled', 'consume_1_and_2_with_dataset_expressions', 'consume_1_or_both_2_and_3_with_dataset_expressions', 'consume_1_or_2_with_dataset_expressions' retrieved from /home/airflow/.local/lib/python3.12/site-packages/airflow/example_dags/example_datasets.py
[2025-01-27T00:25:25.725+0000] {logging_mixin.py:190} INFO - [2025-01-27T00:25:25.724+0000] {override.py:1911} INFO - Created Permission View: can read on DAG:dataset_consumes_1
[2025-01-27T00:25:25.740+0000] {logging_mixin.py:190} INFO - [2025-01-27T00:25:25.740+0000] {override.py:1911} INFO - Created Permission View: can edit on DAG:dataset_consumes_1
[2025-01-27T00:25:25.751+0000] {logging_mixin.py:190} INFO - [2025-01-27T00:25:25.751+0000] {override.py:1911} INFO - Created Permission View: can delete on DAG:dataset_consumes_1
[2025-01-27T00:25:25.766+0000] {logging_mixin.py:190} INFO - [2025-01-27T00:25:25.765+0000] {override.py:1911} INFO - Created Permission View: can delete on DAG Run:dataset_consumes_1
[2025-01-27T00:25:25.776+0000] {logging_mixin.py:190} INFO - [2025-01-27T00:25:25.776+0000] {override.py:1911} INFO - Created Permission View: menu access on DAG Run:dataset_consumes_1
[2025-01-27T00:25:25.786+0000] {logging_mixin.py:190} INFO - [2025-01-27T00:25:25.786+0000] {override.py:1911} INFO - Created Permission View: can read on DAG Run:dataset_consumes_1
[2025-01-27T00:25:25.797+0000] {logging_mixin.py:190} INFO - [2025-01-27T00:25:25.797+0000] {override.py:1911} INFO - Created Permission View: can create on DAG Run:dataset_consumes_1
[2025-01-27T00:25:25.819+0000] {logging_mixin.py:190} INFO - [2025-01-27T00:25:25.819+0000] {override.py:1911} INFO - Created Permission View: can read on DAG:dataset_consumes_unknown_never_scheduled
[2025-01-27T00:25:25.834+0000] {logging_mixin.py:190} INFO - [2025-01-27T00:25:25.833+0000] {override.py:1911} INFO - Created Permission View: can edit on DAG:dataset_consumes_unknown_never_scheduled
[2025-01-27T00:25:25.844+0000] {logging_mixin.py:190} INFO - [2025-01-27T00:25:25.844+0000] {override.py:1911} INFO - Created Permission View: can delete on DAG:dataset_consumes_unknown_never_scheduled
[2025-01-27T00:25:25.858+0000] {logging_mixin.py:190} INFO - [2025-01-27T00:25:25.858+0000] {override.py:1911} INFO - Created Permission View: can delete on DAG Run:dataset_consumes_unknown_never_scheduled
[2025-01-27T00:25:25.867+0000] {logging_mixin.py:190} INFO - [2025-01-27T00:25:25.867+0000] {override.py:1911} INFO - Created Permission View: menu access on DAG Run:dataset_consumes_unknown_never_scheduled
[2025-01-27T00:25:25.875+0000] {logging_mixin.py:190} INFO - [2025-01-27T00:25:25.875+0000] {override.py:1911} INFO - Created Permission View: can read on DAG Run:dataset_consumes_unknown_never_scheduled
[2025-01-27T00:25:25.885+0000] {logging_mixin.py:190} INFO - [2025-01-27T00:25:25.885+0000] {override.py:1911} INFO - Created Permission View: can create on DAG Run:dataset_consumes_unknown_never_scheduled
[2025-01-27T00:25:25.902+0000] {logging_mixin.py:190} INFO - [2025-01-27T00:25:25.902+0000] {override.py:1911} INFO - Created Permission View: can read on DAG:dataset_produces_1
[2025-01-27T00:25:25.910+0000] {logging_mixin.py:190} INFO - [2025-01-27T00:25:25.910+0000] {override.py:1911} INFO - Created Permission View: can edit on DAG:dataset_produces_1
[2025-01-27T00:25:25.919+0000] {logging_mixin.py:190} INFO - [2025-01-27T00:25:25.919+0000] {override.py:1911} INFO - Created Permission View: can delete on DAG:dataset_produces_1
[2025-01-27T00:25:25.933+0000] {logging_mixin.py:190} INFO - [2025-01-27T00:25:25.933+0000] {override.py:1911} INFO - Created Permission View: can delete on DAG Run:dataset_produces_1
[2025-01-27T00:25:25.942+0000] {logging_mixin.py:190} INFO - [2025-01-27T00:25:25.942+0000] {override.py:1911} INFO - Created Permission View: menu access on DAG Run:dataset_produces_1
[2025-01-27T00:25:25.951+0000] {logging_mixin.py:190} INFO - [2025-01-27T00:25:25.951+0000] {override.py:1911} INFO - Created Permission View: can read on DAG Run:dataset_produces_1
[2025-01-27T00:25:25.960+0000] {logging_mixin.py:190} INFO - [2025-01-27T00:25:25.960+0000] {override.py:1911} INFO - Created Permission View: can create on DAG Run:dataset_produces_1
[2025-01-27T00:25:25.978+0000] {logging_mixin.py:190} INFO - [2025-01-27T00:25:25.977+0000] {override.py:1911} INFO - Created Permission View: can read on DAG:dataset_produces_2
[2025-01-27T00:25:25.986+0000] {logging_mixin.py:190} INFO - [2025-01-27T00:25:25.986+0000] {override.py:1911} INFO - Created Permission View: can edit on DAG:dataset_produces_2
[2025-01-27T00:25:25.998+0000] {logging_mixin.py:190} INFO - [2025-01-27T00:25:25.997+0000] {override.py:1911} INFO - Created Permission View: can delete on DAG:dataset_produces_2
[2025-01-27T00:25:26.009+0000] {logging_mixin.py:190} INFO - [2025-01-27T00:25:26.009+0000] {override.py:1911} INFO - Created Permission View: can delete on DAG Run:dataset_produces_2
[2025-01-27T00:25:26.018+0000] {logging_mixin.py:190} INFO - [2025-01-27T00:25:26.017+0000] {override.py:1911} INFO - Created Permission View: menu access on DAG Run:dataset_produces_2
[2025-01-27T00:25:26.026+0000] {logging_mixin.py:190} INFO - [2025-01-27T00:25:26.026+0000] {override.py:1911} INFO - Created Permission View: can read on DAG Run:dataset_produces_2
[2025-01-27T00:25:26.036+0000] {logging_mixin.py:190} INFO - [2025-01-27T00:25:26.035+0000] {override.py:1911} INFO - Created Permission View: can create on DAG Run:dataset_produces_2
[2025-01-27T00:25:26.052+0000] {logging_mixin.py:190} INFO - [2025-01-27T00:25:26.052+0000] {override.py:1911} INFO - Created Permission View: can read on DAG:conditional_dataset_and_time_based_timetable
[2025-01-27T00:25:26.061+0000] {logging_mixin.py:190} INFO - [2025-01-27T00:25:26.061+0000] {override.py:1911} INFO - Created Permission View: can edit on DAG:conditional_dataset_and_time_based_timetable
[2025-01-27T00:25:26.071+0000] {logging_mixin.py:190} INFO - [2025-01-27T00:25:26.070+0000] {override.py:1911} INFO - Created Permission View: can delete on DAG:conditional_dataset_and_time_based_timetable
[2025-01-27T00:25:26.083+0000] {logging_mixin.py:190} INFO - [2025-01-27T00:25:26.082+0000] {override.py:1911} INFO - Created Permission View: can delete on DAG Run:conditional_dataset_and_time_based_timetable
[2025-01-27T00:25:26.091+0000] {logging_mixin.py:190} INFO - [2025-01-27T00:25:26.091+0000] {override.py:1911} INFO - Created Permission View: menu access on DAG Run:conditional_dataset_and_time_based_timetable
[2025-01-27T00:25:26.100+0000] {logging_mixin.py:190} INFO - [2025-01-27T00:25:26.100+0000] {override.py:1911} INFO - Created Permission View: can read on DAG Run:conditional_dataset_and_time_based_timetable
[2025-01-27T00:25:26.109+0000] {logging_mixin.py:190} INFO - [2025-01-27T00:25:26.109+0000] {override.py:1911} INFO - Created Permission View: can create on DAG Run:conditional_dataset_and_time_based_timetable
[2025-01-27T00:25:26.127+0000] {logging_mixin.py:190} INFO - [2025-01-27T00:25:26.127+0000] {override.py:1911} INFO - Created Permission View: can read on DAG:dataset_consumes_1_and_2
[2025-01-27T00:25:26.136+0000] {logging_mixin.py:190} INFO - [2025-01-27T00:25:26.136+0000] {override.py:1911} INFO - Created Permission View: can edit on DAG:dataset_consumes_1_and_2
[2025-01-27T00:25:26.146+0000] {logging_mixin.py:190} INFO - [2025-01-27T00:25:26.145+0000] {override.py:1911} INFO - Created Permission View: can delete on DAG:dataset_consumes_1_and_2
[2025-01-27T00:25:26.157+0000] {logging_mixin.py:190} INFO - [2025-01-27T00:25:26.157+0000] {override.py:1911} INFO - Created Permission View: can delete on DAG Run:dataset_consumes_1_and_2
[2025-01-27T00:25:26.166+0000] {logging_mixin.py:190} INFO - [2025-01-27T00:25:26.166+0000] {override.py:1911} INFO - Created Permission View: menu access on DAG Run:dataset_consumes_1_and_2
[2025-01-27T00:25:26.176+0000] {logging_mixin.py:190} INFO - [2025-01-27T00:25:26.175+0000] {override.py:1911} INFO - Created Permission View: can read on DAG Run:dataset_consumes_1_and_2
[2025-01-27T00:25:26.184+0000] {logging_mixin.py:190} INFO - [2025-01-27T00:25:26.183+0000] {override.py:1911} INFO - Created Permission View: can create on DAG Run:dataset_consumes_1_and_2
[2025-01-27T00:25:26.201+0000] {logging_mixin.py:190} INFO - [2025-01-27T00:25:26.200+0000] {override.py:1911} INFO - Created Permission View: can read on DAG:dataset_consumes_1_never_scheduled
[2025-01-27T00:25:26.209+0000] {logging_mixin.py:190} INFO - [2025-01-27T00:25:26.209+0000] {override.py:1911} INFO - Created Permission View: can edit on DAG:dataset_consumes_1_never_scheduled
[2025-01-27T00:25:26.219+0000] {logging_mixin.py:190} INFO - [2025-01-27T00:25:26.218+0000] {override.py:1911} INFO - Created Permission View: can delete on DAG:dataset_consumes_1_never_scheduled
[2025-01-27T00:25:26.230+0000] {logging_mixin.py:190} INFO - [2025-01-27T00:25:26.230+0000] {override.py:1911} INFO - Created Permission View: can delete on DAG Run:dataset_consumes_1_never_scheduled
[2025-01-27T00:25:26.239+0000] {logging_mixin.py:190} INFO - [2025-01-27T00:25:26.239+0000] {override.py:1911} INFO - Created Permission View: menu access on DAG Run:dataset_consumes_1_never_scheduled
[2025-01-27T00:25:26.249+0000] {logging_mixin.py:190} INFO - [2025-01-27T00:25:26.249+0000] {override.py:1911} INFO - Created Permission View: can read on DAG Run:dataset_consumes_1_never_scheduled
[2025-01-27T00:25:26.258+0000] {logging_mixin.py:190} INFO - [2025-01-27T00:25:26.257+0000] {override.py:1911} INFO - Created Permission View: can create on DAG Run:dataset_consumes_1_never_scheduled
[2025-01-27T00:25:26.276+0000] {logging_mixin.py:190} INFO - [2025-01-27T00:25:26.275+0000] {override.py:1911} INFO - Created Permission View: can read on DAG:consume_1_and_2_with_dataset_expressions
[2025-01-27T00:25:26.287+0000] {logging_mixin.py:190} INFO - [2025-01-27T00:25:26.286+0000] {override.py:1911} INFO - Created Permission View: can edit on DAG:consume_1_and_2_with_dataset_expressions
[2025-01-27T00:25:26.295+0000] {logging_mixin.py:190} INFO - [2025-01-27T00:25:26.295+0000] {override.py:1911} INFO - Created Permission View: can delete on DAG:consume_1_and_2_with_dataset_expressions
[2025-01-27T00:25:26.307+0000] {logging_mixin.py:190} INFO - [2025-01-27T00:25:26.307+0000] {override.py:1911} INFO - Created Permission View: can delete on DAG Run:consume_1_and_2_with_dataset_expressions
[2025-01-27T00:25:26.317+0000] {logging_mixin.py:190} INFO - [2025-01-27T00:25:26.316+0000] {override.py:1911} INFO - Created Permission View: menu access on DAG Run:consume_1_and_2_with_dataset_expressions
[2025-01-27T00:25:26.325+0000] {logging_mixin.py:190} INFO - [2025-01-27T00:25:26.325+0000] {override.py:1911} INFO - Created Permission View: can read on DAG Run:consume_1_and_2_with_dataset_expressions
[2025-01-27T00:25:26.333+0000] {logging_mixin.py:190} INFO - [2025-01-27T00:25:26.333+0000] {override.py:1911} INFO - Created Permission View: can create on DAG Run:consume_1_and_2_with_dataset_expressions
[2025-01-27T00:25:26.349+0000] {logging_mixin.py:190} INFO - [2025-01-27T00:25:26.349+0000] {override.py:1911} INFO - Created Permission View: can read on DAG:consume_1_or_both_2_and_3_with_dataset_expressions
[2025-01-27T00:25:26.358+0000] {logging_mixin.py:190} INFO - [2025-01-27T00:25:26.358+0000] {override.py:1911} INFO - Created Permission View: can edit on DAG:consume_1_or_both_2_and_3_with_dataset_expressions
[2025-01-27T00:25:26.367+0000] {logging_mixin.py:190} INFO - [2025-01-27T00:25:26.366+0000] {override.py:1911} INFO - Created Permission View: can delete on DAG:consume_1_or_both_2_and_3_with_dataset_expressions
[2025-01-27T00:25:26.378+0000] {logging_mixin.py:190} INFO - [2025-01-27T00:25:26.377+0000] {override.py:1911} INFO - Created Permission View: can delete on DAG Run:consume_1_or_both_2_and_3_with_dataset_expressions
[2025-01-27T00:25:26.388+0000] {logging_mixin.py:190} INFO - [2025-01-27T00:25:26.388+0000] {override.py:1911} INFO - Created Permission View: menu access on DAG Run:consume_1_or_both_2_and_3_with_dataset_expressions
[2025-01-27T00:25:26.397+0000] {logging_mixin.py:190} INFO - [2025-01-27T00:25:26.397+0000] {override.py:1911} INFO - Created Permission View: can read on DAG Run:consume_1_or_both_2_and_3_with_dataset_expressions
[2025-01-27T00:25:26.406+0000] {logging_mixin.py:190} INFO - [2025-01-27T00:25:26.406+0000] {override.py:1911} INFO - Created Permission View: can create on DAG Run:consume_1_or_both_2_and_3_with_dataset_expressions
[2025-01-27T00:25:26.424+0000] {logging_mixin.py:190} INFO - [2025-01-27T00:25:26.424+0000] {override.py:1911} INFO - Created Permission View: can read on DAG:consume_1_or_2_with_dataset_expressions
[2025-01-27T00:25:26.433+0000] {logging_mixin.py:190} INFO - [2025-01-27T00:25:26.433+0000] {override.py:1911} INFO - Created Permission View: can edit on DAG:consume_1_or_2_with_dataset_expressions
[2025-01-27T00:25:26.441+0000] {logging_mixin.py:190} INFO - [2025-01-27T00:25:26.441+0000] {override.py:1911} INFO - Created Permission View: can delete on DAG:consume_1_or_2_with_dataset_expressions
[2025-01-27T00:25:26.453+0000] {logging_mixin.py:190} INFO - [2025-01-27T00:25:26.453+0000] {override.py:1911} INFO - Created Permission View: can delete on DAG Run:consume_1_or_2_with_dataset_expressions
[2025-01-27T00:25:26.464+0000] {logging_mixin.py:190} INFO - [2025-01-27T00:25:26.464+0000] {override.py:1911} INFO - Created Permission View: menu access on DAG Run:consume_1_or_2_with_dataset_expressions
[2025-01-27T00:25:26.474+0000] {logging_mixin.py:190} INFO - [2025-01-27T00:25:26.474+0000] {override.py:1911} INFO - Created Permission View: can read on DAG Run:consume_1_or_2_with_dataset_expressions
[2025-01-27T00:25:26.484+0000] {logging_mixin.py:190} INFO - [2025-01-27T00:25:26.483+0000] {override.py:1911} INFO - Created Permission View: can create on DAG Run:consume_1_or_2_with_dataset_expressions
[2025-01-27T00:25:26.484+0000] {logging_mixin.py:190} INFO - [2025-01-27T00:25:26.484+0000] {dag.py:3239} INFO - Sync 10 DAGs
[2025-01-27T00:25:26.499+0000] {logging_mixin.py:190} INFO - [2025-01-27T00:25:26.499+0000] {dag.py:3262} INFO - Creating ORM DAG for consume_1_and_2_with_dataset_expressions
[2025-01-27T00:25:26.500+0000] {logging_mixin.py:190} INFO - [2025-01-27T00:25:26.500+0000] {dag.py:3262} INFO - Creating ORM DAG for dataset_consumes_1
[2025-01-27T00:25:26.501+0000] {logging_mixin.py:190} INFO - [2025-01-27T00:25:26.501+0000] {dag.py:3262} INFO - Creating ORM DAG for dataset_consumes_1_and_2
[2025-01-27T00:25:26.502+0000] {logging_mixin.py:190} INFO - [2025-01-27T00:25:26.502+0000] {dag.py:3262} INFO - Creating ORM DAG for consume_1_or_2_with_dataset_expressions
[2025-01-27T00:25:26.503+0000] {logging_mixin.py:190} INFO - [2025-01-27T00:25:26.503+0000] {dag.py:3262} INFO - Creating ORM DAG for dataset_consumes_unknown_never_scheduled
[2025-01-27T00:25:26.503+0000] {logging_mixin.py:190} INFO - [2025-01-27T00:25:26.503+0000] {dag.py:3262} INFO - Creating ORM DAG for dataset_consumes_1_never_scheduled
[2025-01-27T00:25:26.504+0000] {logging_mixin.py:190} INFO - [2025-01-27T00:25:26.504+0000] {dag.py:3262} INFO - Creating ORM DAG for dataset_produces_1
[2025-01-27T00:25:26.505+0000] {logging_mixin.py:190} INFO - [2025-01-27T00:25:26.505+0000] {dag.py:3262} INFO - Creating ORM DAG for consume_1_or_both_2_and_3_with_dataset_expressions
[2025-01-27T00:25:26.506+0000] {logging_mixin.py:190} INFO - [2025-01-27T00:25:26.506+0000] {dag.py:3262} INFO - Creating ORM DAG for conditional_dataset_and_time_based_timetable
[2025-01-27T00:25:26.507+0000] {logging_mixin.py:190} INFO - [2025-01-27T00:25:26.507+0000] {dag.py:3262} INFO - Creating ORM DAG for dataset_produces_2
[2025-01-27T00:25:26.518+0000] {logging_mixin.py:190} INFO - [2025-01-27T00:25:26.518+0000] {dag.py:4180} INFO - Setting next_dagrun for conditional_dataset_and_time_based_timetable to 2025-01-22 01:00:00+00:00, run_after=2025-01-22 01:00:00+00:00
[2025-01-27T00:25:26.519+0000] {logging_mixin.py:190} INFO - [2025-01-27T00:25:26.519+0000] {dag.py:4180} INFO - Setting next_dagrun for consume_1_and_2_with_dataset_expressions to None, run_after=None
[2025-01-27T00:25:26.519+0000] {logging_mixin.py:190} INFO - [2025-01-27T00:25:26.519+0000] {dag.py:4180} INFO - Setting next_dagrun for consume_1_or_2_with_dataset_expressions to None, run_after=None
[2025-01-27T00:25:26.520+0000] {logging_mixin.py:190} INFO - [2025-01-27T00:25:26.520+0000] {dag.py:4180} INFO - Setting next_dagrun for consume_1_or_both_2_and_3_with_dataset_expressions to None, run_after=None
[2025-01-27T00:25:26.521+0000] {logging_mixin.py:190} INFO - [2025-01-27T00:25:26.521+0000] {dag.py:4180} INFO - Setting next_dagrun for dataset_consumes_1 to None, run_after=None
[2025-01-27T00:25:26.522+0000] {logging_mixin.py:190} INFO - [2025-01-27T00:25:26.522+0000] {dag.py:4180} INFO - Setting next_dagrun for dataset_consumes_1_and_2 to None, run_after=None
[2025-01-27T00:25:26.523+0000] {logging_mixin.py:190} INFO - [2025-01-27T00:25:26.523+0000] {dag.py:4180} INFO - Setting next_dagrun for dataset_consumes_1_never_scheduled to None, run_after=None
[2025-01-27T00:25:26.524+0000] {logging_mixin.py:190} INFO - [2025-01-27T00:25:26.524+0000] {dag.py:4180} INFO - Setting next_dagrun for dataset_consumes_unknown_never_scheduled to None, run_after=None
[2025-01-27T00:25:26.526+0000] {logging_mixin.py:190} INFO - [2025-01-27T00:25:26.526+0000] {dag.py:4180} INFO - Setting next_dagrun for dataset_produces_1 to 2025-01-26 00:00:00+00:00, run_after=2025-01-27 00:00:00+00:00
[2025-01-27T00:25:26.527+0000] {logging_mixin.py:190} INFO - [2025-01-27T00:25:26.526+0000] {dag.py:4180} INFO - Setting next_dagrun for dataset_produces_2 to None, run_after=None
[2025-01-27T00:25:26.588+0000] {processor.py:208} INFO - Processing /home/airflow/.local/lib/python3.12/site-packages/airflow/example_dags/example_datasets.py took 1.712 seconds
[2025-01-27T00:25:56.738+0000] {processor.py:186} INFO - Started process (PID=160) to work on /home/airflow/.local/lib/python3.12/site-packages/airflow/example_dags/example_datasets.py
[2025-01-27T00:25:56.739+0000] {processor.py:914} INFO - Processing file /home/airflow/.local/lib/python3.12/site-packages/airflow/example_dags/example_datasets.py for tasks to queue
[2025-01-27T00:25:56.742+0000] {logging_mixin.py:190} INFO - [2025-01-27T00:25:56.741+0000] {dagbag.py:588} INFO - Filling up the DagBag from /home/airflow/.local/lib/python3.12/site-packages/airflow/example_dags/example_datasets.py
[2025-01-27T00:25:57.286+0000] {processor.py:925} INFO - DAG(s) 'consume_1_and_2_with_dataset_expressions', 'dataset_produces_2', 'consume_1_or_both_2_and_3_with_dataset_expressions', 'consume_1_or_2_with_dataset_expressions', 'conditional_dataset_and_time_based_timetable', 'dataset_consumes_unknown_never_scheduled', 'dataset_consumes_1_never_scheduled', 'dataset_produces_1', 'dataset_consumes_1_and_2', 'dataset_consumes_1' retrieved from /home/airflow/.local/lib/python3.12/site-packages/airflow/example_dags/example_datasets.py
[2025-01-27T00:25:57.331+0000] {logging_mixin.py:190} INFO - [2025-01-27T00:25:57.331+0000] {dag.py:3239} INFO - Sync 10 DAGs
[2025-01-27T00:25:57.360+0000] {logging_mixin.py:190} INFO - [2025-01-27T00:25:57.359+0000] {dag.py:4180} INFO - Setting next_dagrun for conditional_dataset_and_time_based_timetable to 2025-01-22 01:00:00+00:00, run_after=2025-01-22 01:00:00+00:00
[2025-01-27T00:25:57.364+0000] {logging_mixin.py:190} INFO - [2025-01-27T00:25:57.364+0000] {dag.py:4180} INFO - Setting next_dagrun for consume_1_and_2_with_dataset_expressions to None, run_after=None
[2025-01-27T00:25:57.366+0000] {logging_mixin.py:190} INFO - [2025-01-27T00:25:57.366+0000] {dag.py:4180} INFO - Setting next_dagrun for consume_1_or_2_with_dataset_expressions to None, run_after=None
[2025-01-27T00:25:57.367+0000] {logging_mixin.py:190} INFO - [2025-01-27T00:25:57.367+0000] {dag.py:4180} INFO - Setting next_dagrun for consume_1_or_both_2_and_3_with_dataset_expressions to None, run_after=None
[2025-01-27T00:25:57.368+0000] {logging_mixin.py:190} INFO - [2025-01-27T00:25:57.368+0000] {dag.py:4180} INFO - Setting next_dagrun for dataset_consumes_1 to None, run_after=None
[2025-01-27T00:25:57.369+0000] {logging_mixin.py:190} INFO - [2025-01-27T00:25:57.369+0000] {dag.py:4180} INFO - Setting next_dagrun for dataset_consumes_1_and_2 to None, run_after=None
[2025-01-27T00:25:57.371+0000] {logging_mixin.py:190} INFO - [2025-01-27T00:25:57.370+0000] {dag.py:4180} INFO - Setting next_dagrun for dataset_consumes_1_never_scheduled to None, run_after=None
[2025-01-27T00:25:57.372+0000] {logging_mixin.py:190} INFO - [2025-01-27T00:25:57.372+0000] {dag.py:4180} INFO - Setting next_dagrun for dataset_consumes_unknown_never_scheduled to None, run_after=None
[2025-01-27T00:25:57.374+0000] {logging_mixin.py:190} INFO - [2025-01-27T00:25:57.374+0000] {dag.py:4180} INFO - Setting next_dagrun for dataset_produces_1 to 2025-01-26 00:00:00+00:00, run_after=2025-01-27 00:00:00+00:00
[2025-01-27T00:25:57.376+0000] {logging_mixin.py:190} INFO - [2025-01-27T00:25:57.375+0000] {dag.py:4180} INFO - Setting next_dagrun for dataset_produces_2 to None, run_after=None
[2025-01-27T00:25:57.409+0000] {processor.py:208} INFO - Processing /home/airflow/.local/lib/python3.12/site-packages/airflow/example_dags/example_datasets.py took 0.676 seconds
[2025-01-27T00:26:28.048+0000] {processor.py:186} INFO - Started process (PID=223) to work on /home/airflow/.local/lib/python3.12/site-packages/airflow/example_dags/example_datasets.py
[2025-01-27T00:26:28.049+0000] {processor.py:914} INFO - Processing file /home/airflow/.local/lib/python3.12/site-packages/airflow/example_dags/example_datasets.py for tasks to queue
[2025-01-27T00:26:28.052+0000] {logging_mixin.py:190} INFO - [2025-01-27T00:26:28.051+0000] {dagbag.py:588} INFO - Filling up the DagBag from /home/airflow/.local/lib/python3.12/site-packages/airflow/example_dags/example_datasets.py
[2025-01-27T00:26:28.619+0000] {processor.py:925} INFO - DAG(s) 'consume_1_or_both_2_and_3_with_dataset_expressions', 'dataset_consumes_unknown_never_scheduled', 'conditional_dataset_and_time_based_timetable', 'dataset_consumes_1_and_2', 'consume_1_and_2_with_dataset_expressions', 'dataset_produces_2', 'consume_1_or_2_with_dataset_expressions', 'dataset_consumes_1_never_scheduled', 'dataset_consumes_1', 'dataset_produces_1' retrieved from /home/airflow/.local/lib/python3.12/site-packages/airflow/example_dags/example_datasets.py
[2025-01-27T00:26:28.666+0000] {logging_mixin.py:190} INFO - [2025-01-27T00:26:28.666+0000] {dag.py:3239} INFO - Sync 10 DAGs
[2025-01-27T00:26:28.694+0000] {logging_mixin.py:190} INFO - [2025-01-27T00:26:28.694+0000] {dag.py:4180} INFO - Setting next_dagrun for conditional_dataset_and_time_based_timetable to 2025-01-22 01:00:00+00:00, run_after=2025-01-22 01:00:00+00:00
[2025-01-27T00:26:28.699+0000] {logging_mixin.py:190} INFO - [2025-01-27T00:26:28.699+0000] {dag.py:4180} INFO - Setting next_dagrun for consume_1_and_2_with_dataset_expressions to None, run_after=None
[2025-01-27T00:26:28.701+0000] {logging_mixin.py:190} INFO - [2025-01-27T00:26:28.701+0000] {dag.py:4180} INFO - Setting next_dagrun for consume_1_or_2_with_dataset_expressions to None, run_after=None
[2025-01-27T00:26:28.702+0000] {logging_mixin.py:190} INFO - [2025-01-27T00:26:28.702+0000] {dag.py:4180} INFO - Setting next_dagrun for consume_1_or_both_2_and_3_with_dataset_expressions to None, run_after=None
[2025-01-27T00:26:28.703+0000] {logging_mixin.py:190} INFO - [2025-01-27T00:26:28.703+0000] {dag.py:4180} INFO - Setting next_dagrun for dataset_consumes_1 to None, run_after=None
[2025-01-27T00:26:28.705+0000] {logging_mixin.py:190} INFO - [2025-01-27T00:26:28.704+0000] {dag.py:4180} INFO - Setting next_dagrun for dataset_consumes_1_and_2 to None, run_after=None
[2025-01-27T00:26:28.706+0000] {logging_mixin.py:190} INFO - [2025-01-27T00:26:28.706+0000] {dag.py:4180} INFO - Setting next_dagrun for dataset_consumes_1_never_scheduled to None, run_after=None
[2025-01-27T00:26:28.707+0000] {logging_mixin.py:190} INFO - [2025-01-27T00:26:28.707+0000] {dag.py:4180} INFO - Setting next_dagrun for dataset_consumes_unknown_never_scheduled to None, run_after=None
[2025-01-27T00:26:28.709+0000] {logging_mixin.py:190} INFO - [2025-01-27T00:26:28.709+0000] {dag.py:4180} INFO - Setting next_dagrun for dataset_produces_1 to 2025-01-26 00:00:00+00:00, run_after=2025-01-27 00:00:00+00:00
[2025-01-27T00:26:28.711+0000] {logging_mixin.py:190} INFO - [2025-01-27T00:26:28.710+0000] {dag.py:4180} INFO - Setting next_dagrun for dataset_produces_2 to None, run_after=None
[2025-01-27T00:26:28.743+0000] {processor.py:208} INFO - Processing /home/airflow/.local/lib/python3.12/site-packages/airflow/example_dags/example_datasets.py took 0.701 seconds
[2025-01-27T00:26:59.611+0000] {processor.py:186} INFO - Started process (PID=287) to work on /home/airflow/.local/lib/python3.12/site-packages/airflow/example_dags/example_datasets.py
[2025-01-27T00:26:59.612+0000] {processor.py:914} INFO - Processing file /home/airflow/.local/lib/python3.12/site-packages/airflow/example_dags/example_datasets.py for tasks to queue
[2025-01-27T00:26:59.614+0000] {logging_mixin.py:190} INFO - [2025-01-27T00:26:59.614+0000] {dagbag.py:588} INFO - Filling up the DagBag from /home/airflow/.local/lib/python3.12/site-packages/airflow/example_dags/example_datasets.py
[2025-01-27T00:27:00.244+0000] {processor.py:925} INFO - DAG(s) 'consume_1_or_2_with_dataset_expressions', 'conditional_dataset_and_time_based_timetable', 'consume_1_and_2_with_dataset_expressions', 'dataset_consumes_1_and_2', 'dataset_produces_1', 'consume_1_or_both_2_and_3_with_dataset_expressions', 'dataset_produces_2', 'dataset_consumes_1', 'dataset_consumes_1_never_scheduled', 'dataset_consumes_unknown_never_scheduled' retrieved from /home/airflow/.local/lib/python3.12/site-packages/airflow/example_dags/example_datasets.py
[2025-01-27T00:27:00.302+0000] {logging_mixin.py:190} INFO - [2025-01-27T00:27:00.301+0000] {dag.py:3239} INFO - Sync 10 DAGs
[2025-01-27T00:27:00.362+0000] {logging_mixin.py:190} INFO - [2025-01-27T00:27:00.361+0000] {dag.py:4180} INFO - Setting next_dagrun for conditional_dataset_and_time_based_timetable to 2025-01-22 01:00:00+00:00, run_after=2025-01-22 01:00:00+00:00
[2025-01-27T00:27:00.371+0000] {logging_mixin.py:190} INFO - [2025-01-27T00:27:00.370+0000] {dag.py:4180} INFO - Setting next_dagrun for consume_1_and_2_with_dataset_expressions to None, run_after=None
[2025-01-27T00:27:00.377+0000] {logging_mixin.py:190} INFO - [2025-01-27T00:27:00.376+0000] {dag.py:4180} INFO - Setting next_dagrun for consume_1_or_2_with_dataset_expressions to None, run_after=None
[2025-01-27T00:27:00.380+0000] {logging_mixin.py:190} INFO - [2025-01-27T00:27:00.380+0000] {dag.py:4180} INFO - Setting next_dagrun for consume_1_or_both_2_and_3_with_dataset_expressions to None, run_after=None
[2025-01-27T00:27:00.384+0000] {logging_mixin.py:190} INFO - [2025-01-27T00:27:00.383+0000] {dag.py:4180} INFO - Setting next_dagrun for dataset_consumes_1 to None, run_after=None
[2025-01-27T00:27:00.388+0000] {logging_mixin.py:190} INFO - [2025-01-27T00:27:00.387+0000] {dag.py:4180} INFO - Setting next_dagrun for dataset_consumes_1_and_2 to None, run_after=None
[2025-01-27T00:27:00.391+0000] {logging_mixin.py:190} INFO - [2025-01-27T00:27:00.391+0000] {dag.py:4180} INFO - Setting next_dagrun for dataset_consumes_1_never_scheduled to None, run_after=None
[2025-01-27T00:27:00.394+0000] {logging_mixin.py:190} INFO - [2025-01-27T00:27:00.393+0000] {dag.py:4180} INFO - Setting next_dagrun for dataset_consumes_unknown_never_scheduled to None, run_after=None
[2025-01-27T00:27:00.400+0000] {logging_mixin.py:190} INFO - [2025-01-27T00:27:00.400+0000] {dag.py:4180} INFO - Setting next_dagrun for dataset_produces_1 to 2025-01-26 00:00:00+00:00, run_after=2025-01-27 00:00:00+00:00
[2025-01-27T00:27:00.405+0000] {logging_mixin.py:190} INFO - [2025-01-27T00:27:00.405+0000] {dag.py:4180} INFO - Setting next_dagrun for dataset_produces_2 to None, run_after=None
[2025-01-27T00:27:00.496+0000] {processor.py:208} INFO - Processing /home/airflow/.local/lib/python3.12/site-packages/airflow/example_dags/example_datasets.py took 0.895 seconds
[2025-01-27T00:27:31.394+0000] {processor.py:186} INFO - Started process (PID=356) to work on /home/airflow/.local/lib/python3.12/site-packages/airflow/example_dags/example_datasets.py
[2025-01-27T00:27:31.395+0000] {processor.py:914} INFO - Processing file /home/airflow/.local/lib/python3.12/site-packages/airflow/example_dags/example_datasets.py for tasks to queue
[2025-01-27T00:27:31.398+0000] {logging_mixin.py:190} INFO - [2025-01-27T00:27:31.397+0000] {dagbag.py:588} INFO - Filling up the DagBag from /home/airflow/.local/lib/python3.12/site-packages/airflow/example_dags/example_datasets.py
[2025-01-27T00:27:32.035+0000] {processor.py:925} INFO - DAG(s) 'consume_1_or_2_with_dataset_expressions', 'dataset_consumes_1_and_2', 'dataset_consumes_1_never_scheduled', 'conditional_dataset_and_time_based_timetable', 'dataset_consumes_unknown_never_scheduled', 'consume_1_and_2_with_dataset_expressions', 'dataset_produces_1', 'consume_1_or_both_2_and_3_with_dataset_expressions', 'dataset_produces_2', 'dataset_consumes_1' retrieved from /home/airflow/.local/lib/python3.12/site-packages/airflow/example_dags/example_datasets.py
[2025-01-27T00:27:32.083+0000] {logging_mixin.py:190} INFO - [2025-01-27T00:27:32.083+0000] {dag.py:3239} INFO - Sync 10 DAGs
[2025-01-27T00:27:32.110+0000] {logging_mixin.py:190} INFO - [2025-01-27T00:27:32.110+0000] {dag.py:4180} INFO - Setting next_dagrun for conditional_dataset_and_time_based_timetable to 2025-01-22 01:00:00+00:00, run_after=2025-01-22 01:00:00+00:00
[2025-01-27T00:27:32.114+0000] {logging_mixin.py:190} INFO - [2025-01-27T00:27:32.114+0000] {dag.py:4180} INFO - Setting next_dagrun for consume_1_and_2_with_dataset_expressions to None, run_after=None
[2025-01-27T00:27:32.116+0000] {logging_mixin.py:190} INFO - [2025-01-27T00:27:32.116+0000] {dag.py:4180} INFO - Setting next_dagrun for consume_1_or_2_with_dataset_expressions to None, run_after=None
[2025-01-27T00:27:32.117+0000] {logging_mixin.py:190} INFO - [2025-01-27T00:27:32.117+0000] {dag.py:4180} INFO - Setting next_dagrun for consume_1_or_both_2_and_3_with_dataset_expressions to None, run_after=None
[2025-01-27T00:27:32.119+0000] {logging_mixin.py:190} INFO - [2025-01-27T00:27:32.119+0000] {dag.py:4180} INFO - Setting next_dagrun for dataset_consumes_1 to None, run_after=None
[2025-01-27T00:27:32.120+0000] {logging_mixin.py:190} INFO - [2025-01-27T00:27:32.120+0000] {dag.py:4180} INFO - Setting next_dagrun for dataset_consumes_1_and_2 to None, run_after=None
[2025-01-27T00:27:32.121+0000] {logging_mixin.py:190} INFO - [2025-01-27T00:27:32.121+0000] {dag.py:4180} INFO - Setting next_dagrun for dataset_consumes_1_never_scheduled to None, run_after=None
[2025-01-27T00:27:32.123+0000] {logging_mixin.py:190} INFO - [2025-01-27T00:27:32.123+0000] {dag.py:4180} INFO - Setting next_dagrun for dataset_consumes_unknown_never_scheduled to None, run_after=None
[2025-01-27T00:27:32.125+0000] {logging_mixin.py:190} INFO - [2025-01-27T00:27:32.125+0000] {dag.py:4180} INFO - Setting next_dagrun for dataset_produces_1 to 2025-01-26 00:00:00+00:00, run_after=2025-01-27 00:00:00+00:00
[2025-01-27T00:27:32.127+0000] {logging_mixin.py:190} INFO - [2025-01-27T00:27:32.127+0000] {dag.py:4180} INFO - Setting next_dagrun for dataset_produces_2 to None, run_after=None
[2025-01-27T00:27:32.167+0000] {processor.py:208} INFO - Processing /home/airflow/.local/lib/python3.12/site-packages/airflow/example_dags/example_datasets.py took 0.780 seconds
[2025-01-27T00:28:02.338+0000] {processor.py:186} INFO - Started process (PID=425) to work on /home/airflow/.local/lib/python3.12/site-packages/airflow/example_dags/example_datasets.py
[2025-01-27T00:28:02.339+0000] {processor.py:914} INFO - Processing file /home/airflow/.local/lib/python3.12/site-packages/airflow/example_dags/example_datasets.py for tasks to queue
[2025-01-27T00:28:02.341+0000] {logging_mixin.py:190} INFO - [2025-01-27T00:28:02.341+0000] {dagbag.py:588} INFO - Filling up the DagBag from /home/airflow/.local/lib/python3.12/site-packages/airflow/example_dags/example_datasets.py
[2025-01-27T00:28:02.975+0000] {processor.py:925} INFO - DAG(s) 'consume_1_or_2_with_dataset_expressions', 'dataset_produces_2', 'consume_1_or_both_2_and_3_with_dataset_expressions', 'dataset_consumes_1', 'conditional_dataset_and_time_based_timetable', 'dataset_consumes_unknown_never_scheduled', 'dataset_produces_1', 'dataset_consumes_1_and_2', 'dataset_consumes_1_never_scheduled', 'consume_1_and_2_with_dataset_expressions' retrieved from /home/airflow/.local/lib/python3.12/site-packages/airflow/example_dags/example_datasets.py
[2025-01-27T00:28:03.022+0000] {logging_mixin.py:190} INFO - [2025-01-27T00:28:03.022+0000] {dag.py:3239} INFO - Sync 10 DAGs
[2025-01-27T00:28:03.049+0000] {logging_mixin.py:190} INFO - [2025-01-27T00:28:03.048+0000] {dag.py:4180} INFO - Setting next_dagrun for conditional_dataset_and_time_based_timetable to 2025-01-22 01:00:00+00:00, run_after=2025-01-22 01:00:00+00:00
[2025-01-27T00:28:03.052+0000] {logging_mixin.py:190} INFO - [2025-01-27T00:28:03.052+0000] {dag.py:4180} INFO - Setting next_dagrun for consume_1_and_2_with_dataset_expressions to None, run_after=None
[2025-01-27T00:28:03.054+0000] {logging_mixin.py:190} INFO - [2025-01-27T00:28:03.053+0000] {dag.py:4180} INFO - Setting next_dagrun for consume_1_or_2_with_dataset_expressions to None, run_after=None
[2025-01-27T00:28:03.055+0000] {logging_mixin.py:190} INFO - [2025-01-27T00:28:03.055+0000] {dag.py:4180} INFO - Setting next_dagrun for consume_1_or_both_2_and_3_with_dataset_expressions to None, run_after=None
[2025-01-27T00:28:03.056+0000] {logging_mixin.py:190} INFO - [2025-01-27T00:28:03.056+0000] {dag.py:4180} INFO - Setting next_dagrun for dataset_consumes_1 to None, run_after=None
[2025-01-27T00:28:03.057+0000] {logging_mixin.py:190} INFO - [2025-01-27T00:28:03.057+0000] {dag.py:4180} INFO - Setting next_dagrun for dataset_consumes_1_and_2 to None, run_after=None
[2025-01-27T00:28:03.059+0000] {logging_mixin.py:190} INFO - [2025-01-27T00:28:03.058+0000] {dag.py:4180} INFO - Setting next_dagrun for dataset_consumes_1_never_scheduled to None, run_after=None
[2025-01-27T00:28:03.060+0000] {logging_mixin.py:190} INFO - [2025-01-27T00:28:03.060+0000] {dag.py:4180} INFO - Setting next_dagrun for dataset_consumes_unknown_never_scheduled to None, run_after=None
[2025-01-27T00:28:03.062+0000] {logging_mixin.py:190} INFO - [2025-01-27T00:28:03.062+0000] {dag.py:4180} INFO - Setting next_dagrun for dataset_produces_1 to 2025-01-26 00:00:00+00:00, run_after=2025-01-27 00:00:00+00:00
[2025-01-27T00:28:03.064+0000] {logging_mixin.py:190} INFO - [2025-01-27T00:28:03.064+0000] {dag.py:4180} INFO - Setting next_dagrun for dataset_produces_2 to None, run_after=None
[2025-01-27T00:28:03.101+0000] {processor.py:208} INFO - Processing /home/airflow/.local/lib/python3.12/site-packages/airflow/example_dags/example_datasets.py took 0.770 seconds
[2025-01-27T00:28:33.433+0000] {processor.py:186} INFO - Started process (PID=492) to work on /home/airflow/.local/lib/python3.12/site-packages/airflow/example_dags/example_datasets.py
[2025-01-27T00:28:33.434+0000] {processor.py:914} INFO - Processing file /home/airflow/.local/lib/python3.12/site-packages/airflow/example_dags/example_datasets.py for tasks to queue
[2025-01-27T00:28:33.437+0000] {logging_mixin.py:190} INFO - [2025-01-27T00:28:33.437+0000] {dagbag.py:588} INFO - Filling up the DagBag from /home/airflow/.local/lib/python3.12/site-packages/airflow/example_dags/example_datasets.py
[2025-01-27T00:28:34.056+0000] {processor.py:925} INFO - DAG(s) 'consume_1_or_both_2_and_3_with_dataset_expressions', 'conditional_dataset_and_time_based_timetable', 'consume_1_and_2_with_dataset_expressions', 'dataset_consumes_unknown_never_scheduled', 'dataset_produces_2', 'dataset_consumes_1', 'dataset_consumes_1_never_scheduled', 'consume_1_or_2_with_dataset_expressions', 'dataset_produces_1', 'dataset_consumes_1_and_2' retrieved from /home/airflow/.local/lib/python3.12/site-packages/airflow/example_dags/example_datasets.py
[2025-01-27T00:28:34.106+0000] {logging_mixin.py:190} INFO - [2025-01-27T00:28:34.106+0000] {dag.py:3239} INFO - Sync 10 DAGs
[2025-01-27T00:28:34.137+0000] {logging_mixin.py:190} INFO - [2025-01-27T00:28:34.137+0000] {dag.py:4180} INFO - Setting next_dagrun for conditional_dataset_and_time_based_timetable to 2025-01-22 01:00:00+00:00, run_after=2025-01-22 01:00:00+00:00
[2025-01-27T00:28:34.142+0000] {logging_mixin.py:190} INFO - [2025-01-27T00:28:34.141+0000] {dag.py:4180} INFO - Setting next_dagrun for consume_1_and_2_with_dataset_expressions to None, run_after=None
[2025-01-27T00:28:34.143+0000] {logging_mixin.py:190} INFO - [2025-01-27T00:28:34.143+0000] {dag.py:4180} INFO - Setting next_dagrun for consume_1_or_2_with_dataset_expressions to None, run_after=None
[2025-01-27T00:28:34.145+0000] {logging_mixin.py:190} INFO - [2025-01-27T00:28:34.145+0000] {dag.py:4180} INFO - Setting next_dagrun for consume_1_or_both_2_and_3_with_dataset_expressions to None, run_after=None
[2025-01-27T00:28:34.146+0000] {logging_mixin.py:190} INFO - [2025-01-27T00:28:34.146+0000] {dag.py:4180} INFO - Setting next_dagrun for dataset_consumes_1 to None, run_after=None
[2025-01-27T00:28:34.147+0000] {logging_mixin.py:190} INFO - [2025-01-27T00:28:34.147+0000] {dag.py:4180} INFO - Setting next_dagrun for dataset_consumes_1_and_2 to None, run_after=None
[2025-01-27T00:28:34.149+0000] {logging_mixin.py:190} INFO - [2025-01-27T00:28:34.149+0000] {dag.py:4180} INFO - Setting next_dagrun for dataset_consumes_1_never_scheduled to None, run_after=None
[2025-01-27T00:28:34.150+0000] {logging_mixin.py:190} INFO - [2025-01-27T00:28:34.150+0000] {dag.py:4180} INFO - Setting next_dagrun for dataset_consumes_unknown_never_scheduled to None, run_after=None
[2025-01-27T00:28:34.153+0000] {logging_mixin.py:190} INFO - [2025-01-27T00:28:34.153+0000] {dag.py:4180} INFO - Setting next_dagrun for dataset_produces_1 to 2025-01-26 00:00:00+00:00, run_after=2025-01-27 00:00:00+00:00
[2025-01-27T00:28:34.154+0000] {logging_mixin.py:190} INFO - [2025-01-27T00:28:34.154+0000] {dag.py:4180} INFO - Setting next_dagrun for dataset_produces_2 to None, run_after=None
[2025-01-27T00:28:34.187+0000] {processor.py:208} INFO - Processing /home/airflow/.local/lib/python3.12/site-packages/airflow/example_dags/example_datasets.py took 0.761 seconds
[2025-01-27T00:29:05.095+0000] {processor.py:186} INFO - Started process (PID=555) to work on /home/airflow/.local/lib/python3.12/site-packages/airflow/example_dags/example_datasets.py
[2025-01-27T00:29:05.096+0000] {processor.py:914} INFO - Processing file /home/airflow/.local/lib/python3.12/site-packages/airflow/example_dags/example_datasets.py for tasks to queue
[2025-01-27T00:29:05.099+0000] {logging_mixin.py:190} INFO - [2025-01-27T00:29:05.098+0000] {dagbag.py:588} INFO - Filling up the DagBag from /home/airflow/.local/lib/python3.12/site-packages/airflow/example_dags/example_datasets.py
[2025-01-27T00:29:05.729+0000] {processor.py:925} INFO - DAG(s) 'dataset_produces_1', 'conditional_dataset_and_time_based_timetable', 'consume_1_and_2_with_dataset_expressions', 'consume_1_or_both_2_and_3_with_dataset_expressions', 'dataset_consumes_1', 'dataset_produces_2', 'dataset_consumes_1_never_scheduled', 'dataset_consumes_1_and_2', 'dataset_consumes_unknown_never_scheduled', 'consume_1_or_2_with_dataset_expressions' retrieved from /home/airflow/.local/lib/python3.12/site-packages/airflow/example_dags/example_datasets.py
[2025-01-27T00:29:05.778+0000] {logging_mixin.py:190} INFO - [2025-01-27T00:29:05.778+0000] {dag.py:3239} INFO - Sync 10 DAGs
[2025-01-27T00:29:05.808+0000] {logging_mixin.py:190} INFO - [2025-01-27T00:29:05.808+0000] {dag.py:4180} INFO - Setting next_dagrun for conditional_dataset_and_time_based_timetable to 2025-01-22 01:00:00+00:00, run_after=2025-01-22 01:00:00+00:00
[2025-01-27T00:29:05.812+0000] {logging_mixin.py:190} INFO - [2025-01-27T00:29:05.812+0000] {dag.py:4180} INFO - Setting next_dagrun for consume_1_and_2_with_dataset_expressions to None, run_after=None
[2025-01-27T00:29:05.814+0000] {logging_mixin.py:190} INFO - [2025-01-27T00:29:05.814+0000] {dag.py:4180} INFO - Setting next_dagrun for consume_1_or_2_with_dataset_expressions to None, run_after=None
[2025-01-27T00:29:05.816+0000] {logging_mixin.py:190} INFO - [2025-01-27T00:29:05.816+0000] {dag.py:4180} INFO - Setting next_dagrun for consume_1_or_both_2_and_3_with_dataset_expressions to None, run_after=None
[2025-01-27T00:29:05.818+0000] {logging_mixin.py:190} INFO - [2025-01-27T00:29:05.817+0000] {dag.py:4180} INFO - Setting next_dagrun for dataset_consumes_1 to None, run_after=None
[2025-01-27T00:29:05.819+0000] {logging_mixin.py:190} INFO - [2025-01-27T00:29:05.819+0000] {dag.py:4180} INFO - Setting next_dagrun for dataset_consumes_1_and_2 to None, run_after=None
[2025-01-27T00:29:05.821+0000] {logging_mixin.py:190} INFO - [2025-01-27T00:29:05.821+0000] {dag.py:4180} INFO - Setting next_dagrun for dataset_consumes_1_never_scheduled to None, run_after=None
[2025-01-27T00:29:05.823+0000] {logging_mixin.py:190} INFO - [2025-01-27T00:29:05.823+0000] {dag.py:4180} INFO - Setting next_dagrun for dataset_consumes_unknown_never_scheduled to None, run_after=None
[2025-01-27T00:29:05.827+0000] {logging_mixin.py:190} INFO - [2025-01-27T00:29:05.826+0000] {dag.py:4180} INFO - Setting next_dagrun for dataset_produces_1 to 2025-01-26 00:00:00+00:00, run_after=2025-01-27 00:00:00+00:00
[2025-01-27T00:29:05.829+0000] {logging_mixin.py:190} INFO - [2025-01-27T00:29:05.829+0000] {dag.py:4180} INFO - Setting next_dagrun for dataset_produces_2 to None, run_after=None
[2025-01-27T00:29:05.870+0000] {processor.py:208} INFO - Processing /home/airflow/.local/lib/python3.12/site-packages/airflow/example_dags/example_datasets.py took 0.782 seconds
[2025-01-27T00:29:36.173+0000] {processor.py:186} INFO - Started process (PID=618) to work on /home/airflow/.local/lib/python3.12/site-packages/airflow/example_dags/example_datasets.py
[2025-01-27T00:29:36.174+0000] {processor.py:914} INFO - Processing file /home/airflow/.local/lib/python3.12/site-packages/airflow/example_dags/example_datasets.py for tasks to queue
[2025-01-27T00:29:36.177+0000] {logging_mixin.py:190} INFO - [2025-01-27T00:29:36.176+0000] {dagbag.py:588} INFO - Filling up the DagBag from /home/airflow/.local/lib/python3.12/site-packages/airflow/example_dags/example_datasets.py
[2025-01-27T00:29:36.863+0000] {processor.py:925} INFO - DAG(s) 'dataset_consumes_1_and_2', 'consume_1_or_2_with_dataset_expressions', 'dataset_consumes_1_never_scheduled', 'dataset_consumes_1', 'dataset_consumes_unknown_never_scheduled', 'consume_1_or_both_2_and_3_with_dataset_expressions', 'conditional_dataset_and_time_based_timetable', 'consume_1_and_2_with_dataset_expressions', 'dataset_produces_1', 'dataset_produces_2' retrieved from /home/airflow/.local/lib/python3.12/site-packages/airflow/example_dags/example_datasets.py
[2025-01-27T00:29:36.913+0000] {logging_mixin.py:190} INFO - [2025-01-27T00:29:36.913+0000] {dag.py:3239} INFO - Sync 10 DAGs
[2025-01-27T00:29:36.943+0000] {logging_mixin.py:190} INFO - [2025-01-27T00:29:36.943+0000] {dag.py:4180} INFO - Setting next_dagrun for conditional_dataset_and_time_based_timetable to 2025-01-22 01:00:00+00:00, run_after=2025-01-22 01:00:00+00:00
[2025-01-27T00:29:36.948+0000] {logging_mixin.py:190} INFO - [2025-01-27T00:29:36.947+0000] {dag.py:4180} INFO - Setting next_dagrun for consume_1_and_2_with_dataset_expressions to None, run_after=None
[2025-01-27T00:29:36.949+0000] {logging_mixin.py:190} INFO - [2025-01-27T00:29:36.949+0000] {dag.py:4180} INFO - Setting next_dagrun for consume_1_or_2_with_dataset_expressions to None, run_after=None
[2025-01-27T00:29:36.951+0000] {logging_mixin.py:190} INFO - [2025-01-27T00:29:36.951+0000] {dag.py:4180} INFO - Setting next_dagrun for consume_1_or_both_2_and_3_with_dataset_expressions to None, run_after=None
[2025-01-27T00:29:36.952+0000] {logging_mixin.py:190} INFO - [2025-01-27T00:29:36.952+0000] {dag.py:4180} INFO - Setting next_dagrun for dataset_consumes_1 to None, run_after=None
[2025-01-27T00:29:36.954+0000] {logging_mixin.py:190} INFO - [2025-01-27T00:29:36.953+0000] {dag.py:4180} INFO - Setting next_dagrun for dataset_consumes_1_and_2 to None, run_after=None
[2025-01-27T00:29:36.955+0000] {logging_mixin.py:190} INFO - [2025-01-27T00:29:36.955+0000] {dag.py:4180} INFO - Setting next_dagrun for dataset_consumes_1_never_scheduled to None, run_after=None
[2025-01-27T00:29:36.957+0000] {logging_mixin.py:190} INFO - [2025-01-27T00:29:36.957+0000] {dag.py:4180} INFO - Setting next_dagrun for dataset_consumes_unknown_never_scheduled to None, run_after=None
[2025-01-27T00:29:36.960+0000] {logging_mixin.py:190} INFO - [2025-01-27T00:29:36.960+0000] {dag.py:4180} INFO - Setting next_dagrun for dataset_produces_1 to 2025-01-26 00:00:00+00:00, run_after=2025-01-27 00:00:00+00:00
[2025-01-27T00:29:36.962+0000] {logging_mixin.py:190} INFO - [2025-01-27T00:29:36.962+0000] {dag.py:4180} INFO - Setting next_dagrun for dataset_produces_2 to None, run_after=None
[2025-01-27T00:29:37.000+0000] {processor.py:208} INFO - Processing /home/airflow/.local/lib/python3.12/site-packages/airflow/example_dags/example_datasets.py took 0.834 seconds
[2025-01-27T00:30:07.176+0000] {processor.py:186} INFO - Started process (PID=682) to work on /home/airflow/.local/lib/python3.12/site-packages/airflow/example_dags/example_datasets.py
[2025-01-27T00:30:07.177+0000] {processor.py:914} INFO - Processing file /home/airflow/.local/lib/python3.12/site-packages/airflow/example_dags/example_datasets.py for tasks to queue
[2025-01-27T00:30:07.180+0000] {logging_mixin.py:190} INFO - [2025-01-27T00:30:07.180+0000] {dagbag.py:588} INFO - Filling up the DagBag from /home/airflow/.local/lib/python3.12/site-packages/airflow/example_dags/example_datasets.py
[2025-01-27T00:30:07.773+0000] {processor.py:925} INFO - DAG(s) 'conditional_dataset_and_time_based_timetable', 'dataset_consumes_unknown_never_scheduled', 'dataset_consumes_1_never_scheduled', 'dataset_consumes_1_and_2', 'consume_1_and_2_with_dataset_expressions', 'dataset_produces_2', 'consume_1_or_both_2_and_3_with_dataset_expressions', 'dataset_produces_1', 'consume_1_or_2_with_dataset_expressions', 'dataset_consumes_1' retrieved from /home/airflow/.local/lib/python3.12/site-packages/airflow/example_dags/example_datasets.py
[2025-01-27T00:30:07.821+0000] {logging_mixin.py:190} INFO - [2025-01-27T00:30:07.821+0000] {dag.py:3239} INFO - Sync 10 DAGs
[2025-01-27T00:30:07.849+0000] {logging_mixin.py:190} INFO - [2025-01-27T00:30:07.848+0000] {dag.py:4180} INFO - Setting next_dagrun for conditional_dataset_and_time_based_timetable to 2025-01-22 01:00:00+00:00, run_after=2025-01-22 01:00:00+00:00
[2025-01-27T00:30:07.853+0000] {logging_mixin.py:190} INFO - [2025-01-27T00:30:07.853+0000] {dag.py:4180} INFO - Setting next_dagrun for consume_1_and_2_with_dataset_expressions to None, run_after=None
[2025-01-27T00:30:07.854+0000] {logging_mixin.py:190} INFO - [2025-01-27T00:30:07.854+0000] {dag.py:4180} INFO - Setting next_dagrun for consume_1_or_2_with_dataset_expressions to None, run_after=None
[2025-01-27T00:30:07.856+0000] {logging_mixin.py:190} INFO - [2025-01-27T00:30:07.856+0000] {dag.py:4180} INFO - Setting next_dagrun for consume_1_or_both_2_and_3_with_dataset_expressions to None, run_after=None
[2025-01-27T00:30:07.857+0000] {logging_mixin.py:190} INFO - [2025-01-27T00:30:07.857+0000] {dag.py:4180} INFO - Setting next_dagrun for dataset_consumes_1 to None, run_after=None
[2025-01-27T00:30:07.858+0000] {logging_mixin.py:190} INFO - [2025-01-27T00:30:07.858+0000] {dag.py:4180} INFO - Setting next_dagrun for dataset_consumes_1_and_2 to None, run_after=None
[2025-01-27T00:30:07.859+0000] {logging_mixin.py:190} INFO - [2025-01-27T00:30:07.859+0000] {dag.py:4180} INFO - Setting next_dagrun for dataset_consumes_1_never_scheduled to None, run_after=None
[2025-01-27T00:30:07.861+0000] {logging_mixin.py:190} INFO - [2025-01-27T00:30:07.861+0000] {dag.py:4180} INFO - Setting next_dagrun for dataset_consumes_unknown_never_scheduled to None, run_after=None
[2025-01-27T00:30:07.864+0000] {logging_mixin.py:190} INFO - [2025-01-27T00:30:07.864+0000] {dag.py:4180} INFO - Setting next_dagrun for dataset_produces_1 to 2025-01-26 00:00:00+00:00, run_after=2025-01-27 00:00:00+00:00
[2025-01-27T00:30:07.865+0000] {logging_mixin.py:190} INFO - [2025-01-27T00:30:07.865+0000] {dag.py:4180} INFO - Setting next_dagrun for dataset_produces_2 to None, run_after=None
[2025-01-27T00:30:07.903+0000] {processor.py:208} INFO - Processing /home/airflow/.local/lib/python3.12/site-packages/airflow/example_dags/example_datasets.py took 0.733 seconds
[2025-01-27T00:30:38.691+0000] {processor.py:186} INFO - Started process (PID=745) to work on /home/airflow/.local/lib/python3.12/site-packages/airflow/example_dags/example_datasets.py
[2025-01-27T00:30:38.692+0000] {processor.py:914} INFO - Processing file /home/airflow/.local/lib/python3.12/site-packages/airflow/example_dags/example_datasets.py for tasks to queue
[2025-01-27T00:30:38.695+0000] {logging_mixin.py:190} INFO - [2025-01-27T00:30:38.694+0000] {dagbag.py:588} INFO - Filling up the DagBag from /home/airflow/.local/lib/python3.12/site-packages/airflow/example_dags/example_datasets.py
[2025-01-27T00:30:39.300+0000] {processor.py:925} INFO - DAG(s) 'dataset_consumes_unknown_never_scheduled', 'dataset_consumes_1', 'consume_1_or_both_2_and_3_with_dataset_expressions', 'consume_1_or_2_with_dataset_expressions', 'dataset_consumes_1_never_scheduled', 'dataset_produces_2', 'conditional_dataset_and_time_based_timetable', 'consume_1_and_2_with_dataset_expressions', 'dataset_consumes_1_and_2', 'dataset_produces_1' retrieved from /home/airflow/.local/lib/python3.12/site-packages/airflow/example_dags/example_datasets.py
[2025-01-27T00:30:39.354+0000] {logging_mixin.py:190} INFO - [2025-01-27T00:30:39.353+0000] {dag.py:3239} INFO - Sync 10 DAGs
[2025-01-27T00:30:39.384+0000] {logging_mixin.py:190} INFO - [2025-01-27T00:30:39.383+0000] {dag.py:4180} INFO - Setting next_dagrun for conditional_dataset_and_time_based_timetable to 2025-01-22 01:00:00+00:00, run_after=2025-01-22 01:00:00+00:00
[2025-01-27T00:30:39.388+0000] {logging_mixin.py:190} INFO - [2025-01-27T00:30:39.388+0000] {dag.py:4180} INFO - Setting next_dagrun for consume_1_and_2_with_dataset_expressions to None, run_after=None
[2025-01-27T00:30:39.391+0000] {logging_mixin.py:190} INFO - [2025-01-27T00:30:39.391+0000] {dag.py:4180} INFO - Setting next_dagrun for consume_1_or_2_with_dataset_expressions to None, run_after=None
[2025-01-27T00:30:39.393+0000] {logging_mixin.py:190} INFO - [2025-01-27T00:30:39.393+0000] {dag.py:4180} INFO - Setting next_dagrun for consume_1_or_both_2_and_3_with_dataset_expressions to None, run_after=None
[2025-01-27T00:30:39.395+0000] {logging_mixin.py:190} INFO - [2025-01-27T00:30:39.395+0000] {dag.py:4180} INFO - Setting next_dagrun for dataset_consumes_1 to None, run_after=None
[2025-01-27T00:30:39.397+0000] {logging_mixin.py:190} INFO - [2025-01-27T00:30:39.397+0000] {dag.py:4180} INFO - Setting next_dagrun for dataset_consumes_1_and_2 to None, run_after=None
[2025-01-27T00:30:39.399+0000] {logging_mixin.py:190} INFO - [2025-01-27T00:30:39.399+0000] {dag.py:4180} INFO - Setting next_dagrun for dataset_consumes_1_never_scheduled to None, run_after=None
[2025-01-27T00:30:39.401+0000] {logging_mixin.py:190} INFO - [2025-01-27T00:30:39.401+0000] {dag.py:4180} INFO - Setting next_dagrun for dataset_consumes_unknown_never_scheduled to None, run_after=None
[2025-01-27T00:30:39.405+0000] {logging_mixin.py:190} INFO - [2025-01-27T00:30:39.405+0000] {dag.py:4180} INFO - Setting next_dagrun for dataset_produces_1 to 2025-01-26 00:00:00+00:00, run_after=2025-01-27 00:00:00+00:00
[2025-01-27T00:30:39.406+0000] {logging_mixin.py:190} INFO - [2025-01-27T00:30:39.406+0000] {dag.py:4180} INFO - Setting next_dagrun for dataset_produces_2 to None, run_after=None
[2025-01-27T00:30:39.448+0000] {processor.py:208} INFO - Processing /home/airflow/.local/lib/python3.12/site-packages/airflow/example_dags/example_datasets.py took 0.762 seconds
[2025-01-27T00:31:10.185+0000] {processor.py:186} INFO - Started process (PID=808) to work on /home/airflow/.local/lib/python3.12/site-packages/airflow/example_dags/example_datasets.py
[2025-01-27T00:31:10.186+0000] {processor.py:914} INFO - Processing file /home/airflow/.local/lib/python3.12/site-packages/airflow/example_dags/example_datasets.py for tasks to queue
[2025-01-27T00:31:10.189+0000] {logging_mixin.py:190} INFO - [2025-01-27T00:31:10.188+0000] {dagbag.py:588} INFO - Filling up the DagBag from /home/airflow/.local/lib/python3.12/site-packages/airflow/example_dags/example_datasets.py
[2025-01-27T00:31:10.948+0000] {processor.py:925} INFO - DAG(s) 'consume_1_and_2_with_dataset_expressions', 'consume_1_or_2_with_dataset_expressions', 'dataset_produces_1', 'dataset_consumes_1_and_2', 'conditional_dataset_and_time_based_timetable', 'dataset_consumes_1_never_scheduled', 'consume_1_or_both_2_and_3_with_dataset_expressions', 'dataset_produces_2', 'dataset_consumes_1', 'dataset_consumes_unknown_never_scheduled' retrieved from /home/airflow/.local/lib/python3.12/site-packages/airflow/example_dags/example_datasets.py
[2025-01-27T00:31:10.998+0000] {logging_mixin.py:190} INFO - [2025-01-27T00:31:10.998+0000] {dag.py:3239} INFO - Sync 10 DAGs
[2025-01-27T00:31:11.026+0000] {logging_mixin.py:190} INFO - [2025-01-27T00:31:11.026+0000] {dag.py:4180} INFO - Setting next_dagrun for conditional_dataset_and_time_based_timetable to 2025-01-22 01:00:00+00:00, run_after=2025-01-22 01:00:00+00:00
[2025-01-27T00:31:11.031+0000] {logging_mixin.py:190} INFO - [2025-01-27T00:31:11.030+0000] {dag.py:4180} INFO - Setting next_dagrun for consume_1_and_2_with_dataset_expressions to None, run_after=None
[2025-01-27T00:31:11.033+0000] {logging_mixin.py:190} INFO - [2025-01-27T00:31:11.032+0000] {dag.py:4180} INFO - Setting next_dagrun for consume_1_or_2_with_dataset_expressions to None, run_after=None
[2025-01-27T00:31:11.034+0000] {logging_mixin.py:190} INFO - [2025-01-27T00:31:11.034+0000] {dag.py:4180} INFO - Setting next_dagrun for consume_1_or_both_2_and_3_with_dataset_expressions to None, run_after=None
[2025-01-27T00:31:11.036+0000] {logging_mixin.py:190} INFO - [2025-01-27T00:31:11.036+0000] {dag.py:4180} INFO - Setting next_dagrun for dataset_consumes_1 to None, run_after=None
[2025-01-27T00:31:11.037+0000] {logging_mixin.py:190} INFO - [2025-01-27T00:31:11.037+0000] {dag.py:4180} INFO - Setting next_dagrun for dataset_consumes_1_and_2 to None, run_after=None
[2025-01-27T00:31:11.039+0000] {logging_mixin.py:190} INFO - [2025-01-27T00:31:11.038+0000] {dag.py:4180} INFO - Setting next_dagrun for dataset_consumes_1_never_scheduled to None, run_after=None
[2025-01-27T00:31:11.040+0000] {logging_mixin.py:190} INFO - [2025-01-27T00:31:11.040+0000] {dag.py:4180} INFO - Setting next_dagrun for dataset_consumes_unknown_never_scheduled to None, run_after=None
[2025-01-27T00:31:11.043+0000] {logging_mixin.py:190} INFO - [2025-01-27T00:31:11.043+0000] {dag.py:4180} INFO - Setting next_dagrun for dataset_produces_1 to 2025-01-26 00:00:00+00:00, run_after=2025-01-27 00:00:00+00:00
[2025-01-27T00:31:11.045+0000] {logging_mixin.py:190} INFO - [2025-01-27T00:31:11.045+0000] {dag.py:4180} INFO - Setting next_dagrun for dataset_produces_2 to None, run_after=None
[2025-01-27T00:31:11.084+0000] {processor.py:208} INFO - Processing /home/airflow/.local/lib/python3.12/site-packages/airflow/example_dags/example_datasets.py took 0.906 seconds
[2025-01-27T00:31:41.880+0000] {processor.py:186} INFO - Started process (PID=871) to work on /home/airflow/.local/lib/python3.12/site-packages/airflow/example_dags/example_datasets.py
[2025-01-27T00:31:41.882+0000] {processor.py:914} INFO - Processing file /home/airflow/.local/lib/python3.12/site-packages/airflow/example_dags/example_datasets.py for tasks to queue
[2025-01-27T00:31:41.884+0000] {logging_mixin.py:190} INFO - [2025-01-27T00:31:41.884+0000] {dagbag.py:588} INFO - Filling up the DagBag from /home/airflow/.local/lib/python3.12/site-packages/airflow/example_dags/example_datasets.py
[2025-01-27T00:31:42.454+0000] {processor.py:925} INFO - DAG(s) 'dataset_consumes_1_never_scheduled', 'consume_1_or_both_2_and_3_with_dataset_expressions', 'dataset_consumes_unknown_never_scheduled', 'dataset_consumes_1', 'conditional_dataset_and_time_based_timetable', 'dataset_produces_1', 'dataset_consumes_1_and_2', 'consume_1_and_2_with_dataset_expressions', 'consume_1_or_2_with_dataset_expressions', 'dataset_produces_2' retrieved from /home/airflow/.local/lib/python3.12/site-packages/airflow/example_dags/example_datasets.py
[2025-01-27T00:31:42.505+0000] {logging_mixin.py:190} INFO - [2025-01-27T00:31:42.505+0000] {dag.py:3239} INFO - Sync 10 DAGs
[2025-01-27T00:31:42.534+0000] {logging_mixin.py:190} INFO - [2025-01-27T00:31:42.534+0000] {dag.py:4180} INFO - Setting next_dagrun for conditional_dataset_and_time_based_timetable to 2025-01-22 01:00:00+00:00, run_after=2025-01-22 01:00:00+00:00
[2025-01-27T00:31:42.539+0000] {logging_mixin.py:190} INFO - [2025-01-27T00:31:42.539+0000] {dag.py:4180} INFO - Setting next_dagrun for consume_1_and_2_with_dataset_expressions to None, run_after=None
[2025-01-27T00:31:42.541+0000] {logging_mixin.py:190} INFO - [2025-01-27T00:31:42.541+0000] {dag.py:4180} INFO - Setting next_dagrun for consume_1_or_2_with_dataset_expressions to None, run_after=None
[2025-01-27T00:31:42.543+0000] {logging_mixin.py:190} INFO - [2025-01-27T00:31:42.542+0000] {dag.py:4180} INFO - Setting next_dagrun for consume_1_or_both_2_and_3_with_dataset_expressions to None, run_after=None
[2025-01-27T00:31:42.545+0000] {logging_mixin.py:190} INFO - [2025-01-27T00:31:42.545+0000] {dag.py:4180} INFO - Setting next_dagrun for dataset_consumes_1 to None, run_after=None
[2025-01-27T00:31:42.547+0000] {logging_mixin.py:190} INFO - [2025-01-27T00:31:42.547+0000] {dag.py:4180} INFO - Setting next_dagrun for dataset_consumes_1_and_2 to None, run_after=None
[2025-01-27T00:31:42.549+0000] {logging_mixin.py:190} INFO - [2025-01-27T00:31:42.549+0000] {dag.py:4180} INFO - Setting next_dagrun for dataset_consumes_1_never_scheduled to None, run_after=None
[2025-01-27T00:31:42.550+0000] {logging_mixin.py:190} INFO - [2025-01-27T00:31:42.550+0000] {dag.py:4180} INFO - Setting next_dagrun for dataset_consumes_unknown_never_scheduled to None, run_after=None
[2025-01-27T00:31:42.554+0000] {logging_mixin.py:190} INFO - [2025-01-27T00:31:42.553+0000] {dag.py:4180} INFO - Setting next_dagrun for dataset_produces_1 to 2025-01-26 00:00:00+00:00, run_after=2025-01-27 00:00:00+00:00
[2025-01-27T00:31:42.555+0000] {logging_mixin.py:190} INFO - [2025-01-27T00:31:42.555+0000] {dag.py:4180} INFO - Setting next_dagrun for dataset_produces_2 to None, run_after=None
[2025-01-27T00:31:42.596+0000] {processor.py:208} INFO - Processing /home/airflow/.local/lib/python3.12/site-packages/airflow/example_dags/example_datasets.py took 0.721 seconds
[2025-01-27T00:32:12.814+0000] {processor.py:186} INFO - Started process (PID=934) to work on /home/airflow/.local/lib/python3.12/site-packages/airflow/example_dags/example_datasets.py
[2025-01-27T00:32:12.815+0000] {processor.py:914} INFO - Processing file /home/airflow/.local/lib/python3.12/site-packages/airflow/example_dags/example_datasets.py for tasks to queue
[2025-01-27T00:32:12.817+0000] {logging_mixin.py:190} INFO - [2025-01-27T00:32:12.817+0000] {dagbag.py:588} INFO - Filling up the DagBag from /home/airflow/.local/lib/python3.12/site-packages/airflow/example_dags/example_datasets.py
[2025-01-27T00:32:13.468+0000] {processor.py:925} INFO - DAG(s) 'consume_1_or_both_2_and_3_with_dataset_expressions', 'dataset_consumes_1', 'dataset_produces_1', 'dataset_consumes_1_and_2', 'consume_1_and_2_with_dataset_expressions', 'consume_1_or_2_with_dataset_expressions', 'dataset_produces_2', 'dataset_consumes_unknown_never_scheduled', 'dataset_consumes_1_never_scheduled', 'conditional_dataset_and_time_based_timetable' retrieved from /home/airflow/.local/lib/python3.12/site-packages/airflow/example_dags/example_datasets.py
[2025-01-27T00:32:13.518+0000] {logging_mixin.py:190} INFO - [2025-01-27T00:32:13.517+0000] {dag.py:3239} INFO - Sync 10 DAGs
[2025-01-27T00:32:13.549+0000] {logging_mixin.py:190} INFO - [2025-01-27T00:32:13.549+0000] {dag.py:4180} INFO - Setting next_dagrun for conditional_dataset_and_time_based_timetable to 2025-01-22 01:00:00+00:00, run_after=2025-01-22 01:00:00+00:00
[2025-01-27T00:32:13.553+0000] {logging_mixin.py:190} INFO - [2025-01-27T00:32:13.553+0000] {dag.py:4180} INFO - Setting next_dagrun for consume_1_and_2_with_dataset_expressions to None, run_after=None
[2025-01-27T00:32:13.555+0000] {logging_mixin.py:190} INFO - [2025-01-27T00:32:13.555+0000] {dag.py:4180} INFO - Setting next_dagrun for consume_1_or_2_with_dataset_expressions to None, run_after=None
[2025-01-27T00:32:13.556+0000] {logging_mixin.py:190} INFO - [2025-01-27T00:32:13.556+0000] {dag.py:4180} INFO - Setting next_dagrun for consume_1_or_both_2_and_3_with_dataset_expressions to None, run_after=None
[2025-01-27T00:32:13.558+0000] {logging_mixin.py:190} INFO - [2025-01-27T00:32:13.558+0000] {dag.py:4180} INFO - Setting next_dagrun for dataset_consumes_1 to None, run_after=None
[2025-01-27T00:32:13.560+0000] {logging_mixin.py:190} INFO - [2025-01-27T00:32:13.560+0000] {dag.py:4180} INFO - Setting next_dagrun for dataset_consumes_1_and_2 to None, run_after=None
[2025-01-27T00:32:13.562+0000] {logging_mixin.py:190} INFO - [2025-01-27T00:32:13.561+0000] {dag.py:4180} INFO - Setting next_dagrun for dataset_consumes_1_never_scheduled to None, run_after=None
[2025-01-27T00:32:13.563+0000] {logging_mixin.py:190} INFO - [2025-01-27T00:32:13.563+0000] {dag.py:4180} INFO - Setting next_dagrun for dataset_consumes_unknown_never_scheduled to None, run_after=None
[2025-01-27T00:32:13.565+0000] {logging_mixin.py:190} INFO - [2025-01-27T00:32:13.565+0000] {dag.py:4180} INFO - Setting next_dagrun for dataset_produces_1 to 2025-01-26 00:00:00+00:00, run_after=2025-01-27 00:00:00+00:00
[2025-01-27T00:32:13.567+0000] {logging_mixin.py:190} INFO - [2025-01-27T00:32:13.567+0000] {dag.py:4180} INFO - Setting next_dagrun for dataset_produces_2 to None, run_after=None
[2025-01-27T00:32:13.605+0000] {processor.py:208} INFO - Processing /home/airflow/.local/lib/python3.12/site-packages/airflow/example_dags/example_datasets.py took 0.797 seconds
[2025-01-27T00:32:44.528+0000] {processor.py:186} INFO - Started process (PID=997) to work on /home/airflow/.local/lib/python3.12/site-packages/airflow/example_dags/example_datasets.py
[2025-01-27T00:32:44.529+0000] {processor.py:914} INFO - Processing file /home/airflow/.local/lib/python3.12/site-packages/airflow/example_dags/example_datasets.py for tasks to queue
[2025-01-27T00:32:44.531+0000] {logging_mixin.py:190} INFO - [2025-01-27T00:32:44.531+0000] {dagbag.py:588} INFO - Filling up the DagBag from /home/airflow/.local/lib/python3.12/site-packages/airflow/example_dags/example_datasets.py
[2025-01-27T00:32:45.091+0000] {processor.py:925} INFO - DAG(s) 'consume_1_and_2_with_dataset_expressions', 'conditional_dataset_and_time_based_timetable', 'dataset_consumes_unknown_never_scheduled', 'dataset_consumes_1', 'dataset_produces_2', 'dataset_produces_1', 'dataset_consumes_1_never_scheduled', 'consume_1_or_2_with_dataset_expressions', 'consume_1_or_both_2_and_3_with_dataset_expressions', 'dataset_consumes_1_and_2' retrieved from /home/airflow/.local/lib/python3.12/site-packages/airflow/example_dags/example_datasets.py
[2025-01-27T00:32:45.139+0000] {logging_mixin.py:190} INFO - [2025-01-27T00:32:45.139+0000] {dag.py:3239} INFO - Sync 10 DAGs
[2025-01-27T00:32:45.167+0000] {logging_mixin.py:190} INFO - [2025-01-27T00:32:45.167+0000] {dag.py:4180} INFO - Setting next_dagrun for conditional_dataset_and_time_based_timetable to 2025-01-22 01:00:00+00:00, run_after=2025-01-22 01:00:00+00:00
[2025-01-27T00:32:45.171+0000] {logging_mixin.py:190} INFO - [2025-01-27T00:32:45.171+0000] {dag.py:4180} INFO - Setting next_dagrun for consume_1_and_2_with_dataset_expressions to None, run_after=None
[2025-01-27T00:32:45.173+0000] {logging_mixin.py:190} INFO - [2025-01-27T00:32:45.172+0000] {dag.py:4180} INFO - Setting next_dagrun for consume_1_or_2_with_dataset_expressions to None, run_after=None
[2025-01-27T00:32:45.174+0000] {logging_mixin.py:190} INFO - [2025-01-27T00:32:45.174+0000] {dag.py:4180} INFO - Setting next_dagrun for consume_1_or_both_2_and_3_with_dataset_expressions to None, run_after=None
[2025-01-27T00:32:45.175+0000] {logging_mixin.py:190} INFO - [2025-01-27T00:32:45.175+0000] {dag.py:4180} INFO - Setting next_dagrun for dataset_consumes_1 to None, run_after=None
[2025-01-27T00:32:45.177+0000] {logging_mixin.py:190} INFO - [2025-01-27T00:32:45.176+0000] {dag.py:4180} INFO - Setting next_dagrun for dataset_consumes_1_and_2 to None, run_after=None
[2025-01-27T00:32:45.178+0000] {logging_mixin.py:190} INFO - [2025-01-27T00:32:45.178+0000] {dag.py:4180} INFO - Setting next_dagrun for dataset_consumes_1_never_scheduled to None, run_after=None
[2025-01-27T00:32:45.179+0000] {logging_mixin.py:190} INFO - [2025-01-27T00:32:45.179+0000] {dag.py:4180} INFO - Setting next_dagrun for dataset_consumes_unknown_never_scheduled to None, run_after=None
[2025-01-27T00:32:45.182+0000] {logging_mixin.py:190} INFO - [2025-01-27T00:32:45.182+0000] {dag.py:4180} INFO - Setting next_dagrun for dataset_produces_1 to 2025-01-26 00:00:00+00:00, run_after=2025-01-27 00:00:00+00:00
[2025-01-27T00:32:45.184+0000] {logging_mixin.py:190} INFO - [2025-01-27T00:32:45.184+0000] {dag.py:4180} INFO - Setting next_dagrun for dataset_produces_2 to None, run_after=None
[2025-01-27T00:32:45.219+0000] {processor.py:208} INFO - Processing /home/airflow/.local/lib/python3.12/site-packages/airflow/example_dags/example_datasets.py took 0.696 seconds
[2025-01-27T00:33:16.035+0000] {processor.py:186} INFO - Started process (PID=1060) to work on /home/airflow/.local/lib/python3.12/site-packages/airflow/example_dags/example_datasets.py
[2025-01-27T00:33:16.036+0000] {processor.py:914} INFO - Processing file /home/airflow/.local/lib/python3.12/site-packages/airflow/example_dags/example_datasets.py for tasks to queue
[2025-01-27T00:33:16.038+0000] {logging_mixin.py:190} INFO - [2025-01-27T00:33:16.038+0000] {dagbag.py:588} INFO - Filling up the DagBag from /home/airflow/.local/lib/python3.12/site-packages/airflow/example_dags/example_datasets.py
[2025-01-27T00:33:16.715+0000] {processor.py:925} INFO - DAG(s) 'conditional_dataset_and_time_based_timetable', 'consume_1_and_2_with_dataset_expressions', 'consume_1_or_both_2_and_3_with_dataset_expressions', 'consume_1_or_2_with_dataset_expressions', 'dataset_produces_2', 'dataset_consumes_1_and_2', 'dataset_produces_1', 'dataset_consumes_1', 'dataset_consumes_unknown_never_scheduled', 'dataset_consumes_1_never_scheduled' retrieved from /home/airflow/.local/lib/python3.12/site-packages/airflow/example_dags/example_datasets.py
[2025-01-27T00:33:16.770+0000] {logging_mixin.py:190} INFO - [2025-01-27T00:33:16.769+0000] {dag.py:3239} INFO - Sync 10 DAGs
[2025-01-27T00:33:16.803+0000] {logging_mixin.py:190} INFO - [2025-01-27T00:33:16.803+0000] {dag.py:4180} INFO - Setting next_dagrun for conditional_dataset_and_time_based_timetable to 2025-01-22 01:00:00+00:00, run_after=2025-01-22 01:00:00+00:00
[2025-01-27T00:33:16.808+0000] {logging_mixin.py:190} INFO - [2025-01-27T00:33:16.807+0000] {dag.py:4180} INFO - Setting next_dagrun for consume_1_and_2_with_dataset_expressions to None, run_after=None
[2025-01-27T00:33:16.810+0000] {logging_mixin.py:190} INFO - [2025-01-27T00:33:16.810+0000] {dag.py:4180} INFO - Setting next_dagrun for consume_1_or_2_with_dataset_expressions to None, run_after=None
[2025-01-27T00:33:16.812+0000] {logging_mixin.py:190} INFO - [2025-01-27T00:33:16.811+0000] {dag.py:4180} INFO - Setting next_dagrun for consume_1_or_both_2_and_3_with_dataset_expressions to None, run_after=None
[2025-01-27T00:33:16.813+0000] {logging_mixin.py:190} INFO - [2025-01-27T00:33:16.813+0000] {dag.py:4180} INFO - Setting next_dagrun for dataset_consumes_1 to None, run_after=None
[2025-01-27T00:33:16.815+0000] {logging_mixin.py:190} INFO - [2025-01-27T00:33:16.815+0000] {dag.py:4180} INFO - Setting next_dagrun for dataset_consumes_1_and_2 to None, run_after=None
[2025-01-27T00:33:16.818+0000] {logging_mixin.py:190} INFO - [2025-01-27T00:33:16.818+0000] {dag.py:4180} INFO - Setting next_dagrun for dataset_consumes_1_never_scheduled to None, run_after=None
[2025-01-27T00:33:16.819+0000] {logging_mixin.py:190} INFO - [2025-01-27T00:33:16.819+0000] {dag.py:4180} INFO - Setting next_dagrun for dataset_consumes_unknown_never_scheduled to None, run_after=None
[2025-01-27T00:33:16.824+0000] {logging_mixin.py:190} INFO - [2025-01-27T00:33:16.823+0000] {dag.py:4180} INFO - Setting next_dagrun for dataset_produces_1 to 2025-01-26 00:00:00+00:00, run_after=2025-01-27 00:00:00+00:00
[2025-01-27T00:33:16.825+0000] {logging_mixin.py:190} INFO - [2025-01-27T00:33:16.825+0000] {dag.py:4180} INFO - Setting next_dagrun for dataset_produces_2 to None, run_after=None
[2025-01-27T00:33:16.868+0000] {processor.py:208} INFO - Processing /home/airflow/.local/lib/python3.12/site-packages/airflow/example_dags/example_datasets.py took 0.841 seconds
[2025-01-27T00:33:47.080+0000] {processor.py:186} INFO - Started process (PID=1123) to work on /home/airflow/.local/lib/python3.12/site-packages/airflow/example_dags/example_datasets.py
[2025-01-27T00:33:47.081+0000] {processor.py:914} INFO - Processing file /home/airflow/.local/lib/python3.12/site-packages/airflow/example_dags/example_datasets.py for tasks to queue
[2025-01-27T00:33:47.084+0000] {logging_mixin.py:190} INFO - [2025-01-27T00:33:47.083+0000] {dagbag.py:588} INFO - Filling up the DagBag from /home/airflow/.local/lib/python3.12/site-packages/airflow/example_dags/example_datasets.py
[2025-01-27T00:33:47.778+0000] {processor.py:925} INFO - DAG(s) 'dataset_consumes_1_and_2', 'conditional_dataset_and_time_based_timetable', 'consume_1_or_both_2_and_3_with_dataset_expressions', 'dataset_consumes_unknown_never_scheduled', 'dataset_produces_2', 'dataset_consumes_1_never_scheduled', 'dataset_produces_1', 'dataset_consumes_1', 'consume_1_or_2_with_dataset_expressions', 'consume_1_and_2_with_dataset_expressions' retrieved from /home/airflow/.local/lib/python3.12/site-packages/airflow/example_dags/example_datasets.py
[2025-01-27T00:33:47.838+0000] {logging_mixin.py:190} INFO - [2025-01-27T00:33:47.838+0000] {dag.py:3239} INFO - Sync 10 DAGs
[2025-01-27T00:33:47.873+0000] {logging_mixin.py:190} INFO - [2025-01-27T00:33:47.873+0000] {dag.py:4180} INFO - Setting next_dagrun for conditional_dataset_and_time_based_timetable to 2025-01-22 01:00:00+00:00, run_after=2025-01-22 01:00:00+00:00
[2025-01-27T00:33:47.878+0000] {logging_mixin.py:190} INFO - [2025-01-27T00:33:47.878+0000] {dag.py:4180} INFO - Setting next_dagrun for consume_1_and_2_with_dataset_expressions to None, run_after=None
[2025-01-27T00:33:47.880+0000] {logging_mixin.py:190} INFO - [2025-01-27T00:33:47.880+0000] {dag.py:4180} INFO - Setting next_dagrun for consume_1_or_2_with_dataset_expressions to None, run_after=None
[2025-01-27T00:33:47.882+0000] {logging_mixin.py:190} INFO - [2025-01-27T00:33:47.881+0000] {dag.py:4180} INFO - Setting next_dagrun for consume_1_or_both_2_and_3_with_dataset_expressions to None, run_after=None
[2025-01-27T00:33:47.883+0000] {logging_mixin.py:190} INFO - [2025-01-27T00:33:47.883+0000] {dag.py:4180} INFO - Setting next_dagrun for dataset_consumes_1 to None, run_after=None
[2025-01-27T00:33:47.885+0000] {logging_mixin.py:190} INFO - [2025-01-27T00:33:47.885+0000] {dag.py:4180} INFO - Setting next_dagrun for dataset_consumes_1_and_2 to None, run_after=None
[2025-01-27T00:33:47.886+0000] {logging_mixin.py:190} INFO - [2025-01-27T00:33:47.886+0000] {dag.py:4180} INFO - Setting next_dagrun for dataset_consumes_1_never_scheduled to None, run_after=None
[2025-01-27T00:33:47.888+0000] {logging_mixin.py:190} INFO - [2025-01-27T00:33:47.888+0000] {dag.py:4180} INFO - Setting next_dagrun for dataset_consumes_unknown_never_scheduled to None, run_after=None
[2025-01-27T00:33:47.893+0000] {logging_mixin.py:190} INFO - [2025-01-27T00:33:47.893+0000] {dag.py:4180} INFO - Setting next_dagrun for dataset_produces_1 to 2025-01-26 00:00:00+00:00, run_after=2025-01-27 00:00:00+00:00
[2025-01-27T00:33:47.895+0000] {logging_mixin.py:190} INFO - [2025-01-27T00:33:47.895+0000] {dag.py:4180} INFO - Setting next_dagrun for dataset_produces_2 to None, run_after=None
[2025-01-27T00:33:47.936+0000] {processor.py:208} INFO - Processing /home/airflow/.local/lib/python3.12/site-packages/airflow/example_dags/example_datasets.py took 0.863 seconds
