[2025-01-27T00:25:27.562+0000] {processor.py:186} INFO - Started process (PID=104) to work on /home/airflow/.local/lib/python3.12/site-packages/airflow/example_dags/example_external_task_marker_dag.py
[2025-01-27T00:25:27.563+0000] {processor.py:914} INFO - Processing file /home/airflow/.local/lib/python3.12/site-packages/airflow/example_dags/example_external_task_marker_dag.py for tasks to queue
[2025-01-27T00:25:27.568+0000] {logging_mixin.py:190} INFO - [2025-01-27T00:25:27.567+0000] {dagbag.py:588} INFO - Filling up the DagBag from /home/airflow/.local/lib/python3.12/site-packages/airflow/example_dags/example_external_task_marker_dag.py
[2025-01-27T00:25:27.578+0000] {processor.py:925} INFO - DAG(s) 'example_external_task_marker_child', 'example_external_task_marker_parent' retrieved from /home/airflow/.local/lib/python3.12/site-packages/airflow/example_dags/example_external_task_marker_dag.py
[2025-01-27T00:25:27.705+0000] {logging_mixin.py:190} INFO - [2025-01-27T00:25:27.704+0000] {override.py:1911} INFO - Created Permission View: can read on DAG:example_external_task_marker_child
[2025-01-27T00:25:27.717+0000] {logging_mixin.py:190} INFO - [2025-01-27T00:25:27.717+0000] {override.py:1911} INFO - Created Permission View: can edit on DAG:example_external_task_marker_child
[2025-01-27T00:25:27.727+0000] {logging_mixin.py:190} INFO - [2025-01-27T00:25:27.727+0000] {override.py:1911} INFO - Created Permission View: can delete on DAG:example_external_task_marker_child
[2025-01-27T00:25:27.743+0000] {logging_mixin.py:190} INFO - [2025-01-27T00:25:27.742+0000] {override.py:1911} INFO - Created Permission View: can delete on DAG Run:example_external_task_marker_child
[2025-01-27T00:25:27.752+0000] {logging_mixin.py:190} INFO - [2025-01-27T00:25:27.752+0000] {override.py:1911} INFO - Created Permission View: menu access on DAG Run:example_external_task_marker_child
[2025-01-27T00:25:27.762+0000] {logging_mixin.py:190} INFO - [2025-01-27T00:25:27.762+0000] {override.py:1911} INFO - Created Permission View: can read on DAG Run:example_external_task_marker_child
[2025-01-27T00:25:27.773+0000] {logging_mixin.py:190} INFO - [2025-01-27T00:25:27.772+0000] {override.py:1911} INFO - Created Permission View: can create on DAG Run:example_external_task_marker_child
[2025-01-27T00:25:27.790+0000] {logging_mixin.py:190} INFO - [2025-01-27T00:25:27.790+0000] {override.py:1911} INFO - Created Permission View: can read on DAG:example_external_task_marker_parent
[2025-01-27T00:25:27.801+0000] {logging_mixin.py:190} INFO - [2025-01-27T00:25:27.801+0000] {override.py:1911} INFO - Created Permission View: can edit on DAG:example_external_task_marker_parent
[2025-01-27T00:25:27.813+0000] {logging_mixin.py:190} INFO - [2025-01-27T00:25:27.813+0000] {override.py:1911} INFO - Created Permission View: can delete on DAG:example_external_task_marker_parent
[2025-01-27T00:25:27.826+0000] {logging_mixin.py:190} INFO - [2025-01-27T00:25:27.825+0000] {override.py:1911} INFO - Created Permission View: can delete on DAG Run:example_external_task_marker_parent
[2025-01-27T00:25:27.835+0000] {logging_mixin.py:190} INFO - [2025-01-27T00:25:27.835+0000] {override.py:1911} INFO - Created Permission View: menu access on DAG Run:example_external_task_marker_parent
[2025-01-27T00:25:27.844+0000] {logging_mixin.py:190} INFO - [2025-01-27T00:25:27.843+0000] {override.py:1911} INFO - Created Permission View: can read on DAG Run:example_external_task_marker_parent
[2025-01-27T00:25:27.853+0000] {logging_mixin.py:190} INFO - [2025-01-27T00:25:27.852+0000] {override.py:1911} INFO - Created Permission View: can create on DAG Run:example_external_task_marker_parent
[2025-01-27T00:25:27.853+0000] {logging_mixin.py:190} INFO - [2025-01-27T00:25:27.853+0000] {dag.py:3239} INFO - Sync 2 DAGs
[2025-01-27T00:25:27.868+0000] {logging_mixin.py:190} INFO - [2025-01-27T00:25:27.868+0000] {dag.py:3262} INFO - Creating ORM DAG for example_external_task_marker_child
[2025-01-27T00:25:27.869+0000] {logging_mixin.py:190} INFO - [2025-01-27T00:25:27.869+0000] {dag.py:3262} INFO - Creating ORM DAG for example_external_task_marker_parent
[2025-01-27T00:25:27.870+0000] {logging_mixin.py:190} INFO - [2025-01-27T00:25:27.870+0000] {dag.py:4180} INFO - Setting next_dagrun for example_external_task_marker_child to None, run_after=None
[2025-01-27T00:25:27.872+0000] {logging_mixin.py:190} INFO - [2025-01-27T00:25:27.871+0000] {dag.py:4180} INFO - Setting next_dagrun for example_external_task_marker_parent to None, run_after=None
[2025-01-27T00:25:27.891+0000] {processor.py:208} INFO - Processing /home/airflow/.local/lib/python3.12/site-packages/airflow/example_dags/example_external_task_marker_dag.py took 0.337 seconds
[2025-01-27T00:25:58.735+0000] {processor.py:186} INFO - Started process (PID=167) to work on /home/airflow/.local/lib/python3.12/site-packages/airflow/example_dags/example_external_task_marker_dag.py
[2025-01-27T00:25:58.736+0000] {processor.py:914} INFO - Processing file /home/airflow/.local/lib/python3.12/site-packages/airflow/example_dags/example_external_task_marker_dag.py for tasks to queue
[2025-01-27T00:25:58.738+0000] {logging_mixin.py:190} INFO - [2025-01-27T00:25:58.738+0000] {dagbag.py:588} INFO - Filling up the DagBag from /home/airflow/.local/lib/python3.12/site-packages/airflow/example_dags/example_external_task_marker_dag.py
[2025-01-27T00:25:58.746+0000] {processor.py:925} INFO - DAG(s) 'example_external_task_marker_child', 'example_external_task_marker_parent' retrieved from /home/airflow/.local/lib/python3.12/site-packages/airflow/example_dags/example_external_task_marker_dag.py
[2025-01-27T00:25:58.768+0000] {logging_mixin.py:190} INFO - [2025-01-27T00:25:58.768+0000] {dag.py:3239} INFO - Sync 2 DAGs
[2025-01-27T00:25:58.782+0000] {logging_mixin.py:190} INFO - [2025-01-27T00:25:58.782+0000] {dag.py:4180} INFO - Setting next_dagrun for example_external_task_marker_child to None, run_after=None
[2025-01-27T00:25:58.786+0000] {logging_mixin.py:190} INFO - [2025-01-27T00:25:58.786+0000] {dag.py:4180} INFO - Setting next_dagrun for example_external_task_marker_parent to None, run_after=None
[2025-01-27T00:25:58.808+0000] {processor.py:208} INFO - Processing /home/airflow/.local/lib/python3.12/site-packages/airflow/example_dags/example_external_task_marker_dag.py took 0.079 seconds
[2025-01-27T00:26:29.119+0000] {processor.py:186} INFO - Started process (PID=230) to work on /home/airflow/.local/lib/python3.12/site-packages/airflow/example_dags/example_external_task_marker_dag.py
[2025-01-27T00:26:29.120+0000] {processor.py:914} INFO - Processing file /home/airflow/.local/lib/python3.12/site-packages/airflow/example_dags/example_external_task_marker_dag.py for tasks to queue
[2025-01-27T00:26:29.122+0000] {logging_mixin.py:190} INFO - [2025-01-27T00:26:29.122+0000] {dagbag.py:588} INFO - Filling up the DagBag from /home/airflow/.local/lib/python3.12/site-packages/airflow/example_dags/example_external_task_marker_dag.py
[2025-01-27T00:26:29.130+0000] {processor.py:925} INFO - DAG(s) 'example_external_task_marker_parent', 'example_external_task_marker_child' retrieved from /home/airflow/.local/lib/python3.12/site-packages/airflow/example_dags/example_external_task_marker_dag.py
[2025-01-27T00:26:29.153+0000] {logging_mixin.py:190} INFO - [2025-01-27T00:26:29.153+0000] {dag.py:3239} INFO - Sync 2 DAGs
[2025-01-27T00:26:29.169+0000] {logging_mixin.py:190} INFO - [2025-01-27T00:26:29.168+0000] {dag.py:4180} INFO - Setting next_dagrun for example_external_task_marker_child to None, run_after=None
[2025-01-27T00:26:29.172+0000] {logging_mixin.py:190} INFO - [2025-01-27T00:26:29.172+0000] {dag.py:4180} INFO - Setting next_dagrun for example_external_task_marker_parent to None, run_after=None
[2025-01-27T00:26:29.189+0000] {processor.py:208} INFO - Processing /home/airflow/.local/lib/python3.12/site-packages/airflow/example_dags/example_external_task_marker_dag.py took 0.076 seconds
[2025-01-27T00:27:00.170+0000] {processor.py:186} INFO - Started process (PID=293) to work on /home/airflow/.local/lib/python3.12/site-packages/airflow/example_dags/example_external_task_marker_dag.py
[2025-01-27T00:27:00.171+0000] {processor.py:914} INFO - Processing file /home/airflow/.local/lib/python3.12/site-packages/airflow/example_dags/example_external_task_marker_dag.py for tasks to queue
[2025-01-27T00:27:00.174+0000] {logging_mixin.py:190} INFO - [2025-01-27T00:27:00.173+0000] {dagbag.py:588} INFO - Filling up the DagBag from /home/airflow/.local/lib/python3.12/site-packages/airflow/example_dags/example_external_task_marker_dag.py
[2025-01-27T00:27:00.182+0000] {processor.py:925} INFO - DAG(s) 'example_external_task_marker_child', 'example_external_task_marker_parent' retrieved from /home/airflow/.local/lib/python3.12/site-packages/airflow/example_dags/example_external_task_marker_dag.py
[2025-01-27T00:27:00.205+0000] {logging_mixin.py:190} INFO - [2025-01-27T00:27:00.205+0000] {dag.py:3239} INFO - Sync 2 DAGs
[2025-01-27T00:27:00.223+0000] {logging_mixin.py:190} INFO - [2025-01-27T00:27:00.223+0000] {dag.py:4180} INFO - Setting next_dagrun for example_external_task_marker_child to None, run_after=None
[2025-01-27T00:27:00.228+0000] {logging_mixin.py:190} INFO - [2025-01-27T00:27:00.228+0000] {dag.py:4180} INFO - Setting next_dagrun for example_external_task_marker_parent to None, run_after=None
[2025-01-27T00:27:00.249+0000] {processor.py:208} INFO - Processing /home/airflow/.local/lib/python3.12/site-packages/airflow/example_dags/example_external_task_marker_dag.py took 0.085 seconds
[2025-01-27T00:27:30.373+0000] {processor.py:186} INFO - Started process (PID=355) to work on /home/airflow/.local/lib/python3.12/site-packages/airflow/example_dags/example_external_task_marker_dag.py
[2025-01-27T00:27:30.374+0000] {processor.py:914} INFO - Processing file /home/airflow/.local/lib/python3.12/site-packages/airflow/example_dags/example_external_task_marker_dag.py for tasks to queue
[2025-01-27T00:27:30.378+0000] {logging_mixin.py:190} INFO - [2025-01-27T00:27:30.377+0000] {dagbag.py:588} INFO - Filling up the DagBag from /home/airflow/.local/lib/python3.12/site-packages/airflow/example_dags/example_external_task_marker_dag.py
[2025-01-27T00:27:30.389+0000] {processor.py:925} INFO - DAG(s) 'example_external_task_marker_child', 'example_external_task_marker_parent' retrieved from /home/airflow/.local/lib/python3.12/site-packages/airflow/example_dags/example_external_task_marker_dag.py
[2025-01-27T00:27:30.421+0000] {logging_mixin.py:190} INFO - [2025-01-27T00:27:30.420+0000] {dag.py:3239} INFO - Sync 2 DAGs
[2025-01-27T00:27:30.438+0000] {logging_mixin.py:190} INFO - [2025-01-27T00:27:30.438+0000] {dag.py:4180} INFO - Setting next_dagrun for example_external_task_marker_child to None, run_after=None
[2025-01-27T00:27:30.444+0000] {logging_mixin.py:190} INFO - [2025-01-27T00:27:30.444+0000] {dag.py:4180} INFO - Setting next_dagrun for example_external_task_marker_parent to None, run_after=None
[2025-01-27T00:27:30.469+0000] {processor.py:208} INFO - Processing /home/airflow/.local/lib/python3.12/site-packages/airflow/example_dags/example_external_task_marker_dag.py took 0.103 seconds
[2025-01-27T00:28:00.935+0000] {processor.py:186} INFO - Started process (PID=418) to work on /home/airflow/.local/lib/python3.12/site-packages/airflow/example_dags/example_external_task_marker_dag.py
[2025-01-27T00:28:00.936+0000] {processor.py:914} INFO - Processing file /home/airflow/.local/lib/python3.12/site-packages/airflow/example_dags/example_external_task_marker_dag.py for tasks to queue
[2025-01-27T00:28:00.939+0000] {logging_mixin.py:190} INFO - [2025-01-27T00:28:00.938+0000] {dagbag.py:588} INFO - Filling up the DagBag from /home/airflow/.local/lib/python3.12/site-packages/airflow/example_dags/example_external_task_marker_dag.py
[2025-01-27T00:28:00.949+0000] {processor.py:925} INFO - DAG(s) 'example_external_task_marker_parent', 'example_external_task_marker_child' retrieved from /home/airflow/.local/lib/python3.12/site-packages/airflow/example_dags/example_external_task_marker_dag.py
[2025-01-27T00:28:00.984+0000] {logging_mixin.py:190} INFO - [2025-01-27T00:28:00.984+0000] {dag.py:3239} INFO - Sync 2 DAGs
[2025-01-27T00:28:01.016+0000] {logging_mixin.py:190} INFO - [2025-01-27T00:28:01.016+0000] {dag.py:4180} INFO - Setting next_dagrun for example_external_task_marker_child to None, run_after=None
[2025-01-27T00:28:01.023+0000] {logging_mixin.py:190} INFO - [2025-01-27T00:28:01.023+0000] {dag.py:4180} INFO - Setting next_dagrun for example_external_task_marker_parent to None, run_after=None
[2025-01-27T00:28:01.095+0000] {processor.py:208} INFO - Processing /home/airflow/.local/lib/python3.12/site-packages/airflow/example_dags/example_external_task_marker_dag.py took 0.167 seconds
[2025-01-27T00:28:31.900+0000] {processor.py:186} INFO - Started process (PID=481) to work on /home/airflow/.local/lib/python3.12/site-packages/airflow/example_dags/example_external_task_marker_dag.py
[2025-01-27T00:28:31.902+0000] {processor.py:914} INFO - Processing file /home/airflow/.local/lib/python3.12/site-packages/airflow/example_dags/example_external_task_marker_dag.py for tasks to queue
[2025-01-27T00:28:31.904+0000] {logging_mixin.py:190} INFO - [2025-01-27T00:28:31.904+0000] {dagbag.py:588} INFO - Filling up the DagBag from /home/airflow/.local/lib/python3.12/site-packages/airflow/example_dags/example_external_task_marker_dag.py
[2025-01-27T00:28:31.915+0000] {processor.py:925} INFO - DAG(s) 'example_external_task_marker_child', 'example_external_task_marker_parent' retrieved from /home/airflow/.local/lib/python3.12/site-packages/airflow/example_dags/example_external_task_marker_dag.py
[2025-01-27T00:28:31.940+0000] {logging_mixin.py:190} INFO - [2025-01-27T00:28:31.940+0000] {dag.py:3239} INFO - Sync 2 DAGs
[2025-01-27T00:28:31.960+0000] {logging_mixin.py:190} INFO - [2025-01-27T00:28:31.960+0000] {dag.py:4180} INFO - Setting next_dagrun for example_external_task_marker_child to None, run_after=None
[2025-01-27T00:28:31.966+0000] {logging_mixin.py:190} INFO - [2025-01-27T00:28:31.966+0000] {dag.py:4180} INFO - Setting next_dagrun for example_external_task_marker_parent to None, run_after=None
[2025-01-27T00:28:31.991+0000] {processor.py:208} INFO - Processing /home/airflow/.local/lib/python3.12/site-packages/airflow/example_dags/example_external_task_marker_dag.py took 0.096 seconds
[2025-01-27T00:29:02.798+0000] {processor.py:186} INFO - Started process (PID=543) to work on /home/airflow/.local/lib/python3.12/site-packages/airflow/example_dags/example_external_task_marker_dag.py
[2025-01-27T00:29:02.799+0000] {processor.py:914} INFO - Processing file /home/airflow/.local/lib/python3.12/site-packages/airflow/example_dags/example_external_task_marker_dag.py for tasks to queue
[2025-01-27T00:29:02.802+0000] {logging_mixin.py:190} INFO - [2025-01-27T00:29:02.802+0000] {dagbag.py:588} INFO - Filling up the DagBag from /home/airflow/.local/lib/python3.12/site-packages/airflow/example_dags/example_external_task_marker_dag.py
[2025-01-27T00:29:02.810+0000] {processor.py:925} INFO - DAG(s) 'example_external_task_marker_child', 'example_external_task_marker_parent' retrieved from /home/airflow/.local/lib/python3.12/site-packages/airflow/example_dags/example_external_task_marker_dag.py
[2025-01-27T00:29:02.845+0000] {logging_mixin.py:190} INFO - [2025-01-27T00:29:02.845+0000] {dag.py:3239} INFO - Sync 2 DAGs
[2025-01-27T00:29:02.862+0000] {logging_mixin.py:190} INFO - [2025-01-27T00:29:02.862+0000] {dag.py:4180} INFO - Setting next_dagrun for example_external_task_marker_child to None, run_after=None
[2025-01-27T00:29:02.867+0000] {logging_mixin.py:190} INFO - [2025-01-27T00:29:02.867+0000] {dag.py:4180} INFO - Setting next_dagrun for example_external_task_marker_parent to None, run_after=None
[2025-01-27T00:29:02.893+0000] {processor.py:208} INFO - Processing /home/airflow/.local/lib/python3.12/site-packages/airflow/example_dags/example_external_task_marker_dag.py took 0.100 seconds
[2025-01-27T00:29:34.030+0000] {processor.py:186} INFO - Started process (PID=606) to work on /home/airflow/.local/lib/python3.12/site-packages/airflow/example_dags/example_external_task_marker_dag.py
[2025-01-27T00:29:34.031+0000] {processor.py:914} INFO - Processing file /home/airflow/.local/lib/python3.12/site-packages/airflow/example_dags/example_external_task_marker_dag.py for tasks to queue
[2025-01-27T00:29:34.034+0000] {logging_mixin.py:190} INFO - [2025-01-27T00:29:34.033+0000] {dagbag.py:588} INFO - Filling up the DagBag from /home/airflow/.local/lib/python3.12/site-packages/airflow/example_dags/example_external_task_marker_dag.py
[2025-01-27T00:29:34.042+0000] {processor.py:925} INFO - DAG(s) 'example_external_task_marker_parent', 'example_external_task_marker_child' retrieved from /home/airflow/.local/lib/python3.12/site-packages/airflow/example_dags/example_external_task_marker_dag.py
[2025-01-27T00:29:34.070+0000] {logging_mixin.py:190} INFO - [2025-01-27T00:29:34.070+0000] {dag.py:3239} INFO - Sync 2 DAGs
[2025-01-27T00:29:34.089+0000] {logging_mixin.py:190} INFO - [2025-01-27T00:29:34.089+0000] {dag.py:4180} INFO - Setting next_dagrun for example_external_task_marker_child to None, run_after=None
[2025-01-27T00:29:34.094+0000] {logging_mixin.py:190} INFO - [2025-01-27T00:29:34.093+0000] {dag.py:4180} INFO - Setting next_dagrun for example_external_task_marker_parent to None, run_after=None
[2025-01-27T00:29:34.116+0000] {processor.py:208} INFO - Processing /home/airflow/.local/lib/python3.12/site-packages/airflow/example_dags/example_external_task_marker_dag.py took 0.093 seconds
[2025-01-27T00:30:05.041+0000] {processor.py:186} INFO - Started process (PID=670) to work on /home/airflow/.local/lib/python3.12/site-packages/airflow/example_dags/example_external_task_marker_dag.py
[2025-01-27T00:30:05.042+0000] {processor.py:914} INFO - Processing file /home/airflow/.local/lib/python3.12/site-packages/airflow/example_dags/example_external_task_marker_dag.py for tasks to queue
[2025-01-27T00:30:05.045+0000] {logging_mixin.py:190} INFO - [2025-01-27T00:30:05.044+0000] {dagbag.py:588} INFO - Filling up the DagBag from /home/airflow/.local/lib/python3.12/site-packages/airflow/example_dags/example_external_task_marker_dag.py
[2025-01-27T00:30:05.053+0000] {processor.py:925} INFO - DAG(s) 'example_external_task_marker_parent', 'example_external_task_marker_child' retrieved from /home/airflow/.local/lib/python3.12/site-packages/airflow/example_dags/example_external_task_marker_dag.py
[2025-01-27T00:30:05.084+0000] {logging_mixin.py:190} INFO - [2025-01-27T00:30:05.083+0000] {dag.py:3239} INFO - Sync 2 DAGs
[2025-01-27T00:30:05.117+0000] {logging_mixin.py:190} INFO - [2025-01-27T00:30:05.117+0000] {dag.py:4180} INFO - Setting next_dagrun for example_external_task_marker_child to None, run_after=None
[2025-01-27T00:30:05.123+0000] {logging_mixin.py:190} INFO - [2025-01-27T00:30:05.122+0000] {dag.py:4180} INFO - Setting next_dagrun for example_external_task_marker_parent to None, run_after=None
[2025-01-27T00:30:05.152+0000] {processor.py:208} INFO - Processing /home/airflow/.local/lib/python3.12/site-packages/airflow/example_dags/example_external_task_marker_dag.py took 0.117 seconds
[2025-01-27T00:30:36.662+0000] {processor.py:186} INFO - Started process (PID=734) to work on /home/airflow/.local/lib/python3.12/site-packages/airflow/example_dags/example_external_task_marker_dag.py
[2025-01-27T00:30:36.663+0000] {processor.py:914} INFO - Processing file /home/airflow/.local/lib/python3.12/site-packages/airflow/example_dags/example_external_task_marker_dag.py for tasks to queue
[2025-01-27T00:30:36.666+0000] {logging_mixin.py:190} INFO - [2025-01-27T00:30:36.666+0000] {dagbag.py:588} INFO - Filling up the DagBag from /home/airflow/.local/lib/python3.12/site-packages/airflow/example_dags/example_external_task_marker_dag.py
[2025-01-27T00:30:36.675+0000] {processor.py:925} INFO - DAG(s) 'example_external_task_marker_child', 'example_external_task_marker_parent' retrieved from /home/airflow/.local/lib/python3.12/site-packages/airflow/example_dags/example_external_task_marker_dag.py
[2025-01-27T00:30:36.701+0000] {logging_mixin.py:190} INFO - [2025-01-27T00:30:36.701+0000] {dag.py:3239} INFO - Sync 2 DAGs
[2025-01-27T00:30:36.717+0000] {logging_mixin.py:190} INFO - [2025-01-27T00:30:36.717+0000] {dag.py:4180} INFO - Setting next_dagrun for example_external_task_marker_child to None, run_after=None
[2025-01-27T00:30:36.721+0000] {logging_mixin.py:190} INFO - [2025-01-27T00:30:36.721+0000] {dag.py:4180} INFO - Setting next_dagrun for example_external_task_marker_parent to None, run_after=None
[2025-01-27T00:30:36.744+0000] {processor.py:208} INFO - Processing /home/airflow/.local/lib/python3.12/site-packages/airflow/example_dags/example_external_task_marker_dag.py took 0.088 seconds
[2025-01-27T00:31:08.326+0000] {processor.py:186} INFO - Started process (PID=797) to work on /home/airflow/.local/lib/python3.12/site-packages/airflow/example_dags/example_external_task_marker_dag.py
[2025-01-27T00:31:08.327+0000] {processor.py:914} INFO - Processing file /home/airflow/.local/lib/python3.12/site-packages/airflow/example_dags/example_external_task_marker_dag.py for tasks to queue
[2025-01-27T00:31:08.329+0000] {logging_mixin.py:190} INFO - [2025-01-27T00:31:08.329+0000] {dagbag.py:588} INFO - Filling up the DagBag from /home/airflow/.local/lib/python3.12/site-packages/airflow/example_dags/example_external_task_marker_dag.py
[2025-01-27T00:31:08.338+0000] {processor.py:925} INFO - DAG(s) 'example_external_task_marker_child', 'example_external_task_marker_parent' retrieved from /home/airflow/.local/lib/python3.12/site-packages/airflow/example_dags/example_external_task_marker_dag.py
[2025-01-27T00:31:08.362+0000] {logging_mixin.py:190} INFO - [2025-01-27T00:31:08.361+0000] {dag.py:3239} INFO - Sync 2 DAGs
[2025-01-27T00:31:08.378+0000] {logging_mixin.py:190} INFO - [2025-01-27T00:31:08.377+0000] {dag.py:4180} INFO - Setting next_dagrun for example_external_task_marker_child to None, run_after=None
[2025-01-27T00:31:08.382+0000] {logging_mixin.py:190} INFO - [2025-01-27T00:31:08.382+0000] {dag.py:4180} INFO - Setting next_dagrun for example_external_task_marker_parent to None, run_after=None
[2025-01-27T00:31:08.402+0000] {processor.py:208} INFO - Processing /home/airflow/.local/lib/python3.12/site-packages/airflow/example_dags/example_external_task_marker_dag.py took 0.082 seconds
[2025-01-27T00:31:38.852+0000] {processor.py:186} INFO - Started process (PID=859) to work on /home/airflow/.local/lib/python3.12/site-packages/airflow/example_dags/example_external_task_marker_dag.py
[2025-01-27T00:31:38.854+0000] {processor.py:914} INFO - Processing file /home/airflow/.local/lib/python3.12/site-packages/airflow/example_dags/example_external_task_marker_dag.py for tasks to queue
[2025-01-27T00:31:38.856+0000] {logging_mixin.py:190} INFO - [2025-01-27T00:31:38.856+0000] {dagbag.py:588} INFO - Filling up the DagBag from /home/airflow/.local/lib/python3.12/site-packages/airflow/example_dags/example_external_task_marker_dag.py
[2025-01-27T00:31:38.865+0000] {processor.py:925} INFO - DAG(s) 'example_external_task_marker_child', 'example_external_task_marker_parent' retrieved from /home/airflow/.local/lib/python3.12/site-packages/airflow/example_dags/example_external_task_marker_dag.py
[2025-01-27T00:31:38.891+0000] {logging_mixin.py:190} INFO - [2025-01-27T00:31:38.891+0000] {dag.py:3239} INFO - Sync 2 DAGs
[2025-01-27T00:31:38.908+0000] {logging_mixin.py:190} INFO - [2025-01-27T00:31:38.908+0000] {dag.py:4180} INFO - Setting next_dagrun for example_external_task_marker_child to None, run_after=None
[2025-01-27T00:31:38.912+0000] {logging_mixin.py:190} INFO - [2025-01-27T00:31:38.912+0000] {dag.py:4180} INFO - Setting next_dagrun for example_external_task_marker_parent to None, run_after=None
[2025-01-27T00:31:38.931+0000] {processor.py:208} INFO - Processing /home/airflow/.local/lib/python3.12/site-packages/airflow/example_dags/example_external_task_marker_dag.py took 0.084 seconds
[2025-01-27T00:32:10.659+0000] {processor.py:186} INFO - Started process (PID=923) to work on /home/airflow/.local/lib/python3.12/site-packages/airflow/example_dags/example_external_task_marker_dag.py
[2025-01-27T00:32:10.660+0000] {processor.py:914} INFO - Processing file /home/airflow/.local/lib/python3.12/site-packages/airflow/example_dags/example_external_task_marker_dag.py for tasks to queue
[2025-01-27T00:32:10.662+0000] {logging_mixin.py:190} INFO - [2025-01-27T00:32:10.662+0000] {dagbag.py:588} INFO - Filling up the DagBag from /home/airflow/.local/lib/python3.12/site-packages/airflow/example_dags/example_external_task_marker_dag.py
[2025-01-27T00:32:10.671+0000] {processor.py:925} INFO - DAG(s) 'example_external_task_marker_child', 'example_external_task_marker_parent' retrieved from /home/airflow/.local/lib/python3.12/site-packages/airflow/example_dags/example_external_task_marker_dag.py
[2025-01-27T00:32:10.698+0000] {logging_mixin.py:190} INFO - [2025-01-27T00:32:10.698+0000] {dag.py:3239} INFO - Sync 2 DAGs
[2025-01-27T00:32:10.721+0000] {logging_mixin.py:190} INFO - [2025-01-27T00:32:10.721+0000] {dag.py:4180} INFO - Setting next_dagrun for example_external_task_marker_child to None, run_after=None
[2025-01-27T00:32:10.726+0000] {logging_mixin.py:190} INFO - [2025-01-27T00:32:10.726+0000] {dag.py:4180} INFO - Setting next_dagrun for example_external_task_marker_parent to None, run_after=None
[2025-01-27T00:32:10.754+0000] {processor.py:208} INFO - Processing /home/airflow/.local/lib/python3.12/site-packages/airflow/example_dags/example_external_task_marker_dag.py took 0.102 seconds
[2025-01-27T00:32:41.458+0000] {processor.py:186} INFO - Started process (PID=985) to work on /home/airflow/.local/lib/python3.12/site-packages/airflow/example_dags/example_external_task_marker_dag.py
[2025-01-27T00:32:41.459+0000] {processor.py:914} INFO - Processing file /home/airflow/.local/lib/python3.12/site-packages/airflow/example_dags/example_external_task_marker_dag.py for tasks to queue
[2025-01-27T00:32:41.461+0000] {logging_mixin.py:190} INFO - [2025-01-27T00:32:41.461+0000] {dagbag.py:588} INFO - Filling up the DagBag from /home/airflow/.local/lib/python3.12/site-packages/airflow/example_dags/example_external_task_marker_dag.py
[2025-01-27T00:32:41.470+0000] {processor.py:925} INFO - DAG(s) 'example_external_task_marker_parent', 'example_external_task_marker_child' retrieved from /home/airflow/.local/lib/python3.12/site-packages/airflow/example_dags/example_external_task_marker_dag.py
[2025-01-27T00:32:41.493+0000] {logging_mixin.py:190} INFO - [2025-01-27T00:32:41.493+0000] {dag.py:3239} INFO - Sync 2 DAGs
[2025-01-27T00:32:41.509+0000] {logging_mixin.py:190} INFO - [2025-01-27T00:32:41.509+0000] {dag.py:4180} INFO - Setting next_dagrun for example_external_task_marker_child to None, run_after=None
[2025-01-27T00:32:41.514+0000] {logging_mixin.py:190} INFO - [2025-01-27T00:32:41.514+0000] {dag.py:4180} INFO - Setting next_dagrun for example_external_task_marker_parent to None, run_after=None
[2025-01-27T00:32:41.534+0000] {processor.py:208} INFO - Processing /home/airflow/.local/lib/python3.12/site-packages/airflow/example_dags/example_external_task_marker_dag.py took 0.081 seconds
[2025-01-27T00:33:13.135+0000] {processor.py:186} INFO - Started process (PID=1049) to work on /home/airflow/.local/lib/python3.12/site-packages/airflow/example_dags/example_external_task_marker_dag.py
[2025-01-27T00:33:13.136+0000] {processor.py:914} INFO - Processing file /home/airflow/.local/lib/python3.12/site-packages/airflow/example_dags/example_external_task_marker_dag.py for tasks to queue
[2025-01-27T00:33:13.138+0000] {logging_mixin.py:190} INFO - [2025-01-27T00:33:13.138+0000] {dagbag.py:588} INFO - Filling up the DagBag from /home/airflow/.local/lib/python3.12/site-packages/airflow/example_dags/example_external_task_marker_dag.py
[2025-01-27T00:33:13.147+0000] {processor.py:925} INFO - DAG(s) 'example_external_task_marker_child', 'example_external_task_marker_parent' retrieved from /home/airflow/.local/lib/python3.12/site-packages/airflow/example_dags/example_external_task_marker_dag.py
[2025-01-27T00:33:13.173+0000] {logging_mixin.py:190} INFO - [2025-01-27T00:33:13.172+0000] {dag.py:3239} INFO - Sync 2 DAGs
[2025-01-27T00:33:13.190+0000] {logging_mixin.py:190} INFO - [2025-01-27T00:33:13.189+0000] {dag.py:4180} INFO - Setting next_dagrun for example_external_task_marker_child to None, run_after=None
[2025-01-27T00:33:13.194+0000] {logging_mixin.py:190} INFO - [2025-01-27T00:33:13.194+0000] {dag.py:4180} INFO - Setting next_dagrun for example_external_task_marker_parent to None, run_after=None
[2025-01-27T00:33:13.215+0000] {processor.py:208} INFO - Processing /home/airflow/.local/lib/python3.12/site-packages/airflow/example_dags/example_external_task_marker_dag.py took 0.087 seconds
[2025-01-27T00:33:43.914+0000] {processor.py:186} INFO - Started process (PID=1111) to work on /home/airflow/.local/lib/python3.12/site-packages/airflow/example_dags/example_external_task_marker_dag.py
[2025-01-27T00:33:43.916+0000] {processor.py:914} INFO - Processing file /home/airflow/.local/lib/python3.12/site-packages/airflow/example_dags/example_external_task_marker_dag.py for tasks to queue
[2025-01-27T00:33:43.918+0000] {logging_mixin.py:190} INFO - [2025-01-27T00:33:43.918+0000] {dagbag.py:588} INFO - Filling up the DagBag from /home/airflow/.local/lib/python3.12/site-packages/airflow/example_dags/example_external_task_marker_dag.py
[2025-01-27T00:33:43.927+0000] {processor.py:925} INFO - DAG(s) 'example_external_task_marker_parent', 'example_external_task_marker_child' retrieved from /home/airflow/.local/lib/python3.12/site-packages/airflow/example_dags/example_external_task_marker_dag.py
[2025-01-27T00:33:43.955+0000] {logging_mixin.py:190} INFO - [2025-01-27T00:33:43.954+0000] {dag.py:3239} INFO - Sync 2 DAGs
[2025-01-27T00:33:43.976+0000] {logging_mixin.py:190} INFO - [2025-01-27T00:33:43.975+0000] {dag.py:4180} INFO - Setting next_dagrun for example_external_task_marker_child to None, run_after=None
[2025-01-27T00:33:43.981+0000] {logging_mixin.py:190} INFO - [2025-01-27T00:33:43.981+0000] {dag.py:4180} INFO - Setting next_dagrun for example_external_task_marker_parent to None, run_after=None
[2025-01-27T00:33:44.001+0000] {processor.py:208} INFO - Processing /home/airflow/.local/lib/python3.12/site-packages/airflow/example_dags/example_external_task_marker_dag.py took 0.093 seconds
[2025-01-27T00:34:15.664+0000] {processor.py:186} INFO - Started process (PID=1174) to work on /home/airflow/.local/lib/python3.12/site-packages/airflow/example_dags/example_external_task_marker_dag.py
[2025-01-27T00:34:15.665+0000] {processor.py:914} INFO - Processing file /home/airflow/.local/lib/python3.12/site-packages/airflow/example_dags/example_external_task_marker_dag.py for tasks to queue
[2025-01-27T00:34:15.667+0000] {logging_mixin.py:190} INFO - [2025-01-27T00:34:15.667+0000] {dagbag.py:588} INFO - Filling up the DagBag from /home/airflow/.local/lib/python3.12/site-packages/airflow/example_dags/example_external_task_marker_dag.py
[2025-01-27T00:34:15.676+0000] {processor.py:925} INFO - DAG(s) 'example_external_task_marker_child', 'example_external_task_marker_parent' retrieved from /home/airflow/.local/lib/python3.12/site-packages/airflow/example_dags/example_external_task_marker_dag.py
[2025-01-27T00:34:15.699+0000] {logging_mixin.py:190} INFO - [2025-01-27T00:34:15.699+0000] {dag.py:3239} INFO - Sync 2 DAGs
[2025-01-27T00:34:15.715+0000] {logging_mixin.py:190} INFO - [2025-01-27T00:34:15.715+0000] {dag.py:4180} INFO - Setting next_dagrun for example_external_task_marker_child to None, run_after=None
[2025-01-27T00:34:15.719+0000] {logging_mixin.py:190} INFO - [2025-01-27T00:34:15.719+0000] {dag.py:4180} INFO - Setting next_dagrun for example_external_task_marker_parent to None, run_after=None
[2025-01-27T00:34:15.737+0000] {processor.py:208} INFO - Processing /home/airflow/.local/lib/python3.12/site-packages/airflow/example_dags/example_external_task_marker_dag.py took 0.080 seconds
