[2025-01-27T00:25:32.765+0000] {processor.py:186} INFO - Started process (PID=124) to work on /home/airflow/.local/lib/python3.12/site-packages/airflow/example_dags/tutorial_taskflow_api.py
[2025-01-27T00:25:32.766+0000] {processor.py:914} INFO - Processing file /home/airflow/.local/lib/python3.12/site-packages/airflow/example_dags/tutorial_taskflow_api.py for tasks to queue
[2025-01-27T00:25:32.769+0000] {logging_mixin.py:190} INFO - [2025-01-27T00:25:32.768+0000] {dagbag.py:588} INFO - Filling up the DagBag from /home/airflow/.local/lib/python3.12/site-packages/airflow/example_dags/tutorial_taskflow_api.py
[2025-01-27T00:25:32.779+0000] {processor.py:925} INFO - DAG(s) 'tutorial_taskflow_api' retrieved from /home/airflow/.local/lib/python3.12/site-packages/airflow/example_dags/tutorial_taskflow_api.py
[2025-01-27T00:25:32.912+0000] {logging_mixin.py:190} INFO - [2025-01-27T00:25:32.911+0000] {override.py:1911} INFO - Created Permission View: can read on DAG:tutorial_taskflow_api
[2025-01-27T00:25:32.928+0000] {logging_mixin.py:190} INFO - [2025-01-27T00:25:32.927+0000] {override.py:1911} INFO - Created Permission View: can edit on DAG:tutorial_taskflow_api
[2025-01-27T00:25:32.942+0000] {logging_mixin.py:190} INFO - [2025-01-27T00:25:32.942+0000] {override.py:1911} INFO - Created Permission View: can delete on DAG:tutorial_taskflow_api
[2025-01-27T00:25:32.962+0000] {logging_mixin.py:190} INFO - [2025-01-27T00:25:32.961+0000] {override.py:1911} INFO - Created Permission View: can delete on DAG Run:tutorial_taskflow_api
[2025-01-27T00:25:32.979+0000] {logging_mixin.py:190} INFO - [2025-01-27T00:25:32.978+0000] {override.py:1911} INFO - Created Permission View: menu access on DAG Run:tutorial_taskflow_api
[2025-01-27T00:25:32.992+0000] {logging_mixin.py:190} INFO - [2025-01-27T00:25:32.992+0000] {override.py:1911} INFO - Created Permission View: can read on DAG Run:tutorial_taskflow_api
[2025-01-27T00:25:33.006+0000] {logging_mixin.py:190} INFO - [2025-01-27T00:25:33.006+0000] {override.py:1911} INFO - Created Permission View: can create on DAG Run:tutorial_taskflow_api
[2025-01-27T00:25:33.008+0000] {logging_mixin.py:190} INFO - [2025-01-27T00:25:33.007+0000] {dag.py:3239} INFO - Sync 1 DAGs
[2025-01-27T00:25:33.031+0000] {logging_mixin.py:190} INFO - [2025-01-27T00:25:33.030+0000] {dag.py:3262} INFO - Creating ORM DAG for tutorial_taskflow_api
[2025-01-27T00:25:33.032+0000] {logging_mixin.py:190} INFO - [2025-01-27T00:25:33.031+0000] {dag.py:4180} INFO - Setting next_dagrun for tutorial_taskflow_api to None, run_after=None
[2025-01-27T00:25:33.059+0000] {processor.py:208} INFO - Processing /home/airflow/.local/lib/python3.12/site-packages/airflow/example_dags/tutorial_taskflow_api.py took 0.300 seconds
[2025-01-27T00:26:03.145+0000] {processor.py:186} INFO - Started process (PID=187) to work on /home/airflow/.local/lib/python3.12/site-packages/airflow/example_dags/tutorial_taskflow_api.py
[2025-01-27T00:26:03.146+0000] {processor.py:914} INFO - Processing file /home/airflow/.local/lib/python3.12/site-packages/airflow/example_dags/tutorial_taskflow_api.py for tasks to queue
[2025-01-27T00:26:03.149+0000] {logging_mixin.py:190} INFO - [2025-01-27T00:26:03.148+0000] {dagbag.py:588} INFO - Filling up the DagBag from /home/airflow/.local/lib/python3.12/site-packages/airflow/example_dags/tutorial_taskflow_api.py
[2025-01-27T00:26:03.159+0000] {processor.py:925} INFO - DAG(s) 'tutorial_taskflow_api' retrieved from /home/airflow/.local/lib/python3.12/site-packages/airflow/example_dags/tutorial_taskflow_api.py
[2025-01-27T00:26:03.180+0000] {logging_mixin.py:190} INFO - [2025-01-27T00:26:03.179+0000] {dag.py:3239} INFO - Sync 1 DAGs
[2025-01-27T00:26:03.194+0000] {logging_mixin.py:190} INFO - [2025-01-27T00:26:03.194+0000] {dag.py:4180} INFO - Setting next_dagrun for tutorial_taskflow_api to None, run_after=None
[2025-01-27T00:26:03.214+0000] {processor.py:208} INFO - Processing /home/airflow/.local/lib/python3.12/site-packages/airflow/example_dags/tutorial_taskflow_api.py took 0.077 seconds
[2025-01-27T00:26:33.868+0000] {processor.py:186} INFO - Started process (PID=249) to work on /home/airflow/.local/lib/python3.12/site-packages/airflow/example_dags/tutorial_taskflow_api.py
[2025-01-27T00:26:33.870+0000] {processor.py:914} INFO - Processing file /home/airflow/.local/lib/python3.12/site-packages/airflow/example_dags/tutorial_taskflow_api.py for tasks to queue
[2025-01-27T00:26:33.872+0000] {logging_mixin.py:190} INFO - [2025-01-27T00:26:33.872+0000] {dagbag.py:588} INFO - Filling up the DagBag from /home/airflow/.local/lib/python3.12/site-packages/airflow/example_dags/tutorial_taskflow_api.py
[2025-01-27T00:26:33.880+0000] {processor.py:925} INFO - DAG(s) 'tutorial_taskflow_api' retrieved from /home/airflow/.local/lib/python3.12/site-packages/airflow/example_dags/tutorial_taskflow_api.py
[2025-01-27T00:26:33.899+0000] {logging_mixin.py:190} INFO - [2025-01-27T00:26:33.899+0000] {dag.py:3239} INFO - Sync 1 DAGs
[2025-01-27T00:26:33.915+0000] {logging_mixin.py:190} INFO - [2025-01-27T00:26:33.914+0000] {dag.py:4180} INFO - Setting next_dagrun for tutorial_taskflow_api to None, run_after=None
[2025-01-27T00:26:33.933+0000] {processor.py:208} INFO - Processing /home/airflow/.local/lib/python3.12/site-packages/airflow/example_dags/tutorial_taskflow_api.py took 0.071 seconds
[2025-01-27T00:27:04.022+0000] {processor.py:186} INFO - Started process (PID=311) to work on /home/airflow/.local/lib/python3.12/site-packages/airflow/example_dags/tutorial_taskflow_api.py
[2025-01-27T00:27:04.023+0000] {processor.py:914} INFO - Processing file /home/airflow/.local/lib/python3.12/site-packages/airflow/example_dags/tutorial_taskflow_api.py for tasks to queue
[2025-01-27T00:27:04.025+0000] {logging_mixin.py:190} INFO - [2025-01-27T00:27:04.025+0000] {dagbag.py:588} INFO - Filling up the DagBag from /home/airflow/.local/lib/python3.12/site-packages/airflow/example_dags/tutorial_taskflow_api.py
[2025-01-27T00:27:04.033+0000] {processor.py:925} INFO - DAG(s) 'tutorial_taskflow_api' retrieved from /home/airflow/.local/lib/python3.12/site-packages/airflow/example_dags/tutorial_taskflow_api.py
[2025-01-27T00:27:04.052+0000] {logging_mixin.py:190} INFO - [2025-01-27T00:27:04.051+0000] {dag.py:3239} INFO - Sync 1 DAGs
[2025-01-27T00:27:04.066+0000] {logging_mixin.py:190} INFO - [2025-01-27T00:27:04.066+0000] {dag.py:4180} INFO - Setting next_dagrun for tutorial_taskflow_api to None, run_after=None
[2025-01-27T00:27:04.085+0000] {processor.py:208} INFO - Processing /home/airflow/.local/lib/python3.12/site-packages/airflow/example_dags/tutorial_taskflow_api.py took 0.069 seconds
[2025-01-27T00:27:34.424+0000] {processor.py:186} INFO - Started process (PID=374) to work on /home/airflow/.local/lib/python3.12/site-packages/airflow/example_dags/tutorial_taskflow_api.py
[2025-01-27T00:27:34.425+0000] {processor.py:914} INFO - Processing file /home/airflow/.local/lib/python3.12/site-packages/airflow/example_dags/tutorial_taskflow_api.py for tasks to queue
[2025-01-27T00:27:34.427+0000] {logging_mixin.py:190} INFO - [2025-01-27T00:27:34.426+0000] {dagbag.py:588} INFO - Filling up the DagBag from /home/airflow/.local/lib/python3.12/site-packages/airflow/example_dags/tutorial_taskflow_api.py
[2025-01-27T00:27:34.435+0000] {processor.py:925} INFO - DAG(s) 'tutorial_taskflow_api' retrieved from /home/airflow/.local/lib/python3.12/site-packages/airflow/example_dags/tutorial_taskflow_api.py
[2025-01-27T00:27:34.453+0000] {logging_mixin.py:190} INFO - [2025-01-27T00:27:34.453+0000] {dag.py:3239} INFO - Sync 1 DAGs
[2025-01-27T00:27:34.468+0000] {logging_mixin.py:190} INFO - [2025-01-27T00:27:34.468+0000] {dag.py:4180} INFO - Setting next_dagrun for tutorial_taskflow_api to None, run_after=None
[2025-01-27T00:27:34.487+0000] {processor.py:208} INFO - Processing /home/airflow/.local/lib/python3.12/site-packages/airflow/example_dags/tutorial_taskflow_api.py took 0.069 seconds
[2025-01-27T00:28:05.263+0000] {processor.py:186} INFO - Started process (PID=437) to work on /home/airflow/.local/lib/python3.12/site-packages/airflow/example_dags/tutorial_taskflow_api.py
[2025-01-27T00:28:05.264+0000] {processor.py:914} INFO - Processing file /home/airflow/.local/lib/python3.12/site-packages/airflow/example_dags/tutorial_taskflow_api.py for tasks to queue
[2025-01-27T00:28:05.266+0000] {logging_mixin.py:190} INFO - [2025-01-27T00:28:05.266+0000] {dagbag.py:588} INFO - Filling up the DagBag from /home/airflow/.local/lib/python3.12/site-packages/airflow/example_dags/tutorial_taskflow_api.py
[2025-01-27T00:28:05.274+0000] {processor.py:925} INFO - DAG(s) 'tutorial_taskflow_api' retrieved from /home/airflow/.local/lib/python3.12/site-packages/airflow/example_dags/tutorial_taskflow_api.py
[2025-01-27T00:28:05.294+0000] {logging_mixin.py:190} INFO - [2025-01-27T00:28:05.294+0000] {dag.py:3239} INFO - Sync 1 DAGs
[2025-01-27T00:28:05.309+0000] {logging_mixin.py:190} INFO - [2025-01-27T00:28:05.308+0000] {dag.py:4180} INFO - Setting next_dagrun for tutorial_taskflow_api to None, run_after=None
[2025-01-27T00:28:05.328+0000] {processor.py:208} INFO - Processing /home/airflow/.local/lib/python3.12/site-packages/airflow/example_dags/tutorial_taskflow_api.py took 0.071 seconds
[2025-01-27T00:28:35.746+0000] {processor.py:186} INFO - Started process (PID=500) to work on /home/airflow/.local/lib/python3.12/site-packages/airflow/example_dags/tutorial_taskflow_api.py
[2025-01-27T00:28:35.747+0000] {processor.py:914} INFO - Processing file /home/airflow/.local/lib/python3.12/site-packages/airflow/example_dags/tutorial_taskflow_api.py for tasks to queue
[2025-01-27T00:28:35.749+0000] {logging_mixin.py:190} INFO - [2025-01-27T00:28:35.749+0000] {dagbag.py:588} INFO - Filling up the DagBag from /home/airflow/.local/lib/python3.12/site-packages/airflow/example_dags/tutorial_taskflow_api.py
[2025-01-27T00:28:35.757+0000] {processor.py:925} INFO - DAG(s) 'tutorial_taskflow_api' retrieved from /home/airflow/.local/lib/python3.12/site-packages/airflow/example_dags/tutorial_taskflow_api.py
[2025-01-27T00:28:35.776+0000] {logging_mixin.py:190} INFO - [2025-01-27T00:28:35.776+0000] {dag.py:3239} INFO - Sync 1 DAGs
[2025-01-27T00:28:35.791+0000] {logging_mixin.py:190} INFO - [2025-01-27T00:28:35.791+0000] {dag.py:4180} INFO - Setting next_dagrun for tutorial_taskflow_api to None, run_after=None
[2025-01-27T00:28:35.813+0000] {processor.py:208} INFO - Processing /home/airflow/.local/lib/python3.12/site-packages/airflow/example_dags/tutorial_taskflow_api.py took 0.072 seconds
[2025-01-27T00:29:06.230+0000] {processor.py:186} INFO - Started process (PID=563) to work on /home/airflow/.local/lib/python3.12/site-packages/airflow/example_dags/tutorial_taskflow_api.py
[2025-01-27T00:29:06.231+0000] {processor.py:914} INFO - Processing file /home/airflow/.local/lib/python3.12/site-packages/airflow/example_dags/tutorial_taskflow_api.py for tasks to queue
[2025-01-27T00:29:06.233+0000] {logging_mixin.py:190} INFO - [2025-01-27T00:29:06.233+0000] {dagbag.py:588} INFO - Filling up the DagBag from /home/airflow/.local/lib/python3.12/site-packages/airflow/example_dags/tutorial_taskflow_api.py
[2025-01-27T00:29:06.241+0000] {processor.py:925} INFO - DAG(s) 'tutorial_taskflow_api' retrieved from /home/airflow/.local/lib/python3.12/site-packages/airflow/example_dags/tutorial_taskflow_api.py
[2025-01-27T00:29:06.262+0000] {logging_mixin.py:190} INFO - [2025-01-27T00:29:06.262+0000] {dag.py:3239} INFO - Sync 1 DAGs
[2025-01-27T00:29:06.277+0000] {logging_mixin.py:190} INFO - [2025-01-27T00:29:06.277+0000] {dag.py:4180} INFO - Setting next_dagrun for tutorial_taskflow_api to None, run_after=None
[2025-01-27T00:29:06.297+0000] {processor.py:208} INFO - Processing /home/airflow/.local/lib/python3.12/site-packages/airflow/example_dags/tutorial_taskflow_api.py took 0.073 seconds
[2025-01-27T00:29:37.401+0000] {processor.py:186} INFO - Started process (PID=626) to work on /home/airflow/.local/lib/python3.12/site-packages/airflow/example_dags/tutorial_taskflow_api.py
[2025-01-27T00:29:37.403+0000] {processor.py:914} INFO - Processing file /home/airflow/.local/lib/python3.12/site-packages/airflow/example_dags/tutorial_taskflow_api.py for tasks to queue
[2025-01-27T00:29:37.405+0000] {logging_mixin.py:190} INFO - [2025-01-27T00:29:37.405+0000] {dagbag.py:588} INFO - Filling up the DagBag from /home/airflow/.local/lib/python3.12/site-packages/airflow/example_dags/tutorial_taskflow_api.py
[2025-01-27T00:29:37.416+0000] {processor.py:925} INFO - DAG(s) 'tutorial_taskflow_api' retrieved from /home/airflow/.local/lib/python3.12/site-packages/airflow/example_dags/tutorial_taskflow_api.py
[2025-01-27T00:29:37.438+0000] {logging_mixin.py:190} INFO - [2025-01-27T00:29:37.438+0000] {dag.py:3239} INFO - Sync 1 DAGs
[2025-01-27T00:29:37.457+0000] {logging_mixin.py:190} INFO - [2025-01-27T00:29:37.457+0000] {dag.py:4180} INFO - Setting next_dagrun for tutorial_taskflow_api to None, run_after=None
[2025-01-27T00:29:37.478+0000] {processor.py:208} INFO - Processing /home/airflow/.local/lib/python3.12/site-packages/airflow/example_dags/tutorial_taskflow_api.py took 0.083 seconds
[2025-01-27T00:30:08.272+0000] {processor.py:186} INFO - Started process (PID=690) to work on /home/airflow/.local/lib/python3.12/site-packages/airflow/example_dags/tutorial_taskflow_api.py
[2025-01-27T00:30:08.273+0000] {processor.py:914} INFO - Processing file /home/airflow/.local/lib/python3.12/site-packages/airflow/example_dags/tutorial_taskflow_api.py for tasks to queue
[2025-01-27T00:30:08.275+0000] {logging_mixin.py:190} INFO - [2025-01-27T00:30:08.275+0000] {dagbag.py:588} INFO - Filling up the DagBag from /home/airflow/.local/lib/python3.12/site-packages/airflow/example_dags/tutorial_taskflow_api.py
[2025-01-27T00:30:08.284+0000] {processor.py:925} INFO - DAG(s) 'tutorial_taskflow_api' retrieved from /home/airflow/.local/lib/python3.12/site-packages/airflow/example_dags/tutorial_taskflow_api.py
[2025-01-27T00:30:08.303+0000] {logging_mixin.py:190} INFO - [2025-01-27T00:30:08.303+0000] {dag.py:3239} INFO - Sync 1 DAGs
[2025-01-27T00:30:08.318+0000] {logging_mixin.py:190} INFO - [2025-01-27T00:30:08.318+0000] {dag.py:4180} INFO - Setting next_dagrun for tutorial_taskflow_api to None, run_after=None
[2025-01-27T00:30:08.340+0000] {processor.py:208} INFO - Processing /home/airflow/.local/lib/python3.12/site-packages/airflow/example_dags/tutorial_taskflow_api.py took 0.074 seconds
[2025-01-27T00:30:39.796+0000] {processor.py:186} INFO - Started process (PID=753) to work on /home/airflow/.local/lib/python3.12/site-packages/airflow/example_dags/tutorial_taskflow_api.py
[2025-01-27T00:30:39.797+0000] {processor.py:914} INFO - Processing file /home/airflow/.local/lib/python3.12/site-packages/airflow/example_dags/tutorial_taskflow_api.py for tasks to queue
[2025-01-27T00:30:39.799+0000] {logging_mixin.py:190} INFO - [2025-01-27T00:30:39.798+0000] {dagbag.py:588} INFO - Filling up the DagBag from /home/airflow/.local/lib/python3.12/site-packages/airflow/example_dags/tutorial_taskflow_api.py
[2025-01-27T00:30:39.807+0000] {processor.py:925} INFO - DAG(s) 'tutorial_taskflow_api' retrieved from /home/airflow/.local/lib/python3.12/site-packages/airflow/example_dags/tutorial_taskflow_api.py
[2025-01-27T00:30:39.827+0000] {logging_mixin.py:190} INFO - [2025-01-27T00:30:39.826+0000] {dag.py:3239} INFO - Sync 1 DAGs
[2025-01-27T00:30:39.841+0000] {logging_mixin.py:190} INFO - [2025-01-27T00:30:39.841+0000] {dag.py:4180} INFO - Setting next_dagrun for tutorial_taskflow_api to None, run_after=None
[2025-01-27T00:30:39.862+0000] {processor.py:208} INFO - Processing /home/airflow/.local/lib/python3.12/site-packages/airflow/example_dags/tutorial_taskflow_api.py took 0.073 seconds
[2025-01-27T00:31:11.440+0000] {processor.py:186} INFO - Started process (PID=816) to work on /home/airflow/.local/lib/python3.12/site-packages/airflow/example_dags/tutorial_taskflow_api.py
[2025-01-27T00:31:11.441+0000] {processor.py:914} INFO - Processing file /home/airflow/.local/lib/python3.12/site-packages/airflow/example_dags/tutorial_taskflow_api.py for tasks to queue
[2025-01-27T00:31:11.444+0000] {logging_mixin.py:190} INFO - [2025-01-27T00:31:11.443+0000] {dagbag.py:588} INFO - Filling up the DagBag from /home/airflow/.local/lib/python3.12/site-packages/airflow/example_dags/tutorial_taskflow_api.py
[2025-01-27T00:31:11.452+0000] {processor.py:925} INFO - DAG(s) 'tutorial_taskflow_api' retrieved from /home/airflow/.local/lib/python3.12/site-packages/airflow/example_dags/tutorial_taskflow_api.py
[2025-01-27T00:31:11.473+0000] {logging_mixin.py:190} INFO - [2025-01-27T00:31:11.473+0000] {dag.py:3239} INFO - Sync 1 DAGs
[2025-01-27T00:31:11.489+0000] {logging_mixin.py:190} INFO - [2025-01-27T00:31:11.489+0000] {dag.py:4180} INFO - Setting next_dagrun for tutorial_taskflow_api to None, run_after=None
[2025-01-27T00:31:11.510+0000] {processor.py:208} INFO - Processing /home/airflow/.local/lib/python3.12/site-packages/airflow/example_dags/tutorial_taskflow_api.py took 0.075 seconds
[2025-01-27T00:31:42.982+0000] {processor.py:186} INFO - Started process (PID=879) to work on /home/airflow/.local/lib/python3.12/site-packages/airflow/example_dags/tutorial_taskflow_api.py
[2025-01-27T00:31:42.983+0000] {processor.py:914} INFO - Processing file /home/airflow/.local/lib/python3.12/site-packages/airflow/example_dags/tutorial_taskflow_api.py for tasks to queue
[2025-01-27T00:31:42.985+0000] {logging_mixin.py:190} INFO - [2025-01-27T00:31:42.985+0000] {dagbag.py:588} INFO - Filling up the DagBag from /home/airflow/.local/lib/python3.12/site-packages/airflow/example_dags/tutorial_taskflow_api.py
[2025-01-27T00:31:42.994+0000] {processor.py:925} INFO - DAG(s) 'tutorial_taskflow_api' retrieved from /home/airflow/.local/lib/python3.12/site-packages/airflow/example_dags/tutorial_taskflow_api.py
[2025-01-27T00:31:43.017+0000] {logging_mixin.py:190} INFO - [2025-01-27T00:31:43.017+0000] {dag.py:3239} INFO - Sync 1 DAGs
[2025-01-27T00:31:43.036+0000] {logging_mixin.py:190} INFO - [2025-01-27T00:31:43.036+0000] {dag.py:4180} INFO - Setting next_dagrun for tutorial_taskflow_api to None, run_after=None
[2025-01-27T00:31:43.058+0000] {processor.py:208} INFO - Processing /home/airflow/.local/lib/python3.12/site-packages/airflow/example_dags/tutorial_taskflow_api.py took 0.083 seconds
[2025-01-27T00:32:13.971+0000] {processor.py:186} INFO - Started process (PID=942) to work on /home/airflow/.local/lib/python3.12/site-packages/airflow/example_dags/tutorial_taskflow_api.py
[2025-01-27T00:32:13.972+0000] {processor.py:914} INFO - Processing file /home/airflow/.local/lib/python3.12/site-packages/airflow/example_dags/tutorial_taskflow_api.py for tasks to queue
[2025-01-27T00:32:13.975+0000] {logging_mixin.py:190} INFO - [2025-01-27T00:32:13.975+0000] {dagbag.py:588} INFO - Filling up the DagBag from /home/airflow/.local/lib/python3.12/site-packages/airflow/example_dags/tutorial_taskflow_api.py
[2025-01-27T00:32:13.984+0000] {processor.py:925} INFO - DAG(s) 'tutorial_taskflow_api' retrieved from /home/airflow/.local/lib/python3.12/site-packages/airflow/example_dags/tutorial_taskflow_api.py
[2025-01-27T00:32:14.005+0000] {logging_mixin.py:190} INFO - [2025-01-27T00:32:14.004+0000] {dag.py:3239} INFO - Sync 1 DAGs
[2025-01-27T00:32:14.023+0000] {logging_mixin.py:190} INFO - [2025-01-27T00:32:14.022+0000] {dag.py:4180} INFO - Setting next_dagrun for tutorial_taskflow_api to None, run_after=None
[2025-01-27T00:32:14.043+0000] {processor.py:208} INFO - Processing /home/airflow/.local/lib/python3.12/site-packages/airflow/example_dags/tutorial_taskflow_api.py took 0.079 seconds
[2025-01-27T00:32:45.574+0000] {processor.py:186} INFO - Started process (PID=1005) to work on /home/airflow/.local/lib/python3.12/site-packages/airflow/example_dags/tutorial_taskflow_api.py
[2025-01-27T00:32:45.575+0000] {processor.py:914} INFO - Processing file /home/airflow/.local/lib/python3.12/site-packages/airflow/example_dags/tutorial_taskflow_api.py for tasks to queue
[2025-01-27T00:32:45.577+0000] {logging_mixin.py:190} INFO - [2025-01-27T00:32:45.577+0000] {dagbag.py:588} INFO - Filling up the DagBag from /home/airflow/.local/lib/python3.12/site-packages/airflow/example_dags/tutorial_taskflow_api.py
[2025-01-27T00:32:45.586+0000] {processor.py:925} INFO - DAG(s) 'tutorial_taskflow_api' retrieved from /home/airflow/.local/lib/python3.12/site-packages/airflow/example_dags/tutorial_taskflow_api.py
[2025-01-27T00:32:45.604+0000] {logging_mixin.py:190} INFO - [2025-01-27T00:32:45.604+0000] {dag.py:3239} INFO - Sync 1 DAGs
[2025-01-27T00:32:45.619+0000] {logging_mixin.py:190} INFO - [2025-01-27T00:32:45.619+0000] {dag.py:4180} INFO - Setting next_dagrun for tutorial_taskflow_api to None, run_after=None
[2025-01-27T00:32:45.638+0000] {processor.py:208} INFO - Processing /home/airflow/.local/lib/python3.12/site-packages/airflow/example_dags/tutorial_taskflow_api.py took 0.071 seconds
[2025-01-27T00:33:17.206+0000] {processor.py:186} INFO - Started process (PID=1068) to work on /home/airflow/.local/lib/python3.12/site-packages/airflow/example_dags/tutorial_taskflow_api.py
[2025-01-27T00:33:17.207+0000] {processor.py:914} INFO - Processing file /home/airflow/.local/lib/python3.12/site-packages/airflow/example_dags/tutorial_taskflow_api.py for tasks to queue
[2025-01-27T00:33:17.209+0000] {logging_mixin.py:190} INFO - [2025-01-27T00:33:17.209+0000] {dagbag.py:588} INFO - Filling up the DagBag from /home/airflow/.local/lib/python3.12/site-packages/airflow/example_dags/tutorial_taskflow_api.py
[2025-01-27T00:33:17.218+0000] {processor.py:925} INFO - DAG(s) 'tutorial_taskflow_api' retrieved from /home/airflow/.local/lib/python3.12/site-packages/airflow/example_dags/tutorial_taskflow_api.py
[2025-01-27T00:33:17.240+0000] {logging_mixin.py:190} INFO - [2025-01-27T00:33:17.240+0000] {dag.py:3239} INFO - Sync 1 DAGs
[2025-01-27T00:33:17.258+0000] {logging_mixin.py:190} INFO - [2025-01-27T00:33:17.257+0000] {dag.py:4180} INFO - Setting next_dagrun for tutorial_taskflow_api to None, run_after=None
[2025-01-27T00:33:17.283+0000] {processor.py:208} INFO - Processing /home/airflow/.local/lib/python3.12/site-packages/airflow/example_dags/tutorial_taskflow_api.py took 0.084 seconds
[2025-01-27T00:33:48.302+0000] {processor.py:186} INFO - Started process (PID=1131) to work on /home/airflow/.local/lib/python3.12/site-packages/airflow/example_dags/tutorial_taskflow_api.py
[2025-01-27T00:33:48.303+0000] {processor.py:914} INFO - Processing file /home/airflow/.local/lib/python3.12/site-packages/airflow/example_dags/tutorial_taskflow_api.py for tasks to queue
[2025-01-27T00:33:48.306+0000] {logging_mixin.py:190} INFO - [2025-01-27T00:33:48.305+0000] {dagbag.py:588} INFO - Filling up the DagBag from /home/airflow/.local/lib/python3.12/site-packages/airflow/example_dags/tutorial_taskflow_api.py
[2025-01-27T00:33:48.314+0000] {processor.py:925} INFO - DAG(s) 'tutorial_taskflow_api' retrieved from /home/airflow/.local/lib/python3.12/site-packages/airflow/example_dags/tutorial_taskflow_api.py
[2025-01-27T00:33:48.334+0000] {logging_mixin.py:190} INFO - [2025-01-27T00:33:48.333+0000] {dag.py:3239} INFO - Sync 1 DAGs
[2025-01-27T00:33:48.350+0000] {logging_mixin.py:190} INFO - [2025-01-27T00:33:48.349+0000] {dag.py:4180} INFO - Setting next_dagrun for tutorial_taskflow_api to None, run_after=None
[2025-01-27T00:33:48.369+0000] {processor.py:208} INFO - Processing /home/airflow/.local/lib/python3.12/site-packages/airflow/example_dags/tutorial_taskflow_api.py took 0.073 seconds
