[2025-01-27T00:25:25.875+0000] {processor.py:186} INFO - Started process (PID=96) to work on /home/airflow/.local/lib/python3.12/site-packages/airflow/example_dags/tutorial_objectstorage.py
[2025-01-27T00:25:25.876+0000] {processor.py:914} INFO - Processing file /home/airflow/.local/lib/python3.12/site-packages/airflow/example_dags/tutorial_objectstorage.py for tasks to queue
[2025-01-27T00:25:25.878+0000] {logging_mixin.py:190} INFO - [2025-01-27T00:25:25.878+0000] {dagbag.py:588} INFO - Filling up the DagBag from /home/airflow/.local/lib/python3.12/site-packages/airflow/example_dags/tutorial_objectstorage.py
[2025-01-27T00:25:25.888+0000] {processor.py:925} INFO - DAG(s) 'tutorial_objectstorage' retrieved from /home/airflow/.local/lib/python3.12/site-packages/airflow/example_dags/tutorial_objectstorage.py
[2025-01-27T00:25:26.001+0000] {logging_mixin.py:190} INFO - [2025-01-27T00:25:26.000+0000] {override.py:1911} INFO - Created Permission View: can read on DAG:tutorial_objectstorage
[2025-01-27T00:25:26.012+0000] {logging_mixin.py:190} INFO - [2025-01-27T00:25:26.012+0000] {override.py:1911} INFO - Created Permission View: can edit on DAG:tutorial_objectstorage
[2025-01-27T00:25:26.021+0000] {logging_mixin.py:190} INFO - [2025-01-27T00:25:26.021+0000] {override.py:1911} INFO - Created Permission View: can delete on DAG:tutorial_objectstorage
[2025-01-27T00:25:26.033+0000] {logging_mixin.py:190} INFO - [2025-01-27T00:25:26.033+0000] {override.py:1911} INFO - Created Permission View: can delete on DAG Run:tutorial_objectstorage
[2025-01-27T00:25:26.042+0000] {logging_mixin.py:190} INFO - [2025-01-27T00:25:26.041+0000] {override.py:1911} INFO - Created Permission View: menu access on DAG Run:tutorial_objectstorage
[2025-01-27T00:25:26.050+0000] {logging_mixin.py:190} INFO - [2025-01-27T00:25:26.050+0000] {override.py:1911} INFO - Created Permission View: can read on DAG Run:tutorial_objectstorage
[2025-01-27T00:25:26.058+0000] {logging_mixin.py:190} INFO - [2025-01-27T00:25:26.058+0000] {override.py:1911} INFO - Created Permission View: can create on DAG Run:tutorial_objectstorage
[2025-01-27T00:25:26.059+0000] {logging_mixin.py:190} INFO - [2025-01-27T00:25:26.059+0000] {dag.py:3239} INFO - Sync 1 DAGs
[2025-01-27T00:25:26.074+0000] {logging_mixin.py:190} INFO - [2025-01-27T00:25:26.074+0000] {dag.py:3262} INFO - Creating ORM DAG for tutorial_objectstorage
[2025-01-27T00:25:26.075+0000] {logging_mixin.py:190} INFO - [2025-01-27T00:25:26.075+0000] {dag.py:4180} INFO - Setting next_dagrun for tutorial_objectstorage to None, run_after=None
[2025-01-27T00:25:26.095+0000] {processor.py:208} INFO - Processing /home/airflow/.local/lib/python3.12/site-packages/airflow/example_dags/tutorial_objectstorage.py took 0.226 seconds
[2025-01-27T00:25:56.479+0000] {processor.py:186} INFO - Started process (PID=158) to work on /home/airflow/.local/lib/python3.12/site-packages/airflow/example_dags/tutorial_objectstorage.py
[2025-01-27T00:25:56.480+0000] {processor.py:914} INFO - Processing file /home/airflow/.local/lib/python3.12/site-packages/airflow/example_dags/tutorial_objectstorage.py for tasks to queue
[2025-01-27T00:25:56.483+0000] {logging_mixin.py:190} INFO - [2025-01-27T00:25:56.482+0000] {dagbag.py:588} INFO - Filling up the DagBag from /home/airflow/.local/lib/python3.12/site-packages/airflow/example_dags/tutorial_objectstorage.py
[2025-01-27T00:25:56.491+0000] {processor.py:925} INFO - DAG(s) 'tutorial_objectstorage' retrieved from /home/airflow/.local/lib/python3.12/site-packages/airflow/example_dags/tutorial_objectstorage.py
[2025-01-27T00:25:56.508+0000] {logging_mixin.py:190} INFO - [2025-01-27T00:25:56.508+0000] {dag.py:3239} INFO - Sync 1 DAGs
[2025-01-27T00:25:56.524+0000] {logging_mixin.py:190} INFO - [2025-01-27T00:25:56.523+0000] {dag.py:4180} INFO - Setting next_dagrun for tutorial_objectstorage to None, run_after=None
[2025-01-27T00:25:56.546+0000] {processor.py:208} INFO - Processing /home/airflow/.local/lib/python3.12/site-packages/airflow/example_dags/tutorial_objectstorage.py took 0.073 seconds
[2025-01-27T00:26:26.928+0000] {processor.py:186} INFO - Started process (PID=221) to work on /home/airflow/.local/lib/python3.12/site-packages/airflow/example_dags/tutorial_objectstorage.py
[2025-01-27T00:26:26.929+0000] {processor.py:914} INFO - Processing file /home/airflow/.local/lib/python3.12/site-packages/airflow/example_dags/tutorial_objectstorage.py for tasks to queue
[2025-01-27T00:26:26.932+0000] {logging_mixin.py:190} INFO - [2025-01-27T00:26:26.932+0000] {dagbag.py:588} INFO - Filling up the DagBag from /home/airflow/.local/lib/python3.12/site-packages/airflow/example_dags/tutorial_objectstorage.py
[2025-01-27T00:26:26.942+0000] {processor.py:925} INFO - DAG(s) 'tutorial_objectstorage' retrieved from /home/airflow/.local/lib/python3.12/site-packages/airflow/example_dags/tutorial_objectstorage.py
[2025-01-27T00:26:26.964+0000] {logging_mixin.py:190} INFO - [2025-01-27T00:26:26.963+0000] {dag.py:3239} INFO - Sync 1 DAGs
[2025-01-27T00:26:26.979+0000] {logging_mixin.py:190} INFO - [2025-01-27T00:26:26.979+0000] {dag.py:4180} INFO - Setting next_dagrun for tutorial_objectstorage to None, run_after=None
[2025-01-27T00:26:27.001+0000] {processor.py:208} INFO - Processing /home/airflow/.local/lib/python3.12/site-packages/airflow/example_dags/tutorial_objectstorage.py took 0.078 seconds
[2025-01-27T00:26:57.317+0000] {processor.py:186} INFO - Started process (PID=284) to work on /home/airflow/.local/lib/python3.12/site-packages/airflow/example_dags/tutorial_objectstorage.py
[2025-01-27T00:26:57.318+0000] {processor.py:914} INFO - Processing file /home/airflow/.local/lib/python3.12/site-packages/airflow/example_dags/tutorial_objectstorage.py for tasks to queue
[2025-01-27T00:26:57.321+0000] {logging_mixin.py:190} INFO - [2025-01-27T00:26:57.320+0000] {dagbag.py:588} INFO - Filling up the DagBag from /home/airflow/.local/lib/python3.12/site-packages/airflow/example_dags/tutorial_objectstorage.py
[2025-01-27T00:26:57.330+0000] {processor.py:925} INFO - DAG(s) 'tutorial_objectstorage' retrieved from /home/airflow/.local/lib/python3.12/site-packages/airflow/example_dags/tutorial_objectstorage.py
[2025-01-27T00:26:57.352+0000] {logging_mixin.py:190} INFO - [2025-01-27T00:26:57.352+0000] {dag.py:3239} INFO - Sync 1 DAGs
[2025-01-27T00:26:57.368+0000] {logging_mixin.py:190} INFO - [2025-01-27T00:26:57.367+0000] {dag.py:4180} INFO - Setting next_dagrun for tutorial_objectstorage to None, run_after=None
[2025-01-27T00:26:57.390+0000] {processor.py:208} INFO - Processing /home/airflow/.local/lib/python3.12/site-packages/airflow/example_dags/tutorial_objectstorage.py took 0.078 seconds
[2025-01-27T00:27:28.346+0000] {processor.py:186} INFO - Started process (PID=347) to work on /home/airflow/.local/lib/python3.12/site-packages/airflow/example_dags/tutorial_objectstorage.py
[2025-01-27T00:27:28.347+0000] {processor.py:914} INFO - Processing file /home/airflow/.local/lib/python3.12/site-packages/airflow/example_dags/tutorial_objectstorage.py for tasks to queue
[2025-01-27T00:27:28.350+0000] {logging_mixin.py:190} INFO - [2025-01-27T00:27:28.349+0000] {dagbag.py:588} INFO - Filling up the DagBag from /home/airflow/.local/lib/python3.12/site-packages/airflow/example_dags/tutorial_objectstorage.py
[2025-01-27T00:27:28.359+0000] {processor.py:925} INFO - DAG(s) 'tutorial_objectstorage' retrieved from /home/airflow/.local/lib/python3.12/site-packages/airflow/example_dags/tutorial_objectstorage.py
[2025-01-27T00:27:28.380+0000] {logging_mixin.py:190} INFO - [2025-01-27T00:27:28.380+0000] {dag.py:3239} INFO - Sync 1 DAGs
[2025-01-27T00:27:28.397+0000] {logging_mixin.py:190} INFO - [2025-01-27T00:27:28.397+0000] {dag.py:4180} INFO - Setting next_dagrun for tutorial_objectstorage to None, run_after=None
[2025-01-27T00:27:28.418+0000] {processor.py:208} INFO - Processing /home/airflow/.local/lib/python3.12/site-packages/airflow/example_dags/tutorial_objectstorage.py took 0.078 seconds
[2025-01-27T00:27:59.785+0000] {processor.py:186} INFO - Started process (PID=409) to work on /home/airflow/.local/lib/python3.12/site-packages/airflow/example_dags/tutorial_objectstorage.py
[2025-01-27T00:27:59.786+0000] {processor.py:914} INFO - Processing file /home/airflow/.local/lib/python3.12/site-packages/airflow/example_dags/tutorial_objectstorage.py for tasks to queue
[2025-01-27T00:27:59.788+0000] {logging_mixin.py:190} INFO - [2025-01-27T00:27:59.788+0000] {dagbag.py:588} INFO - Filling up the DagBag from /home/airflow/.local/lib/python3.12/site-packages/airflow/example_dags/tutorial_objectstorage.py
[2025-01-27T00:27:59.799+0000] {processor.py:925} INFO - DAG(s) 'tutorial_objectstorage' retrieved from /home/airflow/.local/lib/python3.12/site-packages/airflow/example_dags/tutorial_objectstorage.py
[2025-01-27T00:27:59.819+0000] {logging_mixin.py:190} INFO - [2025-01-27T00:27:59.819+0000] {dag.py:3239} INFO - Sync 1 DAGs
[2025-01-27T00:27:59.835+0000] {logging_mixin.py:190} INFO - [2025-01-27T00:27:59.835+0000] {dag.py:4180} INFO - Setting next_dagrun for tutorial_objectstorage to None, run_after=None
[2025-01-27T00:27:59.857+0000] {processor.py:208} INFO - Processing /home/airflow/.local/lib/python3.12/site-packages/airflow/example_dags/tutorial_objectstorage.py took 0.082 seconds
[2025-01-27T00:28:31.003+0000] {processor.py:186} INFO - Started process (PID=472) to work on /home/airflow/.local/lib/python3.12/site-packages/airflow/example_dags/tutorial_objectstorage.py
[2025-01-27T00:28:31.005+0000] {processor.py:914} INFO - Processing file /home/airflow/.local/lib/python3.12/site-packages/airflow/example_dags/tutorial_objectstorage.py for tasks to queue
[2025-01-27T00:28:31.009+0000] {logging_mixin.py:190} INFO - [2025-01-27T00:28:31.009+0000] {dagbag.py:588} INFO - Filling up the DagBag from /home/airflow/.local/lib/python3.12/site-packages/airflow/example_dags/tutorial_objectstorage.py
[2025-01-27T00:28:31.026+0000] {processor.py:925} INFO - DAG(s) 'tutorial_objectstorage' retrieved from /home/airflow/.local/lib/python3.12/site-packages/airflow/example_dags/tutorial_objectstorage.py
[2025-01-27T00:28:31.058+0000] {logging_mixin.py:190} INFO - [2025-01-27T00:28:31.057+0000] {dag.py:3239} INFO - Sync 1 DAGs
[2025-01-27T00:28:31.080+0000] {logging_mixin.py:190} INFO - [2025-01-27T00:28:31.079+0000] {dag.py:4180} INFO - Setting next_dagrun for tutorial_objectstorage to None, run_after=None
[2025-01-27T00:28:31.108+0000] {processor.py:208} INFO - Processing /home/airflow/.local/lib/python3.12/site-packages/airflow/example_dags/tutorial_objectstorage.py took 0.114 seconds
[2025-01-27T00:29:02.288+0000] {processor.py:186} INFO - Started process (PID=535) to work on /home/airflow/.local/lib/python3.12/site-packages/airflow/example_dags/tutorial_objectstorage.py
[2025-01-27T00:29:02.289+0000] {processor.py:914} INFO - Processing file /home/airflow/.local/lib/python3.12/site-packages/airflow/example_dags/tutorial_objectstorage.py for tasks to queue
[2025-01-27T00:29:02.292+0000] {logging_mixin.py:190} INFO - [2025-01-27T00:29:02.292+0000] {dagbag.py:588} INFO - Filling up the DagBag from /home/airflow/.local/lib/python3.12/site-packages/airflow/example_dags/tutorial_objectstorage.py
[2025-01-27T00:29:02.306+0000] {processor.py:925} INFO - DAG(s) 'tutorial_objectstorage' retrieved from /home/airflow/.local/lib/python3.12/site-packages/airflow/example_dags/tutorial_objectstorage.py
[2025-01-27T00:29:02.331+0000] {logging_mixin.py:190} INFO - [2025-01-27T00:29:02.331+0000] {dag.py:3239} INFO - Sync 1 DAGs
[2025-01-27T00:29:02.349+0000] {logging_mixin.py:190} INFO - [2025-01-27T00:29:02.349+0000] {dag.py:4180} INFO - Setting next_dagrun for tutorial_objectstorage to None, run_after=None
[2025-01-27T00:29:02.381+0000] {processor.py:208} INFO - Processing /home/airflow/.local/lib/python3.12/site-packages/airflow/example_dags/tutorial_objectstorage.py took 0.101 seconds
[2025-01-27T00:29:33.443+0000] {processor.py:186} INFO - Started process (PID=598) to work on /home/airflow/.local/lib/python3.12/site-packages/airflow/example_dags/tutorial_objectstorage.py
[2025-01-27T00:29:33.445+0000] {processor.py:914} INFO - Processing file /home/airflow/.local/lib/python3.12/site-packages/airflow/example_dags/tutorial_objectstorage.py for tasks to queue
[2025-01-27T00:29:33.449+0000] {logging_mixin.py:190} INFO - [2025-01-27T00:29:33.448+0000] {dagbag.py:588} INFO - Filling up the DagBag from /home/airflow/.local/lib/python3.12/site-packages/airflow/example_dags/tutorial_objectstorage.py
[2025-01-27T00:29:33.464+0000] {processor.py:925} INFO - DAG(s) 'tutorial_objectstorage' retrieved from /home/airflow/.local/lib/python3.12/site-packages/airflow/example_dags/tutorial_objectstorage.py
[2025-01-27T00:29:33.493+0000] {logging_mixin.py:190} INFO - [2025-01-27T00:29:33.492+0000] {dag.py:3239} INFO - Sync 1 DAGs
[2025-01-27T00:29:33.514+0000] {logging_mixin.py:190} INFO - [2025-01-27T00:29:33.514+0000] {dag.py:4180} INFO - Setting next_dagrun for tutorial_objectstorage to None, run_after=None
[2025-01-27T00:29:33.546+0000] {processor.py:208} INFO - Processing /home/airflow/.local/lib/python3.12/site-packages/airflow/example_dags/tutorial_objectstorage.py took 0.113 seconds
[2025-01-27T00:30:04.423+0000] {processor.py:186} INFO - Started process (PID=662) to work on /home/airflow/.local/lib/python3.12/site-packages/airflow/example_dags/tutorial_objectstorage.py
[2025-01-27T00:30:04.424+0000] {processor.py:914} INFO - Processing file /home/airflow/.local/lib/python3.12/site-packages/airflow/example_dags/tutorial_objectstorage.py for tasks to queue
[2025-01-27T00:30:04.426+0000] {logging_mixin.py:190} INFO - [2025-01-27T00:30:04.426+0000] {dagbag.py:588} INFO - Filling up the DagBag from /home/airflow/.local/lib/python3.12/site-packages/airflow/example_dags/tutorial_objectstorage.py
[2025-01-27T00:30:04.435+0000] {processor.py:925} INFO - DAG(s) 'tutorial_objectstorage' retrieved from /home/airflow/.local/lib/python3.12/site-packages/airflow/example_dags/tutorial_objectstorage.py
[2025-01-27T00:30:04.456+0000] {logging_mixin.py:190} INFO - [2025-01-27T00:30:04.456+0000] {dag.py:3239} INFO - Sync 1 DAGs
[2025-01-27T00:30:04.473+0000] {logging_mixin.py:190} INFO - [2025-01-27T00:30:04.473+0000] {dag.py:4180} INFO - Setting next_dagrun for tutorial_objectstorage to None, run_after=None
[2025-01-27T00:30:04.496+0000] {processor.py:208} INFO - Processing /home/airflow/.local/lib/python3.12/site-packages/airflow/example_dags/tutorial_objectstorage.py took 0.080 seconds
[2025-01-27T00:30:36.153+0000] {processor.py:186} INFO - Started process (PID=725) to work on /home/airflow/.local/lib/python3.12/site-packages/airflow/example_dags/tutorial_objectstorage.py
[2025-01-27T00:30:36.154+0000] {processor.py:914} INFO - Processing file /home/airflow/.local/lib/python3.12/site-packages/airflow/example_dags/tutorial_objectstorage.py for tasks to queue
[2025-01-27T00:30:36.156+0000] {logging_mixin.py:190} INFO - [2025-01-27T00:30:36.156+0000] {dagbag.py:588} INFO - Filling up the DagBag from /home/airflow/.local/lib/python3.12/site-packages/airflow/example_dags/tutorial_objectstorage.py
[2025-01-27T00:30:36.166+0000] {processor.py:925} INFO - DAG(s) 'tutorial_objectstorage' retrieved from /home/airflow/.local/lib/python3.12/site-packages/airflow/example_dags/tutorial_objectstorage.py
[2025-01-27T00:30:36.186+0000] {logging_mixin.py:190} INFO - [2025-01-27T00:30:36.185+0000] {dag.py:3239} INFO - Sync 1 DAGs
[2025-01-27T00:30:36.200+0000] {logging_mixin.py:190} INFO - [2025-01-27T00:30:36.200+0000] {dag.py:4180} INFO - Setting next_dagrun for tutorial_objectstorage to None, run_after=None
[2025-01-27T00:30:36.218+0000] {processor.py:208} INFO - Processing /home/airflow/.local/lib/python3.12/site-packages/airflow/example_dags/tutorial_objectstorage.py took 0.072 seconds
[2025-01-27T00:31:07.610+0000] {processor.py:186} INFO - Started process (PID=788) to work on /home/airflow/.local/lib/python3.12/site-packages/airflow/example_dags/tutorial_objectstorage.py
[2025-01-27T00:31:07.611+0000] {processor.py:914} INFO - Processing file /home/airflow/.local/lib/python3.12/site-packages/airflow/example_dags/tutorial_objectstorage.py for tasks to queue
[2025-01-27T00:31:07.613+0000] {logging_mixin.py:190} INFO - [2025-01-27T00:31:07.613+0000] {dagbag.py:588} INFO - Filling up the DagBag from /home/airflow/.local/lib/python3.12/site-packages/airflow/example_dags/tutorial_objectstorage.py
[2025-01-27T00:31:07.622+0000] {processor.py:925} INFO - DAG(s) 'tutorial_objectstorage' retrieved from /home/airflow/.local/lib/python3.12/site-packages/airflow/example_dags/tutorial_objectstorage.py
[2025-01-27T00:31:07.642+0000] {logging_mixin.py:190} INFO - [2025-01-27T00:31:07.641+0000] {dag.py:3239} INFO - Sync 1 DAGs
[2025-01-27T00:31:07.656+0000] {logging_mixin.py:190} INFO - [2025-01-27T00:31:07.656+0000] {dag.py:4180} INFO - Setting next_dagrun for tutorial_objectstorage to None, run_after=None
[2025-01-27T00:31:07.676+0000] {processor.py:208} INFO - Processing /home/airflow/.local/lib/python3.12/site-packages/airflow/example_dags/tutorial_objectstorage.py took 0.072 seconds
[2025-01-27T00:31:38.347+0000] {processor.py:186} INFO - Started process (PID=851) to work on /home/airflow/.local/lib/python3.12/site-packages/airflow/example_dags/tutorial_objectstorage.py
[2025-01-27T00:31:38.348+0000] {processor.py:914} INFO - Processing file /home/airflow/.local/lib/python3.12/site-packages/airflow/example_dags/tutorial_objectstorage.py for tasks to queue
[2025-01-27T00:31:38.351+0000] {logging_mixin.py:190} INFO - [2025-01-27T00:31:38.351+0000] {dagbag.py:588} INFO - Filling up the DagBag from /home/airflow/.local/lib/python3.12/site-packages/airflow/example_dags/tutorial_objectstorage.py
[2025-01-27T00:31:38.360+0000] {processor.py:925} INFO - DAG(s) 'tutorial_objectstorage' retrieved from /home/airflow/.local/lib/python3.12/site-packages/airflow/example_dags/tutorial_objectstorage.py
[2025-01-27T00:31:38.380+0000] {logging_mixin.py:190} INFO - [2025-01-27T00:31:38.379+0000] {dag.py:3239} INFO - Sync 1 DAGs
[2025-01-27T00:31:38.395+0000] {logging_mixin.py:190} INFO - [2025-01-27T00:31:38.395+0000] {dag.py:4180} INFO - Setting next_dagrun for tutorial_objectstorage to None, run_after=None
[2025-01-27T00:31:38.415+0000] {processor.py:208} INFO - Processing /home/airflow/.local/lib/python3.12/site-packages/airflow/example_dags/tutorial_objectstorage.py took 0.076 seconds
[2025-01-27T00:32:09.905+0000] {processor.py:186} INFO - Started process (PID=914) to work on /home/airflow/.local/lib/python3.12/site-packages/airflow/example_dags/tutorial_objectstorage.py
[2025-01-27T00:32:09.906+0000] {processor.py:914} INFO - Processing file /home/airflow/.local/lib/python3.12/site-packages/airflow/example_dags/tutorial_objectstorage.py for tasks to queue
[2025-01-27T00:32:09.909+0000] {logging_mixin.py:190} INFO - [2025-01-27T00:32:09.909+0000] {dagbag.py:588} INFO - Filling up the DagBag from /home/airflow/.local/lib/python3.12/site-packages/airflow/example_dags/tutorial_objectstorage.py
[2025-01-27T00:32:09.918+0000] {processor.py:925} INFO - DAG(s) 'tutorial_objectstorage' retrieved from /home/airflow/.local/lib/python3.12/site-packages/airflow/example_dags/tutorial_objectstorage.py
[2025-01-27T00:32:09.937+0000] {logging_mixin.py:190} INFO - [2025-01-27T00:32:09.937+0000] {dag.py:3239} INFO - Sync 1 DAGs
[2025-01-27T00:32:09.952+0000] {logging_mixin.py:190} INFO - [2025-01-27T00:32:09.952+0000] {dag.py:4180} INFO - Setting next_dagrun for tutorial_objectstorage to None, run_after=None
[2025-01-27T00:32:09.972+0000] {processor.py:208} INFO - Processing /home/airflow/.local/lib/python3.12/site-packages/airflow/example_dags/tutorial_objectstorage.py took 0.073 seconds
[2025-01-27T00:32:40.866+0000] {processor.py:186} INFO - Started process (PID=977) to work on /home/airflow/.local/lib/python3.12/site-packages/airflow/example_dags/tutorial_objectstorage.py
[2025-01-27T00:32:40.868+0000] {processor.py:914} INFO - Processing file /home/airflow/.local/lib/python3.12/site-packages/airflow/example_dags/tutorial_objectstorage.py for tasks to queue
[2025-01-27T00:32:40.872+0000] {logging_mixin.py:190} INFO - [2025-01-27T00:32:40.871+0000] {dagbag.py:588} INFO - Filling up the DagBag from /home/airflow/.local/lib/python3.12/site-packages/airflow/example_dags/tutorial_objectstorage.py
[2025-01-27T00:32:40.889+0000] {processor.py:925} INFO - DAG(s) 'tutorial_objectstorage' retrieved from /home/airflow/.local/lib/python3.12/site-packages/airflow/example_dags/tutorial_objectstorage.py
[2025-01-27T00:32:40.917+0000] {logging_mixin.py:190} INFO - [2025-01-27T00:32:40.917+0000] {dag.py:3239} INFO - Sync 1 DAGs
[2025-01-27T00:32:40.941+0000] {logging_mixin.py:190} INFO - [2025-01-27T00:32:40.940+0000] {dag.py:4180} INFO - Setting next_dagrun for tutorial_objectstorage to None, run_after=None
[2025-01-27T00:32:40.970+0000] {processor.py:208} INFO - Processing /home/airflow/.local/lib/python3.12/site-packages/airflow/example_dags/tutorial_objectstorage.py took 0.117 seconds
[2025-01-27T00:33:12.258+0000] {processor.py:186} INFO - Started process (PID=1040) to work on /home/airflow/.local/lib/python3.12/site-packages/airflow/example_dags/tutorial_objectstorage.py
[2025-01-27T00:33:12.259+0000] {processor.py:914} INFO - Processing file /home/airflow/.local/lib/python3.12/site-packages/airflow/example_dags/tutorial_objectstorage.py for tasks to queue
[2025-01-27T00:33:12.262+0000] {logging_mixin.py:190} INFO - [2025-01-27T00:33:12.261+0000] {dagbag.py:588} INFO - Filling up the DagBag from /home/airflow/.local/lib/python3.12/site-packages/airflow/example_dags/tutorial_objectstorage.py
[2025-01-27T00:33:12.271+0000] {processor.py:925} INFO - DAG(s) 'tutorial_objectstorage' retrieved from /home/airflow/.local/lib/python3.12/site-packages/airflow/example_dags/tutorial_objectstorage.py
[2025-01-27T00:33:12.291+0000] {logging_mixin.py:190} INFO - [2025-01-27T00:33:12.290+0000] {dag.py:3239} INFO - Sync 1 DAGs
[2025-01-27T00:33:12.306+0000] {logging_mixin.py:190} INFO - [2025-01-27T00:33:12.306+0000] {dag.py:4180} INFO - Setting next_dagrun for tutorial_objectstorage to None, run_after=None
[2025-01-27T00:33:12.337+0000] {processor.py:208} INFO - Processing /home/airflow/.local/lib/python3.12/site-packages/airflow/example_dags/tutorial_objectstorage.py took 0.084 seconds
[2025-01-27T00:33:43.323+0000] {processor.py:186} INFO - Started process (PID=1103) to work on /home/airflow/.local/lib/python3.12/site-packages/airflow/example_dags/tutorial_objectstorage.py
[2025-01-27T00:33:43.324+0000] {processor.py:914} INFO - Processing file /home/airflow/.local/lib/python3.12/site-packages/airflow/example_dags/tutorial_objectstorage.py for tasks to queue
[2025-01-27T00:33:43.328+0000] {logging_mixin.py:190} INFO - [2025-01-27T00:33:43.328+0000] {dagbag.py:588} INFO - Filling up the DagBag from /home/airflow/.local/lib/python3.12/site-packages/airflow/example_dags/tutorial_objectstorage.py
[2025-01-27T00:33:43.341+0000] {processor.py:925} INFO - DAG(s) 'tutorial_objectstorage' retrieved from /home/airflow/.local/lib/python3.12/site-packages/airflow/example_dags/tutorial_objectstorage.py
[2025-01-27T00:33:43.366+0000] {logging_mixin.py:190} INFO - [2025-01-27T00:33:43.366+0000] {dag.py:3239} INFO - Sync 1 DAGs
[2025-01-27T00:33:43.384+0000] {logging_mixin.py:190} INFO - [2025-01-27T00:33:43.384+0000] {dag.py:4180} INFO - Setting next_dagrun for tutorial_objectstorage to None, run_after=None
[2025-01-27T00:33:43.403+0000] {processor.py:208} INFO - Processing /home/airflow/.local/lib/python3.12/site-packages/airflow/example_dags/tutorial_objectstorage.py took 0.086 seconds
[2025-01-27T00:34:15.129+0000] {processor.py:186} INFO - Started process (PID=1166) to work on /home/airflow/.local/lib/python3.12/site-packages/airflow/example_dags/tutorial_objectstorage.py
[2025-01-27T00:34:15.130+0000] {processor.py:914} INFO - Processing file /home/airflow/.local/lib/python3.12/site-packages/airflow/example_dags/tutorial_objectstorage.py for tasks to queue
[2025-01-27T00:34:15.132+0000] {logging_mixin.py:190} INFO - [2025-01-27T00:34:15.132+0000] {dagbag.py:588} INFO - Filling up the DagBag from /home/airflow/.local/lib/python3.12/site-packages/airflow/example_dags/tutorial_objectstorage.py
[2025-01-27T00:34:15.141+0000] {processor.py:925} INFO - DAG(s) 'tutorial_objectstorage' retrieved from /home/airflow/.local/lib/python3.12/site-packages/airflow/example_dags/tutorial_objectstorage.py
[2025-01-27T00:34:15.160+0000] {logging_mixin.py:190} INFO - [2025-01-27T00:34:15.160+0000] {dag.py:3239} INFO - Sync 1 DAGs
[2025-01-27T00:34:15.174+0000] {logging_mixin.py:190} INFO - [2025-01-27T00:34:15.174+0000] {dag.py:4180} INFO - Setting next_dagrun for tutorial_objectstorage to None, run_after=None
[2025-01-27T00:34:15.195+0000] {processor.py:208} INFO - Processing /home/airflow/.local/lib/python3.12/site-packages/airflow/example_dags/tutorial_objectstorage.py took 0.071 seconds
