[2025-01-30T01:28:01.926+0000] {local_task_job_runner.py:123} INFO - ::group::Pre task execution logs
[2025-01-30T01:28:01.949+0000] {taskinstance.py:2613} INFO - Dependencies all met for dep_context=non-requeueable deps ti=<TaskInstance: etapa1_dag.conectaBD manual__2025-01-30T01:27:59.557333+00:00 [queued]>
[2025-01-30T01:28:01.959+0000] {taskinstance.py:2613} INFO - Dependencies all met for dep_context=requeueable deps ti=<TaskInstance: etapa1_dag.conectaBD manual__2025-01-30T01:27:59.557333+00:00 [queued]>
[2025-01-30T01:28:01.960+0000] {taskinstance.py:2866} INFO - Starting attempt 1 of 1
[2025-01-30T01:28:02.139+0000] {taskinstance.py:2889} INFO - Executing <Task(PythonOperator): conectaBD> on 2025-01-30 01:27:59.557333+00:00
[2025-01-30T01:28:02.149+0000] {warnings.py:112} WARNING - /home/***/.local/lib/python3.12/site-packages/***/task/task_runner/standard_task_runner.py:70: DeprecationWarning: This process (pid=346) is multi-threaded, use of fork() may lead to deadlocks in the child.
  pid = os.fork()

[2025-01-30T01:28:02.152+0000] {standard_task_runner.py:72} INFO - Started process 348 to run task
[2025-01-30T01:28:02.151+0000] {standard_task_runner.py:104} INFO - Running: ['***', 'tasks', 'run', 'etapa1_dag', 'conectaBD', 'manual__2025-01-30T01:27:59.557333+00:00', '--job-id', '24', '--raw', '--subdir', 'DAGS_FOLDER/etapa1_dag.py', '--cfg-path', '/tmp/tmpg4u30k07']
[2025-01-30T01:28:02.153+0000] {standard_task_runner.py:105} INFO - Job 24: Subtask conectaBD
[2025-01-30T01:28:02.211+0000] {task_command.py:467} INFO - Running <TaskInstance: etapa1_dag.conectaBD manual__2025-01-30T01:27:59.557333+00:00 [running]> on host 8fdf061243ba
[2025-01-30T01:28:02.325+0000] {taskinstance.py:3132} INFO - Exporting env vars: AIRFLOW_CTX_DAG_OWNER='***' AIRFLOW_CTX_DAG_ID='etapa1_dag' AIRFLOW_CTX_TASK_ID='conectaBD' AIRFLOW_CTX_EXECUTION_DATE='2025-01-30T01:27:59.557333+00:00' AIRFLOW_CTX_TRY_NUMBER='1' AIRFLOW_CTX_DAG_RUN_ID='manual__2025-01-30T01:27:59.557333+00:00'
[2025-01-30T01:28:02.326+0000] {logging_mixin.py:190} INFO - Task instance is in running state
[2025-01-30T01:28:02.327+0000] {logging_mixin.py:190} INFO -  Previous state of the Task instance: queued
[2025-01-30T01:28:02.327+0000] {logging_mixin.py:190} INFO - Current task name:conectaBD state:running start_date:2025-01-30 01:28:01.950774+00:00
[2025-01-30T01:28:02.328+0000] {logging_mixin.py:190} INFO - Dag name:etapa1_dag and current dag run status:running
[2025-01-30T01:28:02.328+0000] {taskinstance.py:731} INFO - ::endgroup::
[2025-01-30T01:28:02.329+0000] {python.py:240} INFO - Done. Returned value was: False
[2025-01-30T01:28:02.359+0000] {taskinstance.py:340} INFO - ::group::Post task execution logs
[2025-01-30T01:28:02.360+0000] {taskinstance.py:352} INFO - Marking task as SUCCESS. dag_id=etapa1_dag, task_id=conectaBD, run_id=manual__2025-01-30T01:27:59.557333+00:00, execution_date=20250130T012759, start_date=20250130T012801, end_date=20250130T012802
[2025-01-30T01:28:02.372+0000] {logging_mixin.py:190} INFO - Task instance in success state
[2025-01-30T01:28:02.373+0000] {logging_mixin.py:190} INFO -  Previous state of the Task instance: running
[2025-01-30T01:28:02.373+0000] {logging_mixin.py:190} INFO - Dag name:etapa1_dag queued_at:2025-01-30 01:27:59.570816+00:00
[2025-01-30T01:28:02.374+0000] {logging_mixin.py:190} INFO - Task hostname:8fdf061243ba operator:PythonOperator
[2025-01-30T01:28:02.408+0000] {local_task_job_runner.py:266} INFO - Task exited with return code 0
[2025-01-30T01:28:02.438+0000] {taskinstance.py:3895} INFO - 1 downstream tasks scheduled from follow-on schedule check
[2025-01-30T01:28:02.442+0000] {local_task_job_runner.py:245} INFO - ::endgroup::
