[2025-01-30T02:39:37.776+0000] {local_task_job_runner.py:123} INFO - ::group::Pre task execution logs
[2025-01-30T02:39:37.801+0000] {taskinstance.py:2613} INFO - Dependencies all met for dep_context=non-requeueable deps ti=<TaskInstance: etapa1_dag.copia manual__2025-01-30T02:27:39.702949+00:00 [queued]>
[2025-01-30T02:39:37.814+0000] {taskinstance.py:2613} INFO - Dependencies all met for dep_context=requeueable deps ti=<TaskInstance: etapa1_dag.copia manual__2025-01-30T02:27:39.702949+00:00 [queued]>
[2025-01-30T02:39:37.815+0000] {taskinstance.py:2866} INFO - Starting attempt 5 of 5
[2025-01-30T02:39:37.974+0000] {taskinstance.py:2889} INFO - Executing <Task(PythonOperator): copia> on 2025-01-30 02:27:39.702949+00:00
[2025-01-30T02:39:37.984+0000] {warnings.py:112} WARNING - /home/***/.local/lib/python3.12/site-packages/***/task/task_runner/standard_task_runner.py:70: DeprecationWarning: This process (pid=340) is multi-threaded, use of fork() may lead to deadlocks in the child.
  pid = os.fork()

[2025-01-30T02:39:37.986+0000] {standard_task_runner.py:72} INFO - Started process 342 to run task
[2025-01-30T02:39:37.985+0000] {standard_task_runner.py:104} INFO - Running: ['***', 'tasks', 'run', 'etapa1_dag', 'copia', 'manual__2025-01-30T02:27:39.702949+00:00', '--job-id', '23', '--raw', '--subdir', 'DAGS_FOLDER/etapa1_dag.py', '--cfg-path', '/tmp/tmpoe252nug']
[2025-01-30T02:39:37.987+0000] {standard_task_runner.py:105} INFO - Job 23: Subtask copia
[2025-01-30T02:39:38.049+0000] {task_command.py:467} INFO - Running <TaskInstance: etapa1_dag.copia manual__2025-01-30T02:27:39.702949+00:00 [running]> on host 1899222f083d
[2025-01-30T02:39:38.167+0000] {taskinstance.py:3132} INFO - Exporting env vars: AIRFLOW_CTX_DAG_OWNER='***' AIRFLOW_CTX_DAG_ID='etapa1_dag' AIRFLOW_CTX_TASK_ID='copia' AIRFLOW_CTX_EXECUTION_DATE='2025-01-30T02:27:39.702949+00:00' AIRFLOW_CTX_TRY_NUMBER='5' AIRFLOW_CTX_DAG_RUN_ID='manual__2025-01-30T02:27:39.702949+00:00'
[2025-01-30T02:39:38.168+0000] {logging_mixin.py:190} INFO - Task instance is in running state
[2025-01-30T02:39:38.169+0000] {logging_mixin.py:190} INFO -  Previous state of the Task instance: queued
[2025-01-30T02:39:38.169+0000] {logging_mixin.py:190} INFO - Current task name:copia state:running start_date:2025-01-30 02:39:37.802279+00:00
[2025-01-30T02:39:38.170+0000] {logging_mixin.py:190} INFO - Dag name:etapa1_dag and current dag run status:running
[2025-01-30T02:39:38.170+0000] {taskinstance.py:731} INFO - ::endgroup::
[2025-01-30T02:39:38.288+0000] {logging_mixin.py:190} INFO - Salvando dados da tabela suppliers no arquivo /data/postgres/suppliers/2025-01-30/file.parquet
[2025-01-30T02:39:38.433+0000] {logging_mixin.py:190} INFO - Salvando dados da tabela employees no arquivo /data/postgres/employees/2025-01-30/file.parquet
[2025-01-30T02:39:38.476+0000] {logging_mixin.py:190} INFO - Salvando dados da tabela shippers no arquivo /data/postgres/shippers/2025-01-30/file.parquet
[2025-01-30T02:39:38.506+0000] {logging_mixin.py:190} INFO - Salvando dados da tabela categories no arquivo /data/postgres/categories/2025-01-30/file.parquet
[2025-01-30T02:39:38.541+0000] {logging_mixin.py:190} INFO - Salvando dados da tabela employee_territories no arquivo /data/postgres/employee_territories/2025-01-30/file.parquet
[2025-01-30T02:39:38.571+0000] {logging_mixin.py:190} INFO - Salvando dados da tabela region no arquivo /data/postgres/region/2025-01-30/file.parquet
[2025-01-30T02:39:38.606+0000] {logging_mixin.py:190} INFO - Salvando dados da tabela customer_demographics no arquivo /data/postgres/customer_demographics/2025-01-30/file.parquet
[2025-01-30T02:39:38.638+0000] {logging_mixin.py:190} INFO - Salvando dados da tabela us_states no arquivo /data/postgres/us_states/2025-01-30/file.parquet
[2025-01-30T02:39:38.674+0000] {logging_mixin.py:190} INFO - Salvando dados da tabela products no arquivo /data/postgres/products/2025-01-30/file.parquet
[2025-01-30T02:39:38.715+0000] {logging_mixin.py:190} INFO - Salvando dados da tabela territories no arquivo /data/postgres/territories/2025-01-30/file.parquet
[2025-01-30T02:39:38.751+0000] {logging_mixin.py:190} INFO - Salvando dados da tabela customer_customer_demo no arquivo /data/postgres/customer_customer_demo/2025-01-30/file.parquet
[2025-01-30T02:39:38.793+0000] {logging_mixin.py:190} INFO - Salvando dados da tabela customers no arquivo /data/postgres/customers/2025-01-30/file.parquet
[2025-01-30T02:39:38.862+0000] {logging_mixin.py:190} INFO - Salvando dados da tabela orders no arquivo /data/postgres/orders/2025-01-30/file.parquet
[2025-01-30T02:39:38.891+0000] {python.py:240} INFO - Done. Returned value was: None
[2025-01-30T02:39:38.905+0000] {taskinstance.py:340} INFO - ::group::Post task execution logs
[2025-01-30T02:39:38.906+0000] {taskinstance.py:352} INFO - Marking task as SUCCESS. dag_id=etapa1_dag, task_id=copia, run_id=manual__2025-01-30T02:27:39.702949+00:00, execution_date=20250130T022739, start_date=20250130T023937, end_date=20250130T023938
[2025-01-30T02:39:38.922+0000] {logging_mixin.py:190} INFO - Task instance in success state
[2025-01-30T02:39:38.923+0000] {logging_mixin.py:190} INFO -  Previous state of the Task instance: running
[2025-01-30T02:39:38.923+0000] {logging_mixin.py:190} INFO - Dag name:etapa1_dag queued_at:2025-01-30 02:39:29.759248+00:00
[2025-01-30T02:39:38.924+0000] {logging_mixin.py:190} INFO - Task hostname:1899222f083d operator:PythonOperator
[2025-01-30T02:39:38.965+0000] {local_task_job_runner.py:266} INFO - Task exited with return code 0
[2025-01-30T02:39:38.989+0000] {taskinstance.py:3895} INFO - 0 downstream tasks scheduled from follow-on schedule check
[2025-01-30T02:39:38.994+0000] {local_task_job_runner.py:245} INFO - ::endgroup::
