[2025-01-30T02:58:55.459+0000] {local_task_job_runner.py:123} INFO - ::group::Pre task execution logs
[2025-01-30T02:58:55.494+0000] {taskinstance.py:2613} INFO - Dependencies all met for dep_context=non-requeueable deps ti=<TaskInstance: etapa1_dag.copia manual__2025-01-30T02:27:39.702949+00:00 [queued]>
[2025-01-30T02:58:55.509+0000] {taskinstance.py:2613} INFO - Dependencies all met for dep_context=requeueable deps ti=<TaskInstance: etapa1_dag.copia manual__2025-01-30T02:27:39.702949+00:00 [queued]>
[2025-01-30T02:58:55.509+0000] {taskinstance.py:2866} INFO - Starting attempt 6 of 6
[2025-01-30T02:58:55.693+0000] {taskinstance.py:2889} INFO - Executing <Task(PythonOperator): copia> on 2025-01-30 02:27:39.702949+00:00
[2025-01-30T02:58:55.702+0000] {warnings.py:112} WARNING - /home/***/.local/lib/python3.12/site-packages/***/task/task_runner/standard_task_runner.py:70: DeprecationWarning: This process (pid=599) is multi-threaded, use of fork() may lead to deadlocks in the child.
  pid = os.fork()

[2025-01-30T02:58:55.704+0000] {standard_task_runner.py:72} INFO - Started process 601 to run task
[2025-01-30T02:58:55.705+0000] {standard_task_runner.py:104} INFO - Running: ['***', 'tasks', 'run', 'etapa1_dag', 'copia', 'manual__2025-01-30T02:27:39.702949+00:00', '--job-id', '26', '--raw', '--subdir', 'DAGS_FOLDER/etapa1_dag.py', '--cfg-path', '/tmp/tmpxhax4qve']
[2025-01-30T02:58:55.706+0000] {standard_task_runner.py:105} INFO - Job 26: Subtask copia
[2025-01-30T02:58:55.765+0000] {task_command.py:467} INFO - Running <TaskInstance: etapa1_dag.copia manual__2025-01-30T02:27:39.702949+00:00 [running]> on host 1899222f083d
[2025-01-30T02:58:55.878+0000] {taskinstance.py:3132} INFO - Exporting env vars: AIRFLOW_CTX_DAG_OWNER='***' AIRFLOW_CTX_DAG_ID='etapa1_dag' AIRFLOW_CTX_TASK_ID='copia' AIRFLOW_CTX_EXECUTION_DATE='2025-01-30T02:27:39.702949+00:00' AIRFLOW_CTX_TRY_NUMBER='6' AIRFLOW_CTX_DAG_RUN_ID='manual__2025-01-30T02:27:39.702949+00:00'
[2025-01-30T02:58:55.879+0000] {logging_mixin.py:190} INFO - Task instance is in running state
[2025-01-30T02:58:55.880+0000] {logging_mixin.py:190} INFO -  Previous state of the Task instance: queued
[2025-01-30T02:58:55.881+0000] {logging_mixin.py:190} INFO - Current task name:copia state:running start_date:2025-01-30 02:58:55.495392+00:00
[2025-01-30T02:58:55.881+0000] {logging_mixin.py:190} INFO - Dag name:etapa1_dag and current dag run status:running
[2025-01-30T02:58:55.882+0000] {taskinstance.py:731} INFO - ::endgroup::
[2025-01-30T02:58:55.988+0000] {logging_mixin.py:190} INFO - Salvando dados da tabela suppliers no arquivo /data/postgres/suppliers/2025-01-30/file.parquet
[2025-01-30T02:58:56.059+0000] {logging_mixin.py:190} INFO - Salvando dados da tabela employees no arquivo /data/postgres/employees/2025-01-30/file.parquet
[2025-01-30T02:58:56.118+0000] {logging_mixin.py:190} INFO - Salvando dados da tabela shippers no arquivo /data/postgres/shippers/2025-01-30/file.parquet
[2025-01-30T02:58:56.154+0000] {logging_mixin.py:190} INFO - Salvando dados da tabela categories no arquivo /data/postgres/categories/2025-01-30/file.parquet
[2025-01-30T02:58:56.193+0000] {logging_mixin.py:190} INFO - Salvando dados da tabela employee_territories no arquivo /data/postgres/employee_territories/2025-01-30/file.parquet
[2025-01-30T02:58:56.239+0000] {logging_mixin.py:190} INFO - Salvando dados da tabela region no arquivo /data/postgres/region/2025-01-30/file.parquet
[2025-01-30T02:58:56.279+0000] {logging_mixin.py:190} INFO - Salvando dados da tabela customer_demographics no arquivo /data/postgres/customer_demographics/2025-01-30/file.parquet
[2025-01-30T02:58:56.319+0000] {logging_mixin.py:190} INFO - Salvando dados da tabela us_states no arquivo /data/postgres/us_states/2025-01-30/file.parquet
[2025-01-30T02:58:56.361+0000] {logging_mixin.py:190} INFO - Salvando dados da tabela products no arquivo /data/postgres/products/2025-01-30/file.parquet
[2025-01-30T02:58:56.415+0000] {logging_mixin.py:190} INFO - Salvando dados da tabela territories no arquivo /data/postgres/territories/2025-01-30/file.parquet
[2025-01-30T02:58:56.451+0000] {logging_mixin.py:190} INFO - Salvando dados da tabela customer_customer_demo no arquivo /data/postgres/customer_customer_demo/2025-01-30/file.parquet
[2025-01-30T02:58:56.488+0000] {logging_mixin.py:190} INFO - Salvando dados da tabela customers no arquivo /data/postgres/customers/2025-01-30/file.parquet
[2025-01-30T02:58:56.543+0000] {logging_mixin.py:190} INFO - Salvando dados da tabela orders no arquivo /data/postgres/orders/2025-01-30/file.parquet
[2025-01-30T02:58:56.573+0000] {python.py:240} INFO - Done. Returned value was: None
[2025-01-30T02:58:56.585+0000] {taskinstance.py:340} INFO - ::group::Post task execution logs
[2025-01-30T02:58:56.586+0000] {taskinstance.py:352} INFO - Marking task as SUCCESS. dag_id=etapa1_dag, task_id=copia, run_id=manual__2025-01-30T02:27:39.702949+00:00, execution_date=20250130T022739, start_date=20250130T025855, end_date=20250130T025856
[2025-01-30T02:58:56.600+0000] {logging_mixin.py:190} INFO - Task instance in success state
[2025-01-30T02:58:56.600+0000] {logging_mixin.py:190} INFO -  Previous state of the Task instance: running
[2025-01-30T02:58:56.601+0000] {logging_mixin.py:190} INFO - Dag name:etapa1_dag queued_at:2025-01-30 02:58:47.896387+00:00
[2025-01-30T02:58:56.601+0000] {logging_mixin.py:190} INFO - Task hostname:1899222f083d operator:PythonOperator
[2025-01-30T02:58:56.643+0000] {local_task_job_runner.py:266} INFO - Task exited with return code 0
[2025-01-30T02:58:56.671+0000] {taskinstance.py:3895} INFO - 1 downstream tasks scheduled from follow-on schedule check
[2025-01-30T02:58:56.677+0000] {local_task_job_runner.py:245} INFO - ::endgroup::
